<?xml version="1.0" encoding="UTF-8"?>
<testsuite name="dev.scalar.trawler.server.JSONLDTest" tests="1" skipped="0" failures="0" errors="0" timestamp="2021-07-31T19:35:15" hostname="alex-nuc" time="1.314">
  <properties/>
  <testcase name="it_works()" classname="dev.scalar.trawler.server.JSONLDTest" time="1.314"/>
  <system-out><![CDATA[[ {
  "@id" : "urn:tr:table:postgresql/localhost/postgres/information_schema/sql_packages",
  "@type" : [ "http://trawler.dev/schema/core/0.1#Table" ],
  "http://schema.org/name" : [ {
    "@value" : "sql_packages"
  } ],
  "http://trawler.dev/schema/core/0.1#hasFields" : [ {
    "@id" : "urn:tr:field:postgresql/localhost/postgres/information_schema/sql_packages/feature_id"
  }, {
    "@id" : "urn:tr:field:postgresql/localhost/postgres/information_schema/sql_packages/feature_name"
  }, {
    "@id" : "urn:tr:field:postgresql/localhost/postgres/information_schema/sql_packages/is_supported"
  }, {
    "@id" : "urn:tr:field:postgresql/localhost/postgres/information_schema/sql_packages/is_verified_by"
  }, {
    "@id" : "urn:tr:field:postgresql/localhost/postgres/information_schema/sql_packages/comments"
  } ]
}, {
  "@id" : "urn:tr:field:postgresql/localhost/postgres/information_schema/sql_packages/feature_id",
  "http://schema.org/name" : [ {
    "@value" : "feature_id"
  } ],
  "http://trawler.dev/schema/core/0.1#isNullable" : [ {
    "@value" : true
  } ],
  "http://trawler.dev/schema/core/0.1#relations" : [ ],
  "http://trawler.dev/schema/core/0.1#type" : [ {
    "@value" : "VARCHAR"
  } ]
}, {
  "@id" : "urn:tr:field:postgresql/localhost/postgres/information_schema/sql_packages/feature_name",
  "http://schema.org/name" : [ {
    "@value" : "feature_name"
  } ],
  "http://trawler.dev/schema/core/0.1#isNullable" : [ {
    "@value" : true
  } ],
  "http://trawler.dev/schema/core/0.1#relations" : [ ],
  "http://trawler.dev/schema/core/0.1#type" : [ {
    "@value" : "VARCHAR"
  } ]
}, {
  "@id" : "urn:tr:field:postgresql/localhost/postgres/information_schema/sql_packages/is_supported",
  "http://schema.org/name" : [ {
    "@value" : "is_supported"
  } ],
  "http://trawler.dev/schema/core/0.1#isNullable" : [ {
    "@value" : true
  } ],
  "http://trawler.dev/schema/core/0.1#relations" : [ ],
  "http://trawler.dev/schema/core/0.1#type" : [ {
    "@value" : "VARCHAR"
  } ]
}, {
  "@id" : "urn:tr:field:postgresql/localhost/postgres/information_schema/sql_packages/is_verified_by",
  "http://schema.org/name" : [ {
    "@value" : "is_verified_by"
  } ],
  "http://trawler.dev/schema/core/0.1#isNullable" : [ {
    "@value" : true
  } ],
  "http://trawler.dev/schema/core/0.1#relations" : [ ],
  "http://trawler.dev/schema/core/0.1#type" : [ {
    "@value" : "VARCHAR"
  } ]
}, {
  "@id" : "urn:tr:field:postgresql/localhost/postgres/information_schema/sql_packages/comments",
  "http://schema.org/name" : [ {
    "@value" : "comments"
  } ],
  "http://trawler.dev/schema/core/0.1#isNullable" : [ {
    "@value" : true
  } ],
  "http://trawler.dev/schema/core/0.1#relations" : [ ],
  "http://trawler.dev/schema/core/0.1#type" : [ {
    "@value" : "VARCHAR"
  } ]
}, {
  "@id" : "urn:tr:table:postgresql/localhost/postgres/information_schema/sql_features",
  "@type" : [ "http://trawler.dev/schema/core/0.1#Table" ],
  "http://schema.org/name" : [ {
    "@value" : "sql_features"
  } ],
  "http://trawler.dev/schema/core/0.1#hasFields" : [ {
    "@id" : "urn:tr:field:postgresql/localhost/postgres/information_schema/sql_features/feature_id"
  }, {
    "@id" : "urn:tr:field:postgresql/localhost/postgres/information_schema/sql_features/feature_name"
  }, {
    "@id" : "urn:tr:field:postgresql/localhost/postgres/information_schema/sql_features/sub_feature_id"
  }, {
    "@id" : "urn:tr:field:postgresql/localhost/postgres/information_schema/sql_features/sub_feature_name"
  }, {
    "@id" : "urn:tr:field:postgresql/localhost/postgres/information_schema/sql_features/is_supported"
  }, {
    "@id" : "urn:tr:field:postgresql/localhost/postgres/information_schema/sql_features/is_verified_by"
  }, {
    "@id" : "urn:tr:field:postgresql/localhost/postgres/information_schema/sql_features/comments"
  } ]
}, {
  "@id" : "urn:tr:field:postgresql/localhost/postgres/information_schema/sql_features/feature_id",
  "http://schema.org/name" : [ {
    "@value" : "feature_id"
  } ],
  "http://trawler.dev/schema/core/0.1#isNullable" : [ {
    "@value" : true
  } ],
  "http://trawler.dev/schema/core/0.1#relations" : [ ],
  "http://trawler.dev/schema/core/0.1#type" : [ {
    "@value" : "VARCHAR"
  } ]
}, {
  "@id" : "urn:tr:field:postgresql/localhost/postgres/information_schema/sql_features/feature_name",
  "http://schema.org/name" : [ {
    "@value" : "feature_name"
  } ],
  "http://trawler.dev/schema/core/0.1#isNullable" : [ {
    "@value" : true
  } ],
  "http://trawler.dev/schema/core/0.1#relations" : [ ],
  "http://trawler.dev/schema/core/0.1#type" : [ {
    "@value" : "VARCHAR"
  } ]
}, {
  "@id" : "urn:tr:field:postgresql/localhost/postgres/information_schema/sql_features/sub_feature_id",
  "http://schema.org/name" : [ {
    "@value" : "sub_feature_id"
  } ],
  "http://trawler.dev/schema/core/0.1#isNullable" : [ {
    "@value" : true
  } ],
  "http://trawler.dev/schema/core/0.1#relations" : [ ],
  "http://trawler.dev/schema/core/0.1#type" : [ {
    "@value" : "VARCHAR"
  } ]
}, {
  "@id" : "urn:tr:field:postgresql/localhost/postgres/information_schema/sql_features/sub_feature_name",
  "http://schema.org/name" : [ {
    "@value" : "sub_feature_name"
  } ],
  "http://trawler.dev/schema/core/0.1#isNullable" : [ {
    "@value" : true
  } ],
  "http://trawler.dev/schema/core/0.1#relations" : [ ],
  "http://trawler.dev/schema/core/0.1#type" : [ {
    "@value" : "VARCHAR"
  } ]
}, {
  "@id" : "urn:tr:field:postgresql/localhost/postgres/information_schema/sql_features/is_supported",
  "http://schema.org/name" : [ {
    "@value" : "is_supported"
  } ],
  "http://trawler.dev/schema/core/0.1#isNullable" : [ {
    "@value" : true
  } ],
  "http://trawler.dev/schema/core/0.1#relations" : [ ],
  "http://trawler.dev/schema/core/0.1#type" : [ {
    "@value" : "VARCHAR"
  } ]
}, {
  "@id" : "urn:tr:field:postgresql/localhost/postgres/information_schema/sql_features/is_verified_by",
  "http://schema.org/name" : [ {
    "@value" : "is_verified_by"
  } ],
  "http://trawler.dev/schema/core/0.1#isNullable" : [ {
    "@value" : true
  } ],
  "http://trawler.dev/schema/core/0.1#relations" : [ ],
  "http://trawler.dev/schema/core/0.1#type" : [ {
    "@value" : "VARCHAR"
  } ]
}, {
  "@id" : "urn:tr:field:postgresql/localhost/postgres/information_schema/sql_features/comments",
  "http://schema.org/name" : [ {
    "@value" : "comments"
  } ],
  "http://trawler.dev/schema/core/0.1#isNullable" : [ {
    "@value" : true
  } ],
  "http://trawler.dev/schema/core/0.1#relations" : [ ],
  "http://trawler.dev/schema/core/0.1#type" : [ {
    "@value" : "VARCHAR"
  } ]
}, {
  "@id" : "urn:tr:table:postgresql/localhost/postgres/information_schema/sql_implementation_info",
  "@type" : [ "http://trawler.dev/schema/core/0.1#Table" ],
  "http://schema.org/name" : [ {
    "@value" : "sql_implementation_info"
  } ],
  "http://trawler.dev/schema/core/0.1#hasFields" : [ {
    "@id" : "urn:tr:field:postgresql/localhost/postgres/information_schema/sql_implementation_info/implementation_info_id"
  }, {
    "@id" : "urn:tr:field:postgresql/localhost/postgres/information_schema/sql_implementation_info/implementation_info_name"
  }, {
    "@id" : "urn:tr:field:postgresql/localhost/postgres/information_schema/sql_implementation_info/integer_value"
  }, {
    "@id" : "urn:tr:field:postgresql/localhost/postgres/information_schema/sql_implementation_info/character_value"
  }, {
    "@id" : "urn:tr:field:postgresql/localhost/postgres/information_schema/sql_implementation_info/comments"
  } ]
}, {
  "@id" : "urn:tr:field:postgresql/localhost/postgres/information_schema/sql_implementation_info/implementation_info_id",
  "http://schema.org/name" : [ {
    "@value" : "implementation_info_id"
  } ],
  "http://trawler.dev/schema/core/0.1#isNullable" : [ {
    "@value" : true
  } ],
  "http://trawler.dev/schema/core/0.1#relations" : [ ],
  "http://trawler.dev/schema/core/0.1#type" : [ {
    "@value" : "VARCHAR"
  } ]
}, {
  "@id" : "urn:tr:field:postgresql/localhost/postgres/information_schema/sql_implementation_info/implementation_info_name",
  "http://schema.org/name" : [ {
    "@value" : "implementation_info_name"
  } ],
  "http://trawler.dev/schema/core/0.1#isNullable" : [ {
    "@value" : true
  } ],
  "http://trawler.dev/schema/core/0.1#relations" : [ ],
  "http://trawler.dev/schema/core/0.1#type" : [ {
    "@value" : "VARCHAR"
  } ]
}, {
  "@id" : "urn:tr:field:postgresql/localhost/postgres/information_schema/sql_implementation_info/integer_value",
  "http://schema.org/name" : [ {
    "@value" : "integer_value"
  } ],
  "http://trawler.dev/schema/core/0.1#isNullable" : [ {
    "@value" : true
  } ],
  "http://trawler.dev/schema/core/0.1#relations" : [ ],
  "http://trawler.dev/schema/core/0.1#type" : [ {
    "@value" : "INTEGER"
  } ]
}, {
  "@id" : "urn:tr:field:postgresql/localhost/postgres/information_schema/sql_implementation_info/character_value",
  "http://schema.org/name" : [ {
    "@value" : "character_value"
  } ],
  "http://trawler.dev/schema/core/0.1#isNullable" : [ {
    "@value" : true
  } ],
  "http://trawler.dev/schema/core/0.1#relations" : [ ],
  "http://trawler.dev/schema/core/0.1#type" : [ {
    "@value" : "VARCHAR"
  } ]
}, {
  "@id" : "urn:tr:field:postgresql/localhost/postgres/information_schema/sql_implementation_info/comments",
  "http://schema.org/name" : [ {
    "@value" : "comments"
  } ],
  "http://trawler.dev/schema/core/0.1#isNullable" : [ {
    "@value" : true
  } ],
  "http://trawler.dev/schema/core/0.1#relations" : [ ],
  "http://trawler.dev/schema/core/0.1#type" : [ {
    "@value" : "VARCHAR"
  } ]
}, {
  "@id" : "urn:tr:table:postgresql/localhost/postgres/information_schema/sql_parts",
  "@type" : [ "http://trawler.dev/schema/core/0.1#Table" ],
  "http://schema.org/name" : [ {
    "@value" : "sql_parts"
  } ],
  "http://trawler.dev/schema/core/0.1#hasFields" : [ {
    "@id" : "urn:tr:field:postgresql/localhost/postgres/information_schema/sql_parts/feature_id"
  }, {
    "@id" : "urn:tr:field:postgresql/localhost/postgres/information_schema/sql_parts/feature_name"
  }, {
    "@id" : "urn:tr:field:postgresql/localhost/postgres/information_schema/sql_parts/is_supported"
  }, {
    "@id" : "urn:tr:field:postgresql/localhost/postgres/information_schema/sql_parts/is_verified_by"
  }, {
    "@id" : "urn:tr:field:postgresql/localhost/postgres/information_schema/sql_parts/comments"
  } ]
}, {
  "@id" : "urn:tr:field:postgresql/localhost/postgres/information_schema/sql_parts/feature_id",
  "http://schema.org/name" : [ {
    "@value" : "feature_id"
  } ],
  "http://trawler.dev/schema/core/0.1#isNullable" : [ {
    "@value" : true
  } ],
  "http://trawler.dev/schema/core/0.1#relations" : [ ],
  "http://trawler.dev/schema/core/0.1#type" : [ {
    "@value" : "VARCHAR"
  } ]
}, {
  "@id" : "urn:tr:field:postgresql/localhost/postgres/information_schema/sql_parts/feature_name",
  "http://schema.org/name" : [ {
    "@value" : "feature_name"
  } ],
  "http://trawler.dev/schema/core/0.1#isNullable" : [ {
    "@value" : true
  } ],
  "http://trawler.dev/schema/core/0.1#relations" : [ ],
  "http://trawler.dev/schema/core/0.1#type" : [ {
    "@value" : "VARCHAR"
  } ]
}, {
  "@id" : "urn:tr:field:postgresql/localhost/postgres/information_schema/sql_parts/is_supported",
  "http://schema.org/name" : [ {
    "@value" : "is_supported"
  } ],
  "http://trawler.dev/schema/core/0.1#isNullable" : [ {
    "@value" : true
  } ],
  "http://trawler.dev/schema/core/0.1#relations" : [ ],
  "http://trawler.dev/schema/core/0.1#type" : [ {
    "@value" : "VARCHAR"
  } ]
}, {
  "@id" : "urn:tr:field:postgresql/localhost/postgres/information_schema/sql_parts/is_verified_by",
  "http://schema.org/name" : [ {
    "@value" : "is_verified_by"
  } ],
  "http://trawler.dev/schema/core/0.1#isNullable" : [ {
    "@value" : true
  } ],
  "http://trawler.dev/schema/core/0.1#relations" : [ ],
  "http://trawler.dev/schema/core/0.1#type" : [ {
    "@value" : "VARCHAR"
  } ]
}, {
  "@id" : "urn:tr:field:postgresql/localhost/postgres/information_schema/sql_parts/comments",
  "http://schema.org/name" : [ {
    "@value" : "comments"
  } ],
  "http://trawler.dev/schema/core/0.1#isNullable" : [ {
    "@value" : true
  } ],
  "http://trawler.dev/schema/core/0.1#relations" : [ ],
  "http://trawler.dev/schema/core/0.1#type" : [ {
    "@value" : "VARCHAR"
  } ]
}, {
  "@id" : "urn:tr:table:postgresql/localhost/postgres/information_schema/sql_languages",
  "@type" : [ "http://trawler.dev/schema/core/0.1#Table" ],
  "http://schema.org/name" : [ {
    "@value" : "sql_languages"
  } ],
  "http://trawler.dev/schema/core/0.1#hasFields" : [ {
    "@id" : "urn:tr:field:postgresql/localhost/postgres/information_schema/sql_languages/sql_language_source"
  }, {
    "@id" : "urn:tr:field:postgresql/localhost/postgres/information_schema/sql_languages/sql_language_year"
  }, {
    "@id" : "urn:tr:field:postgresql/localhost/postgres/information_schema/sql_languages/sql_language_conformance"
  }, {
    "@id" : "urn:tr:field:postgresql/localhost/postgres/information_schema/sql_languages/sql_language_integrity"
  }, {
    "@id" : "urn:tr:field:postgresql/localhost/postgres/information_schema/sql_languages/sql_language_implementation"
  }, {
    "@id" : "urn:tr:field:postgresql/localhost/postgres/information_schema/sql_languages/sql_language_binding_style"
  }, {
    "@id" : "urn:tr:field:postgresql/localhost/postgres/information_schema/sql_languages/sql_language_programming_language"
  } ]
}, {
  "@id" : "urn:tr:field:postgresql/localhost/postgres/information_schema/sql_languages/sql_language_source",
  "http://schema.org/name" : [ {
    "@value" : "sql_language_source"
  } ],
  "http://trawler.dev/schema/core/0.1#isNullable" : [ {
    "@value" : true
  } ],
  "http://trawler.dev/schema/core/0.1#relations" : [ ],
  "http://trawler.dev/schema/core/0.1#type" : [ {
    "@value" : "VARCHAR"
  } ]
}, {
  "@id" : "urn:tr:field:postgresql/localhost/postgres/information_schema/sql_languages/sql_language_year",
  "http://schema.org/name" : [ {
    "@value" : "sql_language_year"
  } ],
  "http://trawler.dev/schema/core/0.1#isNullable" : [ {
    "@value" : true
  } ],
  "http://trawler.dev/schema/core/0.1#relations" : [ ],
  "http://trawler.dev/schema/core/0.1#type" : [ {
    "@value" : "VARCHAR"
  } ]
}, {
  "@id" : "urn:tr:field:postgresql/localhost/postgres/information_schema/sql_languages/sql_language_conformance",
  "http://schema.org/name" : [ {
    "@value" : "sql_language_conformance"
  } ],
  "http://trawler.dev/schema/core/0.1#isNullable" : [ {
    "@value" : true
  } ],
  "http://trawler.dev/schema/core/0.1#relations" : [ ],
  "http://trawler.dev/schema/core/0.1#type" : [ {
    "@value" : "VARCHAR"
  } ]
}, {
  "@id" : "urn:tr:field:postgresql/localhost/postgres/information_schema/sql_languages/sql_language_integrity",
  "http://schema.org/name" : [ {
    "@value" : "sql_language_integrity"
  } ],
  "http://trawler.dev/schema/core/0.1#isNullable" : [ {
    "@value" : true
  } ],
  "http://trawler.dev/schema/core/0.1#relations" : [ ],
  "http://trawler.dev/schema/core/0.1#type" : [ {
    "@value" : "VARCHAR"
  } ]
}, {
  "@id" : "urn:tr:field:postgresql/localhost/postgres/information_schema/sql_languages/sql_language_implementation",
  "http://schema.org/name" : [ {
    "@value" : "sql_language_implementation"
  } ],
  "http://trawler.dev/schema/core/0.1#isNullable" : [ {
    "@value" : true
  } ],
  "http://trawler.dev/schema/core/0.1#relations" : [ ],
  "http://trawler.dev/schema/core/0.1#type" : [ {
    "@value" : "VARCHAR"
  } ]
}, {
  "@id" : "urn:tr:field:postgresql/localhost/postgres/information_schema/sql_languages/sql_language_binding_style",
  "http://schema.org/name" : [ {
    "@value" : "sql_language_binding_style"
  } ],
  "http://trawler.dev/schema/core/0.1#isNullable" : [ {
    "@value" : true
  } ],
  "http://trawler.dev/schema/core/0.1#relations" : [ ],
  "http://trawler.dev/schema/core/0.1#type" : [ {
    "@value" : "VARCHAR"
  } ]
}, {
  "@id" : "urn:tr:field:postgresql/localhost/postgres/information_schema/sql_languages/sql_language_programming_language",
  "http://schema.org/name" : [ {
    "@value" : "sql_language_programming_language"
  } ],
  "http://trawler.dev/schema/core/0.1#isNullable" : [ {
    "@value" : true
  } ],
  "http://trawler.dev/schema/core/0.1#relations" : [ ],
  "http://trawler.dev/schema/core/0.1#type" : [ {
    "@value" : "VARCHAR"
  } ]
}, {
  "@id" : "urn:tr:table:postgresql/localhost/postgres/information_schema/sql_sizing",
  "@type" : [ "http://trawler.dev/schema/core/0.1#Table" ],
  "http://schema.org/name" : [ {
    "@value" : "sql_sizing"
  } ],
  "http://trawler.dev/schema/core/0.1#hasFields" : [ {
    "@id" : "urn:tr:field:postgresql/localhost/postgres/information_schema/sql_sizing/sizing_id"
  }, {
    "@id" : "urn:tr:field:postgresql/localhost/postgres/information_schema/sql_sizing/sizing_name"
  }, {
    "@id" : "urn:tr:field:postgresql/localhost/postgres/information_schema/sql_sizing/supported_value"
  }, {
    "@id" : "urn:tr:field:postgresql/localhost/postgres/information_schema/sql_sizing/comments"
  } ]
}, {
  "@id" : "urn:tr:field:postgresql/localhost/postgres/information_schema/sql_sizing/sizing_id",
  "http://schema.org/name" : [ {
    "@value" : "sizing_id"
  } ],
  "http://trawler.dev/schema/core/0.1#isNullable" : [ {
    "@value" : true
  } ],
  "http://trawler.dev/schema/core/0.1#relations" : [ ],
  "http://trawler.dev/schema/core/0.1#type" : [ {
    "@value" : "INTEGER"
  } ]
}, {
  "@id" : "urn:tr:field:postgresql/localhost/postgres/information_schema/sql_sizing/sizing_name",
  "http://schema.org/name" : [ {
    "@value" : "sizing_name"
  } ],
  "http://trawler.dev/schema/core/0.1#isNullable" : [ {
    "@value" : true
  } ],
  "http://trawler.dev/schema/core/0.1#relations" : [ ],
  "http://trawler.dev/schema/core/0.1#type" : [ {
    "@value" : "VARCHAR"
  } ]
}, {
  "@id" : "urn:tr:field:postgresql/localhost/postgres/information_schema/sql_sizing/supported_value",
  "http://schema.org/name" : [ {
    "@value" : "supported_value"
  } ],
  "http://trawler.dev/schema/core/0.1#isNullable" : [ {
    "@value" : true
  } ],
  "http://trawler.dev/schema/core/0.1#relations" : [ ],
  "http://trawler.dev/schema/core/0.1#type" : [ {
    "@value" : "INTEGER"
  } ]
}, {
  "@id" : "urn:tr:field:postgresql/localhost/postgres/information_schema/sql_sizing/comments",
  "http://schema.org/name" : [ {
    "@value" : "comments"
  } ],
  "http://trawler.dev/schema/core/0.1#isNullable" : [ {
    "@value" : true
  } ],
  "http://trawler.dev/schema/core/0.1#relations" : [ ],
  "http://trawler.dev/schema/core/0.1#type" : [ {
    "@value" : "VARCHAR"
  } ]
}, {
  "@id" : "urn:tr:table:postgresql/localhost/postgres/information_schema/sql_sizing_profiles",
  "@type" : [ "http://trawler.dev/schema/core/0.1#Table" ],
  "http://schema.org/name" : [ {
    "@value" : "sql_sizing_profiles"
  } ],
  "http://trawler.dev/schema/core/0.1#hasFields" : [ {
    "@id" : "urn:tr:field:postgresql/localhost/postgres/information_schema/sql_sizing_profiles/sizing_id"
  }, {
    "@id" : "urn:tr:field:postgresql/localhost/postgres/information_schema/sql_sizing_profiles/sizing_name"
  }, {
    "@id" : "urn:tr:field:postgresql/localhost/postgres/information_schema/sql_sizing_profiles/profile_id"
  }, {
    "@id" : "urn:tr:field:postgresql/localhost/postgres/information_schema/sql_sizing_profiles/required_value"
  }, {
    "@id" : "urn:tr:field:postgresql/localhost/postgres/information_schema/sql_sizing_profiles/comments"
  } ]
}, {
  "@id" : "urn:tr:field:postgresql/localhost/postgres/information_schema/sql_sizing_profiles/sizing_id",
  "http://schema.org/name" : [ {
    "@value" : "sizing_id"
  } ],
  "http://trawler.dev/schema/core/0.1#isNullable" : [ {
    "@value" : true
  } ],
  "http://trawler.dev/schema/core/0.1#relations" : [ ],
  "http://trawler.dev/schema/core/0.1#type" : [ {
    "@value" : "INTEGER"
  } ]
}, {
  "@id" : "urn:tr:field:postgresql/localhost/postgres/information_schema/sql_sizing_profiles/sizing_name",
  "http://schema.org/name" : [ {
    "@value" : "sizing_name"
  } ],
  "http://trawler.dev/schema/core/0.1#isNullable" : [ {
    "@value" : true
  } ],
  "http://trawler.dev/schema/core/0.1#relations" : [ ],
  "http://trawler.dev/schema/core/0.1#type" : [ {
    "@value" : "VARCHAR"
  } ]
}, {
  "@id" : "urn:tr:field:postgresql/localhost/postgres/information_schema/sql_sizing_profiles/profile_id",
  "http://schema.org/name" : [ {
    "@value" : "profile_id"
  } ],
  "http://trawler.dev/schema/core/0.1#isNullable" : [ {
    "@value" : true
  } ],
  "http://trawler.dev/schema/core/0.1#relations" : [ ],
  "http://trawler.dev/schema/core/0.1#type" : [ {
    "@value" : "VARCHAR"
  } ]
}, {
  "@id" : "urn:tr:field:postgresql/localhost/postgres/information_schema/sql_sizing_profiles/required_value",
  "http://schema.org/name" : [ {
    "@value" : "required_value"
  } ],
  "http://trawler.dev/schema/core/0.1#isNullable" : [ {
    "@value" : true
  } ],
  "http://trawler.dev/schema/core/0.1#relations" : [ ],
  "http://trawler.dev/schema/core/0.1#type" : [ {
    "@value" : "INTEGER"
  } ]
}, {
  "@id" : "urn:tr:field:postgresql/localhost/postgres/information_schema/sql_sizing_profiles/comments",
  "http://schema.org/name" : [ {
    "@value" : "comments"
  } ],
  "http://trawler.dev/schema/core/0.1#isNullable" : [ {
    "@value" : true
  } ],
  "http://trawler.dev/schema/core/0.1#relations" : [ ],
  "http://trawler.dev/schema/core/0.1#type" : [ {
    "@value" : "VARCHAR"
  } ]
}, {
  "@id" : "urn:tr:table:postgresql/localhost/postgres/legacy/tasks",
  "@type" : [ "http://trawler.dev/schema/core/0.1#Table" ],
  "http://schema.org/name" : [ {
    "@value" : "tasks"
  } ],
  "http://trawler.dev/schema/core/0.1#hasFields" : [ {
    "@id" : "urn:tr:field:postgresql/localhost/postgres/legacy/tasks/scheduleitem_ptr_id"
  }, {
    "@id" : "urn:tr:field:postgresql/localhost/postgres/legacy/tasks/due_date"
  }, {
    "@id" : "urn:tr:field:postgresql/localhost/postgres/legacy/tasks/progress"
  }, {
    "@id" : "urn:tr:field:postgresql/localhost/postgres/legacy/tasks/start_date"
  } ]
}, {
  "@id" : "urn:tr:field:postgresql/localhost/postgres/legacy/tasks/scheduleitem_ptr_id",
  "http://schema.org/name" : [ {
    "@value" : "scheduleitem_ptr_id"
  } ],
  "http://trawler.dev/schema/core/0.1#isNullable" : [ {
    "@value" : false
  } ],
  "http://trawler.dev/schema/core/0.1#relations" : [ {
    "@value" : "urn:tr:constraint:postgresql/localhost/postgres/legacy/tasks/tasks_scheduleitem_ptr_id_518ca7eb_fk_schedule_items_id"
  } ],
  "http://trawler.dev/schema/core/0.1#type" : [ {
    "@value" : "INTEGER"
  } ]
}, {
  "@id" : "urn:tr:field:postgresql/localhost/postgres/legacy/tasks/due_date",
  "http://schema.org/name" : [ {
    "@value" : "due_date"
  } ],
  "http://trawler.dev/schema/core/0.1#isNullable" : [ {
    "@value" : false
  } ],
  "http://trawler.dev/schema/core/0.1#relations" : [ ],
  "http://trawler.dev/schema/core/0.1#type" : [ {
    "@value" : "DATE"
  } ]
}, {
  "@id" : "urn:tr:field:postgresql/localhost/postgres/legacy/tasks/progress",
  "http://schema.org/name" : [ {
    "@value" : "progress"
  } ],
  "http://trawler.dev/schema/core/0.1#isNullable" : [ {
    "@value" : false
  } ],
  "http://trawler.dev/schema/core/0.1#relations" : [ ],
  "http://trawler.dev/schema/core/0.1#type" : [ {
    "@value" : "NUMERIC"
  } ]
}, {
  "@id" : "urn:tr:field:postgresql/localhost/postgres/legacy/tasks/start_date",
  "http://schema.org/name" : [ {
    "@value" : "start_date"
  } ],
  "http://trawler.dev/schema/core/0.1#isNullable" : [ {
    "@value" : false
  } ],
  "http://trawler.dev/schema/core/0.1#relations" : [ ],
  "http://trawler.dev/schema/core/0.1#type" : [ {
    "@value" : "DATE"
  } ]
}, {
  "@id" : "urn:tr:constraint:postgresql/localhost/postgres/legacy/tasks/tasks_scheduleitem_ptr_id_518ca7eb_fk_schedule_items_id",
  "@type" : [ "tr:Constraint" ],
  "tr:hasFields" : [ {
    "@id" : "urn:tr:column:postgresql/localhost/postgres/legacy/schedule_items/id"
  } ]
}, {
  "@id" : "urn:tr:table:postgresql/localhost/postgres/legacy/actions",
  "@type" : [ "http://trawler.dev/schema/core/0.1#Table" ],
  "http://schema.org/name" : [ {
    "@value" : "actions"
  } ],
  "http://trawler.dev/schema/core/0.1#hasFields" : [ {
    "@id" : "urn:tr:field:postgresql/localhost/postgres/legacy/actions/scheduleitem_ptr_id"
  }, {
    "@id" : "urn:tr:field:postgresql/localhost/postgres/legacy/actions/due_date"
  }, {
    "@id" : "urn:tr:field:postgresql/localhost/postgres/legacy/actions/progress"
  }, {
    "@id" : "urn:tr:field:postgresql/localhost/postgres/legacy/actions/start_date"
  } ]
}, {
  "@id" : "urn:tr:field:postgresql/localhost/postgres/legacy/actions/scheduleitem_ptr_id",
  "http://schema.org/name" : [ {
    "@value" : "scheduleitem_ptr_id"
  } ],
  "http://trawler.dev/schema/core/0.1#isNullable" : [ {
    "@value" : false
  } ],
  "http://trawler.dev/schema/core/0.1#relations" : [ {
    "@value" : "urn:tr:constraint:postgresql/localhost/postgres/legacy/actions/actions_scheduleitem_ptr_id_5e15e595_fk_schedule_items_id"
  } ],
  "http://trawler.dev/schema/core/0.1#type" : [ {
    "@value" : "INTEGER"
  } ]
}, {
  "@id" : "urn:tr:field:postgresql/localhost/postgres/legacy/actions/due_date",
  "http://schema.org/name" : [ {
    "@value" : "due_date"
  } ],
  "http://trawler.dev/schema/core/0.1#isNullable" : [ {
    "@value" : false
  } ],
  "http://trawler.dev/schema/core/0.1#relations" : [ ],
  "http://trawler.dev/schema/core/0.1#type" : [ {
    "@value" : "DATE"
  } ]
}, {
  "@id" : "urn:tr:field:postgresql/localhost/postgres/legacy/actions/progress",
  "http://schema.org/name" : [ {
    "@value" : "progress"
  } ],
  "http://trawler.dev/schema/core/0.1#isNullable" : [ {
    "@value" : false
  } ],
  "http://trawler.dev/schema/core/0.1#relations" : [ ],
  "http://trawler.dev/schema/core/0.1#type" : [ {
    "@value" : "NUMERIC"
  } ]
}, {
  "@id" : "urn:tr:field:postgresql/localhost/postgres/legacy/actions/start_date",
  "http://schema.org/name" : [ {
    "@value" : "start_date"
  } ],
  "http://trawler.dev/schema/core/0.1#isNullable" : [ {
    "@value" : false
  } ],
  "http://trawler.dev/schema/core/0.1#relations" : [ ],
  "http://trawler.dev/schema/core/0.1#type" : [ {
    "@value" : "DATE"
  } ]
}, {
  "@id" : "urn:tr:constraint:postgresql/localhost/postgres/legacy/actions/actions_scheduleitem_ptr_id_5e15e595_fk_schedule_items_id",
  "@type" : [ "tr:Constraint" ],
  "tr:hasFields" : [ {
    "@id" : "urn:tr:column:postgresql/localhost/postgres/legacy/schedule_items/id"
  } ]
}, {
  "@id" : "urn:tr:table:postgresql/localhost/postgres/legacy/custom_field_formats",
  "@type" : [ "http://trawler.dev/schema/core/0.1#Table" ],
  "http://schema.org/name" : [ {
    "@value" : "custom_field_formats"
  } ],
  "http://trawler.dev/schema/core/0.1#hasFields" : [ {
    "@id" : "urn:tr:field:postgresql/localhost/postgres/legacy/custom_field_formats/id"
  }, {
    "@id" : "urn:tr:field:postgresql/localhost/postgres/legacy/custom_field_formats/created_at"
  }, {
    "@id" : "urn:tr:field:postgresql/localhost/postgres/legacy/custom_field_formats/updated_at"
  }, {
    "@id" : "urn:tr:field:postgresql/localhost/postgres/legacy/custom_field_formats/label"
  }, {
    "@id" : "urn:tr:field:postgresql/localhost/postgres/legacy/custom_field_formats/format"
  } ]
}, {
  "@id" : "urn:tr:field:postgresql/localhost/postgres/legacy/custom_field_formats/id",
  "http://schema.org/name" : [ {
    "@value" : "id"
  } ],
  "http://trawler.dev/schema/core/0.1#isNullable" : [ {
    "@value" : false
  } ],
  "http://trawler.dev/schema/core/0.1#relations" : [ ],
  "http://trawler.dev/schema/core/0.1#type" : [ {
    "@value" : "INTEGER"
  } ]
}, {
  "@id" : "urn:tr:field:postgresql/localhost/postgres/legacy/custom_field_formats/created_at",
  "http://schema.org/name" : [ {
    "@value" : "created_at"
  } ],
  "http://trawler.dev/schema/core/0.1#isNullable" : [ {
    "@value" : true
  } ],
  "http://trawler.dev/schema/core/0.1#relations" : [ ],
  "http://trawler.dev/schema/core/0.1#type" : [ {
    "@value" : "TIMESTAMP"
  } ]
}, {
  "@id" : "urn:tr:field:postgresql/localhost/postgres/legacy/custom_field_formats/updated_at",
  "http://schema.org/name" : [ {
    "@value" : "updated_at"
  } ],
  "http://trawler.dev/schema/core/0.1#isNullable" : [ {
    "@value" : true
  } ],
  "http://trawler.dev/schema/core/0.1#relations" : [ ],
  "http://trawler.dev/schema/core/0.1#type" : [ {
    "@value" : "TIMESTAMP"
  } ]
}, {
  "@id" : "urn:tr:field:postgresql/localhost/postgres/legacy/custom_field_formats/label",
  "http://schema.org/name" : [ {
    "@value" : "label"
  } ],
  "http://trawler.dev/schema/core/0.1#isNullable" : [ {
    "@value" : false
  } ],
  "http://trawler.dev/schema/core/0.1#relations" : [ ],
  "http://trawler.dev/schema/core/0.1#type" : [ {
    "@value" : "TEXT"
  } ]
}, {
  "@id" : "urn:tr:field:postgresql/localhost/postgres/legacy/custom_field_formats/format",
  "http://schema.org/name" : [ {
    "@value" : "format"
  } ],
  "http://trawler.dev/schema/core/0.1#isNullable" : [ {
    "@value" : false
  } ],
  "http://trawler.dev/schema/core/0.1#relations" : [ ],
  "http://trawler.dev/schema/core/0.1#type" : [ {
    "@value" : "VARCHAR"
  } ]
}, {
  "@id" : "urn:tr:table:postgresql/localhost/postgres/legacy/custom_field_definitions",
  "@type" : [ "http://trawler.dev/schema/core/0.1#Table" ],
  "http://schema.org/name" : [ {
    "@value" : "custom_field_definitions"
  } ],
  "http://trawler.dev/schema/core/0.1#hasFields" : [ {
    "@id" : "urn:tr:field:postgresql/localhost/postgres/legacy/custom_field_definitions/id"
  }, {
    "@id" : "urn:tr:field:postgresql/localhost/postgres/legacy/custom_field_definitions/created_at"
  }, {
    "@id" : "urn:tr:field:postgresql/localhost/postgres/legacy/custom_field_definitions/updated_at"
  }, {
    "@id" : "urn:tr:field:postgresql/localhost/postgres/legacy/custom_field_definitions/type"
  }, {
    "@id" : "urn:tr:field:postgresql/localhost/postgres/legacy/custom_field_definitions/name"
  }, {
    "@id" : "urn:tr:field:postgresql/localhost/postgres/legacy/custom_field_definitions/unit"
  }, {
    "@id" : "urn:tr:field:postgresql/localhost/postgres/legacy/custom_field_definitions/company_id"
  }, {
    "@id" : "urn:tr:field:postgresql/localhost/postgres/legacy/custom_field_definitions/format_id"
  } ]
}, {
  "@id" : "urn:tr:field:postgresql/localhost/postgres/legacy/custom_field_definitions/id",
  "http://schema.org/name" : [ {
    "@value" : "id"
  } ],
  "http://trawler.dev/schema/core/0.1#isNullable" : [ {
    "@value" : false
  } ],
  "http://trawler.dev/schema/core/0.1#relations" : [ ],
  "http://trawler.dev/schema/core/0.1#type" : [ {
    "@value" : "INTEGER"
  } ]
}, {
  "@id" : "urn:tr:field:postgresql/localhost/postgres/legacy/custom_field_definitions/created_at",
  "http://schema.org/name" : [ {
    "@value" : "created_at"
  } ],
  "http://trawler.dev/schema/core/0.1#isNullable" : [ {
    "@value" : true
  } ],
  "http://trawler.dev/schema/core/0.1#relations" : [ ],
  "http://trawler.dev/schema/core/0.1#type" : [ {
    "@value" : "TIMESTAMP"
  } ]
}, {
  "@id" : "urn:tr:field:postgresql/localhost/postgres/legacy/custom_field_definitions/updated_at",
  "http://schema.org/name" : [ {
    "@value" : "updated_at"
  } ],
  "http://trawler.dev/schema/core/0.1#isNullable" : [ {
    "@value" : true
  } ],
  "http://trawler.dev/schema/core/0.1#relations" : [ ],
  "http://trawler.dev/schema/core/0.1#type" : [ {
    "@value" : "TIMESTAMP"
  } ]
}, {
  "@id" : "urn:tr:field:postgresql/localhost/postgres/legacy/custom_field_definitions/type",
  "http://schema.org/name" : [ {
    "@value" : "type"
  } ],
  "http://trawler.dev/schema/core/0.1#isNullable" : [ {
    "@value" : false
  } ],
  "http://trawler.dev/schema/core/0.1#relations" : [ ],
  "http://trawler.dev/schema/core/0.1#type" : [ {
    "@value" : "VARCHAR"
  } ]
}, {
  "@id" : "urn:tr:field:postgresql/localhost/postgres/legacy/custom_field_definitions/name",
  "http://schema.org/name" : [ {
    "@value" : "name"
  } ],
  "http://trawler.dev/schema/core/0.1#isNullable" : [ {
    "@value" : false
  } ],
  "http://trawler.dev/schema/core/0.1#relations" : [ ],
  "http://trawler.dev/schema/core/0.1#type" : [ {
    "@value" : "VARCHAR"
  } ]
}, {
  "@id" : "urn:tr:field:postgresql/localhost/postgres/legacy/custom_field_definitions/unit",
  "http://schema.org/name" : [ {
    "@value" : "unit"
  } ],
  "http://trawler.dev/schema/core/0.1#isNullable" : [ {
    "@value" : false
  } ],
  "http://trawler.dev/schema/core/0.1#relations" : [ ],
  "http://trawler.dev/schema/core/0.1#type" : [ {
    "@value" : "VARCHAR"
  } ]
}, {
  "@id" : "urn:tr:field:postgresql/localhost/postgres/legacy/custom_field_definitions/company_id",
  "http://schema.org/name" : [ {
    "@value" : "company_id"
  } ],
  "http://trawler.dev/schema/core/0.1#isNullable" : [ {
    "@value" : false
  } ],
  "http://trawler.dev/schema/core/0.1#relations" : [ {
    "@value" : "urn:tr:constraint:postgresql/localhost/postgres/legacy/custom_field_definitions/custom_field_definitions_company_id_087a368b_fk_companies_id"
  } ],
  "http://trawler.dev/schema/core/0.1#type" : [ {
    "@value" : "INTEGER"
  } ]
}, {
  "@id" : "urn:tr:field:postgresql/localhost/postgres/legacy/custom_field_definitions/format_id",
  "http://schema.org/name" : [ {
    "@value" : "format_id"
  } ],
  "http://trawler.dev/schema/core/0.1#isNullable" : [ {
    "@value" : true
  } ],
  "http://trawler.dev/schema/core/0.1#relations" : [ {
    "@value" : "urn:tr:constraint:postgresql/localhost/postgres/legacy/custom_field_definitions/custom_field_definit_format_id_fa1a23e6_fk_custom_fi"
  } ],
  "http://trawler.dev/schema/core/0.1#type" : [ {
    "@value" : "INTEGER"
  } ]
}, {
  "@id" : "urn:tr:constraint:postgresql/localhost/postgres/legacy/custom_field_definitions/custom_field_definit_format_id_fa1a23e6_fk_custom_fi",
  "@type" : [ "tr:Constraint" ],
  "tr:hasFields" : [ {
    "@id" : "urn:tr:column:postgresql/localhost/postgres/legacy/custom_field_formats/id"
  } ]
}, {
  "@id" : "urn:tr:constraint:postgresql/localhost/postgres/legacy/custom_field_definitions/custom_field_definitions_company_id_087a368b_fk_companies_id",
  "@type" : [ "tr:Constraint" ],
  "tr:hasFields" : [ {
    "@id" : "urn:tr:column:postgresql/localhost/postgres/legacy/companies/id"
  } ]
}, {
  "@id" : "urn:tr:table:postgresql/localhost/postgres/legacy/tags",
  "@type" : [ "http://trawler.dev/schema/core/0.1#Table" ],
  "http://schema.org/name" : [ {
    "@value" : "tags"
  } ],
  "http://trawler.dev/schema/core/0.1#hasFields" : [ {
    "@id" : "urn:tr:field:postgresql/localhost/postgres/legacy/tags/id"
  }, {
    "@id" : "urn:tr:field:postgresql/localhost/postgres/legacy/tags/created_at"
  }, {
    "@id" : "urn:tr:field:postgresql/localhost/postgres/legacy/tags/updated_at"
  }, {
    "@id" : "urn:tr:field:postgresql/localhost/postgres/legacy/tags/name"
  }, {
    "@id" : "urn:tr:field:postgresql/localhost/postgres/legacy/tags/company_id"
  } ]
}, {
  "@id" : "urn:tr:field:postgresql/localhost/postgres/legacy/tags/id",
  "http://schema.org/name" : [ {
    "@value" : "id"
  } ],
  "http://trawler.dev/schema/core/0.1#isNullable" : [ {
    "@value" : false
  } ],
  "http://trawler.dev/schema/core/0.1#relations" : [ ],
  "http://trawler.dev/schema/core/0.1#type" : [ {
    "@value" : "INTEGER"
  } ]
}, {
  "@id" : "urn:tr:field:postgresql/localhost/postgres/legacy/tags/created_at",
  "http://schema.org/name" : [ {
    "@value" : "created_at"
  } ],
  "http://trawler.dev/schema/core/0.1#isNullable" : [ {
    "@value" : true
  } ],
  "http://trawler.dev/schema/core/0.1#relations" : [ ],
  "http://trawler.dev/schema/core/0.1#type" : [ {
    "@value" : "TIMESTAMP"
  } ]
}, {
  "@id" : "urn:tr:field:postgresql/localhost/postgres/legacy/tags/updated_at",
  "http://schema.org/name" : [ {
    "@value" : "updated_at"
  } ],
  "http://trawler.dev/schema/core/0.1#isNullable" : [ {
    "@value" : true
  } ],
  "http://trawler.dev/schema/core/0.1#relations" : [ ],
  "http://trawler.dev/schema/core/0.1#type" : [ {
    "@value" : "TIMESTAMP"
  } ]
}, {
  "@id" : "urn:tr:field:postgresql/localhost/postgres/legacy/tags/name",
  "http://schema.org/name" : [ {
    "@value" : "name"
  } ],
  "http://trawler.dev/schema/core/0.1#isNullable" : [ {
    "@value" : false
  } ],
  "http://trawler.dev/schema/core/0.1#relations" : [ ],
  "http://trawler.dev/schema/core/0.1#type" : [ {
    "@value" : "VARCHAR"
  } ]
}, {
  "@id" : "urn:tr:field:postgresql/localhost/postgres/legacy/tags/company_id",
  "http://schema.org/name" : [ {
    "@value" : "company_id"
  } ],
  "http://trawler.dev/schema/core/0.1#isNullable" : [ {
    "@value" : false
  } ],
  "http://trawler.dev/schema/core/0.1#relations" : [ {
    "@value" : "urn:tr:constraint:postgresql/localhost/postgres/legacy/tags/tags_company_id_4ce3848c_fk_companies_id"
  } ],
  "http://trawler.dev/schema/core/0.1#type" : [ {
    "@value" : "INTEGER"
  } ]
}, {
  "@id" : "urn:tr:constraint:postgresql/localhost/postgres/legacy/tags/tags_company_id_4ce3848c_fk_companies_id",
  "@type" : [ "tr:Constraint" ],
  "tr:hasFields" : [ {
    "@id" : "urn:tr:column:postgresql/localhost/postgres/legacy/companies/id"
  } ]
}, {
  "@id" : "urn:tr:table:postgresql/localhost/postgres/legacy/tagged_items",
  "@type" : [ "http://trawler.dev/schema/core/0.1#Table" ],
  "http://schema.org/name" : [ {
    "@value" : "tagged_items"
  } ],
  "http://trawler.dev/schema/core/0.1#hasFields" : [ {
    "@id" : "urn:tr:field:postgresql/localhost/postgres/legacy/tagged_items/id"
  }, {
    "@id" : "urn:tr:field:postgresql/localhost/postgres/legacy/tagged_items/created_at"
  }, {
    "@id" : "urn:tr:field:postgresql/localhost/postgres/legacy/tagged_items/updated_at"
  }, {
    "@id" : "urn:tr:field:postgresql/localhost/postgres/legacy/tagged_items/object_id"
  }, {
    "@id" : "urn:tr:field:postgresql/localhost/postgres/legacy/tagged_items/content_type_id"
  }, {
    "@id" : "urn:tr:field:postgresql/localhost/postgres/legacy/tagged_items/tag_id"
  } ]
}, {
  "@id" : "urn:tr:field:postgresql/localhost/postgres/legacy/tagged_items/id",
  "http://schema.org/name" : [ {
    "@value" : "id"
  } ],
  "http://trawler.dev/schema/core/0.1#isNullable" : [ {
    "@value" : false
  } ],
  "http://trawler.dev/schema/core/0.1#relations" : [ ],
  "http://trawler.dev/schema/core/0.1#type" : [ {
    "@value" : "INTEGER"
  } ]
}, {
  "@id" : "urn:tr:field:postgresql/localhost/postgres/legacy/tagged_items/created_at",
  "http://schema.org/name" : [ {
    "@value" : "created_at"
  } ],
  "http://trawler.dev/schema/core/0.1#isNullable" : [ {
    "@value" : true
  } ],
  "http://trawler.dev/schema/core/0.1#relations" : [ ],
  "http://trawler.dev/schema/core/0.1#type" : [ {
    "@value" : "TIMESTAMP"
  } ]
}, {
  "@id" : "urn:tr:field:postgresql/localhost/postgres/legacy/tagged_items/updated_at",
  "http://schema.org/name" : [ {
    "@value" : "updated_at"
  } ],
  "http://trawler.dev/schema/core/0.1#isNullable" : [ {
    "@value" : true
  } ],
  "http://trawler.dev/schema/core/0.1#relations" : [ ],
  "http://trawler.dev/schema/core/0.1#type" : [ {
    "@value" : "TIMESTAMP"
  } ]
}, {
  "@id" : "urn:tr:field:postgresql/localhost/postgres/legacy/tagged_items/object_id",
  "http://schema.org/name" : [ {
    "@value" : "object_id"
  } ],
  "http://trawler.dev/schema/core/0.1#isNullable" : [ {
    "@value" : false
  } ],
  "http://trawler.dev/schema/core/0.1#relations" : [ ],
  "http://trawler.dev/schema/core/0.1#type" : [ {
    "@value" : "INTEGER"
  } ]
}, {
  "@id" : "urn:tr:field:postgresql/localhost/postgres/legacy/tagged_items/content_type_id",
  "http://schema.org/name" : [ {
    "@value" : "content_type_id"
  } ],
  "http://trawler.dev/schema/core/0.1#isNullable" : [ {
    "@value" : false
  } ],
  "http://trawler.dev/schema/core/0.1#relations" : [ {
    "@value" : "urn:tr:constraint:postgresql/localhost/postgres/legacy/tagged_items/tagged_items_content_type_id_8ab1de40_fk_django_content_type_id"
  } ],
  "http://trawler.dev/schema/core/0.1#type" : [ {
    "@value" : "INTEGER"
  } ]
}, {
  "@id" : "urn:tr:field:postgresql/localhost/postgres/legacy/tagged_items/tag_id",
  "http://schema.org/name" : [ {
    "@value" : "tag_id"
  } ],
  "http://trawler.dev/schema/core/0.1#isNullable" : [ {
    "@value" : false
  } ],
  "http://trawler.dev/schema/core/0.1#relations" : [ {
    "@value" : "urn:tr:constraint:postgresql/localhost/postgres/legacy/tagged_items/tagged_items_tag_id_95f5569a_fk_tags_id"
  } ],
  "http://trawler.dev/schema/core/0.1#type" : [ {
    "@value" : "INTEGER"
  } ]
}, {
  "@id" : "urn:tr:constraint:postgresql/localhost/postgres/legacy/tagged_items/tagged_items_content_type_id_8ab1de40_fk_django_content_type_id",
  "@type" : [ "tr:Constraint" ],
  "tr:hasFields" : [ {
    "@id" : "urn:tr:column:postgresql/localhost/postgres/legacy/django_content_type/id"
  } ]
}, {
  "@id" : "urn:tr:constraint:postgresql/localhost/postgres/legacy/tagged_items/tagged_items_tag_id_95f5569a_fk_tags_id",
  "@type" : [ "tr:Constraint" ],
  "tr:hasFields" : [ {
    "@id" : "urn:tr:column:postgresql/localhost/postgres/legacy/tags/id"
  } ]
}, {
  "@id" : "urn:tr:table:postgresql/localhost/postgres/legacy/custom_field_groups",
  "@type" : [ "http://trawler.dev/schema/core/0.1#Table" ],
  "http://schema.org/name" : [ {
    "@value" : "custom_field_groups"
  } ],
  "http://trawler.dev/schema/core/0.1#hasFields" : [ {
    "@id" : "urn:tr:field:postgresql/localhost/postgres/legacy/custom_field_groups/id"
  }, {
    "@id" : "urn:tr:field:postgresql/localhost/postgres/legacy/custom_field_groups/created_at"
  }, {
    "@id" : "urn:tr:field:postgresql/localhost/postgres/legacy/custom_field_groups/updated_at"
  }, {
    "@id" : "urn:tr:field:postgresql/localhost/postgres/legacy/custom_field_groups/order"
  }, {
    "@id" : "urn:tr:field:postgresql/localhost/postgres/legacy/custom_field_groups/name"
  }, {
    "@id" : "urn:tr:field:postgresql/localhost/postgres/legacy/custom_field_groups/project_id"
  }, {
    "@id" : "urn:tr:field:postgresql/localhost/postgres/legacy/custom_field_groups/category"
  } ]
}, {
  "@id" : "urn:tr:field:postgresql/localhost/postgres/legacy/custom_field_groups/id",
  "http://schema.org/name" : [ {
    "@value" : "id"
  } ],
  "http://trawler.dev/schema/core/0.1#isNullable" : [ {
    "@value" : false
  } ],
  "http://trawler.dev/schema/core/0.1#relations" : [ ],
  "http://trawler.dev/schema/core/0.1#type" : [ {
    "@value" : "INTEGER"
  } ]
}, {
  "@id" : "urn:tr:field:postgresql/localhost/postgres/legacy/custom_field_groups/created_at",
  "http://schema.org/name" : [ {
    "@value" : "created_at"
  } ],
  "http://trawler.dev/schema/core/0.1#isNullable" : [ {
    "@value" : true
  } ],
  "http://trawler.dev/schema/core/0.1#relations" : [ ],
  "http://trawler.dev/schema/core/0.1#type" : [ {
    "@value" : "TIMESTAMP"
  } ]
}, {
  "@id" : "urn:tr:field:postgresql/localhost/postgres/legacy/custom_field_groups/updated_at",
  "http://schema.org/name" : [ {
    "@value" : "updated_at"
  } ],
  "http://trawler.dev/schema/core/0.1#isNullable" : [ {
    "@value" : true
  } ],
  "http://trawler.dev/schema/core/0.1#relations" : [ ],
  "http://trawler.dev/schema/core/0.1#type" : [ {
    "@value" : "TIMESTAMP"
  } ]
}, {
  "@id" : "urn:tr:field:postgresql/localhost/postgres/legacy/custom_field_groups/order",
  "http://schema.org/name" : [ {
    "@value" : "order"
  } ],
  "http://trawler.dev/schema/core/0.1#isNullable" : [ {
    "@value" : false
  } ],
  "http://trawler.dev/schema/core/0.1#relations" : [ ],
  "http://trawler.dev/schema/core/0.1#type" : [ {
    "@value" : "SMALLINT"
  } ]
}, {
  "@id" : "urn:tr:field:postgresql/localhost/postgres/legacy/custom_field_groups/name",
  "http://schema.org/name" : [ {
    "@value" : "name"
  } ],
  "http://trawler.dev/schema/core/0.1#isNullable" : [ {
    "@value" : false
  } ],
  "http://trawler.dev/schema/core/0.1#relations" : [ ],
  "http://trawler.dev/schema/core/0.1#type" : [ {
    "@value" : "VARCHAR"
  } ]
}, {
  "@id" : "urn:tr:field:postgresql/localhost/postgres/legacy/custom_field_groups/project_id",
  "http://schema.org/name" : [ {
    "@value" : "project_id"
  } ],
  "http://trawler.dev/schema/core/0.1#isNullable" : [ {
    "@value" : false
  } ],
  "http://trawler.dev/schema/core/0.1#relations" : [ {
    "@value" : "urn:tr:constraint:postgresql/localhost/postgres/legacy/custom_field_groups/custom_field_groups_project_id_a3a21d75_fk_projects_id"
  } ],
  "http://trawler.dev/schema/core/0.1#type" : [ {
    "@value" : "INTEGER"
  } ]
}, {
  "@id" : "urn:tr:field:postgresql/localhost/postgres/legacy/custom_field_groups/category",
  "http://schema.org/name" : [ {
    "@value" : "category"
  } ],
  "http://trawler.dev/schema/core/0.1#isNullable" : [ {
    "@value" : false
  } ],
  "http://trawler.dev/schema/core/0.1#relations" : [ ],
  "http://trawler.dev/schema/core/0.1#type" : [ {
    "@value" : "TEXT"
  } ]
}, {
  "@id" : "urn:tr:constraint:postgresql/localhost/postgres/legacy/custom_field_groups/custom_field_groups_project_id_a3a21d75_fk_projects_id",
  "@type" : [ "tr:Constraint" ],
  "tr:hasFields" : [ {
    "@id" : "urn:tr:column:postgresql/localhost/postgres/legacy/projects/id"
  } ]
}, {
  "@id" : "urn:tr:table:postgresql/localhost/postgres/legacy/schedule_items",
  "@type" : [ "http://trawler.dev/schema/core/0.1#Table" ],
  "http://schema.org/name" : [ {
    "@value" : "schedule_items"
  } ],
  "http://trawler.dev/schema/core/0.1#hasFields" : [ {
    "@id" : "urn:tr:field:postgresql/localhost/postgres/legacy/schedule_items/created_at"
  }, {
    "@id" : "urn:tr:field:postgresql/localhost/postgres/legacy/schedule_items/updated_at"
  }, {
    "@id" : "urn:tr:field:postgresql/localhost/postgres/legacy/schedule_items/id"
  }, {
    "@id" : "urn:tr:field:postgresql/localhost/postgres/legacy/schedule_items/name"
  }, {
    "@id" : "urn:tr:field:postgresql/localhost/postgres/legacy/schedule_items/parent_id"
  }, {
    "@id" : "urn:tr:field:postgresql/localhost/postgres/legacy/schedule_items/description"
  } ]
}, {
  "@id" : "urn:tr:field:postgresql/localhost/postgres/legacy/schedule_items/created_at",
  "http://schema.org/name" : [ {
    "@value" : "created_at"
  } ],
  "http://trawler.dev/schema/core/0.1#isNullable" : [ {
    "@value" : true
  } ],
  "http://trawler.dev/schema/core/0.1#relations" : [ ],
  "http://trawler.dev/schema/core/0.1#type" : [ {
    "@value" : "TIMESTAMP"
  } ]
}, {
  "@id" : "urn:tr:field:postgresql/localhost/postgres/legacy/schedule_items/updated_at",
  "http://schema.org/name" : [ {
    "@value" : "updated_at"
  } ],
  "http://trawler.dev/schema/core/0.1#isNullable" : [ {
    "@value" : true
  } ],
  "http://trawler.dev/schema/core/0.1#relations" : [ ],
  "http://trawler.dev/schema/core/0.1#type" : [ {
    "@value" : "TIMESTAMP"
  } ]
}, {
  "@id" : "urn:tr:field:postgresql/localhost/postgres/legacy/schedule_items/id",
  "http://schema.org/name" : [ {
    "@value" : "id"
  } ],
  "http://trawler.dev/schema/core/0.1#isNullable" : [ {
    "@value" : false
  } ],
  "http://trawler.dev/schema/core/0.1#relations" : [ ],
  "http://trawler.dev/schema/core/0.1#type" : [ {
    "@value" : "INTEGER"
  } ]
}, {
  "@id" : "urn:tr:field:postgresql/localhost/postgres/legacy/schedule_items/name",
  "http://schema.org/name" : [ {
    "@value" : "name"
  } ],
  "http://trawler.dev/schema/core/0.1#isNullable" : [ {
    "@value" : false
  } ],
  "http://trawler.dev/schema/core/0.1#relations" : [ ],
  "http://trawler.dev/schema/core/0.1#type" : [ {
    "@value" : "TEXT"
  } ]
}, {
  "@id" : "urn:tr:field:postgresql/localhost/postgres/legacy/schedule_items/parent_id",
  "http://schema.org/name" : [ {
    "@value" : "parent_id"
  } ],
  "http://trawler.dev/schema/core/0.1#isNullable" : [ {
    "@value" : true
  } ],
  "http://trawler.dev/schema/core/0.1#relations" : [ {
    "@value" : "urn:tr:constraint:postgresql/localhost/postgres/legacy/schedule_items/schedule_items_parent_id_7ecfc8a9_fk_schedule_items_id"
  } ],
  "http://trawler.dev/schema/core/0.1#type" : [ {
    "@value" : "INTEGER"
  } ]
}, {
  "@id" : "urn:tr:field:postgresql/localhost/postgres/legacy/schedule_items/description",
  "http://schema.org/name" : [ {
    "@value" : "description"
  } ],
  "http://trawler.dev/schema/core/0.1#isNullable" : [ {
    "@value" : true
  } ],
  "http://trawler.dev/schema/core/0.1#relations" : [ ],
  "http://trawler.dev/schema/core/0.1#type" : [ {
    "@value" : "TEXT"
  } ]
}, {
  "@id" : "urn:tr:constraint:postgresql/localhost/postgres/legacy/schedule_items/schedule_items_parent_id_7ecfc8a9_fk_schedule_items_id",
  "@type" : [ "tr:Constraint" ],
  "tr:hasFields" : [ {
    "@id" : "urn:tr:column:postgresql/localhost/postgres/legacy/schedule_items/id"
  } ]
}, {
  "@id" : "urn:tr:table:postgresql/localhost/postgres/legacy/company_roles",
  "@type" : [ "http://trawler.dev/schema/core/0.1#Table" ],
  "http://schema.org/name" : [ {
    "@value" : "company_roles"
  } ],
  "http://trawler.dev/schema/core/0.1#hasFields" : [ {
    "@id" : "urn:tr:field:postgresql/localhost/postgres/legacy/company_roles/created_at"
  }, {
    "@id" : "urn:tr:field:postgresql/localhost/postgres/legacy/company_roles/updated_at"
  }, {
    "@id" : "urn:tr:field:postgresql/localhost/postgres/legacy/company_roles/id"
  }, {
    "@id" : "urn:tr:field:postgresql/localhost/postgres/legacy/company_roles/role"
  }, {
    "@id" : "urn:tr:field:postgresql/localhost/postgres/legacy/company_roles/company_id"
  }, {
    "@id" : "urn:tr:field:postgresql/localhost/postgres/legacy/company_roles/user_id"
  }, {
    "@id" : "urn:tr:field:postgresql/localhost/postgres/legacy/company_roles/expires_at"
  } ]
}, {
  "@id" : "urn:tr:field:postgresql/localhost/postgres/legacy/company_roles/created_at",
  "http://schema.org/name" : [ {
    "@value" : "created_at"
  } ],
  "http://trawler.dev/schema/core/0.1#isNullable" : [ {
    "@value" : true
  } ],
  "http://trawler.dev/schema/core/0.1#relations" : [ ],
  "http://trawler.dev/schema/core/0.1#type" : [ {
    "@value" : "TIMESTAMP"
  } ]
}, {
  "@id" : "urn:tr:field:postgresql/localhost/postgres/legacy/company_roles/updated_at",
  "http://schema.org/name" : [ {
    "@value" : "updated_at"
  } ],
  "http://trawler.dev/schema/core/0.1#isNullable" : [ {
    "@value" : true
  } ],
  "http://trawler.dev/schema/core/0.1#relations" : [ ],
  "http://trawler.dev/schema/core/0.1#type" : [ {
    "@value" : "TIMESTAMP"
  } ]
}, {
  "@id" : "urn:tr:field:postgresql/localhost/postgres/legacy/company_roles/id",
  "http://schema.org/name" : [ {
    "@value" : "id"
  } ],
  "http://trawler.dev/schema/core/0.1#isNullable" : [ {
    "@value" : false
  } ],
  "http://trawler.dev/schema/core/0.1#relations" : [ ],
  "http://trawler.dev/schema/core/0.1#type" : [ {
    "@value" : "INTEGER"
  } ]
}, {
  "@id" : "urn:tr:field:postgresql/localhost/postgres/legacy/company_roles/role",
  "http://schema.org/name" : [ {
    "@value" : "role"
  } ],
  "http://trawler.dev/schema/core/0.1#isNullable" : [ {
    "@value" : false
  } ],
  "http://trawler.dev/schema/core/0.1#relations" : [ ],
  "http://trawler.dev/schema/core/0.1#type" : [ {
    "@value" : "SMALLINT"
  } ]
}, {
  "@id" : "urn:tr:field:postgresql/localhost/postgres/legacy/company_roles/company_id",
  "http://schema.org/name" : [ {
    "@value" : "company_id"
  } ],
  "http://trawler.dev/schema/core/0.1#isNullable" : [ {
    "@value" : false
  } ],
  "http://trawler.dev/schema/core/0.1#relations" : [ {
    "@value" : "urn:tr:constraint:postgresql/localhost/postgres/legacy/company_roles/company_roles_company_id_7f6e605f_fk_companies_id"
  } ],
  "http://trawler.dev/schema/core/0.1#type" : [ {
    "@value" : "INTEGER"
  } ]
}, {
  "@id" : "urn:tr:field:postgresql/localhost/postgres/legacy/company_roles/user_id",
  "http://schema.org/name" : [ {
    "@value" : "user_id"
  } ],
  "http://trawler.dev/schema/core/0.1#isNullable" : [ {
    "@value" : false
  } ],
  "http://trawler.dev/schema/core/0.1#relations" : [ {
    "@value" : "urn:tr:constraint:postgresql/localhost/postgres/legacy/company_roles/company_roles_user_id_3778b372_fk_users_id"
  } ],
  "http://trawler.dev/schema/core/0.1#type" : [ {
    "@value" : "INTEGER"
  } ]
}, {
  "@id" : "urn:tr:field:postgresql/localhost/postgres/legacy/company_roles/expires_at",
  "http://schema.org/name" : [ {
    "@value" : "expires_at"
  } ],
  "http://trawler.dev/schema/core/0.1#isNullable" : [ {
    "@value" : true
  } ],
  "http://trawler.dev/schema/core/0.1#relations" : [ ],
  "http://trawler.dev/schema/core/0.1#type" : [ {
    "@value" : "TIMESTAMP"
  } ]
}, {
  "@id" : "urn:tr:constraint:postgresql/localhost/postgres/legacy/company_roles/company_roles_company_id_7f6e605f_fk_companies_id",
  "@type" : [ "tr:Constraint" ],
  "tr:hasFields" : [ {
    "@id" : "urn:tr:column:postgresql/localhost/postgres/legacy/companies/id"
  } ]
}, {
  "@id" : "urn:tr:constraint:postgresql/localhost/postgres/legacy/company_roles/company_roles_user_id_3778b372_fk_users_id",
  "@type" : [ "tr:Constraint" ],
  "tr:hasFields" : [ {
    "@id" : "urn:tr:column:postgresql/localhost/postgres/legacy/users/id"
  } ]
}, {
  "@id" : "urn:tr:table:postgresql/localhost/postgres/legacy/onboarding_progress",
  "@type" : [ "http://trawler.dev/schema/core/0.1#Table" ],
  "http://schema.org/name" : [ {
    "@value" : "onboarding_progress"
  } ],
  "http://trawler.dev/schema/core/0.1#hasFields" : [ {
    "@id" : "urn:tr:field:postgresql/localhost/postgres/legacy/onboarding_progress/created_at"
  }, {
    "@id" : "urn:tr:field:postgresql/localhost/postgres/legacy/onboarding_progress/updated_at"
  }, {
    "@id" : "urn:tr:field:postgresql/localhost/postgres/legacy/onboarding_progress/id"
  }, {
    "@id" : "urn:tr:field:postgresql/localhost/postgres/legacy/onboarding_progress/dashboard"
  }, {
    "@id" : "urn:tr:field:postgresql/localhost/postgres/legacy/onboarding_progress/overview"
  }, {
    "@id" : "urn:tr:field:postgresql/localhost/postgres/legacy/onboarding_progress/documents"
  }, {
    "@id" : "urn:tr:field:postgresql/localhost/postgres/legacy/onboarding_progress/schedule"
  }, {
    "@id" : "urn:tr:field:postgresql/localhost/postgres/legacy/onboarding_progress/user_id"
  }, {
    "@id" : "urn:tr:field:postgresql/localhost/postgres/legacy/onboarding_progress/financials"
  } ]
}, {
  "@id" : "urn:tr:field:postgresql/localhost/postgres/legacy/onboarding_progress/created_at",
  "http://schema.org/name" : [ {
    "@value" : "created_at"
  } ],
  "http://trawler.dev/schema/core/0.1#isNullable" : [ {
    "@value" : true
  } ],
  "http://trawler.dev/schema/core/0.1#relations" : [ ],
  "http://trawler.dev/schema/core/0.1#type" : [ {
    "@value" : "TIMESTAMP"
  } ]
}, {
  "@id" : "urn:tr:field:postgresql/localhost/postgres/legacy/onboarding_progress/updated_at",
  "http://schema.org/name" : [ {
    "@value" : "updated_at"
  } ],
  "http://trawler.dev/schema/core/0.1#isNullable" : [ {
    "@value" : true
  } ],
  "http://trawler.dev/schema/core/0.1#relations" : [ ],
  "http://trawler.dev/schema/core/0.1#type" : [ {
    "@value" : "TIMESTAMP"
  } ]
}, {
  "@id" : "urn:tr:field:postgresql/localhost/postgres/legacy/onboarding_progress/id",
  "http://schema.org/name" : [ {
    "@value" : "id"
  } ],
  "http://trawler.dev/schema/core/0.1#isNullable" : [ {
    "@value" : false
  } ],
  "http://trawler.dev/schema/core/0.1#relations" : [ ],
  "http://trawler.dev/schema/core/0.1#type" : [ {
    "@value" : "INTEGER"
  } ]
}, {
  "@id" : "urn:tr:field:postgresql/localhost/postgres/legacy/onboarding_progress/dashboard",
  "http://schema.org/name" : [ {
    "@value" : "dashboard"
  } ],
  "http://trawler.dev/schema/core/0.1#isNullable" : [ {
    "@value" : false
  } ],
  "http://trawler.dev/schema/core/0.1#relations" : [ ],
  "http://trawler.dev/schema/core/0.1#type" : [ {
    "@value" : "SMALLINT"
  } ]
}, {
  "@id" : "urn:tr:field:postgresql/localhost/postgres/legacy/onboarding_progress/overview",
  "http://schema.org/name" : [ {
    "@value" : "overview"
  } ],
  "http://trawler.dev/schema/core/0.1#isNullable" : [ {
    "@value" : false
  } ],
  "http://trawler.dev/schema/core/0.1#relations" : [ ],
  "http://trawler.dev/schema/core/0.1#type" : [ {
    "@value" : "SMALLINT"
  } ]
}, {
  "@id" : "urn:tr:field:postgresql/localhost/postgres/legacy/onboarding_progress/documents",
  "http://schema.org/name" : [ {
    "@value" : "documents"
  } ],
  "http://trawler.dev/schema/core/0.1#isNullable" : [ {
    "@value" : false
  } ],
  "http://trawler.dev/schema/core/0.1#relations" : [ ],
  "http://trawler.dev/schema/core/0.1#type" : [ {
    "@value" : "SMALLINT"
  } ]
}, {
  "@id" : "urn:tr:field:postgresql/localhost/postgres/legacy/onboarding_progress/schedule",
  "http://schema.org/name" : [ {
    "@value" : "schedule"
  } ],
  "http://trawler.dev/schema/core/0.1#isNullable" : [ {
    "@value" : false
  } ],
  "http://trawler.dev/schema/core/0.1#relations" : [ ],
  "http://trawler.dev/schema/core/0.1#type" : [ {
    "@value" : "SMALLINT"
  } ]
}, {
  "@id" : "urn:tr:field:postgresql/localhost/postgres/legacy/onboarding_progress/user_id",
  "http://schema.org/name" : [ {
    "@value" : "user_id"
  } ],
  "http://trawler.dev/schema/core/0.1#isNullable" : [ {
    "@value" : false
  } ],
  "http://trawler.dev/schema/core/0.1#relations" : [ {
    "@value" : "urn:tr:constraint:postgresql/localhost/postgres/legacy/onboarding_progress/onboarding_progress_user_id_b54bb656_fk_users_id"
  } ],
  "http://trawler.dev/schema/core/0.1#type" : [ {
    "@value" : "INTEGER"
  } ]
}, {
  "@id" : "urn:tr:field:postgresql/localhost/postgres/legacy/onboarding_progress/financials",
  "http://schema.org/name" : [ {
    "@value" : "financials"
  } ],
  "http://trawler.dev/schema/core/0.1#isNullable" : [ {
    "@value" : false
  } ],
  "http://trawler.dev/schema/core/0.1#relations" : [ ],
  "http://trawler.dev/schema/core/0.1#type" : [ {
    "@value" : "SMALLINT"
  } ]
}, {
  "@id" : "urn:tr:constraint:postgresql/localhost/postgres/legacy/onboarding_progress/onboarding_progress_user_id_b54bb656_fk_users_id",
  "@type" : [ "tr:Constraint" ],
  "tr:hasFields" : [ {
    "@id" : "urn:tr:column:postgresql/localhost/postgres/legacy/users/id"
  } ]
}, {
  "@id" : "urn:tr:table:postgresql/localhost/postgres/legacy/event_context",
  "@type" : [ "http://trawler.dev/schema/core/0.1#Table" ],
  "http://schema.org/name" : [ {
    "@value" : "event_context"
  } ],
  "http://trawler.dev/schema/core/0.1#hasFields" : [ {
    "@id" : "urn:tr:field:postgresql/localhost/postgres/legacy/event_context/id"
  }, {
    "@id" : "urn:tr:field:postgresql/localhost/postgres/legacy/event_context/model_name"
  }, {
    "@id" : "urn:tr:field:postgresql/localhost/postgres/legacy/event_context/category"
  }, {
    "@id" : "urn:tr:field:postgresql/localhost/postgres/legacy/event_context/for_admins"
  }, {
    "@id" : "urn:tr:field:postgresql/localhost/postgres/legacy/event_context/for_assignees"
  } ]
}, {
  "@id" : "urn:tr:field:postgresql/localhost/postgres/legacy/event_context/id",
  "http://schema.org/name" : [ {
    "@value" : "id"
  } ],
  "http://trawler.dev/schema/core/0.1#isNullable" : [ {
    "@value" : false
  } ],
  "http://trawler.dev/schema/core/0.1#relations" : [ ],
  "http://trawler.dev/schema/core/0.1#type" : [ {
    "@value" : "INTEGER"
  } ]
}, {
  "@id" : "urn:tr:field:postgresql/localhost/postgres/legacy/event_context/model_name",
  "http://schema.org/name" : [ {
    "@value" : "model_name"
  } ],
  "http://trawler.dev/schema/core/0.1#isNullable" : [ {
    "@value" : false
  } ],
  "http://trawler.dev/schema/core/0.1#relations" : [ ],
  "http://trawler.dev/schema/core/0.1#type" : [ {
    "@value" : "TEXT"
  } ]
}, {
  "@id" : "urn:tr:field:postgresql/localhost/postgres/legacy/event_context/category",
  "http://schema.org/name" : [ {
    "@value" : "category"
  } ],
  "http://trawler.dev/schema/core/0.1#isNullable" : [ {
    "@value" : false
  } ],
  "http://trawler.dev/schema/core/0.1#relations" : [ ],
  "http://trawler.dev/schema/core/0.1#type" : [ {
    "@value" : "SMALLINT"
  } ]
}, {
  "@id" : "urn:tr:field:postgresql/localhost/postgres/legacy/event_context/for_admins",
  "http://schema.org/name" : [ {
    "@value" : "for_admins"
  } ],
  "http://trawler.dev/schema/core/0.1#isNullable" : [ {
    "@value" : false
  } ],
  "http://trawler.dev/schema/core/0.1#relations" : [ ],
  "http://trawler.dev/schema/core/0.1#type" : [ {
    "@value" : "BOOLEAN"
  } ]
}, {
  "@id" : "urn:tr:field:postgresql/localhost/postgres/legacy/event_context/for_assignees",
  "http://schema.org/name" : [ {
    "@value" : "for_assignees"
  } ],
  "http://trawler.dev/schema/core/0.1#isNullable" : [ {
    "@value" : false
  } ],
  "http://trawler.dev/schema/core/0.1#relations" : [ ],
  "http://trawler.dev/schema/core/0.1#type" : [ {
    "@value" : "BOOLEAN"
  } ]
}, {
  "@id" : "urn:tr:table:postgresql/localhost/postgres/legacy/custom_fields",
  "@type" : [ "http://trawler.dev/schema/core/0.1#Table" ],
  "http://schema.org/name" : [ {
    "@value" : "custom_fields"
  } ],
  "http://trawler.dev/schema/core/0.1#hasFields" : [ {
    "@id" : "urn:tr:field:postgresql/localhost/postgres/legacy/custom_fields/id"
  }, {
    "@id" : "urn:tr:field:postgresql/localhost/postgres/legacy/custom_fields/created_at"
  }, {
    "@id" : "urn:tr:field:postgresql/localhost/postgres/legacy/custom_fields/updated_at"
  }, {
    "@id" : "urn:tr:field:postgresql/localhost/postgres/legacy/custom_fields/order"
  }, {
    "@id" : "urn:tr:field:postgresql/localhost/postgres/legacy/custom_fields/value_numeric"
  }, {
    "@id" : "urn:tr:field:postgresql/localhost/postgres/legacy/custom_fields/value_text"
  }, {
    "@id" : "urn:tr:field:postgresql/localhost/postgres/legacy/custom_fields/field_definition_id"
  }, {
    "@id" : "urn:tr:field:postgresql/localhost/postgres/legacy/custom_fields/group_id"
  }, {
    "@id" : "urn:tr:field:postgresql/localhost/postgres/legacy/custom_fields/highlighted"
  }, {
    "@id" : "urn:tr:field:postgresql/localhost/postgres/legacy/custom_fields/value_date"
  }, {
    "@id" : "urn:tr:field:postgresql/localhost/postgres/legacy/custom_fields/connection_id"
  } ]
}, {
  "@id" : "urn:tr:field:postgresql/localhost/postgres/legacy/custom_fields/id",
  "http://schema.org/name" : [ {
    "@value" : "id"
  } ],
  "http://trawler.dev/schema/core/0.1#isNullable" : [ {
    "@value" : false
  } ],
  "http://trawler.dev/schema/core/0.1#relations" : [ ],
  "http://trawler.dev/schema/core/0.1#type" : [ {
    "@value" : "INTEGER"
  } ]
}, {
  "@id" : "urn:tr:field:postgresql/localhost/postgres/legacy/custom_fields/created_at",
  "http://schema.org/name" : [ {
    "@value" : "created_at"
  } ],
  "http://trawler.dev/schema/core/0.1#isNullable" : [ {
    "@value" : true
  } ],
  "http://trawler.dev/schema/core/0.1#relations" : [ ],
  "http://trawler.dev/schema/core/0.1#type" : [ {
    "@value" : "TIMESTAMP"
  } ]
}, {
  "@id" : "urn:tr:field:postgresql/localhost/postgres/legacy/custom_fields/updated_at",
  "http://schema.org/name" : [ {
    "@value" : "updated_at"
  } ],
  "http://trawler.dev/schema/core/0.1#isNullable" : [ {
    "@value" : true
  } ],
  "http://trawler.dev/schema/core/0.1#relations" : [ ],
  "http://trawler.dev/schema/core/0.1#type" : [ {
    "@value" : "TIMESTAMP"
  } ]
}, {
  "@id" : "urn:tr:field:postgresql/localhost/postgres/legacy/custom_fields/order",
  "http://schema.org/name" : [ {
    "@value" : "order"
  } ],
  "http://trawler.dev/schema/core/0.1#isNullable" : [ {
    "@value" : false
  } ],
  "http://trawler.dev/schema/core/0.1#relations" : [ ],
  "http://trawler.dev/schema/core/0.1#type" : [ {
    "@value" : "SMALLINT"
  } ]
}, {
  "@id" : "urn:tr:field:postgresql/localhost/postgres/legacy/custom_fields/value_numeric",
  "http://schema.org/name" : [ {
    "@value" : "value_numeric"
  } ],
  "http://trawler.dev/schema/core/0.1#isNullable" : [ {
    "@value" : true
  } ],
  "http://trawler.dev/schema/core/0.1#relations" : [ ],
  "http://trawler.dev/schema/core/0.1#type" : [ {
    "@value" : "NUMERIC"
  } ]
}, {
  "@id" : "urn:tr:field:postgresql/localhost/postgres/legacy/custom_fields/value_text",
  "http://schema.org/name" : [ {
    "@value" : "value_text"
  } ],
  "http://trawler.dev/schema/core/0.1#isNullable" : [ {
    "@value" : true
  } ],
  "http://trawler.dev/schema/core/0.1#relations" : [ ],
  "http://trawler.dev/schema/core/0.1#type" : [ {
    "@value" : "TEXT"
  } ]
}, {
  "@id" : "urn:tr:field:postgresql/localhost/postgres/legacy/custom_fields/field_definition_id",
  "http://schema.org/name" : [ {
    "@value" : "field_definition_id"
  } ],
  "http://trawler.dev/schema/core/0.1#isNullable" : [ {
    "@value" : false
  } ],
  "http://trawler.dev/schema/core/0.1#relations" : [ {
    "@value" : "urn:tr:constraint:postgresql/localhost/postgres/legacy/custom_fields/custom_fields_field_definition_id_bd2d8122_fk_custom_fi"
  } ],
  "http://trawler.dev/schema/core/0.1#type" : [ {
    "@value" : "INTEGER"
  } ]
}, {
  "@id" : "urn:tr:field:postgresql/localhost/postgres/legacy/custom_fields/group_id",
  "http://schema.org/name" : [ {
    "@value" : "group_id"
  } ],
  "http://trawler.dev/schema/core/0.1#isNullable" : [ {
    "@value" : false
  } ],
  "http://trawler.dev/schema/core/0.1#relations" : [ {
    "@value" : "urn:tr:constraint:postgresql/localhost/postgres/legacy/custom_fields/custom_fields_group_id_35901efd_fk_custom_field_groups_id"
  } ],
  "http://trawler.dev/schema/core/0.1#type" : [ {
    "@value" : "INTEGER"
  } ]
}, {
  "@id" : "urn:tr:field:postgresql/localhost/postgres/legacy/custom_fields/highlighted",
  "http://schema.org/name" : [ {
    "@value" : "highlighted"
  } ],
  "http://trawler.dev/schema/core/0.1#isNullable" : [ {
    "@value" : false
  } ],
  "http://trawler.dev/schema/core/0.1#relations" : [ ],
  "http://trawler.dev/schema/core/0.1#type" : [ {
    "@value" : "BOOLEAN"
  } ]
}, {
  "@id" : "urn:tr:field:postgresql/localhost/postgres/legacy/custom_fields/value_date",
  "http://schema.org/name" : [ {
    "@value" : "value_date"
  } ],
  "http://trawler.dev/schema/core/0.1#isNullable" : [ {
    "@value" : true
  } ],
  "http://trawler.dev/schema/core/0.1#relations" : [ ],
  "http://trawler.dev/schema/core/0.1#type" : [ {
    "@value" : "DATE"
  } ]
}, {
  "@id" : "urn:tr:field:postgresql/localhost/postgres/legacy/custom_fields/connection_id",
  "http://schema.org/name" : [ {
    "@value" : "connection_id"
  } ],
  "http://trawler.dev/schema/core/0.1#isNullable" : [ {
    "@value" : true
  } ],
  "http://trawler.dev/schema/core/0.1#relations" : [ ],
  "http://trawler.dev/schema/core/0.1#type" : [ {
    "@value" : "INTEGER"
  } ]
}, {
  "@id" : "urn:tr:constraint:postgresql/localhost/postgres/legacy/custom_fields/custom_fields_field_definition_id_bd2d8122_fk_custom_fi",
  "@type" : [ "tr:Constraint" ],
  "tr:hasFields" : [ {
    "@id" : "urn:tr:column:postgresql/localhost/postgres/legacy/custom_field_definitions/id"
  } ]
}, {
  "@id" : "urn:tr:constraint:postgresql/localhost/postgres/legacy/custom_fields/custom_fields_group_id_35901efd_fk_custom_field_groups_id",
  "@type" : [ "tr:Constraint" ],
  "tr:hasFields" : [ {
    "@id" : "urn:tr:column:postgresql/localhost/postgres/legacy/custom_field_groups/id"
  } ]
}, {
  "@id" : "urn:tr:table:postgresql/localhost/postgres/legacy/milestones",
  "@type" : [ "http://trawler.dev/schema/core/0.1#Table" ],
  "http://schema.org/name" : [ {
    "@value" : "milestones"
  } ],
  "http://trawler.dev/schema/core/0.1#hasFields" : [ {
    "@id" : "urn:tr:field:postgresql/localhost/postgres/legacy/milestones/scheduleitem_ptr_id"
  }, {
    "@id" : "urn:tr:field:postgresql/localhost/postgres/legacy/milestones/due_date"
  } ]
}, {
  "@id" : "urn:tr:field:postgresql/localhost/postgres/legacy/milestones/scheduleitem_ptr_id",
  "http://schema.org/name" : [ {
    "@value" : "scheduleitem_ptr_id"
  } ],
  "http://trawler.dev/schema/core/0.1#isNullable" : [ {
    "@value" : false
  } ],
  "http://trawler.dev/schema/core/0.1#relations" : [ {
    "@value" : "urn:tr:constraint:postgresql/localhost/postgres/legacy/milestones/milestones_scheduleitem_ptr_id_6a9a4ac5_fk_schedule_items_id"
  } ],
  "http://trawler.dev/schema/core/0.1#type" : [ {
    "@value" : "INTEGER"
  } ]
}, {
  "@id" : "urn:tr:field:postgresql/localhost/postgres/legacy/milestones/due_date",
  "http://schema.org/name" : [ {
    "@value" : "due_date"
  } ],
  "http://trawler.dev/schema/core/0.1#isNullable" : [ {
    "@value" : false
  } ],
  "http://trawler.dev/schema/core/0.1#relations" : [ ],
  "http://trawler.dev/schema/core/0.1#type" : [ {
    "@value" : "DATE"
  } ]
}, {
  "@id" : "urn:tr:constraint:postgresql/localhost/postgres/legacy/milestones/milestones_scheduleitem_ptr_id_6a9a4ac5_fk_schedule_items_id",
  "@type" : [ "tr:Constraint" ],
  "tr:hasFields" : [ {
    "@id" : "urn:tr:column:postgresql/localhost/postgres/legacy/schedule_items/id"
  } ]
}, {
  "@id" : "urn:tr:table:postgresql/localhost/postgres/legacy/schedule_groups",
  "@type" : [ "http://trawler.dev/schema/core/0.1#Table" ],
  "http://schema.org/name" : [ {
    "@value" : "schedule_groups"
  } ],
  "http://trawler.dev/schema/core/0.1#hasFields" : [ {
    "@id" : "urn:tr:field:postgresql/localhost/postgres/legacy/schedule_groups/scheduleitem_ptr_id"
  }, {
    "@id" : "urn:tr:field:postgresql/localhost/postgres/legacy/schedule_groups/project_id"
  } ]
}, {
  "@id" : "urn:tr:field:postgresql/localhost/postgres/legacy/schedule_groups/scheduleitem_ptr_id",
  "http://schema.org/name" : [ {
    "@value" : "scheduleitem_ptr_id"
  } ],
  "http://trawler.dev/schema/core/0.1#isNullable" : [ {
    "@value" : false
  } ],
  "http://trawler.dev/schema/core/0.1#relations" : [ {
    "@value" : "urn:tr:constraint:postgresql/localhost/postgres/legacy/schedule_groups/schedule_groups_scheduleitem_ptr_id_35e5d74c_fk_schedule_"
  } ],
  "http://trawler.dev/schema/core/0.1#type" : [ {
    "@value" : "INTEGER"
  } ]
}, {
  "@id" : "urn:tr:field:postgresql/localhost/postgres/legacy/schedule_groups/project_id",
  "http://schema.org/name" : [ {
    "@value" : "project_id"
  } ],
  "http://trawler.dev/schema/core/0.1#isNullable" : [ {
    "@value" : false
  } ],
  "http://trawler.dev/schema/core/0.1#relations" : [ {
    "@value" : "urn:tr:constraint:postgresql/localhost/postgres/legacy/schedule_groups/schedule_groups_project_id_d8552e60_fk_projects_id"
  } ],
  "http://trawler.dev/schema/core/0.1#type" : [ {
    "@value" : "INTEGER"
  } ]
}, {
  "@id" : "urn:tr:constraint:postgresql/localhost/postgres/legacy/schedule_groups/schedule_groups_project_id_d8552e60_fk_projects_id",
  "@type" : [ "tr:Constraint" ],
  "tr:hasFields" : [ {
    "@id" : "urn:tr:column:postgresql/localhost/postgres/legacy/projects/id"
  } ]
}, {
  "@id" : "urn:tr:constraint:postgresql/localhost/postgres/legacy/schedule_groups/schedule_groups_scheduleitem_ptr_id_35e5d74c_fk_schedule_",
  "@type" : [ "tr:Constraint" ],
  "tr:hasFields" : [ {
    "@id" : "urn:tr:column:postgresql/localhost/postgres/legacy/schedule_items/id"
  } ]
}, {
  "@id" : "urn:tr:table:postgresql/localhost/postgres/legacy/links",
  "@type" : [ "http://trawler.dev/schema/core/0.1#Table" ],
  "http://schema.org/name" : [ {
    "@value" : "links"
  } ],
  "http://trawler.dev/schema/core/0.1#hasFields" : [ {
    "@id" : "urn:tr:field:postgresql/localhost/postgres/legacy/links/created_at"
  }, {
    "@id" : "urn:tr:field:postgresql/localhost/postgres/legacy/links/updated_at"
  }, {
    "@id" : "urn:tr:field:postgresql/localhost/postgres/legacy/links/id"
  }, {
    "@id" : "urn:tr:field:postgresql/localhost/postgres/legacy/links/downstream_id"
  }, {
    "@id" : "urn:tr:field:postgresql/localhost/postgres/legacy/links/upstream_id"
  } ]
}, {
  "@id" : "urn:tr:field:postgresql/localhost/postgres/legacy/links/created_at",
  "http://schema.org/name" : [ {
    "@value" : "created_at"
  } ],
  "http://trawler.dev/schema/core/0.1#isNullable" : [ {
    "@value" : true
  } ],
  "http://trawler.dev/schema/core/0.1#relations" : [ ],
  "http://trawler.dev/schema/core/0.1#type" : [ {
    "@value" : "TIMESTAMP"
  } ]
}, {
  "@id" : "urn:tr:field:postgresql/localhost/postgres/legacy/links/updated_at",
  "http://schema.org/name" : [ {
    "@value" : "updated_at"
  } ],
  "http://trawler.dev/schema/core/0.1#isNullable" : [ {
    "@value" : true
  } ],
  "http://trawler.dev/schema/core/0.1#relations" : [ ],
  "http://trawler.dev/schema/core/0.1#type" : [ {
    "@value" : "TIMESTAMP"
  } ]
}, {
  "@id" : "urn:tr:field:postgresql/localhost/postgres/legacy/links/id",
  "http://schema.org/name" : [ {
    "@value" : "id"
  } ],
  "http://trawler.dev/schema/core/0.1#isNullable" : [ {
    "@value" : false
  } ],
  "http://trawler.dev/schema/core/0.1#relations" : [ ],
  "http://trawler.dev/schema/core/0.1#type" : [ {
    "@value" : "INTEGER"
  } ]
}, {
  "@id" : "urn:tr:field:postgresql/localhost/postgres/legacy/links/downstream_id",
  "http://schema.org/name" : [ {
    "@value" : "downstream_id"
  } ],
  "http://trawler.dev/schema/core/0.1#isNullable" : [ {
    "@value" : false
  } ],
  "http://trawler.dev/schema/core/0.1#relations" : [ {
    "@value" : "urn:tr:constraint:postgresql/localhost/postgres/legacy/links/links_downstream_id_bb0d8232_fk_schedule_items_id"
  } ],
  "http://trawler.dev/schema/core/0.1#type" : [ {
    "@value" : "INTEGER"
  } ]
}, {
  "@id" : "urn:tr:field:postgresql/localhost/postgres/legacy/links/upstream_id",
  "http://schema.org/name" : [ {
    "@value" : "upstream_id"
  } ],
  "http://trawler.dev/schema/core/0.1#isNullable" : [ {
    "@value" : false
  } ],
  "http://trawler.dev/schema/core/0.1#relations" : [ {
    "@value" : "urn:tr:constraint:postgresql/localhost/postgres/legacy/links/links_upstream_id_2bf9d14c_fk_schedule_items_id"
  } ],
  "http://trawler.dev/schema/core/0.1#type" : [ {
    "@value" : "INTEGER"
  } ]
}, {
  "@id" : "urn:tr:constraint:postgresql/localhost/postgres/legacy/links/links_downstream_id_bb0d8232_fk_schedule_items_id",
  "@type" : [ "tr:Constraint" ],
  "tr:hasFields" : [ {
    "@id" : "urn:tr:column:postgresql/localhost/postgres/legacy/schedule_items/id"
  } ]
}, {
  "@id" : "urn:tr:constraint:postgresql/localhost/postgres/legacy/links/links_upstream_id_2bf9d14c_fk_schedule_items_id",
  "@type" : [ "tr:Constraint" ],
  "tr:hasFields" : [ {
    "@id" : "urn:tr:column:postgresql/localhost/postgres/legacy/schedule_items/id"
  } ]
}, {
  "@id" : "urn:tr:table:postgresql/localhost/postgres/legacy/authorization_hierarchy",
  "@type" : [ "http://trawler.dev/schema/core/0.1#Table" ],
  "http://schema.org/name" : [ {
    "@value" : "authorization_hierarchy"
  } ],
  "http://trawler.dev/schema/core/0.1#hasFields" : [ {
    "@id" : "urn:tr:field:postgresql/localhost/postgres/legacy/authorization_hierarchy/id"
  }, {
    "@id" : "urn:tr:field:postgresql/localhost/postgres/legacy/authorization_hierarchy/model_name"
  }, {
    "@id" : "urn:tr:field:postgresql/localhost/postgres/legacy/authorization_hierarchy/object_id"
  }, {
    "@id" : "urn:tr:field:postgresql/localhost/postgres/legacy/authorization_hierarchy/breadcrumbs"
  } ]
}, {
  "@id" : "urn:tr:field:postgresql/localhost/postgres/legacy/authorization_hierarchy/id",
  "http://schema.org/name" : [ {
    "@value" : "id"
  } ],
  "http://trawler.dev/schema/core/0.1#isNullable" : [ {
    "@value" : false
  } ],
  "http://trawler.dev/schema/core/0.1#relations" : [ ],
  "http://trawler.dev/schema/core/0.1#type" : [ {
    "@value" : "INTEGER"
  } ]
}, {
  "@id" : "urn:tr:field:postgresql/localhost/postgres/legacy/authorization_hierarchy/model_name",
  "http://schema.org/name" : [ {
    "@value" : "model_name"
  } ],
  "http://trawler.dev/schema/core/0.1#isNullable" : [ {
    "@value" : false
  } ],
  "http://trawler.dev/schema/core/0.1#relations" : [ ],
  "http://trawler.dev/schema/core/0.1#type" : [ {
    "@value" : "TEXT"
  } ]
}, {
  "@id" : "urn:tr:field:postgresql/localhost/postgres/legacy/authorization_hierarchy/object_id",
  "http://schema.org/name" : [ {
    "@value" : "object_id"
  } ],
  "http://trawler.dev/schema/core/0.1#isNullable" : [ {
    "@value" : false
  } ],
  "http://trawler.dev/schema/core/0.1#relations" : [ ],
  "http://trawler.dev/schema/core/0.1#type" : [ {
    "@value" : "INTEGER"
  } ]
}, {
  "@id" : "urn:tr:field:postgresql/localhost/postgres/legacy/authorization_hierarchy/breadcrumbs",
  "http://schema.org/name" : [ {
    "@value" : "breadcrumbs"
  } ],
  "http://trawler.dev/schema/core/0.1#isNullable" : [ {
    "@value" : false
  } ],
  "http://trawler.dev/schema/core/0.1#relations" : [ ],
  "http://trawler.dev/schema/core/0.1#type" : [ {
    "@value" : "null"
  } ]
}, {
  "@id" : "urn:tr:table:postgresql/localhost/postgres/legacy/user_assignments",
  "@type" : [ "http://trawler.dev/schema/core/0.1#Table" ],
  "http://schema.org/name" : [ {
    "@value" : "user_assignments"
  } ],
  "http://trawler.dev/schema/core/0.1#hasFields" : [ {
    "@id" : "urn:tr:field:postgresql/localhost/postgres/legacy/user_assignments/created_at"
  }, {
    "@id" : "urn:tr:field:postgresql/localhost/postgres/legacy/user_assignments/updated_at"
  }, {
    "@id" : "urn:tr:field:postgresql/localhost/postgres/legacy/user_assignments/id"
  }, {
    "@id" : "urn:tr:field:postgresql/localhost/postgres/legacy/user_assignments/object_id"
  }, {
    "@id" : "urn:tr:field:postgresql/localhost/postgres/legacy/user_assignments/content_type_id"
  }, {
    "@id" : "urn:tr:field:postgresql/localhost/postgres/legacy/user_assignments/user_id"
  }, {
    "@id" : "urn:tr:field:postgresql/localhost/postgres/legacy/user_assignments/assigned_by_id"
  } ]
}, {
  "@id" : "urn:tr:field:postgresql/localhost/postgres/legacy/user_assignments/created_at",
  "http://schema.org/name" : [ {
    "@value" : "created_at"
  } ],
  "http://trawler.dev/schema/core/0.1#isNullable" : [ {
    "@value" : true
  } ],
  "http://trawler.dev/schema/core/0.1#relations" : [ ],
  "http://trawler.dev/schema/core/0.1#type" : [ {
    "@value" : "TIMESTAMP"
  } ]
}, {
  "@id" : "urn:tr:field:postgresql/localhost/postgres/legacy/user_assignments/updated_at",
  "http://schema.org/name" : [ {
    "@value" : "updated_at"
  } ],
  "http://trawler.dev/schema/core/0.1#isNullable" : [ {
    "@value" : true
  } ],
  "http://trawler.dev/schema/core/0.1#relations" : [ ],
  "http://trawler.dev/schema/core/0.1#type" : [ {
    "@value" : "TIMESTAMP"
  } ]
}, {
  "@id" : "urn:tr:field:postgresql/localhost/postgres/legacy/user_assignments/id",
  "http://schema.org/name" : [ {
    "@value" : "id"
  } ],
  "http://trawler.dev/schema/core/0.1#isNullable" : [ {
    "@value" : false
  } ],
  "http://trawler.dev/schema/core/0.1#relations" : [ ],
  "http://trawler.dev/schema/core/0.1#type" : [ {
    "@value" : "INTEGER"
  } ]
}, {
  "@id" : "urn:tr:field:postgresql/localhost/postgres/legacy/user_assignments/object_id",
  "http://schema.org/name" : [ {
    "@value" : "object_id"
  } ],
  "http://trawler.dev/schema/core/0.1#isNullable" : [ {
    "@value" : false
  } ],
  "http://trawler.dev/schema/core/0.1#relations" : [ ],
  "http://trawler.dev/schema/core/0.1#type" : [ {
    "@value" : "INTEGER"
  } ]
}, {
  "@id" : "urn:tr:field:postgresql/localhost/postgres/legacy/user_assignments/content_type_id",
  "http://schema.org/name" : [ {
    "@value" : "content_type_id"
  } ],
  "http://trawler.dev/schema/core/0.1#isNullable" : [ {
    "@value" : false
  } ],
  "http://trawler.dev/schema/core/0.1#relations" : [ {
    "@value" : "urn:tr:constraint:postgresql/localhost/postgres/legacy/user_assignments/user_assignments_content_type_id_700fb730_fk_django_co"
  } ],
  "http://trawler.dev/schema/core/0.1#type" : [ {
    "@value" : "INTEGER"
  } ]
}, {
  "@id" : "urn:tr:field:postgresql/localhost/postgres/legacy/user_assignments/user_id",
  "http://schema.org/name" : [ {
    "@value" : "user_id"
  } ],
  "http://trawler.dev/schema/core/0.1#isNullable" : [ {
    "@value" : false
  } ],
  "http://trawler.dev/schema/core/0.1#relations" : [ {
    "@value" : "urn:tr:constraint:postgresql/localhost/postgres/legacy/user_assignments/user_assignments_user_id_901e94a3_fk_users_id"
  } ],
  "http://trawler.dev/schema/core/0.1#type" : [ {
    "@value" : "INTEGER"
  } ]
}, {
  "@id" : "urn:tr:field:postgresql/localhost/postgres/legacy/user_assignments/assigned_by_id",
  "http://schema.org/name" : [ {
    "@value" : "assigned_by_id"
  } ],
  "http://trawler.dev/schema/core/0.1#isNullable" : [ {
    "@value" : false
  } ],
  "http://trawler.dev/schema/core/0.1#relations" : [ {
    "@value" : "urn:tr:constraint:postgresql/localhost/postgres/legacy/user_assignments/user_assignments_assigned_by_id_7f828b22_fk_users_id"
  } ],
  "http://trawler.dev/schema/core/0.1#type" : [ {
    "@value" : "INTEGER"
  } ]
}, {
  "@id" : "urn:tr:constraint:postgresql/localhost/postgres/legacy/user_assignments/user_assignments_assigned_by_id_7f828b22_fk_users_id",
  "@type" : [ "tr:Constraint" ],
  "tr:hasFields" : [ {
    "@id" : "urn:tr:column:postgresql/localhost/postgres/legacy/users/id"
  } ]
}, {
  "@id" : "urn:tr:constraint:postgresql/localhost/postgres/legacy/user_assignments/user_assignments_content_type_id_700fb730_fk_django_co",
  "@type" : [ "tr:Constraint" ],
  "tr:hasFields" : [ {
    "@id" : "urn:tr:column:postgresql/localhost/postgres/legacy/django_content_type/id"
  } ]
}, {
  "@id" : "urn:tr:constraint:postgresql/localhost/postgres/legacy/user_assignments/user_assignments_user_id_901e94a3_fk_users_id",
  "@type" : [ "tr:Constraint" ],
  "tr:hasFields" : [ {
    "@id" : "urn:tr:column:postgresql/localhost/postgres/legacy/users/id"
  } ]
}, {
  "@id" : "urn:tr:table:postgresql/localhost/postgres/legacy/project_technology_types",
  "@type" : [ "http://trawler.dev/schema/core/0.1#Table" ],
  "http://schema.org/name" : [ {
    "@value" : "project_technology_types"
  } ],
  "http://trawler.dev/schema/core/0.1#hasFields" : [ {
    "@id" : "urn:tr:field:postgresql/localhost/postgres/legacy/project_technology_types/id"
  }, {
    "@id" : "urn:tr:field:postgresql/localhost/postgres/legacy/project_technology_types/capacity"
  }, {
    "@id" : "urn:tr:field:postgresql/localhost/postgres/legacy/project_technology_types/capacity_unit"
  }, {
    "@id" : "urn:tr:field:postgresql/localhost/postgres/legacy/project_technology_types/project_id"
  }, {
    "@id" : "urn:tr:field:postgresql/localhost/postgres/legacy/project_technology_types/technology_type_id"
  } ]
}, {
  "@id" : "urn:tr:field:postgresql/localhost/postgres/legacy/project_technology_types/id",
  "http://schema.org/name" : [ {
    "@value" : "id"
  } ],
  "http://trawler.dev/schema/core/0.1#isNullable" : [ {
    "@value" : false
  } ],
  "http://trawler.dev/schema/core/0.1#relations" : [ ],
  "http://trawler.dev/schema/core/0.1#type" : [ {
    "@value" : "INTEGER"
  } ]
}, {
  "@id" : "urn:tr:field:postgresql/localhost/postgres/legacy/project_technology_types/capacity",
  "http://schema.org/name" : [ {
    "@value" : "capacity"
  } ],
  "http://trawler.dev/schema/core/0.1#isNullable" : [ {
    "@value" : false
  } ],
  "http://trawler.dev/schema/core/0.1#relations" : [ ],
  "http://trawler.dev/schema/core/0.1#type" : [ {
    "@value" : "NUMERIC"
  } ]
}, {
  "@id" : "urn:tr:field:postgresql/localhost/postgres/legacy/project_technology_types/capacity_unit",
  "http://schema.org/name" : [ {
    "@value" : "capacity_unit"
  } ],
  "http://trawler.dev/schema/core/0.1#isNullable" : [ {
    "@value" : false
  } ],
  "http://trawler.dev/schema/core/0.1#relations" : [ ],
  "http://trawler.dev/schema/core/0.1#type" : [ {
    "@value" : "TEXT"
  } ]
}, {
  "@id" : "urn:tr:field:postgresql/localhost/postgres/legacy/project_technology_types/project_id",
  "http://schema.org/name" : [ {
    "@value" : "project_id"
  } ],
  "http://trawler.dev/schema/core/0.1#isNullable" : [ {
    "@value" : false
  } ],
  "http://trawler.dev/schema/core/0.1#relations" : [ {
    "@value" : "urn:tr:constraint:postgresql/localhost/postgres/legacy/project_technology_types/project_technology_types_project_id_30c6e4d4_fk_projects_id"
  } ],
  "http://trawler.dev/schema/core/0.1#type" : [ {
    "@value" : "INTEGER"
  } ]
}, {
  "@id" : "urn:tr:field:postgresql/localhost/postgres/legacy/project_technology_types/technology_type_id",
  "http://schema.org/name" : [ {
    "@value" : "technology_type_id"
  } ],
  "http://trawler.dev/schema/core/0.1#isNullable" : [ {
    "@value" : false
  } ],
  "http://trawler.dev/schema/core/0.1#relations" : [ {
    "@value" : "urn:tr:constraint:postgresql/localhost/postgres/legacy/project_technology_types/project_technology_t_technology_type_id_0688dae8_fk_technolog"
  } ],
  "http://trawler.dev/schema/core/0.1#type" : [ {
    "@value" : "INTEGER"
  } ]
}, {
  "@id" : "urn:tr:constraint:postgresql/localhost/postgres/legacy/project_technology_types/project_technology_t_technology_type_id_0688dae8_fk_technolog",
  "@type" : [ "tr:Constraint" ],
  "tr:hasFields" : [ {
    "@id" : "urn:tr:column:postgresql/localhost/postgres/legacy/technology_types/id"
  } ]
}, {
  "@id" : "urn:tr:constraint:postgresql/localhost/postgres/legacy/project_technology_types/project_technology_types_project_id_30c6e4d4_fk_projects_id",
  "@type" : [ "tr:Constraint" ],
  "tr:hasFields" : [ {
    "@id" : "urn:tr:column:postgresql/localhost/postgres/legacy/projects/id"
  } ]
}, {
  "@id" : "urn:tr:table:postgresql/localhost/postgres/legacy/technology_types",
  "@type" : [ "http://trawler.dev/schema/core/0.1#Table" ],
  "http://schema.org/name" : [ {
    "@value" : "technology_types"
  } ],
  "http://trawler.dev/schema/core/0.1#hasFields" : [ {
    "@id" : "urn:tr:field:postgresql/localhost/postgres/legacy/technology_types/id"
  }, {
    "@id" : "urn:tr:field:postgresql/localhost/postgres/legacy/technology_types/name"
  } ]
}, {
  "@id" : "urn:tr:field:postgresql/localhost/postgres/legacy/technology_types/id",
  "http://schema.org/name" : [ {
    "@value" : "id"
  } ],
  "http://trawler.dev/schema/core/0.1#isNullable" : [ {
    "@value" : false
  } ],
  "http://trawler.dev/schema/core/0.1#relations" : [ ],
  "http://trawler.dev/schema/core/0.1#type" : [ {
    "@value" : "INTEGER"
  } ]
}, {
  "@id" : "urn:tr:field:postgresql/localhost/postgres/legacy/technology_types/name",
  "http://schema.org/name" : [ {
    "@value" : "name"
  } ],
  "http://trawler.dev/schema/core/0.1#isNullable" : [ {
    "@value" : false
  } ],
  "http://trawler.dev/schema/core/0.1#relations" : [ ],
  "http://trawler.dev/schema/core/0.1#type" : [ {
    "@value" : "TEXT"
  } ]
}, {
  "@id" : "urn:tr:table:postgresql/localhost/postgres/legacy/project_phases",
  "@type" : [ "http://trawler.dev/schema/core/0.1#Table" ],
  "http://schema.org/name" : [ {
    "@value" : "project_phases"
  } ],
  "http://trawler.dev/schema/core/0.1#hasFields" : [ {
    "@id" : "urn:tr:field:postgresql/localhost/postgres/legacy/project_phases/id"
  }, {
    "@id" : "urn:tr:field:postgresql/localhost/postgres/legacy/project_phases/name"
  }, {
    "@id" : "urn:tr:field:postgresql/localhost/postgres/legacy/project_phases/order"
  } ]
}, {
  "@id" : "urn:tr:field:postgresql/localhost/postgres/legacy/project_phases/id",
  "http://schema.org/name" : [ {
    "@value" : "id"
  } ],
  "http://trawler.dev/schema/core/0.1#isNullable" : [ {
    "@value" : false
  } ],
  "http://trawler.dev/schema/core/0.1#relations" : [ ],
  "http://trawler.dev/schema/core/0.1#type" : [ {
    "@value" : "INTEGER"
  } ]
}, {
  "@id" : "urn:tr:field:postgresql/localhost/postgres/legacy/project_phases/name",
  "http://schema.org/name" : [ {
    "@value" : "name"
  } ],
  "http://trawler.dev/schema/core/0.1#isNullable" : [ {
    "@value" : false
  } ],
  "http://trawler.dev/schema/core/0.1#relations" : [ ],
  "http://trawler.dev/schema/core/0.1#type" : [ {
    "@value" : "VARCHAR"
  } ]
}, {
  "@id" : "urn:tr:field:postgresql/localhost/postgres/legacy/project_phases/order",
  "http://schema.org/name" : [ {
    "@value" : "order"
  } ],
  "http://trawler.dev/schema/core/0.1#isNullable" : [ {
    "@value" : false
  } ],
  "http://trawler.dev/schema/core/0.1#relations" : [ ],
  "http://trawler.dev/schema/core/0.1#type" : [ {
    "@value" : "SMALLINT"
  } ]
}, {
  "@id" : "urn:tr:table:postgresql/localhost/postgres/legacy/companies",
  "@type" : [ "http://trawler.dev/schema/core/0.1#Table" ],
  "http://schema.org/name" : [ {
    "@value" : "companies"
  } ],
  "http://trawler.dev/schema/core/0.1#hasFields" : [ {
    "@id" : "urn:tr:field:postgresql/localhost/postgres/legacy/companies/id"
  }, {
    "@id" : "urn:tr:field:postgresql/localhost/postgres/legacy/companies/name"
  }, {
    "@id" : "urn:tr:field:postgresql/localhost/postgres/legacy/companies/created_at"
  }, {
    "@id" : "urn:tr:field:postgresql/localhost/postgres/legacy/companies/updated_at"
  }, {
    "@id" : "urn:tr:field:postgresql/localhost/postgres/legacy/companies/customer_id"
  }, {
    "@id" : "urn:tr:field:postgresql/localhost/postgres/legacy/companies/subscription_level"
  }, {
    "@id" : "urn:tr:field:postgresql/localhost/postgres/legacy/companies/internal"
  } ]
}, {
  "@id" : "urn:tr:field:postgresql/localhost/postgres/legacy/companies/id",
  "http://schema.org/name" : [ {
    "@value" : "id"
  } ],
  "http://trawler.dev/schema/core/0.1#isNullable" : [ {
    "@value" : false
  } ],
  "http://trawler.dev/schema/core/0.1#relations" : [ ],
  "http://trawler.dev/schema/core/0.1#type" : [ {
    "@value" : "INTEGER"
  } ]
}, {
  "@id" : "urn:tr:field:postgresql/localhost/postgres/legacy/companies/name",
  "http://schema.org/name" : [ {
    "@value" : "name"
  } ],
  "http://trawler.dev/schema/core/0.1#isNullable" : [ {
    "@value" : false
  } ],
  "http://trawler.dev/schema/core/0.1#relations" : [ ],
  "http://trawler.dev/schema/core/0.1#type" : [ {
    "@value" : "VARCHAR"
  } ]
}, {
  "@id" : "urn:tr:field:postgresql/localhost/postgres/legacy/companies/created_at",
  "http://schema.org/name" : [ {
    "@value" : "created_at"
  } ],
  "http://trawler.dev/schema/core/0.1#isNullable" : [ {
    "@value" : true
  } ],
  "http://trawler.dev/schema/core/0.1#relations" : [ ],
  "http://trawler.dev/schema/core/0.1#type" : [ {
    "@value" : "TIMESTAMP"
  } ]
}, {
  "@id" : "urn:tr:field:postgresql/localhost/postgres/legacy/companies/updated_at",
  "http://schema.org/name" : [ {
    "@value" : "updated_at"
  } ],
  "http://trawler.dev/schema/core/0.1#isNullable" : [ {
    "@value" : true
  } ],
  "http://trawler.dev/schema/core/0.1#relations" : [ ],
  "http://trawler.dev/schema/core/0.1#type" : [ {
    "@value" : "TIMESTAMP"
  } ]
}, {
  "@id" : "urn:tr:field:postgresql/localhost/postgres/legacy/companies/customer_id",
  "http://schema.org/name" : [ {
    "@value" : "customer_id"
  } ],
  "http://trawler.dev/schema/core/0.1#isNullable" : [ {
    "@value" : true
  } ],
  "http://trawler.dev/schema/core/0.1#relations" : [ {
    "@value" : "urn:tr:constraint:postgresql/localhost/postgres/legacy/companies/companies_customer_id_dbca9aa8_fk_djstripe_customer_djstripe_id"
  } ],
  "http://trawler.dev/schema/core/0.1#type" : [ {
    "@value" : "BIGINT"
  } ]
}, {
  "@id" : "urn:tr:field:postgresql/localhost/postgres/legacy/companies/subscription_level",
  "http://schema.org/name" : [ {
    "@value" : "subscription_level"
  } ],
  "http://trawler.dev/schema/core/0.1#isNullable" : [ {
    "@value" : false
  } ],
  "http://trawler.dev/schema/core/0.1#relations" : [ ],
  "http://trawler.dev/schema/core/0.1#type" : [ {
    "@value" : "SMALLINT"
  } ]
}, {
  "@id" : "urn:tr:field:postgresql/localhost/postgres/legacy/companies/internal",
  "http://schema.org/name" : [ {
    "@value" : "internal"
  } ],
  "http://trawler.dev/schema/core/0.1#isNullable" : [ {
    "@value" : false
  } ],
  "http://trawler.dev/schema/core/0.1#relations" : [ ],
  "http://trawler.dev/schema/core/0.1#type" : [ {
    "@value" : "BOOLEAN"
  } ]
}, {
  "@id" : "urn:tr:constraint:postgresql/localhost/postgres/legacy/companies/companies_customer_id_dbca9aa8_fk_djstripe_customer_djstripe_id",
  "@type" : [ "tr:Constraint" ],
  "tr:hasFields" : [ {
    "@id" : "urn:tr:column:postgresql/localhost/postgres/legacy/djstripe_customer/djstripe_id"
  } ]
}, {
  "@id" : "urn:tr:table:postgresql/localhost/postgres/legacy/audit_history",
  "@type" : [ "http://trawler.dev/schema/core/0.1#Table" ],
  "http://schema.org/name" : [ {
    "@value" : "audit_history"
  } ],
  "http://trawler.dev/schema/core/0.1#hasFields" : [ {
    "@id" : "urn:tr:field:postgresql/localhost/postgres/legacy/audit_history/id"
  }, {
    "@id" : "urn:tr:field:postgresql/localhost/postgres/legacy/audit_history/occurred_at"
  }, {
    "@id" : "urn:tr:field:postgresql/localhost/postgres/legacy/audit_history/transaction_id"
  }, {
    "@id" : "urn:tr:field:postgresql/localhost/postgres/legacy/audit_history/user_id"
  }, {
    "@id" : "urn:tr:field:postgresql/localhost/postgres/legacy/audit_history/table_name"
  }, {
    "@id" : "urn:tr:field:postgresql/localhost/postgres/legacy/audit_history/row_id"
  }, {
    "@id" : "urn:tr:field:postgresql/localhost/postgres/legacy/audit_history/operation"
  }, {
    "@id" : "urn:tr:field:postgresql/localhost/postgres/legacy/audit_history/old"
  }, {
    "@id" : "urn:tr:field:postgresql/localhost/postgres/legacy/audit_history/new"
  } ]
}, {
  "@id" : "urn:tr:field:postgresql/localhost/postgres/legacy/audit_history/id",
  "http://schema.org/name" : [ {
    "@value" : "id"
  } ],
  "http://trawler.dev/schema/core/0.1#isNullable" : [ {
    "@value" : false
  } ],
  "http://trawler.dev/schema/core/0.1#relations" : [ ],
  "http://trawler.dev/schema/core/0.1#type" : [ {
    "@value" : "INTEGER"
  } ]
}, {
  "@id" : "urn:tr:field:postgresql/localhost/postgres/legacy/audit_history/occurred_at",
  "http://schema.org/name" : [ {
    "@value" : "occurred_at"
  } ],
  "http://trawler.dev/schema/core/0.1#isNullable" : [ {
    "@value" : false
  } ],
  "http://trawler.dev/schema/core/0.1#relations" : [ ],
  "http://trawler.dev/schema/core/0.1#type" : [ {
    "@value" : "TIMESTAMP"
  } ]
}, {
  "@id" : "urn:tr:field:postgresql/localhost/postgres/legacy/audit_history/transaction_id",
  "http://schema.org/name" : [ {
    "@value" : "transaction_id"
  } ],
  "http://trawler.dev/schema/core/0.1#isNullable" : [ {
    "@value" : false
  } ],
  "http://trawler.dev/schema/core/0.1#relations" : [ ],
  "http://trawler.dev/schema/core/0.1#type" : [ {
    "@value" : "BIGINT"
  } ]
}, {
  "@id" : "urn:tr:field:postgresql/localhost/postgres/legacy/audit_history/user_id",
  "http://schema.org/name" : [ {
    "@value" : "user_id"
  } ],
  "http://trawler.dev/schema/core/0.1#isNullable" : [ {
    "@value" : true
  } ],
  "http://trawler.dev/schema/core/0.1#relations" : [ ],
  "http://trawler.dev/schema/core/0.1#type" : [ {
    "@value" : "INTEGER"
  } ]
}, {
  "@id" : "urn:tr:field:postgresql/localhost/postgres/legacy/audit_history/table_name",
  "http://schema.org/name" : [ {
    "@value" : "table_name"
  } ],
  "http://trawler.dev/schema/core/0.1#isNullable" : [ {
    "@value" : false
  } ],
  "http://trawler.dev/schema/core/0.1#relations" : [ ],
  "http://trawler.dev/schema/core/0.1#type" : [ {
    "@value" : "TEXT"
  } ]
}, {
  "@id" : "urn:tr:field:postgresql/localhost/postgres/legacy/audit_history/row_id",
  "http://schema.org/name" : [ {
    "@value" : "row_id"
  } ],
  "http://trawler.dev/schema/core/0.1#isNullable" : [ {
    "@value" : false
  } ],
  "http://trawler.dev/schema/core/0.1#relations" : [ ],
  "http://trawler.dev/schema/core/0.1#type" : [ {
    "@value" : "INTEGER"
  } ]
}, {
  "@id" : "urn:tr:field:postgresql/localhost/postgres/legacy/audit_history/operation",
  "http://schema.org/name" : [ {
    "@value" : "operation"
  } ],
  "http://trawler.dev/schema/core/0.1#isNullable" : [ {
    "@value" : false
  } ],
  "http://trawler.dev/schema/core/0.1#relations" : [ ],
  "http://trawler.dev/schema/core/0.1#type" : [ {
    "@value" : "TEXT"
  } ]
}, {
  "@id" : "urn:tr:field:postgresql/localhost/postgres/legacy/audit_history/old",
  "http://schema.org/name" : [ {
    "@value" : "old"
  } ],
  "http://trawler.dev/schema/core/0.1#isNullable" : [ {
    "@value" : false
  } ],
  "http://trawler.dev/schema/core/0.1#relations" : [ ],
  "http://trawler.dev/schema/core/0.1#type" : [ {
    "@value" : "JSONB"
  } ]
}, {
  "@id" : "urn:tr:field:postgresql/localhost/postgres/legacy/audit_history/new",
  "http://schema.org/name" : [ {
    "@value" : "new"
  } ],
  "http://trawler.dev/schema/core/0.1#isNullable" : [ {
    "@value" : false
  } ],
  "http://trawler.dev/schema/core/0.1#relations" : [ ],
  "http://trawler.dev/schema/core/0.1#type" : [ {
    "@value" : "JSONB"
  } ]
}, {
  "@id" : "urn:tr:table:postgresql/localhost/postgres/legacy/portfolios",
  "@type" : [ "http://trawler.dev/schema/core/0.1#Table" ],
  "http://schema.org/name" : [ {
    "@value" : "portfolios"
  } ],
  "http://trawler.dev/schema/core/0.1#hasFields" : [ {
    "@id" : "urn:tr:field:postgresql/localhost/postgres/legacy/portfolios/id"
  }, {
    "@id" : "urn:tr:field:postgresql/localhost/postgres/legacy/portfolios/name"
  }, {
    "@id" : "urn:tr:field:postgresql/localhost/postgres/legacy/portfolios/created_at"
  }, {
    "@id" : "urn:tr:field:postgresql/localhost/postgres/legacy/portfolios/updated_at"
  }, {
    "@id" : "urn:tr:field:postgresql/localhost/postgres/legacy/portfolios/company_id"
  } ]
}, {
  "@id" : "urn:tr:field:postgresql/localhost/postgres/legacy/portfolios/id",
  "http://schema.org/name" : [ {
    "@value" : "id"
  } ],
  "http://trawler.dev/schema/core/0.1#isNullable" : [ {
    "@value" : false
  } ],
  "http://trawler.dev/schema/core/0.1#relations" : [ ],
  "http://trawler.dev/schema/core/0.1#type" : [ {
    "@value" : "INTEGER"
  } ]
}, {
  "@id" : "urn:tr:field:postgresql/localhost/postgres/legacy/portfolios/name",
  "http://schema.org/name" : [ {
    "@value" : "name"
  } ],
  "http://trawler.dev/schema/core/0.1#isNullable" : [ {
    "@value" : false
  } ],
  "http://trawler.dev/schema/core/0.1#relations" : [ ],
  "http://trawler.dev/schema/core/0.1#type" : [ {
    "@value" : "VARCHAR"
  } ]
}, {
  "@id" : "urn:tr:field:postgresql/localhost/postgres/legacy/portfolios/created_at",
  "http://schema.org/name" : [ {
    "@value" : "created_at"
  } ],
  "http://trawler.dev/schema/core/0.1#isNullable" : [ {
    "@value" : true
  } ],
  "http://trawler.dev/schema/core/0.1#relations" : [ ],
  "http://trawler.dev/schema/core/0.1#type" : [ {
    "@value" : "TIMESTAMP"
  } ]
}, {
  "@id" : "urn:tr:field:postgresql/localhost/postgres/legacy/portfolios/updated_at",
  "http://schema.org/name" : [ {
    "@value" : "updated_at"
  } ],
  "http://trawler.dev/schema/core/0.1#isNullable" : [ {
    "@value" : true
  } ],
  "http://trawler.dev/schema/core/0.1#relations" : [ ],
  "http://trawler.dev/schema/core/0.1#type" : [ {
    "@value" : "TIMESTAMP"
  } ]
}, {
  "@id" : "urn:tr:field:postgresql/localhost/postgres/legacy/portfolios/company_id",
  "http://schema.org/name" : [ {
    "@value" : "company_id"
  } ],
  "http://trawler.dev/schema/core/0.1#isNullable" : [ {
    "@value" : false
  } ],
  "http://trawler.dev/schema/core/0.1#relations" : [ {
    "@value" : "urn:tr:constraint:postgresql/localhost/postgres/legacy/portfolios/portfolios_company_id_78047b27_fk_companies_id"
  } ],
  "http://trawler.dev/schema/core/0.1#type" : [ {
    "@value" : "INTEGER"
  } ]
}, {
  "@id" : "urn:tr:constraint:postgresql/localhost/postgres/legacy/portfolios/portfolios_company_id_78047b27_fk_companies_id",
  "@type" : [ "tr:Constraint" ],
  "tr:hasFields" : [ {
    "@id" : "urn:tr:column:postgresql/localhost/postgres/legacy/companies/id"
  } ]
}, {
  "@id" : "urn:tr:table:postgresql/localhost/postgres/legacy/integrations",
  "@type" : [ "http://trawler.dev/schema/core/0.1#Table" ],
  "http://schema.org/name" : [ {
    "@value" : "integrations"
  } ],
  "http://trawler.dev/schema/core/0.1#hasFields" : [ {
    "@id" : "urn:tr:field:postgresql/localhost/postgres/legacy/integrations/created_at"
  }, {
    "@id" : "urn:tr:field:postgresql/localhost/postgres/legacy/integrations/updated_at"
  }, {
    "@id" : "urn:tr:field:postgresql/localhost/postgres/legacy/integrations/id"
  }, {
    "@id" : "urn:tr:field:postgresql/localhost/postgres/legacy/integrations/provider"
  }, {
    "@id" : "urn:tr:field:postgresql/localhost/postgres/legacy/integrations/access_token"
  }, {
    "@id" : "urn:tr:field:postgresql/localhost/postgres/legacy/integrations/refresh_token"
  }, {
    "@id" : "urn:tr:field:postgresql/localhost/postgres/legacy/integrations/user_id"
  } ]
}, {
  "@id" : "urn:tr:field:postgresql/localhost/postgres/legacy/integrations/created_at",
  "http://schema.org/name" : [ {
    "@value" : "created_at"
  } ],
  "http://trawler.dev/schema/core/0.1#isNullable" : [ {
    "@value" : true
  } ],
  "http://trawler.dev/schema/core/0.1#relations" : [ ],
  "http://trawler.dev/schema/core/0.1#type" : [ {
    "@value" : "TIMESTAMP"
  } ]
}, {
  "@id" : "urn:tr:field:postgresql/localhost/postgres/legacy/integrations/updated_at",
  "http://schema.org/name" : [ {
    "@value" : "updated_at"
  } ],
  "http://trawler.dev/schema/core/0.1#isNullable" : [ {
    "@value" : true
  } ],
  "http://trawler.dev/schema/core/0.1#relations" : [ ],
  "http://trawler.dev/schema/core/0.1#type" : [ {
    "@value" : "TIMESTAMP"
  } ]
}, {
  "@id" : "urn:tr:field:postgresql/localhost/postgres/legacy/integrations/id",
  "http://schema.org/name" : [ {
    "@value" : "id"
  } ],
  "http://trawler.dev/schema/core/0.1#isNullable" : [ {
    "@value" : false
  } ],
  "http://trawler.dev/schema/core/0.1#relations" : [ ],
  "http://trawler.dev/schema/core/0.1#type" : [ {
    "@value" : "INTEGER"
  } ]
}, {
  "@id" : "urn:tr:field:postgresql/localhost/postgres/legacy/integrations/provider",
  "http://schema.org/name" : [ {
    "@value" : "provider"
  } ],
  "http://trawler.dev/schema/core/0.1#isNullable" : [ {
    "@value" : false
  } ],
  "http://trawler.dev/schema/core/0.1#relations" : [ ],
  "http://trawler.dev/schema/core/0.1#type" : [ {
    "@value" : "TEXT"
  } ]
}, {
  "@id" : "urn:tr:field:postgresql/localhost/postgres/legacy/integrations/access_token",
  "http://schema.org/name" : [ {
    "@value" : "access_token"
  } ],
  "http://trawler.dev/schema/core/0.1#isNullable" : [ {
    "@value" : true
  } ],
  "http://trawler.dev/schema/core/0.1#relations" : [ ],
  "http://trawler.dev/schema/core/0.1#type" : [ {
    "@value" : "TEXT"
  } ]
}, {
  "@id" : "urn:tr:field:postgresql/localhost/postgres/legacy/integrations/refresh_token",
  "http://schema.org/name" : [ {
    "@value" : "refresh_token"
  } ],
  "http://trawler.dev/schema/core/0.1#isNullable" : [ {
    "@value" : true
  } ],
  "http://trawler.dev/schema/core/0.1#relations" : [ ],
  "http://trawler.dev/schema/core/0.1#type" : [ {
    "@value" : "TEXT"
  } ]
}, {
  "@id" : "urn:tr:field:postgresql/localhost/postgres/legacy/integrations/user_id",
  "http://schema.org/name" : [ {
    "@value" : "user_id"
  } ],
  "http://trawler.dev/schema/core/0.1#isNullable" : [ {
    "@value" : false
  } ],
  "http://trawler.dev/schema/core/0.1#relations" : [ {
    "@value" : "urn:tr:constraint:postgresql/localhost/postgres/legacy/integrations/integrations_user_id_8162b4e4_fk_users_id"
  } ],
  "http://trawler.dev/schema/core/0.1#type" : [ {
    "@value" : "INTEGER"
  } ]
}, {
  "@id" : "urn:tr:constraint:postgresql/localhost/postgres/legacy/integrations/integrations_user_id_8162b4e4_fk_users_id",
  "@type" : [ "tr:Constraint" ],
  "tr:hasFields" : [ {
    "@id" : "urn:tr:column:postgresql/localhost/postgres/legacy/users/id"
  } ]
}, {
  "@id" : "urn:tr:table:postgresql/localhost/postgres/legacy/audit_history_2021",
  "@type" : [ "http://trawler.dev/schema/core/0.1#Table" ],
  "http://schema.org/name" : [ {
    "@value" : "audit_history_2021"
  } ],
  "http://trawler.dev/schema/core/0.1#hasFields" : [ {
    "@id" : "urn:tr:field:postgresql/localhost/postgres/legacy/audit_history_2021/id"
  }, {
    "@id" : "urn:tr:field:postgresql/localhost/postgres/legacy/audit_history_2021/occurred_at"
  }, {
    "@id" : "urn:tr:field:postgresql/localhost/postgres/legacy/audit_history_2021/transaction_id"
  }, {
    "@id" : "urn:tr:field:postgresql/localhost/postgres/legacy/audit_history_2021/user_id"
  }, {
    "@id" : "urn:tr:field:postgresql/localhost/postgres/legacy/audit_history_2021/table_name"
  }, {
    "@id" : "urn:tr:field:postgresql/localhost/postgres/legacy/audit_history_2021/row_id"
  }, {
    "@id" : "urn:tr:field:postgresql/localhost/postgres/legacy/audit_history_2021/operation"
  }, {
    "@id" : "urn:tr:field:postgresql/localhost/postgres/legacy/audit_history_2021/old"
  }, {
    "@id" : "urn:tr:field:postgresql/localhost/postgres/legacy/audit_history_2021/new"
  } ]
}, {
  "@id" : "urn:tr:field:postgresql/localhost/postgres/legacy/audit_history_2021/id",
  "http://schema.org/name" : [ {
    "@value" : "id"
  } ],
  "http://trawler.dev/schema/core/0.1#isNullable" : [ {
    "@value" : false
  } ],
  "http://trawler.dev/schema/core/0.1#relations" : [ ],
  "http://trawler.dev/schema/core/0.1#type" : [ {
    "@value" : "INTEGER"
  } ]
}, {
  "@id" : "urn:tr:field:postgresql/localhost/postgres/legacy/audit_history_2021/occurred_at",
  "http://schema.org/name" : [ {
    "@value" : "occurred_at"
  } ],
  "http://trawler.dev/schema/core/0.1#isNullable" : [ {
    "@value" : false
  } ],
  "http://trawler.dev/schema/core/0.1#relations" : [ ],
  "http://trawler.dev/schema/core/0.1#type" : [ {
    "@value" : "TIMESTAMP"
  } ]
}, {
  "@id" : "urn:tr:field:postgresql/localhost/postgres/legacy/audit_history_2021/transaction_id",
  "http://schema.org/name" : [ {
    "@value" : "transaction_id"
  } ],
  "http://trawler.dev/schema/core/0.1#isNullable" : [ {
    "@value" : false
  } ],
  "http://trawler.dev/schema/core/0.1#relations" : [ ],
  "http://trawler.dev/schema/core/0.1#type" : [ {
    "@value" : "BIGINT"
  } ]
}, {
  "@id" : "urn:tr:field:postgresql/localhost/postgres/legacy/audit_history_2021/user_id",
  "http://schema.org/name" : [ {
    "@value" : "user_id"
  } ],
  "http://trawler.dev/schema/core/0.1#isNullable" : [ {
    "@value" : true
  } ],
  "http://trawler.dev/schema/core/0.1#relations" : [ ],
  "http://trawler.dev/schema/core/0.1#type" : [ {
    "@value" : "INTEGER"
  } ]
}, {
  "@id" : "urn:tr:field:postgresql/localhost/postgres/legacy/audit_history_2021/table_name",
  "http://schema.org/name" : [ {
    "@value" : "table_name"
  } ],
  "http://trawler.dev/schema/core/0.1#isNullable" : [ {
    "@value" : false
  } ],
  "http://trawler.dev/schema/core/0.1#relations" : [ ],
  "http://trawler.dev/schema/core/0.1#type" : [ {
    "@value" : "TEXT"
  } ]
}, {
  "@id" : "urn:tr:field:postgresql/localhost/postgres/legacy/audit_history_2021/row_id",
  "http://schema.org/name" : [ {
    "@value" : "row_id"
  } ],
  "http://trawler.dev/schema/core/0.1#isNullable" : [ {
    "@value" : false
  } ],
  "http://trawler.dev/schema/core/0.1#relations" : [ ],
  "http://trawler.dev/schema/core/0.1#type" : [ {
    "@value" : "INTEGER"
  } ]
}, {
  "@id" : "urn:tr:field:postgresql/localhost/postgres/legacy/audit_history_2021/operation",
  "http://schema.org/name" : [ {
    "@value" : "operation"
  } ],
  "http://trawler.dev/schema/core/0.1#isNullable" : [ {
    "@value" : false
  } ],
  "http://trawler.dev/schema/core/0.1#relations" : [ ],
  "http://trawler.dev/schema/core/0.1#type" : [ {
    "@value" : "TEXT"
  } ]
}, {
  "@id" : "urn:tr:field:postgresql/localhost/postgres/legacy/audit_history_2021/old",
  "http://schema.org/name" : [ {
    "@value" : "old"
  } ],
  "http://trawler.dev/schema/core/0.1#isNullable" : [ {
    "@value" : false
  } ],
  "http://trawler.dev/schema/core/0.1#relations" : [ ],
  "http://trawler.dev/schema/core/0.1#type" : [ {
    "@value" : "JSONB"
  } ]
}, {
  "@id" : "urn:tr:field:postgresql/localhost/postgres/legacy/audit_history_2021/new",
  "http://schema.org/name" : [ {
    "@value" : "new"
  } ],
  "http://trawler.dev/schema/core/0.1#isNullable" : [ {
    "@value" : false
  } ],
  "http://trawler.dev/schema/core/0.1#relations" : [ ],
  "http://trawler.dev/schema/core/0.1#type" : [ {
    "@value" : "JSONB"
  } ]
}, {
  "@id" : "urn:tr:table:postgresql/localhost/postgres/legacy/users",
  "@type" : [ "http://trawler.dev/schema/core/0.1#Table" ],
  "http://schema.org/name" : [ {
    "@value" : "users"
  } ],
  "http://trawler.dev/schema/core/0.1#hasFields" : [ {
    "@id" : "urn:tr:field:postgresql/localhost/postgres/legacy/users/id"
  }, {
    "@id" : "urn:tr:field:postgresql/localhost/postgres/legacy/users/first_name"
  }, {
    "@id" : "urn:tr:field:postgresql/localhost/postgres/legacy/users/last_name"
  }, {
    "@id" : "urn:tr:field:postgresql/localhost/postgres/legacy/users/email_address"
  }, {
    "@id" : "urn:tr:field:postgresql/localhost/postgres/legacy/users/profile_image"
  }, {
    "@id" : "urn:tr:field:postgresql/localhost/postgres/legacy/users/invited_by_id"
  }, {
    "@id" : "urn:tr:field:postgresql/localhost/postgres/legacy/users/created_at"
  }, {
    "@id" : "urn:tr:field:postgresql/localhost/postgres/legacy/users/updated_at"
  }, {
    "@id" : "urn:tr:field:postgresql/localhost/postgres/legacy/users/keycloak_id"
  }, {
    "@id" : "urn:tr:field:postgresql/localhost/postgres/legacy/users/last_activity"
  }, {
    "@id" : "urn:tr:field:postgresql/localhost/postgres/legacy/users/linkedin_link"
  }, {
    "@id" : "urn:tr:field:postgresql/localhost/postgres/legacy/users/title"
  }, {
    "@id" : "urn:tr:field:postgresql/localhost/postgres/legacy/users/first_activity"
  } ]
}, {
  "@id" : "urn:tr:field:postgresql/localhost/postgres/legacy/users/id",
  "http://schema.org/name" : [ {
    "@value" : "id"
  } ],
  "http://trawler.dev/schema/core/0.1#isNullable" : [ {
    "@value" : false
  } ],
  "http://trawler.dev/schema/core/0.1#relations" : [ ],
  "http://trawler.dev/schema/core/0.1#type" : [ {
    "@value" : "INTEGER"
  } ]
}, {
  "@id" : "urn:tr:field:postgresql/localhost/postgres/legacy/users/first_name",
  "http://schema.org/name" : [ {
    "@value" : "first_name"
  } ],
  "http://trawler.dev/schema/core/0.1#isNullable" : [ {
    "@value" : true
  } ],
  "http://trawler.dev/schema/core/0.1#relations" : [ ],
  "http://trawler.dev/schema/core/0.1#type" : [ {
    "@value" : "VARCHAR"
  } ]
}, {
  "@id" : "urn:tr:field:postgresql/localhost/postgres/legacy/users/last_name",
  "http://schema.org/name" : [ {
    "@value" : "last_name"
  } ],
  "http://trawler.dev/schema/core/0.1#isNullable" : [ {
    "@value" : true
  } ],
  "http://trawler.dev/schema/core/0.1#relations" : [ ],
  "http://trawler.dev/schema/core/0.1#type" : [ {
    "@value" : "VARCHAR"
  } ]
}, {
  "@id" : "urn:tr:field:postgresql/localhost/postgres/legacy/users/email_address",
  "http://schema.org/name" : [ {
    "@value" : "email_address"
  } ],
  "http://trawler.dev/schema/core/0.1#isNullable" : [ {
    "@value" : false
  } ],
  "http://trawler.dev/schema/core/0.1#relations" : [ ],
  "http://trawler.dev/schema/core/0.1#type" : [ {
    "@value" : "VARCHAR"
  } ]
}, {
  "@id" : "urn:tr:field:postgresql/localhost/postgres/legacy/users/profile_image",
  "http://schema.org/name" : [ {
    "@value" : "profile_image"
  } ],
  "http://trawler.dev/schema/core/0.1#isNullable" : [ {
    "@value" : true
  } ],
  "http://trawler.dev/schema/core/0.1#relations" : [ ],
  "http://trawler.dev/schema/core/0.1#type" : [ {
    "@value" : "VARCHAR"
  } ]
}, {
  "@id" : "urn:tr:field:postgresql/localhost/postgres/legacy/users/invited_by_id",
  "http://schema.org/name" : [ {
    "@value" : "invited_by_id"
  } ],
  "http://trawler.dev/schema/core/0.1#isNullable" : [ {
    "@value" : true
  } ],
  "http://trawler.dev/schema/core/0.1#relations" : [ {
    "@value" : "urn:tr:constraint:postgresql/localhost/postgres/legacy/users/users_invited_by_id_72735ba2_fk_users_id"
  } ],
  "http://trawler.dev/schema/core/0.1#type" : [ {
    "@value" : "INTEGER"
  } ]
}, {
  "@id" : "urn:tr:field:postgresql/localhost/postgres/legacy/users/created_at",
  "http://schema.org/name" : [ {
    "@value" : "created_at"
  } ],
  "http://trawler.dev/schema/core/0.1#isNullable" : [ {
    "@value" : true
  } ],
  "http://trawler.dev/schema/core/0.1#relations" : [ ],
  "http://trawler.dev/schema/core/0.1#type" : [ {
    "@value" : "TIMESTAMP"
  } ]
}, {
  "@id" : "urn:tr:field:postgresql/localhost/postgres/legacy/users/updated_at",
  "http://schema.org/name" : [ {
    "@value" : "updated_at"
  } ],
  "http://trawler.dev/schema/core/0.1#isNullable" : [ {
    "@value" : true
  } ],
  "http://trawler.dev/schema/core/0.1#relations" : [ ],
  "http://trawler.dev/schema/core/0.1#type" : [ {
    "@value" : "TIMESTAMP"
  } ]
}, {
  "@id" : "urn:tr:field:postgresql/localhost/postgres/legacy/users/keycloak_id",
  "http://schema.org/name" : [ {
    "@value" : "keycloak_id"
  } ],
  "http://trawler.dev/schema/core/0.1#isNullable" : [ {
    "@value" : false
  } ],
  "http://trawler.dev/schema/core/0.1#relations" : [ ],
  "http://trawler.dev/schema/core/0.1#type" : [ {
    "@value" : "UUID"
  } ]
}, {
  "@id" : "urn:tr:field:postgresql/localhost/postgres/legacy/users/last_activity",
  "http://schema.org/name" : [ {
    "@value" : "last_activity"
  } ],
  "http://trawler.dev/schema/core/0.1#isNullable" : [ {
    "@value" : true
  } ],
  "http://trawler.dev/schema/core/0.1#relations" : [ ],
  "http://trawler.dev/schema/core/0.1#type" : [ {
    "@value" : "TIMESTAMP"
  } ]
}, {
  "@id" : "urn:tr:field:postgresql/localhost/postgres/legacy/users/linkedin_link",
  "http://schema.org/name" : [ {
    "@value" : "linkedin_link"
  } ],
  "http://trawler.dev/schema/core/0.1#isNullable" : [ {
    "@value" : true
  } ],
  "http://trawler.dev/schema/core/0.1#relations" : [ ],
  "http://trawler.dev/schema/core/0.1#type" : [ {
    "@value" : "TEXT"
  } ]
}, {
  "@id" : "urn:tr:field:postgresql/localhost/postgres/legacy/users/title",
  "http://schema.org/name" : [ {
    "@value" : "title"
  } ],
  "http://trawler.dev/schema/core/0.1#isNullable" : [ {
    "@value" : true
  } ],
  "http://trawler.dev/schema/core/0.1#relations" : [ ],
  "http://trawler.dev/schema/core/0.1#type" : [ {
    "@value" : "TEXT"
  } ]
}, {
  "@id" : "urn:tr:field:postgresql/localhost/postgres/legacy/users/first_activity",
  "http://schema.org/name" : [ {
    "@value" : "first_activity"
  } ],
  "http://trawler.dev/schema/core/0.1#isNullable" : [ {
    "@value" : true
  } ],
  "http://trawler.dev/schema/core/0.1#relations" : [ ],
  "http://trawler.dev/schema/core/0.1#type" : [ {
    "@value" : "TIMESTAMP"
  } ]
}, {
  "@id" : "urn:tr:constraint:postgresql/localhost/postgres/legacy/users/users_invited_by_id_72735ba2_fk_users_id",
  "@type" : [ "tr:Constraint" ],
  "tr:hasFields" : [ {
    "@id" : "urn:tr:column:postgresql/localhost/postgres/legacy/users/id"
  } ]
}, {
  "@id" : "urn:tr:table:postgresql/localhost/postgres/legacy/projects",
  "@type" : [ "http://trawler.dev/schema/core/0.1#Table" ],
  "http://schema.org/name" : [ {
    "@value" : "projects"
  } ],
  "http://trawler.dev/schema/core/0.1#hasFields" : [ {
    "@id" : "urn:tr:field:postgresql/localhost/postgres/legacy/projects/id"
  }, {
    "@id" : "urn:tr:field:postgresql/localhost/postgres/legacy/projects/name"
  }, {
    "@id" : "urn:tr:field:postgresql/localhost/postgres/legacy/projects/created_at"
  }, {
    "@id" : "urn:tr:field:postgresql/localhost/postgres/legacy/projects/updated_at"
  }, {
    "@id" : "urn:tr:field:postgresql/localhost/postgres/legacy/projects/portfolio_id"
  }, {
    "@id" : "urn:tr:field:postgresql/localhost/postgres/legacy/projects/project_phase_id"
  }, {
    "@id" : "urn:tr:field:postgresql/localhost/postgres/legacy/projects/position"
  } ]
}, {
  "@id" : "urn:tr:field:postgresql/localhost/postgres/legacy/projects/id",
  "http://schema.org/name" : [ {
    "@value" : "id"
  } ],
  "http://trawler.dev/schema/core/0.1#isNullable" : [ {
    "@value" : false
  } ],
  "http://trawler.dev/schema/core/0.1#relations" : [ ],
  "http://trawler.dev/schema/core/0.1#type" : [ {
    "@value" : "INTEGER"
  } ]
}, {
  "@id" : "urn:tr:field:postgresql/localhost/postgres/legacy/projects/name",
  "http://schema.org/name" : [ {
    "@value" : "name"
  } ],
  "http://trawler.dev/schema/core/0.1#isNullable" : [ {
    "@value" : false
  } ],
  "http://trawler.dev/schema/core/0.1#relations" : [ ],
  "http://trawler.dev/schema/core/0.1#type" : [ {
    "@value" : "VARCHAR"
  } ]
}, {
  "@id" : "urn:tr:field:postgresql/localhost/postgres/legacy/projects/created_at",
  "http://schema.org/name" : [ {
    "@value" : "created_at"
  } ],
  "http://trawler.dev/schema/core/0.1#isNullable" : [ {
    "@value" : true
  } ],
  "http://trawler.dev/schema/core/0.1#relations" : [ ],
  "http://trawler.dev/schema/core/0.1#type" : [ {
    "@value" : "TIMESTAMP"
  } ]
}, {
  "@id" : "urn:tr:field:postgresql/localhost/postgres/legacy/projects/updated_at",
  "http://schema.org/name" : [ {
    "@value" : "updated_at"
  } ],
  "http://trawler.dev/schema/core/0.1#isNullable" : [ {
    "@value" : true
  } ],
  "http://trawler.dev/schema/core/0.1#relations" : [ ],
  "http://trawler.dev/schema/core/0.1#type" : [ {
    "@value" : "TIMESTAMP"
  } ]
}, {
  "@id" : "urn:tr:field:postgresql/localhost/postgres/legacy/projects/portfolio_id",
  "http://schema.org/name" : [ {
    "@value" : "portfolio_id"
  } ],
  "http://trawler.dev/schema/core/0.1#isNullable" : [ {
    "@value" : false
  } ],
  "http://trawler.dev/schema/core/0.1#relations" : [ {
    "@value" : "urn:tr:constraint:postgresql/localhost/postgres/legacy/projects/projects_portfolio_id_701d121c_fk_portfolios_id"
  } ],
  "http://trawler.dev/schema/core/0.1#type" : [ {
    "@value" : "INTEGER"
  } ]
}, {
  "@id" : "urn:tr:field:postgresql/localhost/postgres/legacy/projects/project_phase_id",
  "http://schema.org/name" : [ {
    "@value" : "project_phase_id"
  } ],
  "http://trawler.dev/schema/core/0.1#isNullable" : [ {
    "@value" : true
  } ],
  "http://trawler.dev/schema/core/0.1#relations" : [ {
    "@value" : "urn:tr:constraint:postgresql/localhost/postgres/legacy/projects/projects_project_stage_id_e62829ab_fk_project_stages_id"
  } ],
  "http://trawler.dev/schema/core/0.1#type" : [ {
    "@value" : "INTEGER"
  } ]
}, {
  "@id" : "urn:tr:field:postgresql/localhost/postgres/legacy/projects/position",
  "http://schema.org/name" : [ {
    "@value" : "position"
  } ],
  "http://trawler.dev/schema/core/0.1#isNullable" : [ {
    "@value" : false
  } ],
  "http://trawler.dev/schema/core/0.1#relations" : [ ],
  "http://trawler.dev/schema/core/0.1#type" : [ {
    "@value" : "JSONB"
  } ]
}, {
  "@id" : "urn:tr:constraint:postgresql/localhost/postgres/legacy/projects/projects_portfolio_id_701d121c_fk_portfolios_id",
  "@type" : [ "tr:Constraint" ],
  "tr:hasFields" : [ {
    "@id" : "urn:tr:column:postgresql/localhost/postgres/legacy/portfolios/id"
  } ]
}, {
  "@id" : "urn:tr:constraint:postgresql/localhost/postgres/legacy/projects/projects_project_stage_id_e62829ab_fk_project_stages_id",
  "@type" : [ "tr:Constraint" ],
  "tr:hasFields" : [ {
    "@id" : "urn:tr:column:postgresql/localhost/postgres/legacy/project_phases/id"
  } ]
}, {
  "@id" : "urn:tr:table:postgresql/localhost/postgres/legacy/audit_history_2022",
  "@type" : [ "http://trawler.dev/schema/core/0.1#Table" ],
  "http://schema.org/name" : [ {
    "@value" : "audit_history_2022"
  } ],
  "http://trawler.dev/schema/core/0.1#hasFields" : [ {
    "@id" : "urn:tr:field:postgresql/localhost/postgres/legacy/audit_history_2022/id"
  }, {
    "@id" : "urn:tr:field:postgresql/localhost/postgres/legacy/audit_history_2022/occurred_at"
  }, {
    "@id" : "urn:tr:field:postgresql/localhost/postgres/legacy/audit_history_2022/transaction_id"
  }, {
    "@id" : "urn:tr:field:postgresql/localhost/postgres/legacy/audit_history_2022/user_id"
  }, {
    "@id" : "urn:tr:field:postgresql/localhost/postgres/legacy/audit_history_2022/table_name"
  }, {
    "@id" : "urn:tr:field:postgresql/localhost/postgres/legacy/audit_history_2022/row_id"
  }, {
    "@id" : "urn:tr:field:postgresql/localhost/postgres/legacy/audit_history_2022/operation"
  }, {
    "@id" : "urn:tr:field:postgresql/localhost/postgres/legacy/audit_history_2022/old"
  }, {
    "@id" : "urn:tr:field:postgresql/localhost/postgres/legacy/audit_history_2022/new"
  } ]
}, {
  "@id" : "urn:tr:field:postgresql/localhost/postgres/legacy/audit_history_2022/id",
  "http://schema.org/name" : [ {
    "@value" : "id"
  } ],
  "http://trawler.dev/schema/core/0.1#isNullable" : [ {
    "@value" : false
  } ],
  "http://trawler.dev/schema/core/0.1#relations" : [ ],
  "http://trawler.dev/schema/core/0.1#type" : [ {
    "@value" : "INTEGER"
  } ]
}, {
  "@id" : "urn:tr:field:postgresql/localhost/postgres/legacy/audit_history_2022/occurred_at",
  "http://schema.org/name" : [ {
    "@value" : "occurred_at"
  } ],
  "http://trawler.dev/schema/core/0.1#isNullable" : [ {
    "@value" : false
  } ],
  "http://trawler.dev/schema/core/0.1#relations" : [ ],
  "http://trawler.dev/schema/core/0.1#type" : [ {
    "@value" : "TIMESTAMP"
  } ]
}, {
  "@id" : "urn:tr:field:postgresql/localhost/postgres/legacy/audit_history_2022/transaction_id",
  "http://schema.org/name" : [ {
    "@value" : "transaction_id"
  } ],
  "http://trawler.dev/schema/core/0.1#isNullable" : [ {
    "@value" : false
  } ],
  "http://trawler.dev/schema/core/0.1#relations" : [ ],
  "http://trawler.dev/schema/core/0.1#type" : [ {
    "@value" : "BIGINT"
  } ]
}, {
  "@id" : "urn:tr:field:postgresql/localhost/postgres/legacy/audit_history_2022/user_id",
  "http://schema.org/name" : [ {
    "@value" : "user_id"
  } ],
  "http://trawler.dev/schema/core/0.1#isNullable" : [ {
    "@value" : true
  } ],
  "http://trawler.dev/schema/core/0.1#relations" : [ ],
  "http://trawler.dev/schema/core/0.1#type" : [ {
    "@value" : "INTEGER"
  } ]
}, {
  "@id" : "urn:tr:field:postgresql/localhost/postgres/legacy/audit_history_2022/table_name",
  "http://schema.org/name" : [ {
    "@value" : "table_name"
  } ],
  "http://trawler.dev/schema/core/0.1#isNullable" : [ {
    "@value" : false
  } ],
  "http://trawler.dev/schema/core/0.1#relations" : [ ],
  "http://trawler.dev/schema/core/0.1#type" : [ {
    "@value" : "TEXT"
  } ]
}, {
  "@id" : "urn:tr:field:postgresql/localhost/postgres/legacy/audit_history_2022/row_id",
  "http://schema.org/name" : [ {
    "@value" : "row_id"
  } ],
  "http://trawler.dev/schema/core/0.1#isNullable" : [ {
    "@value" : false
  } ],
  "http://trawler.dev/schema/core/0.1#relations" : [ ],
  "http://trawler.dev/schema/core/0.1#type" : [ {
    "@value" : "INTEGER"
  } ]
}, {
  "@id" : "urn:tr:field:postgresql/localhost/postgres/legacy/audit_history_2022/operation",
  "http://schema.org/name" : [ {
    "@value" : "operation"
  } ],
  "http://trawler.dev/schema/core/0.1#isNullable" : [ {
    "@value" : false
  } ],
  "http://trawler.dev/schema/core/0.1#relations" : [ ],
  "http://trawler.dev/schema/core/0.1#type" : [ {
    "@value" : "TEXT"
  } ]
}, {
  "@id" : "urn:tr:field:postgresql/localhost/postgres/legacy/audit_history_2022/old",
  "http://schema.org/name" : [ {
    "@value" : "old"
  } ],
  "http://trawler.dev/schema/core/0.1#isNullable" : [ {
    "@value" : false
  } ],
  "http://trawler.dev/schema/core/0.1#relations" : [ ],
  "http://trawler.dev/schema/core/0.1#type" : [ {
    "@value" : "JSONB"
  } ]
}, {
  "@id" : "urn:tr:field:postgresql/localhost/postgres/legacy/audit_history_2022/new",
  "http://schema.org/name" : [ {
    "@value" : "new"
  } ],
  "http://trawler.dev/schema/core/0.1#isNullable" : [ {
    "@value" : false
  } ],
  "http://trawler.dev/schema/core/0.1#relations" : [ ],
  "http://trawler.dev/schema/core/0.1#type" : [ {
    "@value" : "JSONB"
  } ]
}, {
  "@id" : "urn:tr:table:postgresql/localhost/postgres/legacy/event_history",
  "@type" : [ "http://trawler.dev/schema/core/0.1#Table" ],
  "http://schema.org/name" : [ {
    "@value" : "event_history"
  } ],
  "http://trawler.dev/schema/core/0.1#hasFields" : [ {
    "@id" : "urn:tr:field:postgresql/localhost/postgres/legacy/event_history/id"
  }, {
    "@id" : "urn:tr:field:postgresql/localhost/postgres/legacy/event_history/occurred_at"
  }, {
    "@id" : "urn:tr:field:postgresql/localhost/postgres/legacy/event_history/transaction_id"
  }, {
    "@id" : "urn:tr:field:postgresql/localhost/postgres/legacy/event_history/source_id"
  }, {
    "@id" : "urn:tr:field:postgresql/localhost/postgres/legacy/event_history/old"
  }, {
    "@id" : "urn:tr:field:postgresql/localhost/postgres/legacy/event_history/new"
  }, {
    "@id" : "urn:tr:field:postgresql/localhost/postgres/legacy/event_history/meta"
  }, {
    "@id" : "urn:tr:field:postgresql/localhost/postgres/legacy/event_history/actor_id"
  }, {
    "@id" : "urn:tr:field:postgresql/localhost/postgres/legacy/event_history/company_id"
  }, {
    "@id" : "urn:tr:field:postgresql/localhost/postgres/legacy/event_history/source_type_id"
  }, {
    "@id" : "urn:tr:field:postgresql/localhost/postgres/legacy/event_history/context_id"
  }, {
    "@id" : "urn:tr:field:postgresql/localhost/postgres/legacy/event_history/project_id"
  } ]
}, {
  "@id" : "urn:tr:field:postgresql/localhost/postgres/legacy/event_history/id",
  "http://schema.org/name" : [ {
    "@value" : "id"
  } ],
  "http://trawler.dev/schema/core/0.1#isNullable" : [ {
    "@value" : false
  } ],
  "http://trawler.dev/schema/core/0.1#relations" : [ ],
  "http://trawler.dev/schema/core/0.1#type" : [ {
    "@value" : "INTEGER"
  } ]
}, {
  "@id" : "urn:tr:field:postgresql/localhost/postgres/legacy/event_history/occurred_at",
  "http://schema.org/name" : [ {
    "@value" : "occurred_at"
  } ],
  "http://trawler.dev/schema/core/0.1#isNullable" : [ {
    "@value" : false
  } ],
  "http://trawler.dev/schema/core/0.1#relations" : [ ],
  "http://trawler.dev/schema/core/0.1#type" : [ {
    "@value" : "TIMESTAMP"
  } ]
}, {
  "@id" : "urn:tr:field:postgresql/localhost/postgres/legacy/event_history/transaction_id",
  "http://schema.org/name" : [ {
    "@value" : "transaction_id"
  } ],
  "http://trawler.dev/schema/core/0.1#isNullable" : [ {
    "@value" : false
  } ],
  "http://trawler.dev/schema/core/0.1#relations" : [ ],
  "http://trawler.dev/schema/core/0.1#type" : [ {
    "@value" : "BIGINT"
  } ]
}, {
  "@id" : "urn:tr:field:postgresql/localhost/postgres/legacy/event_history/source_id",
  "http://schema.org/name" : [ {
    "@value" : "source_id"
  } ],
  "http://trawler.dev/schema/core/0.1#isNullable" : [ {
    "@value" : false
  } ],
  "http://trawler.dev/schema/core/0.1#relations" : [ ],
  "http://trawler.dev/schema/core/0.1#type" : [ {
    "@value" : "INTEGER"
  } ]
}, {
  "@id" : "urn:tr:field:postgresql/localhost/postgres/legacy/event_history/old",
  "http://schema.org/name" : [ {
    "@value" : "old"
  } ],
  "http://trawler.dev/schema/core/0.1#isNullable" : [ {
    "@value" : false
  } ],
  "http://trawler.dev/schema/core/0.1#relations" : [ ],
  "http://trawler.dev/schema/core/0.1#type" : [ {
    "@value" : "JSONB"
  } ]
}, {
  "@id" : "urn:tr:field:postgresql/localhost/postgres/legacy/event_history/new",
  "http://schema.org/name" : [ {
    "@value" : "new"
  } ],
  "http://trawler.dev/schema/core/0.1#isNullable" : [ {
    "@value" : false
  } ],
  "http://trawler.dev/schema/core/0.1#relations" : [ ],
  "http://trawler.dev/schema/core/0.1#type" : [ {
    "@value" : "JSONB"
  } ]
}, {
  "@id" : "urn:tr:field:postgresql/localhost/postgres/legacy/event_history/meta",
  "http://schema.org/name" : [ {
    "@value" : "meta"
  } ],
  "http://trawler.dev/schema/core/0.1#isNullable" : [ {
    "@value" : false
  } ],
  "http://trawler.dev/schema/core/0.1#relations" : [ ],
  "http://trawler.dev/schema/core/0.1#type" : [ {
    "@value" : "JSONB"
  } ]
}, {
  "@id" : "urn:tr:field:postgresql/localhost/postgres/legacy/event_history/actor_id",
  "http://schema.org/name" : [ {
    "@value" : "actor_id"
  } ],
  "http://trawler.dev/schema/core/0.1#isNullable" : [ {
    "@value" : false
  } ],
  "http://trawler.dev/schema/core/0.1#relations" : [ {
    "@value" : "urn:tr:constraint:postgresql/localhost/postgres/legacy/event_history/event_history_actor_id_5e8dd808_fk_users_id"
  } ],
  "http://trawler.dev/schema/core/0.1#type" : [ {
    "@value" : "INTEGER"
  } ]
}, {
  "@id" : "urn:tr:field:postgresql/localhost/postgres/legacy/event_history/company_id",
  "http://schema.org/name" : [ {
    "@value" : "company_id"
  } ],
  "http://trawler.dev/schema/core/0.1#isNullable" : [ {
    "@value" : false
  } ],
  "http://trawler.dev/schema/core/0.1#relations" : [ {
    "@value" : "urn:tr:constraint:postgresql/localhost/postgres/legacy/event_history/event_history_company_id_8f3f679f_fk_companies_id"
  } ],
  "http://trawler.dev/schema/core/0.1#type" : [ {
    "@value" : "INTEGER"
  } ]
}, {
  "@id" : "urn:tr:field:postgresql/localhost/postgres/legacy/event_history/source_type_id",
  "http://schema.org/name" : [ {
    "@value" : "source_type_id"
  } ],
  "http://trawler.dev/schema/core/0.1#isNullable" : [ {
    "@value" : false
  } ],
  "http://trawler.dev/schema/core/0.1#relations" : [ {
    "@value" : "urn:tr:constraint:postgresql/localhost/postgres/legacy/event_history/event_history_source_type_id_f8871433_fk_django_content_type_id"
  } ],
  "http://trawler.dev/schema/core/0.1#type" : [ {
    "@value" : "INTEGER"
  } ]
}, {
  "@id" : "urn:tr:field:postgresql/localhost/postgres/legacy/event_history/context_id",
  "http://schema.org/name" : [ {
    "@value" : "context_id"
  } ],
  "http://trawler.dev/schema/core/0.1#isNullable" : [ {
    "@value" : false
  } ],
  "http://trawler.dev/schema/core/0.1#relations" : [ {
    "@value" : "urn:tr:constraint:postgresql/localhost/postgres/legacy/event_history/event_history_context_id_d51c15d8_fk_event_context_id"
  } ],
  "http://trawler.dev/schema/core/0.1#type" : [ {
    "@value" : "INTEGER"
  } ]
}, {
  "@id" : "urn:tr:field:postgresql/localhost/postgres/legacy/event_history/project_id",
  "http://schema.org/name" : [ {
    "@value" : "project_id"
  } ],
  "http://trawler.dev/schema/core/0.1#isNullable" : [ {
    "@value" : true
  } ],
  "http://trawler.dev/schema/core/0.1#relations" : [ {
    "@value" : "urn:tr:constraint:postgresql/localhost/postgres/legacy/event_history/event_history_project_id_4f59155b_fk_projects_id"
  } ],
  "http://trawler.dev/schema/core/0.1#type" : [ {
    "@value" : "INTEGER"
  } ]
}, {
  "@id" : "urn:tr:constraint:postgresql/localhost/postgres/legacy/event_history/event_history_actor_id_5e8dd808_fk_users_id",
  "@type" : [ "tr:Constraint" ],
  "tr:hasFields" : [ {
    "@id" : "urn:tr:column:postgresql/localhost/postgres/legacy/users/id"
  } ]
}, {
  "@id" : "urn:tr:constraint:postgresql/localhost/postgres/legacy/event_history/event_history_company_id_8f3f679f_fk_companies_id",
  "@type" : [ "tr:Constraint" ],
  "tr:hasFields" : [ {
    "@id" : "urn:tr:column:postgresql/localhost/postgres/legacy/companies/id"
  } ]
}, {
  "@id" : "urn:tr:constraint:postgresql/localhost/postgres/legacy/event_history/event_history_context_id_d51c15d8_fk_event_context_id",
  "@type" : [ "tr:Constraint" ],
  "tr:hasFields" : [ {
    "@id" : "urn:tr:column:postgresql/localhost/postgres/legacy/event_context/id"
  } ]
}, {
  "@id" : "urn:tr:constraint:postgresql/localhost/postgres/legacy/event_history/event_history_project_id_4f59155b_fk_projects_id",
  "@type" : [ "tr:Constraint" ],
  "tr:hasFields" : [ {
    "@id" : "urn:tr:column:postgresql/localhost/postgres/legacy/projects/id"
  } ]
}, {
  "@id" : "urn:tr:constraint:postgresql/localhost/postgres/legacy/event_history/event_history_source_type_id_f8871433_fk_django_content_type_id",
  "@type" : [ "tr:Constraint" ],
  "tr:hasFields" : [ {
    "@id" : "urn:tr:column:postgresql/localhost/postgres/legacy/django_content_type/id"
  } ]
}, {
  "@id" : "urn:tr:table:postgresql/localhost/postgres/legacy/audit_history_2023",
  "@type" : [ "http://trawler.dev/schema/core/0.1#Table" ],
  "http://schema.org/name" : [ {
    "@value" : "audit_history_2023"
  } ],
  "http://trawler.dev/schema/core/0.1#hasFields" : [ {
    "@id" : "urn:tr:field:postgresql/localhost/postgres/legacy/audit_history_2023/id"
  }, {
    "@id" : "urn:tr:field:postgresql/localhost/postgres/legacy/audit_history_2023/occurred_at"
  }, {
    "@id" : "urn:tr:field:postgresql/localhost/postgres/legacy/audit_history_2023/transaction_id"
  }, {
    "@id" : "urn:tr:field:postgresql/localhost/postgres/legacy/audit_history_2023/user_id"
  }, {
    "@id" : "urn:tr:field:postgresql/localhost/postgres/legacy/audit_history_2023/table_name"
  }, {
    "@id" : "urn:tr:field:postgresql/localhost/postgres/legacy/audit_history_2023/row_id"
  }, {
    "@id" : "urn:tr:field:postgresql/localhost/postgres/legacy/audit_history_2023/operation"
  }, {
    "@id" : "urn:tr:field:postgresql/localhost/postgres/legacy/audit_history_2023/old"
  }, {
    "@id" : "urn:tr:field:postgresql/localhost/postgres/legacy/audit_history_2023/new"
  } ]
}, {
  "@id" : "urn:tr:field:postgresql/localhost/postgres/legacy/audit_history_2023/id",
  "http://schema.org/name" : [ {
    "@value" : "id"
  } ],
  "http://trawler.dev/schema/core/0.1#isNullable" : [ {
    "@value" : false
  } ],
  "http://trawler.dev/schema/core/0.1#relations" : [ ],
  "http://trawler.dev/schema/core/0.1#type" : [ {
    "@value" : "INTEGER"
  } ]
}, {
  "@id" : "urn:tr:field:postgresql/localhost/postgres/legacy/audit_history_2023/occurred_at",
  "http://schema.org/name" : [ {
    "@value" : "occurred_at"
  } ],
  "http://trawler.dev/schema/core/0.1#isNullable" : [ {
    "@value" : false
  } ],
  "http://trawler.dev/schema/core/0.1#relations" : [ ],
  "http://trawler.dev/schema/core/0.1#type" : [ {
    "@value" : "TIMESTAMP"
  } ]
}, {
  "@id" : "urn:tr:field:postgresql/localhost/postgres/legacy/audit_history_2023/transaction_id",
  "http://schema.org/name" : [ {
    "@value" : "transaction_id"
  } ],
  "http://trawler.dev/schema/core/0.1#isNullable" : [ {
    "@value" : false
  } ],
  "http://trawler.dev/schema/core/0.1#relations" : [ ],
  "http://trawler.dev/schema/core/0.1#type" : [ {
    "@value" : "BIGINT"
  } ]
}, {
  "@id" : "urn:tr:field:postgresql/localhost/postgres/legacy/audit_history_2023/user_id",
  "http://schema.org/name" : [ {
    "@value" : "user_id"
  } ],
  "http://trawler.dev/schema/core/0.1#isNullable" : [ {
    "@value" : true
  } ],
  "http://trawler.dev/schema/core/0.1#relations" : [ ],
  "http://trawler.dev/schema/core/0.1#type" : [ {
    "@value" : "INTEGER"
  } ]
}, {
  "@id" : "urn:tr:field:postgresql/localhost/postgres/legacy/audit_history_2023/table_name",
  "http://schema.org/name" : [ {
    "@value" : "table_name"
  } ],
  "http://trawler.dev/schema/core/0.1#isNullable" : [ {
    "@value" : false
  } ],
  "http://trawler.dev/schema/core/0.1#relations" : [ ],
  "http://trawler.dev/schema/core/0.1#type" : [ {
    "@value" : "TEXT"
  } ]
}, {
  "@id" : "urn:tr:field:postgresql/localhost/postgres/legacy/audit_history_2023/row_id",
  "http://schema.org/name" : [ {
    "@value" : "row_id"
  } ],
  "http://trawler.dev/schema/core/0.1#isNullable" : [ {
    "@value" : false
  } ],
  "http://trawler.dev/schema/core/0.1#relations" : [ ],
  "http://trawler.dev/schema/core/0.1#type" : [ {
    "@value" : "INTEGER"
  } ]
}, {
  "@id" : "urn:tr:field:postgresql/localhost/postgres/legacy/audit_history_2023/operation",
  "http://schema.org/name" : [ {
    "@value" : "operation"
  } ],
  "http://trawler.dev/schema/core/0.1#isNullable" : [ {
    "@value" : false
  } ],
  "http://trawler.dev/schema/core/0.1#relations" : [ ],
  "http://trawler.dev/schema/core/0.1#type" : [ {
    "@value" : "TEXT"
  } ]
}, {
  "@id" : "urn:tr:field:postgresql/localhost/postgres/legacy/audit_history_2023/old",
  "http://schema.org/name" : [ {
    "@value" : "old"
  } ],
  "http://trawler.dev/schema/core/0.1#isNullable" : [ {
    "@value" : false
  } ],
  "http://trawler.dev/schema/core/0.1#relations" : [ ],
  "http://trawler.dev/schema/core/0.1#type" : [ {
    "@value" : "JSONB"
  } ]
}, {
  "@id" : "urn:tr:field:postgresql/localhost/postgres/legacy/audit_history_2023/new",
  "http://schema.org/name" : [ {
    "@value" : "new"
  } ],
  "http://trawler.dev/schema/core/0.1#isNullable" : [ {
    "@value" : false
  } ],
  "http://trawler.dev/schema/core/0.1#relations" : [ ],
  "http://trawler.dev/schema/core/0.1#type" : [ {
    "@value" : "JSONB"
  } ]
}, {
  "@id" : "urn:tr:table:postgresql/localhost/postgres/legacy/user_notification_preferences",
  "@type" : [ "http://trawler.dev/schema/core/0.1#Table" ],
  "http://schema.org/name" : [ {
    "@value" : "user_notification_preferences"
  } ],
  "http://trawler.dev/schema/core/0.1#hasFields" : [ {
    "@id" : "urn:tr:field:postgresql/localhost/postgres/legacy/user_notification_preferences/user_id"
  }, {
    "@id" : "urn:tr:field:postgresql/localhost/postgres/legacy/user_notification_preferences/invite_to_company"
  }, {
    "@id" : "urn:tr:field:postgresql/localhost/postgres/legacy/user_notification_preferences/invited_signup_to_company"
  }, {
    "@id" : "urn:tr:field:postgresql/localhost/postgres/legacy/user_notification_preferences/remove_from_company"
  }, {
    "@id" : "urn:tr:field:postgresql/localhost/postgres/legacy/user_notification_preferences/create_project"
  }, {
    "@id" : "urn:tr:field:postgresql/localhost/postgres/legacy/user_notification_preferences/update_project"
  }, {
    "@id" : "urn:tr:field:postgresql/localhost/postgres/legacy/user_notification_preferences/delete_project"
  }, {
    "@id" : "urn:tr:field:postgresql/localhost/postgres/legacy/user_notification_preferences/share_project"
  }, {
    "@id" : "urn:tr:field:postgresql/localhost/postgres/legacy/user_notification_preferences/remove_from_project"
  }, {
    "@id" : "urn:tr:field:postgresql/localhost/postgres/legacy/user_notification_preferences/upload_file"
  }, {
    "@id" : "urn:tr:field:postgresql/localhost/postgres/legacy/user_notification_preferences/comment_file"
  }, {
    "@id" : "urn:tr:field:postgresql/localhost/postgres/legacy/user_notification_preferences/delete_file"
  }, {
    "@id" : "urn:tr:field:postgresql/localhost/postgres/legacy/user_notification_preferences/share_file"
  }, {
    "@id" : "urn:tr:field:postgresql/localhost/postgres/legacy/user_notification_preferences/remove_from_file"
  }, {
    "@id" : "urn:tr:field:postgresql/localhost/postgres/legacy/user_notification_preferences/created_at"
  }, {
    "@id" : "urn:tr:field:postgresql/localhost/postgres/legacy/user_notification_preferences/updated_at"
  } ]
}, {
  "@id" : "urn:tr:field:postgresql/localhost/postgres/legacy/user_notification_preferences/user_id",
  "http://schema.org/name" : [ {
    "@value" : "user_id"
  } ],
  "http://trawler.dev/schema/core/0.1#isNullable" : [ {
    "@value" : false
  } ],
  "http://trawler.dev/schema/core/0.1#relations" : [ {
    "@value" : "urn:tr:constraint:postgresql/localhost/postgres/legacy/user_notification_preferences/user_notification_preferences_user_id_9dccc056_fk_users_id"
  } ],
  "http://trawler.dev/schema/core/0.1#type" : [ {
    "@value" : "INTEGER"
  } ]
}, {
  "@id" : "urn:tr:field:postgresql/localhost/postgres/legacy/user_notification_preferences/invite_to_company",
  "http://schema.org/name" : [ {
    "@value" : "invite_to_company"
  } ],
  "http://trawler.dev/schema/core/0.1#isNullable" : [ {
    "@value" : false
  } ],
  "http://trawler.dev/schema/core/0.1#relations" : [ ],
  "http://trawler.dev/schema/core/0.1#type" : [ {
    "@value" : "BOOLEAN"
  } ]
}, {
  "@id" : "urn:tr:field:postgresql/localhost/postgres/legacy/user_notification_preferences/invited_signup_to_company",
  "http://schema.org/name" : [ {
    "@value" : "invited_signup_to_company"
  } ],
  "http://trawler.dev/schema/core/0.1#isNullable" : [ {
    "@value" : false
  } ],
  "http://trawler.dev/schema/core/0.1#relations" : [ ],
  "http://trawler.dev/schema/core/0.1#type" : [ {
    "@value" : "BOOLEAN"
  } ]
}, {
  "@id" : "urn:tr:field:postgresql/localhost/postgres/legacy/user_notification_preferences/remove_from_company",
  "http://schema.org/name" : [ {
    "@value" : "remove_from_company"
  } ],
  "http://trawler.dev/schema/core/0.1#isNullable" : [ {
    "@value" : false
  } ],
  "http://trawler.dev/schema/core/0.1#relations" : [ ],
  "http://trawler.dev/schema/core/0.1#type" : [ {
    "@value" : "BOOLEAN"
  } ]
}, {
  "@id" : "urn:tr:field:postgresql/localhost/postgres/legacy/user_notification_preferences/create_project",
  "http://schema.org/name" : [ {
    "@value" : "create_project"
  } ],
  "http://trawler.dev/schema/core/0.1#isNullable" : [ {
    "@value" : false
  } ],
  "http://trawler.dev/schema/core/0.1#relations" : [ ],
  "http://trawler.dev/schema/core/0.1#type" : [ {
    "@value" : "BOOLEAN"
  } ]
}, {
  "@id" : "urn:tr:field:postgresql/localhost/postgres/legacy/user_notification_preferences/update_project",
  "http://schema.org/name" : [ {
    "@value" : "update_project"
  } ],
  "http://trawler.dev/schema/core/0.1#isNullable" : [ {
    "@value" : false
  } ],
  "http://trawler.dev/schema/core/0.1#relations" : [ ],
  "http://trawler.dev/schema/core/0.1#type" : [ {
    "@value" : "BOOLEAN"
  } ]
}, {
  "@id" : "urn:tr:field:postgresql/localhost/postgres/legacy/user_notification_preferences/delete_project",
  "http://schema.org/name" : [ {
    "@value" : "delete_project"
  } ],
  "http://trawler.dev/schema/core/0.1#isNullable" : [ {
    "@value" : false
  } ],
  "http://trawler.dev/schema/core/0.1#relations" : [ ],
  "http://trawler.dev/schema/core/0.1#type" : [ {
    "@value" : "BOOLEAN"
  } ]
}, {
  "@id" : "urn:tr:field:postgresql/localhost/postgres/legacy/user_notification_preferences/share_project",
  "http://schema.org/name" : [ {
    "@value" : "share_project"
  } ],
  "http://trawler.dev/schema/core/0.1#isNullable" : [ {
    "@value" : false
  } ],
  "http://trawler.dev/schema/core/0.1#relations" : [ ],
  "http://trawler.dev/schema/core/0.1#type" : [ {
    "@value" : "BOOLEAN"
  } ]
}, {
  "@id" : "urn:tr:field:postgresql/localhost/postgres/legacy/user_notification_preferences/remove_from_project",
  "http://schema.org/name" : [ {
    "@value" : "remove_from_project"
  } ],
  "http://trawler.dev/schema/core/0.1#isNullable" : [ {
    "@value" : false
  } ],
  "http://trawler.dev/schema/core/0.1#relations" : [ ],
  "http://trawler.dev/schema/core/0.1#type" : [ {
    "@value" : "BOOLEAN"
  } ]
}, {
  "@id" : "urn:tr:field:postgresql/localhost/postgres/legacy/user_notification_preferences/upload_file",
  "http://schema.org/name" : [ {
    "@value" : "upload_file"
  } ],
  "http://trawler.dev/schema/core/0.1#isNullable" : [ {
    "@value" : false
  } ],
  "http://trawler.dev/schema/core/0.1#relations" : [ ],
  "http://trawler.dev/schema/core/0.1#type" : [ {
    "@value" : "BOOLEAN"
  } ]
}, {
  "@id" : "urn:tr:field:postgresql/localhost/postgres/legacy/user_notification_preferences/comment_file",
  "http://schema.org/name" : [ {
    "@value" : "comment_file"
  } ],
  "http://trawler.dev/schema/core/0.1#isNullable" : [ {
    "@value" : false
  } ],
  "http://trawler.dev/schema/core/0.1#relations" : [ ],
  "http://trawler.dev/schema/core/0.1#type" : [ {
    "@value" : "BOOLEAN"
  } ]
}, {
  "@id" : "urn:tr:field:postgresql/localhost/postgres/legacy/user_notification_preferences/delete_file",
  "http://schema.org/name" : [ {
    "@value" : "delete_file"
  } ],
  "http://trawler.dev/schema/core/0.1#isNullable" : [ {
    "@value" : false
  } ],
  "http://trawler.dev/schema/core/0.1#relations" : [ ],
  "http://trawler.dev/schema/core/0.1#type" : [ {
    "@value" : "BOOLEAN"
  } ]
}, {
  "@id" : "urn:tr:field:postgresql/localhost/postgres/legacy/user_notification_preferences/share_file",
  "http://schema.org/name" : [ {
    "@value" : "share_file"
  } ],
  "http://trawler.dev/schema/core/0.1#isNullable" : [ {
    "@value" : false
  } ],
  "http://trawler.dev/schema/core/0.1#relations" : [ ],
  "http://trawler.dev/schema/core/0.1#type" : [ {
    "@value" : "BOOLEAN"
  } ]
}, {
  "@id" : "urn:tr:field:postgresql/localhost/postgres/legacy/user_notification_preferences/remove_from_file",
  "http://schema.org/name" : [ {
    "@value" : "remove_from_file"
  } ],
  "http://trawler.dev/schema/core/0.1#isNullable" : [ {
    "@value" : false
  } ],
  "http://trawler.dev/schema/core/0.1#relations" : [ ],
  "http://trawler.dev/schema/core/0.1#type" : [ {
    "@value" : "BOOLEAN"
  } ]
}, {
  "@id" : "urn:tr:field:postgresql/localhost/postgres/legacy/user_notification_preferences/created_at",
  "http://schema.org/name" : [ {
    "@value" : "created_at"
  } ],
  "http://trawler.dev/schema/core/0.1#isNullable" : [ {
    "@value" : true
  } ],
  "http://trawler.dev/schema/core/0.1#relations" : [ ],
  "http://trawler.dev/schema/core/0.1#type" : [ {
    "@value" : "TIMESTAMP"
  } ]
}, {
  "@id" : "urn:tr:field:postgresql/localhost/postgres/legacy/user_notification_preferences/updated_at",
  "http://schema.org/name" : [ {
    "@value" : "updated_at"
  } ],
  "http://trawler.dev/schema/core/0.1#isNullable" : [ {
    "@value" : true
  } ],
  "http://trawler.dev/schema/core/0.1#relations" : [ ],
  "http://trawler.dev/schema/core/0.1#type" : [ {
    "@value" : "TIMESTAMP"
  } ]
}, {
  "@id" : "urn:tr:constraint:postgresql/localhost/postgres/legacy/user_notification_preferences/user_notification_preferences_user_id_9dccc056_fk_users_id",
  "@type" : [ "tr:Constraint" ],
  "tr:hasFields" : [ {
    "@id" : "urn:tr:column:postgresql/localhost/postgres/legacy/users/id"
  } ]
}, {
  "@id" : "urn:tr:table:postgresql/localhost/postgres/legacy/currencies",
  "@type" : [ "http://trawler.dev/schema/core/0.1#Table" ],
  "http://schema.org/name" : [ {
    "@value" : "currencies"
  } ],
  "http://trawler.dev/schema/core/0.1#hasFields" : [ {
    "@id" : "urn:tr:field:postgresql/localhost/postgres/legacy/currencies/id"
  }, {
    "@id" : "urn:tr:field:postgresql/localhost/postgres/legacy/currencies/code"
  }, {
    "@id" : "urn:tr:field:postgresql/localhost/postgres/legacy/currencies/name"
  }, {
    "@id" : "urn:tr:field:postgresql/localhost/postgres/legacy/currencies/order"
  }, {
    "@id" : "urn:tr:field:postgresql/localhost/postgres/legacy/currencies/exchange_rate"
  }, {
    "@id" : "urn:tr:field:postgresql/localhost/postgres/legacy/currencies/subcurrency"
  } ]
}, {
  "@id" : "urn:tr:field:postgresql/localhost/postgres/legacy/currencies/id",
  "http://schema.org/name" : [ {
    "@value" : "id"
  } ],
  "http://trawler.dev/schema/core/0.1#isNullable" : [ {
    "@value" : false
  } ],
  "http://trawler.dev/schema/core/0.1#relations" : [ ],
  "http://trawler.dev/schema/core/0.1#type" : [ {
    "@value" : "INTEGER"
  } ]
}, {
  "@id" : "urn:tr:field:postgresql/localhost/postgres/legacy/currencies/code",
  "http://schema.org/name" : [ {
    "@value" : "code"
  } ],
  "http://trawler.dev/schema/core/0.1#isNullable" : [ {
    "@value" : false
  } ],
  "http://trawler.dev/schema/core/0.1#relations" : [ ],
  "http://trawler.dev/schema/core/0.1#type" : [ {
    "@value" : "VARCHAR"
  } ]
}, {
  "@id" : "urn:tr:field:postgresql/localhost/postgres/legacy/currencies/name",
  "http://schema.org/name" : [ {
    "@value" : "name"
  } ],
  "http://trawler.dev/schema/core/0.1#isNullable" : [ {
    "@value" : false
  } ],
  "http://trawler.dev/schema/core/0.1#relations" : [ ],
  "http://trawler.dev/schema/core/0.1#type" : [ {
    "@value" : "VARCHAR"
  } ]
}, {
  "@id" : "urn:tr:field:postgresql/localhost/postgres/legacy/currencies/order",
  "http://schema.org/name" : [ {
    "@value" : "order"
  } ],
  "http://trawler.dev/schema/core/0.1#isNullable" : [ {
    "@value" : false
  } ],
  "http://trawler.dev/schema/core/0.1#relations" : [ ],
  "http://trawler.dev/schema/core/0.1#type" : [ {
    "@value" : "SMALLINT"
  } ]
}, {
  "@id" : "urn:tr:field:postgresql/localhost/postgres/legacy/currencies/exchange_rate",
  "http://schema.org/name" : [ {
    "@value" : "exchange_rate"
  } ],
  "http://trawler.dev/schema/core/0.1#isNullable" : [ {
    "@value" : false
  } ],
  "http://trawler.dev/schema/core/0.1#relations" : [ ],
  "http://trawler.dev/schema/core/0.1#type" : [ {
    "@value" : "NUMERIC"
  } ]
}, {
  "@id" : "urn:tr:field:postgresql/localhost/postgres/legacy/currencies/subcurrency",
  "http://schema.org/name" : [ {
    "@value" : "subcurrency"
  } ],
  "http://trawler.dev/schema/core/0.1#isNullable" : [ {
    "@value" : false
  } ],
  "http://trawler.dev/schema/core/0.1#relations" : [ ],
  "http://trawler.dev/schema/core/0.1#type" : [ {
    "@value" : "VARCHAR"
  } ]
}, {
  "@id" : "urn:tr:table:postgresql/localhost/postgres/legacy/event_history_subscribers",
  "@type" : [ "http://trawler.dev/schema/core/0.1#Table" ],
  "http://schema.org/name" : [ {
    "@value" : "event_history_subscribers"
  } ],
  "http://trawler.dev/schema/core/0.1#hasFields" : [ {
    "@id" : "urn:tr:field:postgresql/localhost/postgres/legacy/event_history_subscribers/id"
  }, {
    "@id" : "urn:tr:field:postgresql/localhost/postgres/legacy/event_history_subscribers/eventhistory_id"
  }, {
    "@id" : "urn:tr:field:postgresql/localhost/postgres/legacy/event_history_subscribers/user_id"
  } ]
}, {
  "@id" : "urn:tr:field:postgresql/localhost/postgres/legacy/event_history_subscribers/id",
  "http://schema.org/name" : [ {
    "@value" : "id"
  } ],
  "http://trawler.dev/schema/core/0.1#isNullable" : [ {
    "@value" : false
  } ],
  "http://trawler.dev/schema/core/0.1#relations" : [ ],
  "http://trawler.dev/schema/core/0.1#type" : [ {
    "@value" : "INTEGER"
  } ]
}, {
  "@id" : "urn:tr:field:postgresql/localhost/postgres/legacy/event_history_subscribers/eventhistory_id",
  "http://schema.org/name" : [ {
    "@value" : "eventhistory_id"
  } ],
  "http://trawler.dev/schema/core/0.1#isNullable" : [ {
    "@value" : false
  } ],
  "http://trawler.dev/schema/core/0.1#relations" : [ {
    "@value" : "urn:tr:constraint:postgresql/localhost/postgres/legacy/event_history_subscribers/event_history_subscr_eventhistory_id_9f6fc26e_fk_event_his"
  } ],
  "http://trawler.dev/schema/core/0.1#type" : [ {
    "@value" : "INTEGER"
  } ]
}, {
  "@id" : "urn:tr:field:postgresql/localhost/postgres/legacy/event_history_subscribers/user_id",
  "http://schema.org/name" : [ {
    "@value" : "user_id"
  } ],
  "http://trawler.dev/schema/core/0.1#isNullable" : [ {
    "@value" : false
  } ],
  "http://trawler.dev/schema/core/0.1#relations" : [ {
    "@value" : "urn:tr:constraint:postgresql/localhost/postgres/legacy/event_history_subscribers/event_history_subscribers_user_id_2278f457_fk_users_id"
  } ],
  "http://trawler.dev/schema/core/0.1#type" : [ {
    "@value" : "INTEGER"
  } ]
}, {
  "@id" : "urn:tr:constraint:postgresql/localhost/postgres/legacy/event_history_subscribers/event_history_subscr_eventhistory_id_9f6fc26e_fk_event_his",
  "@type" : [ "tr:Constraint" ],
  "tr:hasFields" : [ {
    "@id" : "urn:tr:column:postgresql/localhost/postgres/legacy/event_history/id"
  } ]
}, {
  "@id" : "urn:tr:constraint:postgresql/localhost/postgres/legacy/event_history_subscribers/event_history_subscribers_user_id_2278f457_fk_users_id",
  "@type" : [ "tr:Constraint" ],
  "tr:hasFields" : [ {
    "@id" : "urn:tr:column:postgresql/localhost/postgres/legacy/users/id"
  } ]
}, {
  "@id" : "urn:tr:table:postgresql/localhost/postgres/legacy/custom_field_connections",
  "@type" : [ "http://trawler.dev/schema/core/0.1#Table" ],
  "http://schema.org/name" : [ {
    "@value" : "custom_field_connections"
  } ],
  "http://trawler.dev/schema/core/0.1#hasFields" : [ {
    "@id" : "urn:tr:field:postgresql/localhost/postgres/legacy/custom_field_connections/created_at"
  }, {
    "@id" : "urn:tr:field:postgresql/localhost/postgres/legacy/custom_field_connections/updated_at"
  }, {
    "@id" : "urn:tr:field:postgresql/localhost/postgres/legacy/custom_field_connections/id"
  }, {
    "@id" : "urn:tr:field:postgresql/localhost/postgres/legacy/custom_field_connections/address"
  }, {
    "@id" : "urn:tr:field:postgresql/localhost/postgres/legacy/custom_field_connections/direction"
  }, {
    "@id" : "urn:tr:field:postgresql/localhost/postgres/legacy/custom_field_connections/custom_field_id"
  }, {
    "@id" : "urn:tr:field:postgresql/localhost/postgres/legacy/custom_field_connections/data_source_id"
  } ]
}, {
  "@id" : "urn:tr:field:postgresql/localhost/postgres/legacy/custom_field_connections/created_at",
  "http://schema.org/name" : [ {
    "@value" : "created_at"
  } ],
  "http://trawler.dev/schema/core/0.1#isNullable" : [ {
    "@value" : true
  } ],
  "http://trawler.dev/schema/core/0.1#relations" : [ ],
  "http://trawler.dev/schema/core/0.1#type" : [ {
    "@value" : "TIMESTAMP"
  } ]
}, {
  "@id" : "urn:tr:field:postgresql/localhost/postgres/legacy/custom_field_connections/updated_at",
  "http://schema.org/name" : [ {
    "@value" : "updated_at"
  } ],
  "http://trawler.dev/schema/core/0.1#isNullable" : [ {
    "@value" : true
  } ],
  "http://trawler.dev/schema/core/0.1#relations" : [ ],
  "http://trawler.dev/schema/core/0.1#type" : [ {
    "@value" : "TIMESTAMP"
  } ]
}, {
  "@id" : "urn:tr:field:postgresql/localhost/postgres/legacy/custom_field_connections/id",
  "http://schema.org/name" : [ {
    "@value" : "id"
  } ],
  "http://trawler.dev/schema/core/0.1#isNullable" : [ {
    "@value" : false
  } ],
  "http://trawler.dev/schema/core/0.1#relations" : [ ],
  "http://trawler.dev/schema/core/0.1#type" : [ {
    "@value" : "INTEGER"
  } ]
}, {
  "@id" : "urn:tr:field:postgresql/localhost/postgres/legacy/custom_field_connections/address",
  "http://schema.org/name" : [ {
    "@value" : "address"
  } ],
  "http://trawler.dev/schema/core/0.1#isNullable" : [ {
    "@value" : false
  } ],
  "http://trawler.dev/schema/core/0.1#relations" : [ ],
  "http://trawler.dev/schema/core/0.1#type" : [ {
    "@value" : "TEXT"
  } ]
}, {
  "@id" : "urn:tr:field:postgresql/localhost/postgres/legacy/custom_field_connections/direction",
  "http://schema.org/name" : [ {
    "@value" : "direction"
  } ],
  "http://trawler.dev/schema/core/0.1#isNullable" : [ {
    "@value" : false
  } ],
  "http://trawler.dev/schema/core/0.1#relations" : [ ],
  "http://trawler.dev/schema/core/0.1#type" : [ {
    "@value" : "VARCHAR"
  } ]
}, {
  "@id" : "urn:tr:field:postgresql/localhost/postgres/legacy/custom_field_connections/custom_field_id",
  "http://schema.org/name" : [ {
    "@value" : "custom_field_id"
  } ],
  "http://trawler.dev/schema/core/0.1#isNullable" : [ {
    "@value" : false
  } ],
  "http://trawler.dev/schema/core/0.1#relations" : [ {
    "@value" : "urn:tr:constraint:postgresql/localhost/postgres/legacy/custom_field_connections/custom_field_connect_custom_field_id_439642dc_fk_custom_fi"
  } ],
  "http://trawler.dev/schema/core/0.1#type" : [ {
    "@value" : "INTEGER"
  } ]
}, {
  "@id" : "urn:tr:field:postgresql/localhost/postgres/legacy/custom_field_connections/data_source_id",
  "http://schema.org/name" : [ {
    "@value" : "data_source_id"
  } ],
  "http://trawler.dev/schema/core/0.1#isNullable" : [ {
    "@value" : false
  } ],
  "http://trawler.dev/schema/core/0.1#relations" : [ {
    "@value" : "urn:tr:constraint:postgresql/localhost/postgres/legacy/custom_field_connections/custom_field_connect_data_source_id_f9110e20_fk_data_sour"
  } ],
  "http://trawler.dev/schema/core/0.1#type" : [ {
    "@value" : "INTEGER"
  } ]
}, {
  "@id" : "urn:tr:constraint:postgresql/localhost/postgres/legacy/custom_field_connections/custom_field_connect_custom_field_id_439642dc_fk_custom_fi",
  "@type" : [ "tr:Constraint" ],
  "tr:hasFields" : [ {
    "@id" : "urn:tr:column:postgresql/localhost/postgres/legacy/custom_fields/id"
  } ]
}, {
  "@id" : "urn:tr:constraint:postgresql/localhost/postgres/legacy/custom_field_connections/custom_field_connect_data_source_id_f9110e20_fk_data_sour",
  "@type" : [ "tr:Constraint" ],
  "tr:hasFields" : [ {
    "@id" : "urn:tr:column:postgresql/localhost/postgres/legacy/data_sources/id"
  } ]
}, {
  "@id" : "urn:tr:table:postgresql/localhost/postgres/legacy/data_sources",
  "@type" : [ "http://trawler.dev/schema/core/0.1#Table" ],
  "http://schema.org/name" : [ {
    "@value" : "data_sources"
  } ],
  "http://trawler.dev/schema/core/0.1#hasFields" : [ {
    "@id" : "urn:tr:field:postgresql/localhost/postgres/legacy/data_sources/created_at"
  }, {
    "@id" : "urn:tr:field:postgresql/localhost/postgres/legacy/data_sources/updated_at"
  }, {
    "@id" : "urn:tr:field:postgresql/localhost/postgres/legacy/data_sources/id"
  }, {
    "@id" : "urn:tr:field:postgresql/localhost/postgres/legacy/data_sources/file_id"
  }, {
    "@id" : "urn:tr:field:postgresql/localhost/postgres/legacy/data_sources/integration_id"
  }, {
    "@id" : "urn:tr:field:postgresql/localhost/postgres/legacy/data_sources/project_id"
  }, {
    "@id" : "urn:tr:field:postgresql/localhost/postgres/legacy/data_sources/file_name"
  } ]
}, {
  "@id" : "urn:tr:field:postgresql/localhost/postgres/legacy/data_sources/created_at",
  "http://schema.org/name" : [ {
    "@value" : "created_at"
  } ],
  "http://trawler.dev/schema/core/0.1#isNullable" : [ {
    "@value" : true
  } ],
  "http://trawler.dev/schema/core/0.1#relations" : [ ],
  "http://trawler.dev/schema/core/0.1#type" : [ {
    "@value" : "TIMESTAMP"
  } ]
}, {
  "@id" : "urn:tr:field:postgresql/localhost/postgres/legacy/data_sources/updated_at",
  "http://schema.org/name" : [ {
    "@value" : "updated_at"
  } ],
  "http://trawler.dev/schema/core/0.1#isNullable" : [ {
    "@value" : true
  } ],
  "http://trawler.dev/schema/core/0.1#relations" : [ ],
  "http://trawler.dev/schema/core/0.1#type" : [ {
    "@value" : "TIMESTAMP"
  } ]
}, {
  "@id" : "urn:tr:field:postgresql/localhost/postgres/legacy/data_sources/id",
  "http://schema.org/name" : [ {
    "@value" : "id"
  } ],
  "http://trawler.dev/schema/core/0.1#isNullable" : [ {
    "@value" : false
  } ],
  "http://trawler.dev/schema/core/0.1#relations" : [ ],
  "http://trawler.dev/schema/core/0.1#type" : [ {
    "@value" : "INTEGER"
  } ]
}, {
  "@id" : "urn:tr:field:postgresql/localhost/postgres/legacy/data_sources/file_id",
  "http://schema.org/name" : [ {
    "@value" : "file_id"
  } ],
  "http://trawler.dev/schema/core/0.1#isNullable" : [ {
    "@value" : false
  } ],
  "http://trawler.dev/schema/core/0.1#relations" : [ ],
  "http://trawler.dev/schema/core/0.1#type" : [ {
    "@value" : "TEXT"
  } ]
}, {
  "@id" : "urn:tr:field:postgresql/localhost/postgres/legacy/data_sources/integration_id",
  "http://schema.org/name" : [ {
    "@value" : "integration_id"
  } ],
  "http://trawler.dev/schema/core/0.1#isNullable" : [ {
    "@value" : false
  } ],
  "http://trawler.dev/schema/core/0.1#relations" : [ {
    "@value" : "urn:tr:constraint:postgresql/localhost/postgres/legacy/data_sources/data_sources_integration_id_b218dc88_fk_integrations_id"
  } ],
  "http://trawler.dev/schema/core/0.1#type" : [ {
    "@value" : "INTEGER"
  } ]
}, {
  "@id" : "urn:tr:field:postgresql/localhost/postgres/legacy/data_sources/project_id",
  "http://schema.org/name" : [ {
    "@value" : "project_id"
  } ],
  "http://trawler.dev/schema/core/0.1#isNullable" : [ {
    "@value" : false
  } ],
  "http://trawler.dev/schema/core/0.1#relations" : [ {
    "@value" : "urn:tr:constraint:postgresql/localhost/postgres/legacy/data_sources/data_sources_project_id_6d23129f_fk_projects_id"
  } ],
  "http://trawler.dev/schema/core/0.1#type" : [ {
    "@value" : "INTEGER"
  } ]
}, {
  "@id" : "urn:tr:field:postgresql/localhost/postgres/legacy/data_sources/file_name",
  "http://schema.org/name" : [ {
    "@value" : "file_name"
  } ],
  "http://trawler.dev/schema/core/0.1#isNullable" : [ {
    "@value" : true
  } ],
  "http://trawler.dev/schema/core/0.1#relations" : [ ],
  "http://trawler.dev/schema/core/0.1#type" : [ {
    "@value" : "TEXT"
  } ]
}, {
  "@id" : "urn:tr:constraint:postgresql/localhost/postgres/legacy/data_sources/data_sources_integration_id_b218dc88_fk_integrations_id",
  "@type" : [ "tr:Constraint" ],
  "tr:hasFields" : [ {
    "@id" : "urn:tr:column:postgresql/localhost/postgres/legacy/integrations/id"
  } ]
}, {
  "@id" : "urn:tr:constraint:postgresql/localhost/postgres/legacy/data_sources/data_sources_project_id_6d23129f_fk_projects_id",
  "@type" : [ "tr:Constraint" ],
  "tr:hasFields" : [ {
    "@id" : "urn:tr:column:postgresql/localhost/postgres/legacy/projects/id"
  } ]
}, {
  "@id" : "urn:tr:table:postgresql/localhost/postgres/legacy/comments",
  "@type" : [ "http://trawler.dev/schema/core/0.1#Table" ],
  "http://schema.org/name" : [ {
    "@value" : "comments"
  } ],
  "http://trawler.dev/schema/core/0.1#hasFields" : [ {
    "@id" : "urn:tr:field:postgresql/localhost/postgres/legacy/comments/id"
  }, {
    "@id" : "urn:tr:field:postgresql/localhost/postgres/legacy/comments/target_id"
  }, {
    "@id" : "urn:tr:field:postgresql/localhost/postgres/legacy/comments/body"
  }, {
    "@id" : "urn:tr:field:postgresql/localhost/postgres/legacy/comments/created_at"
  }, {
    "@id" : "urn:tr:field:postgresql/localhost/postgres/legacy/comments/updated_at"
  }, {
    "@id" : "urn:tr:field:postgresql/localhost/postgres/legacy/comments/user_id"
  }, {
    "@id" : "urn:tr:field:postgresql/localhost/postgres/legacy/comments/target_type_id"
  } ]
}, {
  "@id" : "urn:tr:field:postgresql/localhost/postgres/legacy/comments/id",
  "http://schema.org/name" : [ {
    "@value" : "id"
  } ],
  "http://trawler.dev/schema/core/0.1#isNullable" : [ {
    "@value" : false
  } ],
  "http://trawler.dev/schema/core/0.1#relations" : [ ],
  "http://trawler.dev/schema/core/0.1#type" : [ {
    "@value" : "INTEGER"
  } ]
}, {
  "@id" : "urn:tr:field:postgresql/localhost/postgres/legacy/comments/target_id",
  "http://schema.org/name" : [ {
    "@value" : "target_id"
  } ],
  "http://trawler.dev/schema/core/0.1#isNullable" : [ {
    "@value" : false
  } ],
  "http://trawler.dev/schema/core/0.1#relations" : [ ],
  "http://trawler.dev/schema/core/0.1#type" : [ {
    "@value" : "INTEGER"
  } ]
}, {
  "@id" : "urn:tr:field:postgresql/localhost/postgres/legacy/comments/body",
  "http://schema.org/name" : [ {
    "@value" : "body"
  } ],
  "http://trawler.dev/schema/core/0.1#isNullable" : [ {
    "@value" : false
  } ],
  "http://trawler.dev/schema/core/0.1#relations" : [ ],
  "http://trawler.dev/schema/core/0.1#type" : [ {
    "@value" : "TEXT"
  } ]
}, {
  "@id" : "urn:tr:field:postgresql/localhost/postgres/legacy/comments/created_at",
  "http://schema.org/name" : [ {
    "@value" : "created_at"
  } ],
  "http://trawler.dev/schema/core/0.1#isNullable" : [ {
    "@value" : true
  } ],
  "http://trawler.dev/schema/core/0.1#relations" : [ ],
  "http://trawler.dev/schema/core/0.1#type" : [ {
    "@value" : "TIMESTAMP"
  } ]
}, {
  "@id" : "urn:tr:field:postgresql/localhost/postgres/legacy/comments/updated_at",
  "http://schema.org/name" : [ {
    "@value" : "updated_at"
  } ],
  "http://trawler.dev/schema/core/0.1#isNullable" : [ {
    "@value" : true
  } ],
  "http://trawler.dev/schema/core/0.1#relations" : [ ],
  "http://trawler.dev/schema/core/0.1#type" : [ {
    "@value" : "TIMESTAMP"
  } ]
}, {
  "@id" : "urn:tr:field:postgresql/localhost/postgres/legacy/comments/user_id",
  "http://schema.org/name" : [ {
    "@value" : "user_id"
  } ],
  "http://trawler.dev/schema/core/0.1#isNullable" : [ {
    "@value" : false
  } ],
  "http://trawler.dev/schema/core/0.1#relations" : [ {
    "@value" : "urn:tr:constraint:postgresql/localhost/postgres/legacy/comments/comments_user_id_b8fd0b64_fk_users_id"
  } ],
  "http://trawler.dev/schema/core/0.1#type" : [ {
    "@value" : "INTEGER"
  } ]
}, {
  "@id" : "urn:tr:field:postgresql/localhost/postgres/legacy/comments/target_type_id",
  "http://schema.org/name" : [ {
    "@value" : "target_type_id"
  } ],
  "http://trawler.dev/schema/core/0.1#isNullable" : [ {
    "@value" : false
  } ],
  "http://trawler.dev/schema/core/0.1#relations" : [ {
    "@value" : "urn:tr:constraint:postgresql/localhost/postgres/legacy/comments/comments_target_type_id_f146fd8b_fk_django_content_type_id"
  } ],
  "http://trawler.dev/schema/core/0.1#type" : [ {
    "@value" : "INTEGER"
  } ]
}, {
  "@id" : "urn:tr:constraint:postgresql/localhost/postgres/legacy/comments/comments_target_type_id_f146fd8b_fk_django_content_type_id",
  "@type" : [ "tr:Constraint" ],
  "tr:hasFields" : [ {
    "@id" : "urn:tr:column:postgresql/localhost/postgres/legacy/django_content_type/id"
  } ]
}, {
  "@id" : "urn:tr:constraint:postgresql/localhost/postgres/legacy/comments/comments_user_id_b8fd0b64_fk_users_id",
  "@type" : [ "tr:Constraint" ],
  "tr:hasFields" : [ {
    "@id" : "urn:tr:column:postgresql/localhost/postgres/legacy/users/id"
  } ]
}, {
  "@id" : "urn:tr:table:postgresql/localhost/postgres/legacy/files",
  "@type" : [ "http://trawler.dev/schema/core/0.1#Table" ],
  "http://schema.org/name" : [ {
    "@value" : "files"
  } ],
  "http://trawler.dev/schema/core/0.1#hasFields" : [ {
    "@id" : "urn:tr:field:postgresql/localhost/postgres/legacy/files/id"
  }, {
    "@id" : "urn:tr:field:postgresql/localhost/postgres/legacy/files/name"
  }, {
    "@id" : "urn:tr:field:postgresql/localhost/postgres/legacy/files/s3key"
  }, {
    "@id" : "urn:tr:field:postgresql/localhost/postgres/legacy/files/filesize"
  }, {
    "@id" : "urn:tr:field:postgresql/localhost/postgres/legacy/files/created_at"
  }, {
    "@id" : "urn:tr:field:postgresql/localhost/postgres/legacy/files/updated_at"
  }, {
    "@id" : "urn:tr:field:postgresql/localhost/postgres/legacy/files/uploaded_by_id"
  }, {
    "@id" : "urn:tr:field:postgresql/localhost/postgres/legacy/files/attached_to_id"
  }, {
    "@id" : "urn:tr:field:postgresql/localhost/postgres/legacy/files/is_document_version"
  } ]
}, {
  "@id" : "urn:tr:field:postgresql/localhost/postgres/legacy/files/id",
  "http://schema.org/name" : [ {
    "@value" : "id"
  } ],
  "http://trawler.dev/schema/core/0.1#isNullable" : [ {
    "@value" : false
  } ],
  "http://trawler.dev/schema/core/0.1#relations" : [ ],
  "http://trawler.dev/schema/core/0.1#type" : [ {
    "@value" : "INTEGER"
  } ]
}, {
  "@id" : "urn:tr:field:postgresql/localhost/postgres/legacy/files/name",
  "http://schema.org/name" : [ {
    "@value" : "name"
  } ],
  "http://trawler.dev/schema/core/0.1#isNullable" : [ {
    "@value" : false
  } ],
  "http://trawler.dev/schema/core/0.1#relations" : [ ],
  "http://trawler.dev/schema/core/0.1#type" : [ {
    "@value" : "TEXT"
  } ]
}, {
  "@id" : "urn:tr:field:postgresql/localhost/postgres/legacy/files/s3key",
  "http://schema.org/name" : [ {
    "@value" : "s3key"
  } ],
  "http://trawler.dev/schema/core/0.1#isNullable" : [ {
    "@value" : false
  } ],
  "http://trawler.dev/schema/core/0.1#relations" : [ ],
  "http://trawler.dev/schema/core/0.1#type" : [ {
    "@value" : "TEXT"
  } ]
}, {
  "@id" : "urn:tr:field:postgresql/localhost/postgres/legacy/files/filesize",
  "http://schema.org/name" : [ {
    "@value" : "filesize"
  } ],
  "http://trawler.dev/schema/core/0.1#isNullable" : [ {
    "@value" : false
  } ],
  "http://trawler.dev/schema/core/0.1#relations" : [ ],
  "http://trawler.dev/schema/core/0.1#type" : [ {
    "@value" : "INTEGER"
  } ]
}, {
  "@id" : "urn:tr:field:postgresql/localhost/postgres/legacy/files/created_at",
  "http://schema.org/name" : [ {
    "@value" : "created_at"
  } ],
  "http://trawler.dev/schema/core/0.1#isNullable" : [ {
    "@value" : true
  } ],
  "http://trawler.dev/schema/core/0.1#relations" : [ ],
  "http://trawler.dev/schema/core/0.1#type" : [ {
    "@value" : "TIMESTAMP"
  } ]
}, {
  "@id" : "urn:tr:field:postgresql/localhost/postgres/legacy/files/updated_at",
  "http://schema.org/name" : [ {
    "@value" : "updated_at"
  } ],
  "http://trawler.dev/schema/core/0.1#isNullable" : [ {
    "@value" : true
  } ],
  "http://trawler.dev/schema/core/0.1#relations" : [ ],
  "http://trawler.dev/schema/core/0.1#type" : [ {
    "@value" : "TIMESTAMP"
  } ]
}, {
  "@id" : "urn:tr:field:postgresql/localhost/postgres/legacy/files/uploaded_by_id",
  "http://schema.org/name" : [ {
    "@value" : "uploaded_by_id"
  } ],
  "http://trawler.dev/schema/core/0.1#isNullable" : [ {
    "@value" : false
  } ],
  "http://trawler.dev/schema/core/0.1#relations" : [ {
    "@value" : "urn:tr:constraint:postgresql/localhost/postgres/legacy/files/files_uploaded_by_id_ec4ad3e1_fk_users_id"
  } ],
  "http://trawler.dev/schema/core/0.1#type" : [ {
    "@value" : "INTEGER"
  } ]
}, {
  "@id" : "urn:tr:field:postgresql/localhost/postgres/legacy/files/attached_to_id",
  "http://schema.org/name" : [ {
    "@value" : "attached_to_id"
  } ],
  "http://trawler.dev/schema/core/0.1#isNullable" : [ {
    "@value" : false
  } ],
  "http://trawler.dev/schema/core/0.1#relations" : [ {
    "@value" : "urn:tr:constraint:postgresql/localhost/postgres/legacy/files/files_attached_to_id_155853d8_fk_schedule_items_id"
  } ],
  "http://trawler.dev/schema/core/0.1#type" : [ {
    "@value" : "INTEGER"
  } ]
}, {
  "@id" : "urn:tr:field:postgresql/localhost/postgres/legacy/files/is_document_version",
  "http://schema.org/name" : [ {
    "@value" : "is_document_version"
  } ],
  "http://trawler.dev/schema/core/0.1#isNullable" : [ {
    "@value" : false
  } ],
  "http://trawler.dev/schema/core/0.1#relations" : [ ],
  "http://trawler.dev/schema/core/0.1#type" : [ {
    "@value" : "BOOLEAN"
  } ]
}, {
  "@id" : "urn:tr:constraint:postgresql/localhost/postgres/legacy/files/files_attached_to_id_155853d8_fk_schedule_items_id",
  "@type" : [ "tr:Constraint" ],
  "tr:hasFields" : [ {
    "@id" : "urn:tr:column:postgresql/localhost/postgres/legacy/schedule_items/id"
  } ]
}, {
  "@id" : "urn:tr:constraint:postgresql/localhost/postgres/legacy/files/files_uploaded_by_id_ec4ad3e1_fk_users_id",
  "@type" : [ "tr:Constraint" ],
  "tr:hasFields" : [ {
    "@id" : "urn:tr:column:postgresql/localhost/postgres/legacy/users/id"
  } ]
}, {
  "@id" : "urn:tr:table:postgresql/localhost/postgres/legacy/folders",
  "@type" : [ "http://trawler.dev/schema/core/0.1#Table" ],
  "http://schema.org/name" : [ {
    "@value" : "folders"
  } ],
  "http://trawler.dev/schema/core/0.1#hasFields" : [ {
    "@id" : "urn:tr:field:postgresql/localhost/postgres/legacy/folders/id"
  }, {
    "@id" : "urn:tr:field:postgresql/localhost/postgres/legacy/folders/name"
  }, {
    "@id" : "urn:tr:field:postgresql/localhost/postgres/legacy/folders/created_at"
  }, {
    "@id" : "urn:tr:field:postgresql/localhost/postgres/legacy/folders/updated_at"
  }, {
    "@id" : "urn:tr:field:postgresql/localhost/postgres/legacy/folders/project_id"
  } ]
}, {
  "@id" : "urn:tr:field:postgresql/localhost/postgres/legacy/folders/id",
  "http://schema.org/name" : [ {
    "@value" : "id"
  } ],
  "http://trawler.dev/schema/core/0.1#isNullable" : [ {
    "@value" : false
  } ],
  "http://trawler.dev/schema/core/0.1#relations" : [ ],
  "http://trawler.dev/schema/core/0.1#type" : [ {
    "@value" : "INTEGER"
  } ]
}, {
  "@id" : "urn:tr:field:postgresql/localhost/postgres/legacy/folders/name",
  "http://schema.org/name" : [ {
    "@value" : "name"
  } ],
  "http://trawler.dev/schema/core/0.1#isNullable" : [ {
    "@value" : false
  } ],
  "http://trawler.dev/schema/core/0.1#relations" : [ ],
  "http://trawler.dev/schema/core/0.1#type" : [ {
    "@value" : "VARCHAR"
  } ]
}, {
  "@id" : "urn:tr:field:postgresql/localhost/postgres/legacy/folders/created_at",
  "http://schema.org/name" : [ {
    "@value" : "created_at"
  } ],
  "http://trawler.dev/schema/core/0.1#isNullable" : [ {
    "@value" : true
  } ],
  "http://trawler.dev/schema/core/0.1#relations" : [ ],
  "http://trawler.dev/schema/core/0.1#type" : [ {
    "@value" : "TIMESTAMP"
  } ]
}, {
  "@id" : "urn:tr:field:postgresql/localhost/postgres/legacy/folders/updated_at",
  "http://schema.org/name" : [ {
    "@value" : "updated_at"
  } ],
  "http://trawler.dev/schema/core/0.1#isNullable" : [ {
    "@value" : true
  } ],
  "http://trawler.dev/schema/core/0.1#relations" : [ ],
  "http://trawler.dev/schema/core/0.1#type" : [ {
    "@value" : "TIMESTAMP"
  } ]
}, {
  "@id" : "urn:tr:field:postgresql/localhost/postgres/legacy/folders/project_id",
  "http://schema.org/name" : [ {
    "@value" : "project_id"
  } ],
  "http://trawler.dev/schema/core/0.1#isNullable" : [ {
    "@value" : false
  } ],
  "http://trawler.dev/schema/core/0.1#relations" : [ {
    "@value" : "urn:tr:constraint:postgresql/localhost/postgres/legacy/folders/folders_project_id_cbe2d432_fk_projects_id"
  } ],
  "http://trawler.dev/schema/core/0.1#type" : [ {
    "@value" : "INTEGER"
  } ]
}, {
  "@id" : "urn:tr:constraint:postgresql/localhost/postgres/legacy/folders/folders_project_id_cbe2d432_fk_projects_id",
  "@type" : [ "tr:Constraint" ],
  "tr:hasFields" : [ {
    "@id" : "urn:tr:column:postgresql/localhost/postgres/legacy/projects/id"
  } ]
}, {
  "@id" : "urn:tr:table:postgresql/localhost/postgres/legacy/documents",
  "@type" : [ "http://trawler.dev/schema/core/0.1#Table" ],
  "http://schema.org/name" : [ {
    "@value" : "documents"
  } ],
  "http://trawler.dev/schema/core/0.1#hasFields" : [ {
    "@id" : "urn:tr:field:postgresql/localhost/postgres/legacy/documents/folder_id"
  }, {
    "@id" : "urn:tr:field:postgresql/localhost/postgres/legacy/documents/scheduleitem_ptr_id"
  }, {
    "@id" : "urn:tr:field:postgresql/localhost/postgres/legacy/documents/due_date"
  }, {
    "@id" : "urn:tr:field:postgresql/localhost/postgres/legacy/documents/progress"
  }, {
    "@id" : "urn:tr:field:postgresql/localhost/postgres/legacy/documents/start_date"
  } ]
}, {
  "@id" : "urn:tr:field:postgresql/localhost/postgres/legacy/documents/folder_id",
  "http://schema.org/name" : [ {
    "@value" : "folder_id"
  } ],
  "http://trawler.dev/schema/core/0.1#isNullable" : [ {
    "@value" : true
  } ],
  "http://trawler.dev/schema/core/0.1#relations" : [ {
    "@value" : "urn:tr:constraint:postgresql/localhost/postgres/legacy/documents/documents_folder_id_b5f2f4e5_fk_folders_id"
  } ],
  "http://trawler.dev/schema/core/0.1#type" : [ {
    "@value" : "INTEGER"
  } ]
}, {
  "@id" : "urn:tr:field:postgresql/localhost/postgres/legacy/documents/scheduleitem_ptr_id",
  "http://schema.org/name" : [ {
    "@value" : "scheduleitem_ptr_id"
  } ],
  "http://trawler.dev/schema/core/0.1#isNullable" : [ {
    "@value" : false
  } ],
  "http://trawler.dev/schema/core/0.1#relations" : [ {
    "@value" : "urn:tr:constraint:postgresql/localhost/postgres/legacy/documents/documents_scheduleitem_ptr_id_de761ad4_fk_schedule_items_id"
  } ],
  "http://trawler.dev/schema/core/0.1#type" : [ {
    "@value" : "INTEGER"
  } ]
}, {
  "@id" : "urn:tr:field:postgresql/localhost/postgres/legacy/documents/due_date",
  "http://schema.org/name" : [ {
    "@value" : "due_date"
  } ],
  "http://trawler.dev/schema/core/0.1#isNullable" : [ {
    "@value" : false
  } ],
  "http://trawler.dev/schema/core/0.1#relations" : [ ],
  "http://trawler.dev/schema/core/0.1#type" : [ {
    "@value" : "DATE"
  } ]
}, {
  "@id" : "urn:tr:field:postgresql/localhost/postgres/legacy/documents/progress",
  "http://schema.org/name" : [ {
    "@value" : "progress"
  } ],
  "http://trawler.dev/schema/core/0.1#isNullable" : [ {
    "@value" : false
  } ],
  "http://trawler.dev/schema/core/0.1#relations" : [ ],
  "http://trawler.dev/schema/core/0.1#type" : [ {
    "@value" : "NUMERIC"
  } ]
}, {
  "@id" : "urn:tr:field:postgresql/localhost/postgres/legacy/documents/start_date",
  "http://schema.org/name" : [ {
    "@value" : "start_date"
  } ],
  "http://trawler.dev/schema/core/0.1#isNullable" : [ {
    "@value" : false
  } ],
  "http://trawler.dev/schema/core/0.1#relations" : [ ],
  "http://trawler.dev/schema/core/0.1#type" : [ {
    "@value" : "DATE"
  } ]
}, {
  "@id" : "urn:tr:constraint:postgresql/localhost/postgres/legacy/documents/documents_folder_id_b5f2f4e5_fk_folders_id",
  "@type" : [ "tr:Constraint" ],
  "tr:hasFields" : [ {
    "@id" : "urn:tr:column:postgresql/localhost/postgres/legacy/folders/id"
  } ]
}, {
  "@id" : "urn:tr:constraint:postgresql/localhost/postgres/legacy/documents/documents_scheduleitem_ptr_id_de761ad4_fk_schedule_items_id",
  "@type" : [ "tr:Constraint" ],
  "tr:hasFields" : [ {
    "@id" : "urn:tr:column:postgresql/localhost/postgres/legacy/schedule_items/id"
  } ]
}, {
  "@id" : "urn:tr:table:postgresql/localhost/postgres/legacy/notifications",
  "@type" : [ "http://trawler.dev/schema/core/0.1#Table" ],
  "http://schema.org/name" : [ {
    "@value" : "notifications"
  } ],
  "http://trawler.dev/schema/core/0.1#hasFields" : [ {
    "@id" : "urn:tr:field:postgresql/localhost/postgres/legacy/notifications/id"
  }, {
    "@id" : "urn:tr:field:postgresql/localhost/postgres/legacy/notifications/content"
  }, {
    "@id" : "urn:tr:field:postgresql/localhost/postgres/legacy/notifications/link"
  }, {
    "@id" : "urn:tr:field:postgresql/localhost/postgres/legacy/notifications/created_at"
  }, {
    "@id" : "urn:tr:field:postgresql/localhost/postgres/legacy/notifications/updated_at"
  }, {
    "@id" : "urn:tr:field:postgresql/localhost/postgres/legacy/notifications/user_id"
  } ]
}, {
  "@id" : "urn:tr:field:postgresql/localhost/postgres/legacy/notifications/id",
  "http://schema.org/name" : [ {
    "@value" : "id"
  } ],
  "http://trawler.dev/schema/core/0.1#isNullable" : [ {
    "@value" : false
  } ],
  "http://trawler.dev/schema/core/0.1#relations" : [ ],
  "http://trawler.dev/schema/core/0.1#type" : [ {
    "@value" : "INTEGER"
  } ]
}, {
  "@id" : "urn:tr:field:postgresql/localhost/postgres/legacy/notifications/content",
  "http://schema.org/name" : [ {
    "@value" : "content"
  } ],
  "http://trawler.dev/schema/core/0.1#isNullable" : [ {
    "@value" : false
  } ],
  "http://trawler.dev/schema/core/0.1#relations" : [ ],
  "http://trawler.dev/schema/core/0.1#type" : [ {
    "@value" : "VARCHAR"
  } ]
}, {
  "@id" : "urn:tr:field:postgresql/localhost/postgres/legacy/notifications/link",
  "http://schema.org/name" : [ {
    "@value" : "link"
  } ],
  "http://trawler.dev/schema/core/0.1#isNullable" : [ {
    "@value" : false
  } ],
  "http://trawler.dev/schema/core/0.1#relations" : [ ],
  "http://trawler.dev/schema/core/0.1#type" : [ {
    "@value" : "VARCHAR"
  } ]
}, {
  "@id" : "urn:tr:field:postgresql/localhost/postgres/legacy/notifications/created_at",
  "http://schema.org/name" : [ {
    "@value" : "created_at"
  } ],
  "http://trawler.dev/schema/core/0.1#isNullable" : [ {
    "@value" : true
  } ],
  "http://trawler.dev/schema/core/0.1#relations" : [ ],
  "http://trawler.dev/schema/core/0.1#type" : [ {
    "@value" : "TIMESTAMP"
  } ]
}, {
  "@id" : "urn:tr:field:postgresql/localhost/postgres/legacy/notifications/updated_at",
  "http://schema.org/name" : [ {
    "@value" : "updated_at"
  } ],
  "http://trawler.dev/schema/core/0.1#isNullable" : [ {
    "@value" : true
  } ],
  "http://trawler.dev/schema/core/0.1#relations" : [ ],
  "http://trawler.dev/schema/core/0.1#type" : [ {
    "@value" : "TIMESTAMP"
  } ]
}, {
  "@id" : "urn:tr:field:postgresql/localhost/postgres/legacy/notifications/user_id",
  "http://schema.org/name" : [ {
    "@value" : "user_id"
  } ],
  "http://trawler.dev/schema/core/0.1#isNullable" : [ {
    "@value" : false
  } ],
  "http://trawler.dev/schema/core/0.1#relations" : [ {
    "@value" : "urn:tr:constraint:postgresql/localhost/postgres/legacy/notifications/notifications_user_id_468e288d_fk_users_id"
  } ],
  "http://trawler.dev/schema/core/0.1#type" : [ {
    "@value" : "INTEGER"
  } ]
}, {
  "@id" : "urn:tr:constraint:postgresql/localhost/postgres/legacy/notifications/notifications_user_id_468e288d_fk_users_id",
  "@type" : [ "tr:Constraint" ],
  "tr:hasFields" : [ {
    "@id" : "urn:tr:column:postgresql/localhost/postgres/legacy/users/id"
  } ]
}, {
  "@id" : "urn:tr:table:postgresql/localhost/postgres/public/django_migrations",
  "@type" : [ "http://trawler.dev/schema/core/0.1#Table" ],
  "http://schema.org/name" : [ {
    "@value" : "django_migrations"
  } ],
  "http://trawler.dev/schema/core/0.1#hasFields" : [ {
    "@id" : "urn:tr:field:postgresql/localhost/postgres/public/django_migrations/id"
  }, {
    "@id" : "urn:tr:field:postgresql/localhost/postgres/public/django_migrations/app"
  }, {
    "@id" : "urn:tr:field:postgresql/localhost/postgres/public/django_migrations/name"
  }, {
    "@id" : "urn:tr:field:postgresql/localhost/postgres/public/django_migrations/applied"
  } ]
}, {
  "@id" : "urn:tr:field:postgresql/localhost/postgres/public/django_migrations/id",
  "http://schema.org/name" : [ {
    "@value" : "id"
  } ],
  "http://trawler.dev/schema/core/0.1#isNullable" : [ {
    "@value" : false
  } ],
  "http://trawler.dev/schema/core/0.1#relations" : [ ],
  "http://trawler.dev/schema/core/0.1#type" : [ {
    "@value" : "INTEGER"
  } ]
}, {
  "@id" : "urn:tr:field:postgresql/localhost/postgres/public/django_migrations/app",
  "http://schema.org/name" : [ {
    "@value" : "app"
  } ],
  "http://trawler.dev/schema/core/0.1#isNullable" : [ {
    "@value" : false
  } ],
  "http://trawler.dev/schema/core/0.1#relations" : [ ],
  "http://trawler.dev/schema/core/0.1#type" : [ {
    "@value" : "VARCHAR"
  } ]
}, {
  "@id" : "urn:tr:field:postgresql/localhost/postgres/public/django_migrations/name",
  "http://schema.org/name" : [ {
    "@value" : "name"
  } ],
  "http://trawler.dev/schema/core/0.1#isNullable" : [ {
    "@value" : false
  } ],
  "http://trawler.dev/schema/core/0.1#relations" : [ ],
  "http://trawler.dev/schema/core/0.1#type" : [ {
    "@value" : "VARCHAR"
  } ]
}, {
  "@id" : "urn:tr:field:postgresql/localhost/postgres/public/django_migrations/applied",
  "http://schema.org/name" : [ {
    "@value" : "applied"
  } ],
  "http://trawler.dev/schema/core/0.1#isNullable" : [ {
    "@value" : false
  } ],
  "http://trawler.dev/schema/core/0.1#relations" : [ ],
  "http://trawler.dev/schema/core/0.1#type" : [ {
    "@value" : "TIMESTAMP"
  } ]
}, {
  "@id" : "urn:tr:table:postgresql/localhost/postgres/public/django_content_type",
  "@type" : [ "http://trawler.dev/schema/core/0.1#Table" ],
  "http://schema.org/name" : [ {
    "@value" : "django_content_type"
  } ],
  "http://trawler.dev/schema/core/0.1#hasFields" : [ {
    "@id" : "urn:tr:field:postgresql/localhost/postgres/public/django_content_type/id"
  }, {
    "@id" : "urn:tr:field:postgresql/localhost/postgres/public/django_content_type/app_label"
  }, {
    "@id" : "urn:tr:field:postgresql/localhost/postgres/public/django_content_type/model"
  } ]
}, {
  "@id" : "urn:tr:field:postgresql/localhost/postgres/public/django_content_type/id",
  "http://schema.org/name" : [ {
    "@value" : "id"
  } ],
  "http://trawler.dev/schema/core/0.1#isNullable" : [ {
    "@value" : false
  } ],
  "http://trawler.dev/schema/core/0.1#relations" : [ ],
  "http://trawler.dev/schema/core/0.1#type" : [ {
    "@value" : "INTEGER"
  } ]
}, {
  "@id" : "urn:tr:field:postgresql/localhost/postgres/public/django_content_type/app_label",
  "http://schema.org/name" : [ {
    "@value" : "app_label"
  } ],
  "http://trawler.dev/schema/core/0.1#isNullable" : [ {
    "@value" : false
  } ],
  "http://trawler.dev/schema/core/0.1#relations" : [ ],
  "http://trawler.dev/schema/core/0.1#type" : [ {
    "@value" : "VARCHAR"
  } ]
}, {
  "@id" : "urn:tr:field:postgresql/localhost/postgres/public/django_content_type/model",
  "http://schema.org/name" : [ {
    "@value" : "model"
  } ],
  "http://trawler.dev/schema/core/0.1#isNullable" : [ {
    "@value" : false
  } ],
  "http://trawler.dev/schema/core/0.1#relations" : [ ],
  "http://trawler.dev/schema/core/0.1#type" : [ {
    "@value" : "VARCHAR"
  } ]
}, {
  "@id" : "urn:tr:table:postgresql/localhost/postgres/public/auth_permission",
  "@type" : [ "http://trawler.dev/schema/core/0.1#Table" ],
  "http://schema.org/name" : [ {
    "@value" : "auth_permission"
  } ],
  "http://trawler.dev/schema/core/0.1#hasFields" : [ {
    "@id" : "urn:tr:field:postgresql/localhost/postgres/public/auth_permission/id"
  }, {
    "@id" : "urn:tr:field:postgresql/localhost/postgres/public/auth_permission/name"
  }, {
    "@id" : "urn:tr:field:postgresql/localhost/postgres/public/auth_permission/content_type_id"
  }, {
    "@id" : "urn:tr:field:postgresql/localhost/postgres/public/auth_permission/codename"
  } ]
}, {
  "@id" : "urn:tr:field:postgresql/localhost/postgres/public/auth_permission/id",
  "http://schema.org/name" : [ {
    "@value" : "id"
  } ],
  "http://trawler.dev/schema/core/0.1#isNullable" : [ {
    "@value" : false
  } ],
  "http://trawler.dev/schema/core/0.1#relations" : [ ],
  "http://trawler.dev/schema/core/0.1#type" : [ {
    "@value" : "INTEGER"
  } ]
}, {
  "@id" : "urn:tr:field:postgresql/localhost/postgres/public/auth_permission/name",
  "http://schema.org/name" : [ {
    "@value" : "name"
  } ],
  "http://trawler.dev/schema/core/0.1#isNullable" : [ {
    "@value" : false
  } ],
  "http://trawler.dev/schema/core/0.1#relations" : [ ],
  "http://trawler.dev/schema/core/0.1#type" : [ {
    "@value" : "VARCHAR"
  } ]
}, {
  "@id" : "urn:tr:field:postgresql/localhost/postgres/public/auth_permission/content_type_id",
  "http://schema.org/name" : [ {
    "@value" : "content_type_id"
  } ],
  "http://trawler.dev/schema/core/0.1#isNullable" : [ {
    "@value" : false
  } ],
  "http://trawler.dev/schema/core/0.1#relations" : [ {
    "@value" : "urn:tr:constraint:postgresql/localhost/postgres/public/auth_permission/auth_permission_content_type_id_2f476e4b_fk_django_co"
  } ],
  "http://trawler.dev/schema/core/0.1#type" : [ {
    "@value" : "INTEGER"
  } ]
}, {
  "@id" : "urn:tr:field:postgresql/localhost/postgres/public/auth_permission/codename",
  "http://schema.org/name" : [ {
    "@value" : "codename"
  } ],
  "http://trawler.dev/schema/core/0.1#isNullable" : [ {
    "@value" : false
  } ],
  "http://trawler.dev/schema/core/0.1#relations" : [ ],
  "http://trawler.dev/schema/core/0.1#type" : [ {
    "@value" : "VARCHAR"
  } ]
}, {
  "@id" : "urn:tr:constraint:postgresql/localhost/postgres/public/auth_permission/auth_permission_content_type_id_2f476e4b_fk_django_co",
  "@type" : [ "tr:Constraint" ],
  "tr:hasFields" : [ {
    "@id" : "urn:tr:column:postgresql/localhost/postgres/public/django_content_type/id"
  } ]
}, {
  "@id" : "urn:tr:table:postgresql/localhost/postgres/public/auth_group",
  "@type" : [ "http://trawler.dev/schema/core/0.1#Table" ],
  "http://schema.org/name" : [ {
    "@value" : "auth_group"
  } ],
  "http://trawler.dev/schema/core/0.1#hasFields" : [ {
    "@id" : "urn:tr:field:postgresql/localhost/postgres/public/auth_group/id"
  }, {
    "@id" : "urn:tr:field:postgresql/localhost/postgres/public/auth_group/name"
  } ]
}, {
  "@id" : "urn:tr:field:postgresql/localhost/postgres/public/auth_group/id",
  "http://schema.org/name" : [ {
    "@value" : "id"
  } ],
  "http://trawler.dev/schema/core/0.1#isNullable" : [ {
    "@value" : false
  } ],
  "http://trawler.dev/schema/core/0.1#relations" : [ ],
  "http://trawler.dev/schema/core/0.1#type" : [ {
    "@value" : "INTEGER"
  } ]
}, {
  "@id" : "urn:tr:field:postgresql/localhost/postgres/public/auth_group/name",
  "http://schema.org/name" : [ {
    "@value" : "name"
  } ],
  "http://trawler.dev/schema/core/0.1#isNullable" : [ {
    "@value" : false
  } ],
  "http://trawler.dev/schema/core/0.1#relations" : [ ],
  "http://trawler.dev/schema/core/0.1#type" : [ {
    "@value" : "VARCHAR"
  } ]
}, {
  "@id" : "urn:tr:table:postgresql/localhost/postgres/public/auth_group_permissions",
  "@type" : [ "http://trawler.dev/schema/core/0.1#Table" ],
  "http://schema.org/name" : [ {
    "@value" : "auth_group_permissions"
  } ],
  "http://trawler.dev/schema/core/0.1#hasFields" : [ {
    "@id" : "urn:tr:field:postgresql/localhost/postgres/public/auth_group_permissions/id"
  }, {
    "@id" : "urn:tr:field:postgresql/localhost/postgres/public/auth_group_permissions/group_id"
  }, {
    "@id" : "urn:tr:field:postgresql/localhost/postgres/public/auth_group_permissions/permission_id"
  } ]
}, {
  "@id" : "urn:tr:field:postgresql/localhost/postgres/public/auth_group_permissions/id",
  "http://schema.org/name" : [ {
    "@value" : "id"
  } ],
  "http://trawler.dev/schema/core/0.1#isNullable" : [ {
    "@value" : false
  } ],
  "http://trawler.dev/schema/core/0.1#relations" : [ ],
  "http://trawler.dev/schema/core/0.1#type" : [ {
    "@value" : "INTEGER"
  } ]
}, {
  "@id" : "urn:tr:field:postgresql/localhost/postgres/public/auth_group_permissions/group_id",
  "http://schema.org/name" : [ {
    "@value" : "group_id"
  } ],
  "http://trawler.dev/schema/core/0.1#isNullable" : [ {
    "@value" : false
  } ],
  "http://trawler.dev/schema/core/0.1#relations" : [ {
    "@value" : "urn:tr:constraint:postgresql/localhost/postgres/public/auth_group_permissions/auth_group_permissions_group_id_b120cbf9_fk_auth_group_id"
  } ],
  "http://trawler.dev/schema/core/0.1#type" : [ {
    "@value" : "INTEGER"
  } ]
}, {
  "@id" : "urn:tr:field:postgresql/localhost/postgres/public/auth_group_permissions/permission_id",
  "http://schema.org/name" : [ {
    "@value" : "permission_id"
  } ],
  "http://trawler.dev/schema/core/0.1#isNullable" : [ {
    "@value" : false
  } ],
  "http://trawler.dev/schema/core/0.1#relations" : [ {
    "@value" : "urn:tr:constraint:postgresql/localhost/postgres/public/auth_group_permissions/auth_group_permissio_permission_id_84c5c92e_fk_auth_perm"
  } ],
  "http://trawler.dev/schema/core/0.1#type" : [ {
    "@value" : "INTEGER"
  } ]
}, {
  "@id" : "urn:tr:constraint:postgresql/localhost/postgres/public/auth_group_permissions/auth_group_permissio_permission_id_84c5c92e_fk_auth_perm",
  "@type" : [ "tr:Constraint" ],
  "tr:hasFields" : [ {
    "@id" : "urn:tr:column:postgresql/localhost/postgres/public/auth_permission/id"
  } ]
}, {
  "@id" : "urn:tr:constraint:postgresql/localhost/postgres/public/auth_group_permissions/auth_group_permissions_group_id_b120cbf9_fk_auth_group_id",
  "@type" : [ "tr:Constraint" ],
  "tr:hasFields" : [ {
    "@id" : "urn:tr:column:postgresql/localhost/postgres/public/auth_group/id"
  } ]
}, {
  "@id" : "urn:tr:table:postgresql/localhost/postgres/public/auth_user",
  "@type" : [ "http://trawler.dev/schema/core/0.1#Table" ],
  "http://schema.org/name" : [ {
    "@value" : "auth_user"
  } ],
  "http://trawler.dev/schema/core/0.1#hasFields" : [ {
    "@id" : "urn:tr:field:postgresql/localhost/postgres/public/auth_user/id"
  }, {
    "@id" : "urn:tr:field:postgresql/localhost/postgres/public/auth_user/password"
  }, {
    "@id" : "urn:tr:field:postgresql/localhost/postgres/public/auth_user/last_login"
  }, {
    "@id" : "urn:tr:field:postgresql/localhost/postgres/public/auth_user/is_superuser"
  }, {
    "@id" : "urn:tr:field:postgresql/localhost/postgres/public/auth_user/username"
  }, {
    "@id" : "urn:tr:field:postgresql/localhost/postgres/public/auth_user/first_name"
  }, {
    "@id" : "urn:tr:field:postgresql/localhost/postgres/public/auth_user/last_name"
  }, {
    "@id" : "urn:tr:field:postgresql/localhost/postgres/public/auth_user/email"
  }, {
    "@id" : "urn:tr:field:postgresql/localhost/postgres/public/auth_user/is_staff"
  }, {
    "@id" : "urn:tr:field:postgresql/localhost/postgres/public/auth_user/is_active"
  }, {
    "@id" : "urn:tr:field:postgresql/localhost/postgres/public/auth_user/date_joined"
  } ]
}, {
  "@id" : "urn:tr:field:postgresql/localhost/postgres/public/auth_user/id",
  "http://schema.org/name" : [ {
    "@value" : "id"
  } ],
  "http://trawler.dev/schema/core/0.1#isNullable" : [ {
    "@value" : false
  } ],
  "http://trawler.dev/schema/core/0.1#relations" : [ ],
  "http://trawler.dev/schema/core/0.1#type" : [ {
    "@value" : "INTEGER"
  } ]
}, {
  "@id" : "urn:tr:field:postgresql/localhost/postgres/public/auth_user/password",
  "http://schema.org/name" : [ {
    "@value" : "password"
  } ],
  "http://trawler.dev/schema/core/0.1#isNullable" : [ {
    "@value" : false
  } ],
  "http://trawler.dev/schema/core/0.1#relations" : [ ],
  "http://trawler.dev/schema/core/0.1#type" : [ {
    "@value" : "VARCHAR"
  } ]
}, {
  "@id" : "urn:tr:field:postgresql/localhost/postgres/public/auth_user/last_login",
  "http://schema.org/name" : [ {
    "@value" : "last_login"
  } ],
  "http://trawler.dev/schema/core/0.1#isNullable" : [ {
    "@value" : true
  } ],
  "http://trawler.dev/schema/core/0.1#relations" : [ ],
  "http://trawler.dev/schema/core/0.1#type" : [ {
    "@value" : "TIMESTAMP"
  } ]
}, {
  "@id" : "urn:tr:field:postgresql/localhost/postgres/public/auth_user/is_superuser",
  "http://schema.org/name" : [ {
    "@value" : "is_superuser"
  } ],
  "http://trawler.dev/schema/core/0.1#isNullable" : [ {
    "@value" : false
  } ],
  "http://trawler.dev/schema/core/0.1#relations" : [ ],
  "http://trawler.dev/schema/core/0.1#type" : [ {
    "@value" : "BOOLEAN"
  } ]
}, {
  "@id" : "urn:tr:field:postgresql/localhost/postgres/public/auth_user/username",
  "http://schema.org/name" : [ {
    "@value" : "username"
  } ],
  "http://trawler.dev/schema/core/0.1#isNullable" : [ {
    "@value" : false
  } ],
  "http://trawler.dev/schema/core/0.1#relations" : [ ],
  "http://trawler.dev/schema/core/0.1#type" : [ {
    "@value" : "VARCHAR"
  } ]
}, {
  "@id" : "urn:tr:field:postgresql/localhost/postgres/public/auth_user/first_name",
  "http://schema.org/name" : [ {
    "@value" : "first_name"
  } ],
  "http://trawler.dev/schema/core/0.1#isNullable" : [ {
    "@value" : false
  } ],
  "http://trawler.dev/schema/core/0.1#relations" : [ ],
  "http://trawler.dev/schema/core/0.1#type" : [ {
    "@value" : "VARCHAR"
  } ]
}, {
  "@id" : "urn:tr:field:postgresql/localhost/postgres/public/auth_user/last_name",
  "http://schema.org/name" : [ {
    "@value" : "last_name"
  } ],
  "http://trawler.dev/schema/core/0.1#isNullable" : [ {
    "@value" : false
  } ],
  "http://trawler.dev/schema/core/0.1#relations" : [ ],
  "http://trawler.dev/schema/core/0.1#type" : [ {
    "@value" : "VARCHAR"
  } ]
}, {
  "@id" : "urn:tr:field:postgresql/localhost/postgres/public/auth_user/email",
  "http://schema.org/name" : [ {
    "@value" : "email"
  } ],
  "http://trawler.dev/schema/core/0.1#isNullable" : [ {
    "@value" : false
  } ],
  "http://trawler.dev/schema/core/0.1#relations" : [ ],
  "http://trawler.dev/schema/core/0.1#type" : [ {
    "@value" : "VARCHAR"
  } ]
}, {
  "@id" : "urn:tr:field:postgresql/localhost/postgres/public/auth_user/is_staff",
  "http://schema.org/name" : [ {
    "@value" : "is_staff"
  } ],
  "http://trawler.dev/schema/core/0.1#isNullable" : [ {
    "@value" : false
  } ],
  "http://trawler.dev/schema/core/0.1#relations" : [ ],
  "http://trawler.dev/schema/core/0.1#type" : [ {
    "@value" : "BOOLEAN"
  } ]
}, {
  "@id" : "urn:tr:field:postgresql/localhost/postgres/public/auth_user/is_active",
  "http://schema.org/name" : [ {
    "@value" : "is_active"
  } ],
  "http://trawler.dev/schema/core/0.1#isNullable" : [ {
    "@value" : false
  } ],
  "http://trawler.dev/schema/core/0.1#relations" : [ ],
  "http://trawler.dev/schema/core/0.1#type" : [ {
    "@value" : "BOOLEAN"
  } ]
}, {
  "@id" : "urn:tr:field:postgresql/localhost/postgres/public/auth_user/date_joined",
  "http://schema.org/name" : [ {
    "@value" : "date_joined"
  } ],
  "http://trawler.dev/schema/core/0.1#isNullable" : [ {
    "@value" : false
  } ],
  "http://trawler.dev/schema/core/0.1#relations" : [ ],
  "http://trawler.dev/schema/core/0.1#type" : [ {
    "@value" : "TIMESTAMP"
  } ]
}, {
  "@id" : "urn:tr:table:postgresql/localhost/postgres/public/auth_user_groups",
  "@type" : [ "http://trawler.dev/schema/core/0.1#Table" ],
  "http://schema.org/name" : [ {
    "@value" : "auth_user_groups"
  } ],
  "http://trawler.dev/schema/core/0.1#hasFields" : [ {
    "@id" : "urn:tr:field:postgresql/localhost/postgres/public/auth_user_groups/id"
  }, {
    "@id" : "urn:tr:field:postgresql/localhost/postgres/public/auth_user_groups/user_id"
  }, {
    "@id" : "urn:tr:field:postgresql/localhost/postgres/public/auth_user_groups/group_id"
  } ]
}, {
  "@id" : "urn:tr:field:postgresql/localhost/postgres/public/auth_user_groups/id",
  "http://schema.org/name" : [ {
    "@value" : "id"
  } ],
  "http://trawler.dev/schema/core/0.1#isNullable" : [ {
    "@value" : false
  } ],
  "http://trawler.dev/schema/core/0.1#relations" : [ ],
  "http://trawler.dev/schema/core/0.1#type" : [ {
    "@value" : "INTEGER"
  } ]
}, {
  "@id" : "urn:tr:field:postgresql/localhost/postgres/public/auth_user_groups/user_id",
  "http://schema.org/name" : [ {
    "@value" : "user_id"
  } ],
  "http://trawler.dev/schema/core/0.1#isNullable" : [ {
    "@value" : false
  } ],
  "http://trawler.dev/schema/core/0.1#relations" : [ {
    "@value" : "urn:tr:constraint:postgresql/localhost/postgres/public/auth_user_groups/auth_user_groups_user_id_6a12ed8b_fk_auth_user_id"
  } ],
  "http://trawler.dev/schema/core/0.1#type" : [ {
    "@value" : "INTEGER"
  } ]
}, {
  "@id" : "urn:tr:field:postgresql/localhost/postgres/public/auth_user_groups/group_id",
  "http://schema.org/name" : [ {
    "@value" : "group_id"
  } ],
  "http://trawler.dev/schema/core/0.1#isNullable" : [ {
    "@value" : false
  } ],
  "http://trawler.dev/schema/core/0.1#relations" : [ {
    "@value" : "urn:tr:constraint:postgresql/localhost/postgres/public/auth_user_groups/auth_user_groups_group_id_97559544_fk_auth_group_id"
  } ],
  "http://trawler.dev/schema/core/0.1#type" : [ {
    "@value" : "INTEGER"
  } ]
}, {
  "@id" : "urn:tr:constraint:postgresql/localhost/postgres/public/auth_user_groups/auth_user_groups_group_id_97559544_fk_auth_group_id",
  "@type" : [ "tr:Constraint" ],
  "tr:hasFields" : [ {
    "@id" : "urn:tr:column:postgresql/localhost/postgres/public/auth_group/id"
  } ]
}, {
  "@id" : "urn:tr:constraint:postgresql/localhost/postgres/public/auth_user_groups/auth_user_groups_user_id_6a12ed8b_fk_auth_user_id",
  "@type" : [ "tr:Constraint" ],
  "tr:hasFields" : [ {
    "@id" : "urn:tr:column:postgresql/localhost/postgres/public/auth_user/id"
  } ]
}, {
  "@id" : "urn:tr:table:postgresql/localhost/postgres/public/auth_user_user_permissions",
  "@type" : [ "http://trawler.dev/schema/core/0.1#Table" ],
  "http://schema.org/name" : [ {
    "@value" : "auth_user_user_permissions"
  } ],
  "http://trawler.dev/schema/core/0.1#hasFields" : [ {
    "@id" : "urn:tr:field:postgresql/localhost/postgres/public/auth_user_user_permissions/id"
  }, {
    "@id" : "urn:tr:field:postgresql/localhost/postgres/public/auth_user_user_permissions/user_id"
  }, {
    "@id" : "urn:tr:field:postgresql/localhost/postgres/public/auth_user_user_permissions/permission_id"
  } ]
}, {
  "@id" : "urn:tr:field:postgresql/localhost/postgres/public/auth_user_user_permissions/id",
  "http://schema.org/name" : [ {
    "@value" : "id"
  } ],
  "http://trawler.dev/schema/core/0.1#isNullable" : [ {
    "@value" : false
  } ],
  "http://trawler.dev/schema/core/0.1#relations" : [ ],
  "http://trawler.dev/schema/core/0.1#type" : [ {
    "@value" : "INTEGER"
  } ]
}, {
  "@id" : "urn:tr:field:postgresql/localhost/postgres/public/auth_user_user_permissions/user_id",
  "http://schema.org/name" : [ {
    "@value" : "user_id"
  } ],
  "http://trawler.dev/schema/core/0.1#isNullable" : [ {
    "@value" : false
  } ],
  "http://trawler.dev/schema/core/0.1#relations" : [ {
    "@value" : "urn:tr:constraint:postgresql/localhost/postgres/public/auth_user_user_permissions/auth_user_user_permissions_user_id_a95ead1b_fk_auth_user_id"
  } ],
  "http://trawler.dev/schema/core/0.1#type" : [ {
    "@value" : "INTEGER"
  } ]
}, {
  "@id" : "urn:tr:field:postgresql/localhost/postgres/public/auth_user_user_permissions/permission_id",
  "http://schema.org/name" : [ {
    "@value" : "permission_id"
  } ],
  "http://trawler.dev/schema/core/0.1#isNullable" : [ {
    "@value" : false
  } ],
  "http://trawler.dev/schema/core/0.1#relations" : [ {
    "@value" : "urn:tr:constraint:postgresql/localhost/postgres/public/auth_user_user_permissions/auth_user_user_permi_permission_id_1fbb5f2c_fk_auth_perm"
  } ],
  "http://trawler.dev/schema/core/0.1#type" : [ {
    "@value" : "INTEGER"
  } ]
}, {
  "@id" : "urn:tr:constraint:postgresql/localhost/postgres/public/auth_user_user_permissions/auth_user_user_permi_permission_id_1fbb5f2c_fk_auth_perm",
  "@type" : [ "tr:Constraint" ],
  "tr:hasFields" : [ {
    "@id" : "urn:tr:column:postgresql/localhost/postgres/public/auth_permission/id"
  } ]
}, {
  "@id" : "urn:tr:constraint:postgresql/localhost/postgres/public/auth_user_user_permissions/auth_user_user_permissions_user_id_a95ead1b_fk_auth_user_id",
  "@type" : [ "tr:Constraint" ],
  "tr:hasFields" : [ {
    "@id" : "urn:tr:column:postgresql/localhost/postgres/public/auth_user/id"
  } ]
}, {
  "@id" : "urn:tr:table:postgresql/localhost/postgres/public/django_admin_log",
  "@type" : [ "http://trawler.dev/schema/core/0.1#Table" ],
  "http://schema.org/name" : [ {
    "@value" : "django_admin_log"
  } ],
  "http://trawler.dev/schema/core/0.1#hasFields" : [ {
    "@id" : "urn:tr:field:postgresql/localhost/postgres/public/django_admin_log/id"
  }, {
    "@id" : "urn:tr:field:postgresql/localhost/postgres/public/django_admin_log/action_time"
  }, {
    "@id" : "urn:tr:field:postgresql/localhost/postgres/public/django_admin_log/object_id"
  }, {
    "@id" : "urn:tr:field:postgresql/localhost/postgres/public/django_admin_log/object_repr"
  }, {
    "@id" : "urn:tr:field:postgresql/localhost/postgres/public/django_admin_log/action_flag"
  }, {
    "@id" : "urn:tr:field:postgresql/localhost/postgres/public/django_admin_log/change_message"
  }, {
    "@id" : "urn:tr:field:postgresql/localhost/postgres/public/django_admin_log/content_type_id"
  }, {
    "@id" : "urn:tr:field:postgresql/localhost/postgres/public/django_admin_log/user_id"
  } ]
}, {
  "@id" : "urn:tr:field:postgresql/localhost/postgres/public/django_admin_log/id",
  "http://schema.org/name" : [ {
    "@value" : "id"
  } ],
  "http://trawler.dev/schema/core/0.1#isNullable" : [ {
    "@value" : false
  } ],
  "http://trawler.dev/schema/core/0.1#relations" : [ ],
  "http://trawler.dev/schema/core/0.1#type" : [ {
    "@value" : "INTEGER"
  } ]
}, {
  "@id" : "urn:tr:field:postgresql/localhost/postgres/public/django_admin_log/action_time",
  "http://schema.org/name" : [ {
    "@value" : "action_time"
  } ],
  "http://trawler.dev/schema/core/0.1#isNullable" : [ {
    "@value" : false
  } ],
  "http://trawler.dev/schema/core/0.1#relations" : [ ],
  "http://trawler.dev/schema/core/0.1#type" : [ {
    "@value" : "TIMESTAMP"
  } ]
}, {
  "@id" : "urn:tr:field:postgresql/localhost/postgres/public/django_admin_log/object_id",
  "http://schema.org/name" : [ {
    "@value" : "object_id"
  } ],
  "http://trawler.dev/schema/core/0.1#isNullable" : [ {
    "@value" : true
  } ],
  "http://trawler.dev/schema/core/0.1#relations" : [ ],
  "http://trawler.dev/schema/core/0.1#type" : [ {
    "@value" : "TEXT"
  } ]
}, {
  "@id" : "urn:tr:field:postgresql/localhost/postgres/public/django_admin_log/object_repr",
  "http://schema.org/name" : [ {
    "@value" : "object_repr"
  } ],
  "http://trawler.dev/schema/core/0.1#isNullable" : [ {
    "@value" : false
  } ],
  "http://trawler.dev/schema/core/0.1#relations" : [ ],
  "http://trawler.dev/schema/core/0.1#type" : [ {
    "@value" : "VARCHAR"
  } ]
}, {
  "@id" : "urn:tr:field:postgresql/localhost/postgres/public/django_admin_log/action_flag",
  "http://schema.org/name" : [ {
    "@value" : "action_flag"
  } ],
  "http://trawler.dev/schema/core/0.1#isNullable" : [ {
    "@value" : false
  } ],
  "http://trawler.dev/schema/core/0.1#relations" : [ ],
  "http://trawler.dev/schema/core/0.1#type" : [ {
    "@value" : "SMALLINT"
  } ]
}, {
  "@id" : "urn:tr:field:postgresql/localhost/postgres/public/django_admin_log/change_message",
  "http://schema.org/name" : [ {
    "@value" : "change_message"
  } ],
  "http://trawler.dev/schema/core/0.1#isNullable" : [ {
    "@value" : false
  } ],
  "http://trawler.dev/schema/core/0.1#relations" : [ ],
  "http://trawler.dev/schema/core/0.1#type" : [ {
    "@value" : "TEXT"
  } ]
}, {
  "@id" : "urn:tr:field:postgresql/localhost/postgres/public/django_admin_log/content_type_id",
  "http://schema.org/name" : [ {
    "@value" : "content_type_id"
  } ],
  "http://trawler.dev/schema/core/0.1#isNullable" : [ {
    "@value" : true
  } ],
  "http://trawler.dev/schema/core/0.1#relations" : [ {
    "@value" : "urn:tr:constraint:postgresql/localhost/postgres/public/django_admin_log/django_admin_log_content_type_id_c4bce8eb_fk_django_co"
  } ],
  "http://trawler.dev/schema/core/0.1#type" : [ {
    "@value" : "INTEGER"
  } ]
}, {
  "@id" : "urn:tr:field:postgresql/localhost/postgres/public/django_admin_log/user_id",
  "http://schema.org/name" : [ {
    "@value" : "user_id"
  } ],
  "http://trawler.dev/schema/core/0.1#isNullable" : [ {
    "@value" : false
  } ],
  "http://trawler.dev/schema/core/0.1#relations" : [ {
    "@value" : "urn:tr:constraint:postgresql/localhost/postgres/public/django_admin_log/django_admin_log_user_id_c564eba6_fk_auth_user_id"
  } ],
  "http://trawler.dev/schema/core/0.1#type" : [ {
    "@value" : "INTEGER"
  } ]
}, {
  "@id" : "urn:tr:constraint:postgresql/localhost/postgres/public/django_admin_log/django_admin_log_content_type_id_c4bce8eb_fk_django_co",
  "@type" : [ "tr:Constraint" ],
  "tr:hasFields" : [ {
    "@id" : "urn:tr:column:postgresql/localhost/postgres/public/django_content_type/id"
  } ]
}, {
  "@id" : "urn:tr:constraint:postgresql/localhost/postgres/public/django_admin_log/django_admin_log_user_id_c564eba6_fk_auth_user_id",
  "@type" : [ "tr:Constraint" ],
  "tr:hasFields" : [ {
    "@id" : "urn:tr:column:postgresql/localhost/postgres/public/auth_user/id"
  } ]
}, {
  "@id" : "urn:tr:table:postgresql/localhost/postgres/public/health_check_db_testmodel",
  "@type" : [ "http://trawler.dev/schema/core/0.1#Table" ],
  "http://schema.org/name" : [ {
    "@value" : "health_check_db_testmodel"
  } ],
  "http://trawler.dev/schema/core/0.1#hasFields" : [ {
    "@id" : "urn:tr:field:postgresql/localhost/postgres/public/health_check_db_testmodel/id"
  }, {
    "@id" : "urn:tr:field:postgresql/localhost/postgres/public/health_check_db_testmodel/title"
  } ]
}, {
  "@id" : "urn:tr:field:postgresql/localhost/postgres/public/health_check_db_testmodel/id",
  "http://schema.org/name" : [ {
    "@value" : "id"
  } ],
  "http://trawler.dev/schema/core/0.1#isNullable" : [ {
    "@value" : false
  } ],
  "http://trawler.dev/schema/core/0.1#relations" : [ ],
  "http://trawler.dev/schema/core/0.1#type" : [ {
    "@value" : "INTEGER"
  } ]
}, {
  "@id" : "urn:tr:field:postgresql/localhost/postgres/public/health_check_db_testmodel/title",
  "http://schema.org/name" : [ {
    "@value" : "title"
  } ],
  "http://trawler.dev/schema/core/0.1#isNullable" : [ {
    "@value" : false
  } ],
  "http://trawler.dev/schema/core/0.1#relations" : [ ],
  "http://trawler.dev/schema/core/0.1#type" : [ {
    "@value" : "VARCHAR"
  } ]
}, {
  "@id" : "urn:tr:table:postgresql/localhost/postgres/public/djstripe_bankaccount",
  "@type" : [ "http://trawler.dev/schema/core/0.1#Table" ],
  "http://schema.org/name" : [ {
    "@value" : "djstripe_bankaccount"
  } ],
  "http://trawler.dev/schema/core/0.1#hasFields" : [ {
    "@id" : "urn:tr:field:postgresql/localhost/postgres/public/djstripe_bankaccount/djstripe_id"
  }, {
    "@id" : "urn:tr:field:postgresql/localhost/postgres/public/djstripe_bankaccount/id"
  }, {
    "@id" : "urn:tr:field:postgresql/localhost/postgres/public/djstripe_bankaccount/livemode"
  }, {
    "@id" : "urn:tr:field:postgresql/localhost/postgres/public/djstripe_bankaccount/created"
  }, {
    "@id" : "urn:tr:field:postgresql/localhost/postgres/public/djstripe_bankaccount/metadata"
  }, {
    "@id" : "urn:tr:field:postgresql/localhost/postgres/public/djstripe_bankaccount/description"
  }, {
    "@id" : "urn:tr:field:postgresql/localhost/postgres/public/djstripe_bankaccount/djstripe_created"
  }, {
    "@id" : "urn:tr:field:postgresql/localhost/postgres/public/djstripe_bankaccount/djstripe_updated"
  }, {
    "@id" : "urn:tr:field:postgresql/localhost/postgres/public/djstripe_bankaccount/account_holder_name"
  }, {
    "@id" : "urn:tr:field:postgresql/localhost/postgres/public/djstripe_bankaccount/account_holder_type"
  }, {
    "@id" : "urn:tr:field:postgresql/localhost/postgres/public/djstripe_bankaccount/bank_name"
  }, {
    "@id" : "urn:tr:field:postgresql/localhost/postgres/public/djstripe_bankaccount/country"
  }, {
    "@id" : "urn:tr:field:postgresql/localhost/postgres/public/djstripe_bankaccount/currency"
  }, {
    "@id" : "urn:tr:field:postgresql/localhost/postgres/public/djstripe_bankaccount/default_for_currency"
  }, {
    "@id" : "urn:tr:field:postgresql/localhost/postgres/public/djstripe_bankaccount/fingerprint"
  }, {
    "@id" : "urn:tr:field:postgresql/localhost/postgres/public/djstripe_bankaccount/last4"
  }, {
    "@id" : "urn:tr:field:postgresql/localhost/postgres/public/djstripe_bankaccount/routing_number"
  }, {
    "@id" : "urn:tr:field:postgresql/localhost/postgres/public/djstripe_bankaccount/status"
  }, {
    "@id" : "urn:tr:field:postgresql/localhost/postgres/public/djstripe_bankaccount/account_id"
  }, {
    "@id" : "urn:tr:field:postgresql/localhost/postgres/public/djstripe_bankaccount/customer_id"
  }, {
    "@id" : "urn:tr:field:postgresql/localhost/postgres/public/djstripe_bankaccount/djstripe_owner_account_id"
  } ]
}, {
  "@id" : "urn:tr:field:postgresql/localhost/postgres/public/djstripe_bankaccount/djstripe_id",
  "http://schema.org/name" : [ {
    "@value" : "djstripe_id"
  } ],
  "http://trawler.dev/schema/core/0.1#isNullable" : [ {
    "@value" : false
  } ],
  "http://trawler.dev/schema/core/0.1#relations" : [ ],
  "http://trawler.dev/schema/core/0.1#type" : [ {
    "@value" : "BIGINT"
  } ]
}, {
  "@id" : "urn:tr:field:postgresql/localhost/postgres/public/djstripe_bankaccount/id",
  "http://schema.org/name" : [ {
    "@value" : "id"
  } ],
  "http://trawler.dev/schema/core/0.1#isNullable" : [ {
    "@value" : false
  } ],
  "http://trawler.dev/schema/core/0.1#relations" : [ ],
  "http://trawler.dev/schema/core/0.1#type" : [ {
    "@value" : "VARCHAR"
  } ]
}, {
  "@id" : "urn:tr:field:postgresql/localhost/postgres/public/djstripe_bankaccount/livemode",
  "http://schema.org/name" : [ {
    "@value" : "livemode"
  } ],
  "http://trawler.dev/schema/core/0.1#isNullable" : [ {
    "@value" : true
  } ],
  "http://trawler.dev/schema/core/0.1#relations" : [ ],
  "http://trawler.dev/schema/core/0.1#type" : [ {
    "@value" : "BOOLEAN"
  } ]
}, {
  "@id" : "urn:tr:field:postgresql/localhost/postgres/public/djstripe_bankaccount/created",
  "http://schema.org/name" : [ {
    "@value" : "created"
  } ],
  "http://trawler.dev/schema/core/0.1#isNullable" : [ {
    "@value" : true
  } ],
  "http://trawler.dev/schema/core/0.1#relations" : [ ],
  "http://trawler.dev/schema/core/0.1#type" : [ {
    "@value" : "TIMESTAMP"
  } ]
}, {
  "@id" : "urn:tr:field:postgresql/localhost/postgres/public/djstripe_bankaccount/metadata",
  "http://schema.org/name" : [ {
    "@value" : "metadata"
  } ],
  "http://trawler.dev/schema/core/0.1#isNullable" : [ {
    "@value" : true
  } ],
  "http://trawler.dev/schema/core/0.1#relations" : [ ],
  "http://trawler.dev/schema/core/0.1#type" : [ {
    "@value" : "JSONB"
  } ]
}, {
  "@id" : "urn:tr:field:postgresql/localhost/postgres/public/djstripe_bankaccount/description",
  "http://schema.org/name" : [ {
    "@value" : "description"
  } ],
  "http://trawler.dev/schema/core/0.1#isNullable" : [ {
    "@value" : true
  } ],
  "http://trawler.dev/schema/core/0.1#relations" : [ ],
  "http://trawler.dev/schema/core/0.1#type" : [ {
    "@value" : "TEXT"
  } ]
}, {
  "@id" : "urn:tr:field:postgresql/localhost/postgres/public/djstripe_bankaccount/djstripe_created",
  "http://schema.org/name" : [ {
    "@value" : "djstripe_created"
  } ],
  "http://trawler.dev/schema/core/0.1#isNullable" : [ {
    "@value" : false
  } ],
  "http://trawler.dev/schema/core/0.1#relations" : [ ],
  "http://trawler.dev/schema/core/0.1#type" : [ {
    "@value" : "TIMESTAMP"
  } ]
}, {
  "@id" : "urn:tr:field:postgresql/localhost/postgres/public/djstripe_bankaccount/djstripe_updated",
  "http://schema.org/name" : [ {
    "@value" : "djstripe_updated"
  } ],
  "http://trawler.dev/schema/core/0.1#isNullable" : [ {
    "@value" : false
  } ],
  "http://trawler.dev/schema/core/0.1#relations" : [ ],
  "http://trawler.dev/schema/core/0.1#type" : [ {
    "@value" : "TIMESTAMP"
  } ]
}, {
  "@id" : "urn:tr:field:postgresql/localhost/postgres/public/djstripe_bankaccount/account_holder_name",
  "http://schema.org/name" : [ {
    "@value" : "account_holder_name"
  } ],
  "http://trawler.dev/schema/core/0.1#isNullable" : [ {
    "@value" : false
  } ],
  "http://trawler.dev/schema/core/0.1#relations" : [ ],
  "http://trawler.dev/schema/core/0.1#type" : [ {
    "@value" : "TEXT"
  } ]
}, {
  "@id" : "urn:tr:field:postgresql/localhost/postgres/public/djstripe_bankaccount/account_holder_type",
  "http://schema.org/name" : [ {
    "@value" : "account_holder_type"
  } ],
  "http://trawler.dev/schema/core/0.1#isNullable" : [ {
    "@value" : false
  } ],
  "http://trawler.dev/schema/core/0.1#relations" : [ ],
  "http://trawler.dev/schema/core/0.1#type" : [ {
    "@value" : "VARCHAR"
  } ]
}, {
  "@id" : "urn:tr:field:postgresql/localhost/postgres/public/djstripe_bankaccount/bank_name",
  "http://schema.org/name" : [ {
    "@value" : "bank_name"
  } ],
  "http://trawler.dev/schema/core/0.1#isNullable" : [ {
    "@value" : false
  } ],
  "http://trawler.dev/schema/core/0.1#relations" : [ ],
  "http://trawler.dev/schema/core/0.1#type" : [ {
    "@value" : "VARCHAR"
  } ]
}, {
  "@id" : "urn:tr:field:postgresql/localhost/postgres/public/djstripe_bankaccount/country",
  "http://schema.org/name" : [ {
    "@value" : "country"
  } ],
  "http://trawler.dev/schema/core/0.1#isNullable" : [ {
    "@value" : false
  } ],
  "http://trawler.dev/schema/core/0.1#relations" : [ ],
  "http://trawler.dev/schema/core/0.1#type" : [ {
    "@value" : "VARCHAR"
  } ]
}, {
  "@id" : "urn:tr:field:postgresql/localhost/postgres/public/djstripe_bankaccount/currency",
  "http://schema.org/name" : [ {
    "@value" : "currency"
  } ],
  "http://trawler.dev/schema/core/0.1#isNullable" : [ {
    "@value" : false
  } ],
  "http://trawler.dev/schema/core/0.1#relations" : [ ],
  "http://trawler.dev/schema/core/0.1#type" : [ {
    "@value" : "VARCHAR"
  } ]
}, {
  "@id" : "urn:tr:field:postgresql/localhost/postgres/public/djstripe_bankaccount/default_for_currency",
  "http://schema.org/name" : [ {
    "@value" : "default_for_currency"
  } ],
  "http://trawler.dev/schema/core/0.1#isNullable" : [ {
    "@value" : true
  } ],
  "http://trawler.dev/schema/core/0.1#relations" : [ ],
  "http://trawler.dev/schema/core/0.1#type" : [ {
    "@value" : "BOOLEAN"
  } ]
}, {
  "@id" : "urn:tr:field:postgresql/localhost/postgres/public/djstripe_bankaccount/fingerprint",
  "http://schema.org/name" : [ {
    "@value" : "fingerprint"
  } ],
  "http://trawler.dev/schema/core/0.1#isNullable" : [ {
    "@value" : false
  } ],
  "http://trawler.dev/schema/core/0.1#relations" : [ ],
  "http://trawler.dev/schema/core/0.1#type" : [ {
    "@value" : "VARCHAR"
  } ]
}, {
  "@id" : "urn:tr:field:postgresql/localhost/postgres/public/djstripe_bankaccount/last4",
  "http://schema.org/name" : [ {
    "@value" : "last4"
  } ],
  "http://trawler.dev/schema/core/0.1#isNullable" : [ {
    "@value" : false
  } ],
  "http://trawler.dev/schema/core/0.1#relations" : [ ],
  "http://trawler.dev/schema/core/0.1#type" : [ {
    "@value" : "VARCHAR"
  } ]
}, {
  "@id" : "urn:tr:field:postgresql/localhost/postgres/public/djstripe_bankaccount/routing_number",
  "http://schema.org/name" : [ {
    "@value" : "routing_number"
  } ],
  "http://trawler.dev/schema/core/0.1#isNullable" : [ {
    "@value" : false
  } ],
  "http://trawler.dev/schema/core/0.1#relations" : [ ],
  "http://trawler.dev/schema/core/0.1#type" : [ {
    "@value" : "VARCHAR"
  } ]
}, {
  "@id" : "urn:tr:field:postgresql/localhost/postgres/public/djstripe_bankaccount/status",
  "http://schema.org/name" : [ {
    "@value" : "status"
  } ],
  "http://trawler.dev/schema/core/0.1#isNullable" : [ {
    "@value" : false
  } ],
  "http://trawler.dev/schema/core/0.1#relations" : [ ],
  "http://trawler.dev/schema/core/0.1#type" : [ {
    "@value" : "VARCHAR"
  } ]
}, {
  "@id" : "urn:tr:field:postgresql/localhost/postgres/public/djstripe_bankaccount/account_id",
  "http://schema.org/name" : [ {
    "@value" : "account_id"
  } ],
  "http://trawler.dev/schema/core/0.1#isNullable" : [ {
    "@value" : true
  } ],
  "http://trawler.dev/schema/core/0.1#relations" : [ {
    "@value" : "urn:tr:constraint:postgresql/localhost/postgres/public/djstripe_bankaccount/djstripe_bankaccount_account_id_5434506d_fk_djstripe_account_id"
  } ],
  "http://trawler.dev/schema/core/0.1#type" : [ {
    "@value" : "VARCHAR"
  } ]
}, {
  "@id" : "urn:tr:field:postgresql/localhost/postgres/public/djstripe_bankaccount/customer_id",
  "http://schema.org/name" : [ {
    "@value" : "customer_id"
  } ],
  "http://trawler.dev/schema/core/0.1#isNullable" : [ {
    "@value" : true
  } ],
  "http://trawler.dev/schema/core/0.1#relations" : [ {
    "@value" : "urn:tr:constraint:postgresql/localhost/postgres/public/djstripe_bankaccount/djstripe_bankaccount_customer_id_0f696e1d_fk_djstripe_"
  } ],
  "http://trawler.dev/schema/core/0.1#type" : [ {
    "@value" : "VARCHAR"
  } ]
}, {
  "@id" : "urn:tr:field:postgresql/localhost/postgres/public/djstripe_bankaccount/djstripe_owner_account_id",
  "http://schema.org/name" : [ {
    "@value" : "djstripe_owner_account_id"
  } ],
  "http://trawler.dev/schema/core/0.1#isNullable" : [ {
    "@value" : true
  } ],
  "http://trawler.dev/schema/core/0.1#relations" : [ {
    "@value" : "urn:tr:constraint:postgresql/localhost/postgres/public/djstripe_bankaccount/djstripe_bankaccount_djstripe_owner_accou_7c978af8_fk_djstripe_"
  } ],
  "http://trawler.dev/schema/core/0.1#type" : [ {
    "@value" : "VARCHAR"
  } ]
}, {
  "@id" : "urn:tr:constraint:postgresql/localhost/postgres/public/djstripe_bankaccount/djstripe_bankaccount_account_id_5434506d_fk_djstripe_account_id",
  "@type" : [ "tr:Constraint" ],
  "tr:hasFields" : [ {
    "@id" : "urn:tr:column:postgresql/localhost/postgres/public/djstripe_account/id"
  } ]
}, {
  "@id" : "urn:tr:constraint:postgresql/localhost/postgres/public/djstripe_bankaccount/djstripe_bankaccount_customer_id_0f696e1d_fk_djstripe_",
  "@type" : [ "tr:Constraint" ],
  "tr:hasFields" : [ {
    "@id" : "urn:tr:column:postgresql/localhost/postgres/public/djstripe_customer/id"
  } ]
}, {
  "@id" : "urn:tr:constraint:postgresql/localhost/postgres/public/djstripe_bankaccount/djstripe_bankaccount_djstripe_owner_accou_7c978af8_fk_djstripe_",
  "@type" : [ "tr:Constraint" ],
  "tr:hasFields" : [ {
    "@id" : "urn:tr:column:postgresql/localhost/postgres/public/djstripe_account/id"
  } ]
}, {
  "@id" : "urn:tr:table:postgresql/localhost/postgres/public/djstripe_dispute",
  "@type" : [ "http://trawler.dev/schema/core/0.1#Table" ],
  "http://schema.org/name" : [ {
    "@value" : "djstripe_dispute"
  } ],
  "http://trawler.dev/schema/core/0.1#hasFields" : [ {
    "@id" : "urn:tr:field:postgresql/localhost/postgres/public/djstripe_dispute/djstripe_id"
  }, {
    "@id" : "urn:tr:field:postgresql/localhost/postgres/public/djstripe_dispute/id"
  }, {
    "@id" : "urn:tr:field:postgresql/localhost/postgres/public/djstripe_dispute/livemode"
  }, {
    "@id" : "urn:tr:field:postgresql/localhost/postgres/public/djstripe_dispute/created"
  }, {
    "@id" : "urn:tr:field:postgresql/localhost/postgres/public/djstripe_dispute/metadata"
  }, {
    "@id" : "urn:tr:field:postgresql/localhost/postgres/public/djstripe_dispute/description"
  }, {
    "@id" : "urn:tr:field:postgresql/localhost/postgres/public/djstripe_dispute/djstripe_created"
  }, {
    "@id" : "urn:tr:field:postgresql/localhost/postgres/public/djstripe_dispute/djstripe_updated"
  }, {
    "@id" : "urn:tr:field:postgresql/localhost/postgres/public/djstripe_dispute/amount"
  }, {
    "@id" : "urn:tr:field:postgresql/localhost/postgres/public/djstripe_dispute/currency"
  }, {
    "@id" : "urn:tr:field:postgresql/localhost/postgres/public/djstripe_dispute/evidence"
  }, {
    "@id" : "urn:tr:field:postgresql/localhost/postgres/public/djstripe_dispute/evidence_details"
  }, {
    "@id" : "urn:tr:field:postgresql/localhost/postgres/public/djstripe_dispute/is_charge_refundable"
  }, {
    "@id" : "urn:tr:field:postgresql/localhost/postgres/public/djstripe_dispute/reason"
  }, {
    "@id" : "urn:tr:field:postgresql/localhost/postgres/public/djstripe_dispute/status"
  }, {
    "@id" : "urn:tr:field:postgresql/localhost/postgres/public/djstripe_dispute/djstripe_owner_account_id"
  } ]
}, {
  "@id" : "urn:tr:field:postgresql/localhost/postgres/public/djstripe_dispute/djstripe_id",
  "http://schema.org/name" : [ {
    "@value" : "djstripe_id"
  } ],
  "http://trawler.dev/schema/core/0.1#isNullable" : [ {
    "@value" : false
  } ],
  "http://trawler.dev/schema/core/0.1#relations" : [ ],
  "http://trawler.dev/schema/core/0.1#type" : [ {
    "@value" : "BIGINT"
  } ]
}, {
  "@id" : "urn:tr:field:postgresql/localhost/postgres/public/djstripe_dispute/id",
  "http://schema.org/name" : [ {
    "@value" : "id"
  } ],
  "http://trawler.dev/schema/core/0.1#isNullable" : [ {
    "@value" : false
  } ],
  "http://trawler.dev/schema/core/0.1#relations" : [ ],
  "http://trawler.dev/schema/core/0.1#type" : [ {
    "@value" : "VARCHAR"
  } ]
}, {
  "@id" : "urn:tr:field:postgresql/localhost/postgres/public/djstripe_dispute/livemode",
  "http://schema.org/name" : [ {
    "@value" : "livemode"
  } ],
  "http://trawler.dev/schema/core/0.1#isNullable" : [ {
    "@value" : true
  } ],
  "http://trawler.dev/schema/core/0.1#relations" : [ ],
  "http://trawler.dev/schema/core/0.1#type" : [ {
    "@value" : "BOOLEAN"
  } ]
}, {
  "@id" : "urn:tr:field:postgresql/localhost/postgres/public/djstripe_dispute/created",
  "http://schema.org/name" : [ {
    "@value" : "created"
  } ],
  "http://trawler.dev/schema/core/0.1#isNullable" : [ {
    "@value" : true
  } ],
  "http://trawler.dev/schema/core/0.1#relations" : [ ],
  "http://trawler.dev/schema/core/0.1#type" : [ {
    "@value" : "TIMESTAMP"
  } ]
}, {
  "@id" : "urn:tr:field:postgresql/localhost/postgres/public/djstripe_dispute/metadata",
  "http://schema.org/name" : [ {
    "@value" : "metadata"
  } ],
  "http://trawler.dev/schema/core/0.1#isNullable" : [ {
    "@value" : true
  } ],
  "http://trawler.dev/schema/core/0.1#relations" : [ ],
  "http://trawler.dev/schema/core/0.1#type" : [ {
    "@value" : "JSONB"
  } ]
}, {
  "@id" : "urn:tr:field:postgresql/localhost/postgres/public/djstripe_dispute/description",
  "http://schema.org/name" : [ {
    "@value" : "description"
  } ],
  "http://trawler.dev/schema/core/0.1#isNullable" : [ {
    "@value" : true
  } ],
  "http://trawler.dev/schema/core/0.1#relations" : [ ],
  "http://trawler.dev/schema/core/0.1#type" : [ {
    "@value" : "TEXT"
  } ]
}, {
  "@id" : "urn:tr:field:postgresql/localhost/postgres/public/djstripe_dispute/djstripe_created",
  "http://schema.org/name" : [ {
    "@value" : "djstripe_created"
  } ],
  "http://trawler.dev/schema/core/0.1#isNullable" : [ {
    "@value" : false
  } ],
  "http://trawler.dev/schema/core/0.1#relations" : [ ],
  "http://trawler.dev/schema/core/0.1#type" : [ {
    "@value" : "TIMESTAMP"
  } ]
}, {
  "@id" : "urn:tr:field:postgresql/localhost/postgres/public/djstripe_dispute/djstripe_updated",
  "http://schema.org/name" : [ {
    "@value" : "djstripe_updated"
  } ],
  "http://trawler.dev/schema/core/0.1#isNullable" : [ {
    "@value" : false
  } ],
  "http://trawler.dev/schema/core/0.1#relations" : [ ],
  "http://trawler.dev/schema/core/0.1#type" : [ {
    "@value" : "TIMESTAMP"
  } ]
}, {
  "@id" : "urn:tr:field:postgresql/localhost/postgres/public/djstripe_dispute/amount",
  "http://schema.org/name" : [ {
    "@value" : "amount"
  } ],
  "http://trawler.dev/schema/core/0.1#isNullable" : [ {
    "@value" : false
  } ],
  "http://trawler.dev/schema/core/0.1#relations" : [ ],
  "http://trawler.dev/schema/core/0.1#type" : [ {
    "@value" : "BIGINT"
  } ]
}, {
  "@id" : "urn:tr:field:postgresql/localhost/postgres/public/djstripe_dispute/currency",
  "http://schema.org/name" : [ {
    "@value" : "currency"
  } ],
  "http://trawler.dev/schema/core/0.1#isNullable" : [ {
    "@value" : false
  } ],
  "http://trawler.dev/schema/core/0.1#relations" : [ ],
  "http://trawler.dev/schema/core/0.1#type" : [ {
    "@value" : "VARCHAR"
  } ]
}, {
  "@id" : "urn:tr:field:postgresql/localhost/postgres/public/djstripe_dispute/evidence",
  "http://schema.org/name" : [ {
    "@value" : "evidence"
  } ],
  "http://trawler.dev/schema/core/0.1#isNullable" : [ {
    "@value" : false
  } ],
  "http://trawler.dev/schema/core/0.1#relations" : [ ],
  "http://trawler.dev/schema/core/0.1#type" : [ {
    "@value" : "JSONB"
  } ]
}, {
  "@id" : "urn:tr:field:postgresql/localhost/postgres/public/djstripe_dispute/evidence_details",
  "http://schema.org/name" : [ {
    "@value" : "evidence_details"
  } ],
  "http://trawler.dev/schema/core/0.1#isNullable" : [ {
    "@value" : false
  } ],
  "http://trawler.dev/schema/core/0.1#relations" : [ ],
  "http://trawler.dev/schema/core/0.1#type" : [ {
    "@value" : "JSONB"
  } ]
}, {
  "@id" : "urn:tr:field:postgresql/localhost/postgres/public/djstripe_dispute/is_charge_refundable",
  "http://schema.org/name" : [ {
    "@value" : "is_charge_refundable"
  } ],
  "http://trawler.dev/schema/core/0.1#isNullable" : [ {
    "@value" : false
  } ],
  "http://trawler.dev/schema/core/0.1#relations" : [ ],
  "http://trawler.dev/schema/core/0.1#type" : [ {
    "@value" : "BOOLEAN"
  } ]
}, {
  "@id" : "urn:tr:field:postgresql/localhost/postgres/public/djstripe_dispute/reason",
  "http://schema.org/name" : [ {
    "@value" : "reason"
  } ],
  "http://trawler.dev/schema/core/0.1#isNullable" : [ {
    "@value" : false
  } ],
  "http://trawler.dev/schema/core/0.1#relations" : [ ],
  "http://trawler.dev/schema/core/0.1#type" : [ {
    "@value" : "VARCHAR"
  } ]
}, {
  "@id" : "urn:tr:field:postgresql/localhost/postgres/public/djstripe_dispute/status",
  "http://schema.org/name" : [ {
    "@value" : "status"
  } ],
  "http://trawler.dev/schema/core/0.1#isNullable" : [ {
    "@value" : false
  } ],
  "http://trawler.dev/schema/core/0.1#relations" : [ ],
  "http://trawler.dev/schema/core/0.1#type" : [ {
    "@value" : "VARCHAR"
  } ]
}, {
  "@id" : "urn:tr:field:postgresql/localhost/postgres/public/djstripe_dispute/djstripe_owner_account_id",
  "http://schema.org/name" : [ {
    "@value" : "djstripe_owner_account_id"
  } ],
  "http://trawler.dev/schema/core/0.1#isNullable" : [ {
    "@value" : true
  } ],
  "http://trawler.dev/schema/core/0.1#relations" : [ {
    "@value" : "urn:tr:constraint:postgresql/localhost/postgres/public/djstripe_dispute/djstripe_dispute_djstripe_owner_accou_8010e2d7_fk_djstripe_"
  } ],
  "http://trawler.dev/schema/core/0.1#type" : [ {
    "@value" : "VARCHAR"
  } ]
}, {
  "@id" : "urn:tr:constraint:postgresql/localhost/postgres/public/djstripe_dispute/djstripe_dispute_djstripe_owner_accou_8010e2d7_fk_djstripe_",
  "@type" : [ "tr:Constraint" ],
  "tr:hasFields" : [ {
    "@id" : "urn:tr:column:postgresql/localhost/postgres/public/djstripe_account/id"
  } ]
}, {
  "@id" : "urn:tr:table:postgresql/localhost/postgres/public/djstripe_product",
  "@type" : [ "http://trawler.dev/schema/core/0.1#Table" ],
  "http://schema.org/name" : [ {
    "@value" : "djstripe_product"
  } ],
  "http://trawler.dev/schema/core/0.1#hasFields" : [ {
    "@id" : "urn:tr:field:postgresql/localhost/postgres/public/djstripe_product/djstripe_id"
  }, {
    "@id" : "urn:tr:field:postgresql/localhost/postgres/public/djstripe_product/id"
  }, {
    "@id" : "urn:tr:field:postgresql/localhost/postgres/public/djstripe_product/livemode"
  }, {
    "@id" : "urn:tr:field:postgresql/localhost/postgres/public/djstripe_product/created"
  }, {
    "@id" : "urn:tr:field:postgresql/localhost/postgres/public/djstripe_product/metadata"
  }, {
    "@id" : "urn:tr:field:postgresql/localhost/postgres/public/djstripe_product/description"
  }, {
    "@id" : "urn:tr:field:postgresql/localhost/postgres/public/djstripe_product/djstripe_created"
  }, {
    "@id" : "urn:tr:field:postgresql/localhost/postgres/public/djstripe_product/djstripe_updated"
  }, {
    "@id" : "urn:tr:field:postgresql/localhost/postgres/public/djstripe_product/name"
  }, {
    "@id" : "urn:tr:field:postgresql/localhost/postgres/public/djstripe_product/type"
  }, {
    "@id" : "urn:tr:field:postgresql/localhost/postgres/public/djstripe_product/active"
  }, {
    "@id" : "urn:tr:field:postgresql/localhost/postgres/public/djstripe_product/attributes"
  }, {
    "@id" : "urn:tr:field:postgresql/localhost/postgres/public/djstripe_product/caption"
  }, {
    "@id" : "urn:tr:field:postgresql/localhost/postgres/public/djstripe_product/deactivate_on"
  }, {
    "@id" : "urn:tr:field:postgresql/localhost/postgres/public/djstripe_product/images"
  }, {
    "@id" : "urn:tr:field:postgresql/localhost/postgres/public/djstripe_product/package_dimensions"
  }, {
    "@id" : "urn:tr:field:postgresql/localhost/postgres/public/djstripe_product/shippable"
  }, {
    "@id" : "urn:tr:field:postgresql/localhost/postgres/public/djstripe_product/url"
  }, {
    "@id" : "urn:tr:field:postgresql/localhost/postgres/public/djstripe_product/statement_descriptor"
  }, {
    "@id" : "urn:tr:field:postgresql/localhost/postgres/public/djstripe_product/unit_label"
  }, {
    "@id" : "urn:tr:field:postgresql/localhost/postgres/public/djstripe_product/djstripe_owner_account_id"
  } ]
}, {
  "@id" : "urn:tr:field:postgresql/localhost/postgres/public/djstripe_product/djstripe_id",
  "http://schema.org/name" : [ {
    "@value" : "djstripe_id"
  } ],
  "http://trawler.dev/schema/core/0.1#isNullable" : [ {
    "@value" : false
  } ],
  "http://trawler.dev/schema/core/0.1#relations" : [ ],
  "http://trawler.dev/schema/core/0.1#type" : [ {
    "@value" : "BIGINT"
  } ]
}, {
  "@id" : "urn:tr:field:postgresql/localhost/postgres/public/djstripe_product/id",
  "http://schema.org/name" : [ {
    "@value" : "id"
  } ],
  "http://trawler.dev/schema/core/0.1#isNullable" : [ {
    "@value" : false
  } ],
  "http://trawler.dev/schema/core/0.1#relations" : [ ],
  "http://trawler.dev/schema/core/0.1#type" : [ {
    "@value" : "VARCHAR"
  } ]
}, {
  "@id" : "urn:tr:field:postgresql/localhost/postgres/public/djstripe_product/livemode",
  "http://schema.org/name" : [ {
    "@value" : "livemode"
  } ],
  "http://trawler.dev/schema/core/0.1#isNullable" : [ {
    "@value" : true
  } ],
  "http://trawler.dev/schema/core/0.1#relations" : [ ],
  "http://trawler.dev/schema/core/0.1#type" : [ {
    "@value" : "BOOLEAN"
  } ]
}, {
  "@id" : "urn:tr:field:postgresql/localhost/postgres/public/djstripe_product/created",
  "http://schema.org/name" : [ {
    "@value" : "created"
  } ],
  "http://trawler.dev/schema/core/0.1#isNullable" : [ {
    "@value" : true
  } ],
  "http://trawler.dev/schema/core/0.1#relations" : [ ],
  "http://trawler.dev/schema/core/0.1#type" : [ {
    "@value" : "TIMESTAMP"
  } ]
}, {
  "@id" : "urn:tr:field:postgresql/localhost/postgres/public/djstripe_product/metadata",
  "http://schema.org/name" : [ {
    "@value" : "metadata"
  } ],
  "http://trawler.dev/schema/core/0.1#isNullable" : [ {
    "@value" : true
  } ],
  "http://trawler.dev/schema/core/0.1#relations" : [ ],
  "http://trawler.dev/schema/core/0.1#type" : [ {
    "@value" : "JSONB"
  } ]
}, {
  "@id" : "urn:tr:field:postgresql/localhost/postgres/public/djstripe_product/description",
  "http://schema.org/name" : [ {
    "@value" : "description"
  } ],
  "http://trawler.dev/schema/core/0.1#isNullable" : [ {
    "@value" : true
  } ],
  "http://trawler.dev/schema/core/0.1#relations" : [ ],
  "http://trawler.dev/schema/core/0.1#type" : [ {
    "@value" : "TEXT"
  } ]
}, {
  "@id" : "urn:tr:field:postgresql/localhost/postgres/public/djstripe_product/djstripe_created",
  "http://schema.org/name" : [ {
    "@value" : "djstripe_created"
  } ],
  "http://trawler.dev/schema/core/0.1#isNullable" : [ {
    "@value" : false
  } ],
  "http://trawler.dev/schema/core/0.1#relations" : [ ],
  "http://trawler.dev/schema/core/0.1#type" : [ {
    "@value" : "TIMESTAMP"
  } ]
}, {
  "@id" : "urn:tr:field:postgresql/localhost/postgres/public/djstripe_product/djstripe_updated",
  "http://schema.org/name" : [ {
    "@value" : "djstripe_updated"
  } ],
  "http://trawler.dev/schema/core/0.1#isNullable" : [ {
    "@value" : false
  } ],
  "http://trawler.dev/schema/core/0.1#relations" : [ ],
  "http://trawler.dev/schema/core/0.1#type" : [ {
    "@value" : "TIMESTAMP"
  } ]
}, {
  "@id" : "urn:tr:field:postgresql/localhost/postgres/public/djstripe_product/name",
  "http://schema.org/name" : [ {
    "@value" : "name"
  } ],
  "http://trawler.dev/schema/core/0.1#isNullable" : [ {
    "@value" : false
  } ],
  "http://trawler.dev/schema/core/0.1#relations" : [ ],
  "http://trawler.dev/schema/core/0.1#type" : [ {
    "@value" : "TEXT"
  } ]
}, {
  "@id" : "urn:tr:field:postgresql/localhost/postgres/public/djstripe_product/type",
  "http://schema.org/name" : [ {
    "@value" : "type"
  } ],
  "http://trawler.dev/schema/core/0.1#isNullable" : [ {
    "@value" : false
  } ],
  "http://trawler.dev/schema/core/0.1#relations" : [ ],
  "http://trawler.dev/schema/core/0.1#type" : [ {
    "@value" : "VARCHAR"
  } ]
}, {
  "@id" : "urn:tr:field:postgresql/localhost/postgres/public/djstripe_product/active",
  "http://schema.org/name" : [ {
    "@value" : "active"
  } ],
  "http://trawler.dev/schema/core/0.1#isNullable" : [ {
    "@value" : true
  } ],
  "http://trawler.dev/schema/core/0.1#relations" : [ ],
  "http://trawler.dev/schema/core/0.1#type" : [ {
    "@value" : "BOOLEAN"
  } ]
}, {
  "@id" : "urn:tr:field:postgresql/localhost/postgres/public/djstripe_product/attributes",
  "http://schema.org/name" : [ {
    "@value" : "attributes"
  } ],
  "http://trawler.dev/schema/core/0.1#isNullable" : [ {
    "@value" : true
  } ],
  "http://trawler.dev/schema/core/0.1#relations" : [ ],
  "http://trawler.dev/schema/core/0.1#type" : [ {
    "@value" : "JSONB"
  } ]
}, {
  "@id" : "urn:tr:field:postgresql/localhost/postgres/public/djstripe_product/caption",
  "http://schema.org/name" : [ {
    "@value" : "caption"
  } ],
  "http://trawler.dev/schema/core/0.1#isNullable" : [ {
    "@value" : false
  } ],
  "http://trawler.dev/schema/core/0.1#relations" : [ ],
  "http://trawler.dev/schema/core/0.1#type" : [ {
    "@value" : "TEXT"
  } ]
}, {
  "@id" : "urn:tr:field:postgresql/localhost/postgres/public/djstripe_product/deactivate_on",
  "http://schema.org/name" : [ {
    "@value" : "deactivate_on"
  } ],
  "http://trawler.dev/schema/core/0.1#isNullable" : [ {
    "@value" : true
  } ],
  "http://trawler.dev/schema/core/0.1#relations" : [ ],
  "http://trawler.dev/schema/core/0.1#type" : [ {
    "@value" : "JSONB"
  } ]
}, {
  "@id" : "urn:tr:field:postgresql/localhost/postgres/public/djstripe_product/images",
  "http://schema.org/name" : [ {
    "@value" : "images"
  } ],
  "http://trawler.dev/schema/core/0.1#isNullable" : [ {
    "@value" : true
  } ],
  "http://trawler.dev/schema/core/0.1#relations" : [ ],
  "http://trawler.dev/schema/core/0.1#type" : [ {
    "@value" : "JSONB"
  } ]
}, {
  "@id" : "urn:tr:field:postgresql/localhost/postgres/public/djstripe_product/package_dimensions",
  "http://schema.org/name" : [ {
    "@value" : "package_dimensions"
  } ],
  "http://trawler.dev/schema/core/0.1#isNullable" : [ {
    "@value" : true
  } ],
  "http://trawler.dev/schema/core/0.1#relations" : [ ],
  "http://trawler.dev/schema/core/0.1#type" : [ {
    "@value" : "JSONB"
  } ]
}, {
  "@id" : "urn:tr:field:postgresql/localhost/postgres/public/djstripe_product/shippable",
  "http://schema.org/name" : [ {
    "@value" : "shippable"
  } ],
  "http://trawler.dev/schema/core/0.1#isNullable" : [ {
    "@value" : true
  } ],
  "http://trawler.dev/schema/core/0.1#relations" : [ ],
  "http://trawler.dev/schema/core/0.1#type" : [ {
    "@value" : "BOOLEAN"
  } ]
}, {
  "@id" : "urn:tr:field:postgresql/localhost/postgres/public/djstripe_product/url",
  "http://schema.org/name" : [ {
    "@value" : "url"
  } ],
  "http://trawler.dev/schema/core/0.1#isNullable" : [ {
    "@value" : true
  } ],
  "http://trawler.dev/schema/core/0.1#relations" : [ ],
  "http://trawler.dev/schema/core/0.1#type" : [ {
    "@value" : "VARCHAR"
  } ]
}, {
  "@id" : "urn:tr:field:postgresql/localhost/postgres/public/djstripe_product/statement_descriptor",
  "http://schema.org/name" : [ {
    "@value" : "statement_descriptor"
  } ],
  "http://trawler.dev/schema/core/0.1#isNullable" : [ {
    "@value" : false
  } ],
  "http://trawler.dev/schema/core/0.1#relations" : [ ],
  "http://trawler.dev/schema/core/0.1#type" : [ {
    "@value" : "VARCHAR"
  } ]
}, {
  "@id" : "urn:tr:field:postgresql/localhost/postgres/public/djstripe_product/unit_label",
  "http://schema.org/name" : [ {
    "@value" : "unit_label"
  } ],
  "http://trawler.dev/schema/core/0.1#isNullable" : [ {
    "@value" : false
  } ],
  "http://trawler.dev/schema/core/0.1#relations" : [ ],
  "http://trawler.dev/schema/core/0.1#type" : [ {
    "@value" : "VARCHAR"
  } ]
}, {
  "@id" : "urn:tr:field:postgresql/localhost/postgres/public/djstripe_product/djstripe_owner_account_id",
  "http://schema.org/name" : [ {
    "@value" : "djstripe_owner_account_id"
  } ],
  "http://trawler.dev/schema/core/0.1#isNullable" : [ {
    "@value" : true
  } ],
  "http://trawler.dev/schema/core/0.1#relations" : [ {
    "@value" : "urn:tr:constraint:postgresql/localhost/postgres/public/djstripe_product/djstripe_product_djstripe_owner_accou_6c90c2b6_fk_djstripe_"
  } ],
  "http://trawler.dev/schema/core/0.1#type" : [ {
    "@value" : "VARCHAR"
  } ]
}, {
  "@id" : "urn:tr:constraint:postgresql/localhost/postgres/public/djstripe_product/djstripe_product_djstripe_owner_accou_6c90c2b6_fk_djstripe_",
  "@type" : [ "tr:Constraint" ],
  "tr:hasFields" : [ {
    "@id" : "urn:tr:column:postgresql/localhost/postgres/public/djstripe_account/id"
  } ]
}, {
  "@id" : "urn:tr:table:postgresql/localhost/postgres/public/djstripe_idempotencykey",
  "@type" : [ "http://trawler.dev/schema/core/0.1#Table" ],
  "http://schema.org/name" : [ {
    "@value" : "djstripe_idempotencykey"
  } ],
  "http://trawler.dev/schema/core/0.1#hasFields" : [ {
    "@id" : "urn:tr:field:postgresql/localhost/postgres/public/djstripe_idempotencykey/uuid"
  }, {
    "@id" : "urn:tr:field:postgresql/localhost/postgres/public/djstripe_idempotencykey/action"
  }, {
    "@id" : "urn:tr:field:postgresql/localhost/postgres/public/djstripe_idempotencykey/livemode"
  }, {
    "@id" : "urn:tr:field:postgresql/localhost/postgres/public/djstripe_idempotencykey/created"
  } ]
}, {
  "@id" : "urn:tr:field:postgresql/localhost/postgres/public/djstripe_idempotencykey/uuid",
  "http://schema.org/name" : [ {
    "@value" : "uuid"
  } ],
  "http://trawler.dev/schema/core/0.1#isNullable" : [ {
    "@value" : false
  } ],
  "http://trawler.dev/schema/core/0.1#relations" : [ ],
  "http://trawler.dev/schema/core/0.1#type" : [ {
    "@value" : "UUID"
  } ]
}, {
  "@id" : "urn:tr:field:postgresql/localhost/postgres/public/djstripe_idempotencykey/action",
  "http://schema.org/name" : [ {
    "@value" : "action"
  } ],
  "http://trawler.dev/schema/core/0.1#isNullable" : [ {
    "@value" : false
  } ],
  "http://trawler.dev/schema/core/0.1#relations" : [ ],
  "http://trawler.dev/schema/core/0.1#type" : [ {
    "@value" : "VARCHAR"
  } ]
}, {
  "@id" : "urn:tr:field:postgresql/localhost/postgres/public/djstripe_idempotencykey/livemode",
  "http://schema.org/name" : [ {
    "@value" : "livemode"
  } ],
  "http://trawler.dev/schema/core/0.1#isNullable" : [ {
    "@value" : false
  } ],
  "http://trawler.dev/schema/core/0.1#relations" : [ ],
  "http://trawler.dev/schema/core/0.1#type" : [ {
    "@value" : "BOOLEAN"
  } ]
}, {
  "@id" : "urn:tr:field:postgresql/localhost/postgres/public/djstripe_idempotencykey/created",
  "http://schema.org/name" : [ {
    "@value" : "created"
  } ],
  "http://trawler.dev/schema/core/0.1#isNullable" : [ {
    "@value" : false
  } ],
  "http://trawler.dev/schema/core/0.1#relations" : [ ],
  "http://trawler.dev/schema/core/0.1#type" : [ {
    "@value" : "TIMESTAMP"
  } ]
}, {
  "@id" : "urn:tr:table:postgresql/localhost/postgres/public/djstripe_countryspec",
  "@type" : [ "http://trawler.dev/schema/core/0.1#Table" ],
  "http://schema.org/name" : [ {
    "@value" : "djstripe_countryspec"
  } ],
  "http://trawler.dev/schema/core/0.1#hasFields" : [ {
    "@id" : "urn:tr:field:postgresql/localhost/postgres/public/djstripe_countryspec/djstripe_created"
  }, {
    "@id" : "urn:tr:field:postgresql/localhost/postgres/public/djstripe_countryspec/djstripe_updated"
  }, {
    "@id" : "urn:tr:field:postgresql/localhost/postgres/public/djstripe_countryspec/id"
  }, {
    "@id" : "urn:tr:field:postgresql/localhost/postgres/public/djstripe_countryspec/default_currency"
  }, {
    "@id" : "urn:tr:field:postgresql/localhost/postgres/public/djstripe_countryspec/supported_bank_account_currencies"
  }, {
    "@id" : "urn:tr:field:postgresql/localhost/postgres/public/djstripe_countryspec/supported_payment_currencies"
  }, {
    "@id" : "urn:tr:field:postgresql/localhost/postgres/public/djstripe_countryspec/supported_payment_methods"
  }, {
    "@id" : "urn:tr:field:postgresql/localhost/postgres/public/djstripe_countryspec/supported_transfer_countries"
  }, {
    "@id" : "urn:tr:field:postgresql/localhost/postgres/public/djstripe_countryspec/verification_fields"
  }, {
    "@id" : "urn:tr:field:postgresql/localhost/postgres/public/djstripe_countryspec/djstripe_owner_account_id"
  } ]
}, {
  "@id" : "urn:tr:field:postgresql/localhost/postgres/public/djstripe_countryspec/djstripe_created",
  "http://schema.org/name" : [ {
    "@value" : "djstripe_created"
  } ],
  "http://trawler.dev/schema/core/0.1#isNullable" : [ {
    "@value" : false
  } ],
  "http://trawler.dev/schema/core/0.1#relations" : [ ],
  "http://trawler.dev/schema/core/0.1#type" : [ {
    "@value" : "TIMESTAMP"
  } ]
}, {
  "@id" : "urn:tr:field:postgresql/localhost/postgres/public/djstripe_countryspec/djstripe_updated",
  "http://schema.org/name" : [ {
    "@value" : "djstripe_updated"
  } ],
  "http://trawler.dev/schema/core/0.1#isNullable" : [ {
    "@value" : false
  } ],
  "http://trawler.dev/schema/core/0.1#relations" : [ ],
  "http://trawler.dev/schema/core/0.1#type" : [ {
    "@value" : "TIMESTAMP"
  } ]
}, {
  "@id" : "urn:tr:field:postgresql/localhost/postgres/public/djstripe_countryspec/id",
  "http://schema.org/name" : [ {
    "@value" : "id"
  } ],
  "http://trawler.dev/schema/core/0.1#isNullable" : [ {
    "@value" : false
  } ],
  "http://trawler.dev/schema/core/0.1#relations" : [ ],
  "http://trawler.dev/schema/core/0.1#type" : [ {
    "@value" : "VARCHAR"
  } ]
}, {
  "@id" : "urn:tr:field:postgresql/localhost/postgres/public/djstripe_countryspec/default_currency",
  "http://schema.org/name" : [ {
    "@value" : "default_currency"
  } ],
  "http://trawler.dev/schema/core/0.1#isNullable" : [ {
    "@value" : false
  } ],
  "http://trawler.dev/schema/core/0.1#relations" : [ ],
  "http://trawler.dev/schema/core/0.1#type" : [ {
    "@value" : "VARCHAR"
  } ]
}, {
  "@id" : "urn:tr:field:postgresql/localhost/postgres/public/djstripe_countryspec/supported_bank_account_currencies",
  "http://schema.org/name" : [ {
    "@value" : "supported_bank_account_currencies"
  } ],
  "http://trawler.dev/schema/core/0.1#isNullable" : [ {
    "@value" : false
  } ],
  "http://trawler.dev/schema/core/0.1#relations" : [ ],
  "http://trawler.dev/schema/core/0.1#type" : [ {
    "@value" : "JSONB"
  } ]
}, {
  "@id" : "urn:tr:field:postgresql/localhost/postgres/public/djstripe_countryspec/supported_payment_currencies",
  "http://schema.org/name" : [ {
    "@value" : "supported_payment_currencies"
  } ],
  "http://trawler.dev/schema/core/0.1#isNullable" : [ {
    "@value" : false
  } ],
  "http://trawler.dev/schema/core/0.1#relations" : [ ],
  "http://trawler.dev/schema/core/0.1#type" : [ {
    "@value" : "JSONB"
  } ]
}, {
  "@id" : "urn:tr:field:postgresql/localhost/postgres/public/djstripe_countryspec/supported_payment_methods",
  "http://schema.org/name" : [ {
    "@value" : "supported_payment_methods"
  } ],
  "http://trawler.dev/schema/core/0.1#isNullable" : [ {
    "@value" : false
  } ],
  "http://trawler.dev/schema/core/0.1#relations" : [ ],
  "http://trawler.dev/schema/core/0.1#type" : [ {
    "@value" : "JSONB"
  } ]
}, {
  "@id" : "urn:tr:field:postgresql/localhost/postgres/public/djstripe_countryspec/supported_transfer_countries",
  "http://schema.org/name" : [ {
    "@value" : "supported_transfer_countries"
  } ],
  "http://trawler.dev/schema/core/0.1#isNullable" : [ {
    "@value" : false
  } ],
  "http://trawler.dev/schema/core/0.1#relations" : [ ],
  "http://trawler.dev/schema/core/0.1#type" : [ {
    "@value" : "JSONB"
  } ]
}, {
  "@id" : "urn:tr:field:postgresql/localhost/postgres/public/djstripe_countryspec/verification_fields",
  "http://schema.org/name" : [ {
    "@value" : "verification_fields"
  } ],
  "http://trawler.dev/schema/core/0.1#isNullable" : [ {
    "@value" : false
  } ],
  "http://trawler.dev/schema/core/0.1#relations" : [ ],
  "http://trawler.dev/schema/core/0.1#type" : [ {
    "@value" : "JSONB"
  } ]
}, {
  "@id" : "urn:tr:field:postgresql/localhost/postgres/public/djstripe_countryspec/djstripe_owner_account_id",
  "http://schema.org/name" : [ {
    "@value" : "djstripe_owner_account_id"
  } ],
  "http://trawler.dev/schema/core/0.1#isNullable" : [ {
    "@value" : true
  } ],
  "http://trawler.dev/schema/core/0.1#relations" : [ {
    "@value" : "urn:tr:constraint:postgresql/localhost/postgres/public/djstripe_countryspec/djstripe_countryspec_djstripe_owner_accou_a57c8297_fk_djstripe_"
  } ],
  "http://trawler.dev/schema/core/0.1#type" : [ {
    "@value" : "VARCHAR"
  } ]
}, {
  "@id" : "urn:tr:constraint:postgresql/localhost/postgres/public/djstripe_countryspec/djstripe_countryspec_djstripe_owner_accou_a57c8297_fk_djstripe_",
  "@type" : [ "tr:Constraint" ],
  "tr:hasFields" : [ {
    "@id" : "urn:tr:column:postgresql/localhost/postgres/public/djstripe_account/id"
  } ]
}, {
  "@id" : "urn:tr:table:postgresql/localhost/postgres/public/djstripe_fileupload",
  "@type" : [ "http://trawler.dev/schema/core/0.1#Table" ],
  "http://schema.org/name" : [ {
    "@value" : "djstripe_fileupload"
  } ],
  "http://trawler.dev/schema/core/0.1#hasFields" : [ {
    "@id" : "urn:tr:field:postgresql/localhost/postgres/public/djstripe_fileupload/djstripe_id"
  }, {
    "@id" : "urn:tr:field:postgresql/localhost/postgres/public/djstripe_fileupload/id"
  }, {
    "@id" : "urn:tr:field:postgresql/localhost/postgres/public/djstripe_fileupload/livemode"
  }, {
    "@id" : "urn:tr:field:postgresql/localhost/postgres/public/djstripe_fileupload/created"
  }, {
    "@id" : "urn:tr:field:postgresql/localhost/postgres/public/djstripe_fileupload/metadata"
  }, {
    "@id" : "urn:tr:field:postgresql/localhost/postgres/public/djstripe_fileupload/description"
  }, {
    "@id" : "urn:tr:field:postgresql/localhost/postgres/public/djstripe_fileupload/djstripe_created"
  }, {
    "@id" : "urn:tr:field:postgresql/localhost/postgres/public/djstripe_fileupload/djstripe_updated"
  }, {
    "@id" : "urn:tr:field:postgresql/localhost/postgres/public/djstripe_fileupload/filename"
  }, {
    "@id" : "urn:tr:field:postgresql/localhost/postgres/public/djstripe_fileupload/purpose"
  }, {
    "@id" : "urn:tr:field:postgresql/localhost/postgres/public/djstripe_fileupload/size"
  }, {
    "@id" : "urn:tr:field:postgresql/localhost/postgres/public/djstripe_fileupload/type"
  }, {
    "@id" : "urn:tr:field:postgresql/localhost/postgres/public/djstripe_fileupload/url"
  }, {
    "@id" : "urn:tr:field:postgresql/localhost/postgres/public/djstripe_fileupload/djstripe_owner_account_id"
  } ]
}, {
  "@id" : "urn:tr:field:postgresql/localhost/postgres/public/djstripe_fileupload/djstripe_id",
  "http://schema.org/name" : [ {
    "@value" : "djstripe_id"
  } ],
  "http://trawler.dev/schema/core/0.1#isNullable" : [ {
    "@value" : false
  } ],
  "http://trawler.dev/schema/core/0.1#relations" : [ ],
  "http://trawler.dev/schema/core/0.1#type" : [ {
    "@value" : "BIGINT"
  } ]
}, {
  "@id" : "urn:tr:field:postgresql/localhost/postgres/public/djstripe_fileupload/id",
  "http://schema.org/name" : [ {
    "@value" : "id"
  } ],
  "http://trawler.dev/schema/core/0.1#isNullable" : [ {
    "@value" : false
  } ],
  "http://trawler.dev/schema/core/0.1#relations" : [ ],
  "http://trawler.dev/schema/core/0.1#type" : [ {
    "@value" : "VARCHAR"
  } ]
}, {
  "@id" : "urn:tr:field:postgresql/localhost/postgres/public/djstripe_fileupload/livemode",
  "http://schema.org/name" : [ {
    "@value" : "livemode"
  } ],
  "http://trawler.dev/schema/core/0.1#isNullable" : [ {
    "@value" : true
  } ],
  "http://trawler.dev/schema/core/0.1#relations" : [ ],
  "http://trawler.dev/schema/core/0.1#type" : [ {
    "@value" : "BOOLEAN"
  } ]
}, {
  "@id" : "urn:tr:field:postgresql/localhost/postgres/public/djstripe_fileupload/created",
  "http://schema.org/name" : [ {
    "@value" : "created"
  } ],
  "http://trawler.dev/schema/core/0.1#isNullable" : [ {
    "@value" : true
  } ],
  "http://trawler.dev/schema/core/0.1#relations" : [ ],
  "http://trawler.dev/schema/core/0.1#type" : [ {
    "@value" : "TIMESTAMP"
  } ]
}, {
  "@id" : "urn:tr:field:postgresql/localhost/postgres/public/djstripe_fileupload/metadata",
  "http://schema.org/name" : [ {
    "@value" : "metadata"
  } ],
  "http://trawler.dev/schema/core/0.1#isNullable" : [ {
    "@value" : true
  } ],
  "http://trawler.dev/schema/core/0.1#relations" : [ ],
  "http://trawler.dev/schema/core/0.1#type" : [ {
    "@value" : "JSONB"
  } ]
}, {
  "@id" : "urn:tr:field:postgresql/localhost/postgres/public/djstripe_fileupload/description",
  "http://schema.org/name" : [ {
    "@value" : "description"
  } ],
  "http://trawler.dev/schema/core/0.1#isNullable" : [ {
    "@value" : true
  } ],
  "http://trawler.dev/schema/core/0.1#relations" : [ ],
  "http://trawler.dev/schema/core/0.1#type" : [ {
    "@value" : "TEXT"
  } ]
}, {
  "@id" : "urn:tr:field:postgresql/localhost/postgres/public/djstripe_fileupload/djstripe_created",
  "http://schema.org/name" : [ {
    "@value" : "djstripe_created"
  } ],
  "http://trawler.dev/schema/core/0.1#isNullable" : [ {
    "@value" : false
  } ],
  "http://trawler.dev/schema/core/0.1#relations" : [ ],
  "http://trawler.dev/schema/core/0.1#type" : [ {
    "@value" : "TIMESTAMP"
  } ]
}, {
  "@id" : "urn:tr:field:postgresql/localhost/postgres/public/djstripe_fileupload/djstripe_updated",
  "http://schema.org/name" : [ {
    "@value" : "djstripe_updated"
  } ],
  "http://trawler.dev/schema/core/0.1#isNullable" : [ {
    "@value" : false
  } ],
  "http://trawler.dev/schema/core/0.1#relations" : [ ],
  "http://trawler.dev/schema/core/0.1#type" : [ {
    "@value" : "TIMESTAMP"
  } ]
}, {
  "@id" : "urn:tr:field:postgresql/localhost/postgres/public/djstripe_fileupload/filename",
  "http://schema.org/name" : [ {
    "@value" : "filename"
  } ],
  "http://trawler.dev/schema/core/0.1#isNullable" : [ {
    "@value" : false
  } ],
  "http://trawler.dev/schema/core/0.1#relations" : [ ],
  "http://trawler.dev/schema/core/0.1#type" : [ {
    "@value" : "VARCHAR"
  } ]
}, {
  "@id" : "urn:tr:field:postgresql/localhost/postgres/public/djstripe_fileupload/purpose",
  "http://schema.org/name" : [ {
    "@value" : "purpose"
  } ],
  "http://trawler.dev/schema/core/0.1#isNullable" : [ {
    "@value" : false
  } ],
  "http://trawler.dev/schema/core/0.1#relations" : [ ],
  "http://trawler.dev/schema/core/0.1#type" : [ {
    "@value" : "VARCHAR"
  } ]
}, {
  "@id" : "urn:tr:field:postgresql/localhost/postgres/public/djstripe_fileupload/size",
  "http://schema.org/name" : [ {
    "@value" : "size"
  } ],
  "http://trawler.dev/schema/core/0.1#isNullable" : [ {
    "@value" : false
  } ],
  "http://trawler.dev/schema/core/0.1#relations" : [ ],
  "http://trawler.dev/schema/core/0.1#type" : [ {
    "@value" : "INTEGER"
  } ]
}, {
  "@id" : "urn:tr:field:postgresql/localhost/postgres/public/djstripe_fileupload/type",
  "http://schema.org/name" : [ {
    "@value" : "type"
  } ],
  "http://trawler.dev/schema/core/0.1#isNullable" : [ {
    "@value" : false
  } ],
  "http://trawler.dev/schema/core/0.1#relations" : [ ],
  "http://trawler.dev/schema/core/0.1#type" : [ {
    "@value" : "VARCHAR"
  } ]
}, {
  "@id" : "urn:tr:field:postgresql/localhost/postgres/public/djstripe_fileupload/url",
  "http://schema.org/name" : [ {
    "@value" : "url"
  } ],
  "http://trawler.dev/schema/core/0.1#isNullable" : [ {
    "@value" : false
  } ],
  "http://trawler.dev/schema/core/0.1#relations" : [ ],
  "http://trawler.dev/schema/core/0.1#type" : [ {
    "@value" : "VARCHAR"
  } ]
}, {
  "@id" : "urn:tr:field:postgresql/localhost/postgres/public/djstripe_fileupload/djstripe_owner_account_id",
  "http://schema.org/name" : [ {
    "@value" : "djstripe_owner_account_id"
  } ],
  "http://trawler.dev/schema/core/0.1#isNullable" : [ {
    "@value" : true
  } ],
  "http://trawler.dev/schema/core/0.1#relations" : [ {
    "@value" : "urn:tr:constraint:postgresql/localhost/postgres/public/djstripe_fileupload/djstripe_fileupload_djstripe_owner_accou_280c2f70_fk_djstripe_"
  } ],
  "http://trawler.dev/schema/core/0.1#type" : [ {
    "@value" : "VARCHAR"
  } ]
}, {
  "@id" : "urn:tr:constraint:postgresql/localhost/postgres/public/djstripe_fileupload/djstripe_fileupload_djstripe_owner_accou_280c2f70_fk_djstripe_",
  "@type" : [ "tr:Constraint" ],
  "tr:hasFields" : [ {
    "@id" : "urn:tr:column:postgresql/localhost/postgres/public/djstripe_account/id"
  } ]
}, {
  "@id" : "urn:tr:table:postgresql/localhost/postgres/public/djstripe_plan",
  "@type" : [ "http://trawler.dev/schema/core/0.1#Table" ],
  "http://schema.org/name" : [ {
    "@value" : "djstripe_plan"
  } ],
  "http://trawler.dev/schema/core/0.1#hasFields" : [ {
    "@id" : "urn:tr:field:postgresql/localhost/postgres/public/djstripe_plan/djstripe_id"
  }, {
    "@id" : "urn:tr:field:postgresql/localhost/postgres/public/djstripe_plan/id"
  }, {
    "@id" : "urn:tr:field:postgresql/localhost/postgres/public/djstripe_plan/livemode"
  }, {
    "@id" : "urn:tr:field:postgresql/localhost/postgres/public/djstripe_plan/created"
  }, {
    "@id" : "urn:tr:field:postgresql/localhost/postgres/public/djstripe_plan/metadata"
  }, {
    "@id" : "urn:tr:field:postgresql/localhost/postgres/public/djstripe_plan/description"
  }, {
    "@id" : "urn:tr:field:postgresql/localhost/postgres/public/djstripe_plan/djstripe_created"
  }, {
    "@id" : "urn:tr:field:postgresql/localhost/postgres/public/djstripe_plan/djstripe_updated"
  }, {
    "@id" : "urn:tr:field:postgresql/localhost/postgres/public/djstripe_plan/aggregate_usage"
  }, {
    "@id" : "urn:tr:field:postgresql/localhost/postgres/public/djstripe_plan/amount"
  }, {
    "@id" : "urn:tr:field:postgresql/localhost/postgres/public/djstripe_plan/billing_scheme"
  }, {
    "@id" : "urn:tr:field:postgresql/localhost/postgres/public/djstripe_plan/currency"
  }, {
    "@id" : "urn:tr:field:postgresql/localhost/postgres/public/djstripe_plan/interval"
  }, {
    "@id" : "urn:tr:field:postgresql/localhost/postgres/public/djstripe_plan/interval_count"
  }, {
    "@id" : "urn:tr:field:postgresql/localhost/postgres/public/djstripe_plan/nickname"
  }, {
    "@id" : "urn:tr:field:postgresql/localhost/postgres/public/djstripe_plan/tiers"
  }, {
    "@id" : "urn:tr:field:postgresql/localhost/postgres/public/djstripe_plan/tiers_mode"
  }, {
    "@id" : "urn:tr:field:postgresql/localhost/postgres/public/djstripe_plan/transform_usage"
  }, {
    "@id" : "urn:tr:field:postgresql/localhost/postgres/public/djstripe_plan/trial_period_days"
  }, {
    "@id" : "urn:tr:field:postgresql/localhost/postgres/public/djstripe_plan/usage_type"
  }, {
    "@id" : "urn:tr:field:postgresql/localhost/postgres/public/djstripe_plan/product_id"
  }, {
    "@id" : "urn:tr:field:postgresql/localhost/postgres/public/djstripe_plan/active"
  }, {
    "@id" : "urn:tr:field:postgresql/localhost/postgres/public/djstripe_plan/djstripe_owner_account_id"
  }, {
    "@id" : "urn:tr:field:postgresql/localhost/postgres/public/djstripe_plan/amount_decimal"
  } ]
}, {
  "@id" : "urn:tr:field:postgresql/localhost/postgres/public/djstripe_plan/djstripe_id",
  "http://schema.org/name" : [ {
    "@value" : "djstripe_id"
  } ],
  "http://trawler.dev/schema/core/0.1#isNullable" : [ {
    "@value" : false
  } ],
  "http://trawler.dev/schema/core/0.1#relations" : [ ],
  "http://trawler.dev/schema/core/0.1#type" : [ {
    "@value" : "BIGINT"
  } ]
}, {
  "@id" : "urn:tr:field:postgresql/localhost/postgres/public/djstripe_plan/id",
  "http://schema.org/name" : [ {
    "@value" : "id"
  } ],
  "http://trawler.dev/schema/core/0.1#isNullable" : [ {
    "@value" : false
  } ],
  "http://trawler.dev/schema/core/0.1#relations" : [ ],
  "http://trawler.dev/schema/core/0.1#type" : [ {
    "@value" : "VARCHAR"
  } ]
}, {
  "@id" : "urn:tr:field:postgresql/localhost/postgres/public/djstripe_plan/livemode",
  "http://schema.org/name" : [ {
    "@value" : "livemode"
  } ],
  "http://trawler.dev/schema/core/0.1#isNullable" : [ {
    "@value" : true
  } ],
  "http://trawler.dev/schema/core/0.1#relations" : [ ],
  "http://trawler.dev/schema/core/0.1#type" : [ {
    "@value" : "BOOLEAN"
  } ]
}, {
  "@id" : "urn:tr:field:postgresql/localhost/postgres/public/djstripe_plan/created",
  "http://schema.org/name" : [ {
    "@value" : "created"
  } ],
  "http://trawler.dev/schema/core/0.1#isNullable" : [ {
    "@value" : true
  } ],
  "http://trawler.dev/schema/core/0.1#relations" : [ ],
  "http://trawler.dev/schema/core/0.1#type" : [ {
    "@value" : "TIMESTAMP"
  } ]
}, {
  "@id" : "urn:tr:field:postgresql/localhost/postgres/public/djstripe_plan/metadata",
  "http://schema.org/name" : [ {
    "@value" : "metadata"
  } ],
  "http://trawler.dev/schema/core/0.1#isNullable" : [ {
    "@value" : true
  } ],
  "http://trawler.dev/schema/core/0.1#relations" : [ ],
  "http://trawler.dev/schema/core/0.1#type" : [ {
    "@value" : "JSONB"
  } ]
}, {
  "@id" : "urn:tr:field:postgresql/localhost/postgres/public/djstripe_plan/description",
  "http://schema.org/name" : [ {
    "@value" : "description"
  } ],
  "http://trawler.dev/schema/core/0.1#isNullable" : [ {
    "@value" : true
  } ],
  "http://trawler.dev/schema/core/0.1#relations" : [ ],
  "http://trawler.dev/schema/core/0.1#type" : [ {
    "@value" : "TEXT"
  } ]
}, {
  "@id" : "urn:tr:field:postgresql/localhost/postgres/public/djstripe_plan/djstripe_created",
  "http://schema.org/name" : [ {
    "@value" : "djstripe_created"
  } ],
  "http://trawler.dev/schema/core/0.1#isNullable" : [ {
    "@value" : false
  } ],
  "http://trawler.dev/schema/core/0.1#relations" : [ ],
  "http://trawler.dev/schema/core/0.1#type" : [ {
    "@value" : "TIMESTAMP"
  } ]
}, {
  "@id" : "urn:tr:field:postgresql/localhost/postgres/public/djstripe_plan/djstripe_updated",
  "http://schema.org/name" : [ {
    "@value" : "djstripe_updated"
  } ],
  "http://trawler.dev/schema/core/0.1#isNullable" : [ {
    "@value" : false
  } ],
  "http://trawler.dev/schema/core/0.1#relations" : [ ],
  "http://trawler.dev/schema/core/0.1#type" : [ {
    "@value" : "TIMESTAMP"
  } ]
}, {
  "@id" : "urn:tr:field:postgresql/localhost/postgres/public/djstripe_plan/aggregate_usage",
  "http://schema.org/name" : [ {
    "@value" : "aggregate_usage"
  } ],
  "http://trawler.dev/schema/core/0.1#isNullable" : [ {
    "@value" : false
  } ],
  "http://trawler.dev/schema/core/0.1#relations" : [ ],
  "http://trawler.dev/schema/core/0.1#type" : [ {
    "@value" : "VARCHAR"
  } ]
}, {
  "@id" : "urn:tr:field:postgresql/localhost/postgres/public/djstripe_plan/amount",
  "http://schema.org/name" : [ {
    "@value" : "amount"
  } ],
  "http://trawler.dev/schema/core/0.1#isNullable" : [ {
    "@value" : true
  } ],
  "http://trawler.dev/schema/core/0.1#relations" : [ ],
  "http://trawler.dev/schema/core/0.1#type" : [ {
    "@value" : "NUMERIC"
  } ]
}, {
  "@id" : "urn:tr:field:postgresql/localhost/postgres/public/djstripe_plan/billing_scheme",
  "http://schema.org/name" : [ {
    "@value" : "billing_scheme"
  } ],
  "http://trawler.dev/schema/core/0.1#isNullable" : [ {
    "@value" : false
  } ],
  "http://trawler.dev/schema/core/0.1#relations" : [ ],
  "http://trawler.dev/schema/core/0.1#type" : [ {
    "@value" : "VARCHAR"
  } ]
}, {
  "@id" : "urn:tr:field:postgresql/localhost/postgres/public/djstripe_plan/currency",
  "http://schema.org/name" : [ {
    "@value" : "currency"
  } ],
  "http://trawler.dev/schema/core/0.1#isNullable" : [ {
    "@value" : false
  } ],
  "http://trawler.dev/schema/core/0.1#relations" : [ ],
  "http://trawler.dev/schema/core/0.1#type" : [ {
    "@value" : "VARCHAR"
  } ]
}, {
  "@id" : "urn:tr:field:postgresql/localhost/postgres/public/djstripe_plan/interval",
  "http://schema.org/name" : [ {
    "@value" : "interval"
  } ],
  "http://trawler.dev/schema/core/0.1#isNullable" : [ {
    "@value" : false
  } ],
  "http://trawler.dev/schema/core/0.1#relations" : [ ],
  "http://trawler.dev/schema/core/0.1#type" : [ {
    "@value" : "VARCHAR"
  } ]
}, {
  "@id" : "urn:tr:field:postgresql/localhost/postgres/public/djstripe_plan/interval_count",
  "http://schema.org/name" : [ {
    "@value" : "interval_count"
  } ],
  "http://trawler.dev/schema/core/0.1#isNullable" : [ {
    "@value" : true
  } ],
  "http://trawler.dev/schema/core/0.1#relations" : [ ],
  "http://trawler.dev/schema/core/0.1#type" : [ {
    "@value" : "INTEGER"
  } ]
}, {
  "@id" : "urn:tr:field:postgresql/localhost/postgres/public/djstripe_plan/nickname",
  "http://schema.org/name" : [ {
    "@value" : "nickname"
  } ],
  "http://trawler.dev/schema/core/0.1#isNullable" : [ {
    "@value" : false
  } ],
  "http://trawler.dev/schema/core/0.1#relations" : [ ],
  "http://trawler.dev/schema/core/0.1#type" : [ {
    "@value" : "TEXT"
  } ]
}, {
  "@id" : "urn:tr:field:postgresql/localhost/postgres/public/djstripe_plan/tiers",
  "http://schema.org/name" : [ {
    "@value" : "tiers"
  } ],
  "http://trawler.dev/schema/core/0.1#isNullable" : [ {
    "@value" : true
  } ],
  "http://trawler.dev/schema/core/0.1#relations" : [ ],
  "http://trawler.dev/schema/core/0.1#type" : [ {
    "@value" : "JSONB"
  } ]
}, {
  "@id" : "urn:tr:field:postgresql/localhost/postgres/public/djstripe_plan/tiers_mode",
  "http://schema.org/name" : [ {
    "@value" : "tiers_mode"
  } ],
  "http://trawler.dev/schema/core/0.1#isNullable" : [ {
    "@value" : true
  } ],
  "http://trawler.dev/schema/core/0.1#relations" : [ ],
  "http://trawler.dev/schema/core/0.1#type" : [ {
    "@value" : "VARCHAR"
  } ]
}, {
  "@id" : "urn:tr:field:postgresql/localhost/postgres/public/djstripe_plan/transform_usage",
  "http://schema.org/name" : [ {
    "@value" : "transform_usage"
  } ],
  "http://trawler.dev/schema/core/0.1#isNullable" : [ {
    "@value" : true
  } ],
  "http://trawler.dev/schema/core/0.1#relations" : [ ],
  "http://trawler.dev/schema/core/0.1#type" : [ {
    "@value" : "JSONB"
  } ]
}, {
  "@id" : "urn:tr:field:postgresql/localhost/postgres/public/djstripe_plan/trial_period_days",
  "http://schema.org/name" : [ {
    "@value" : "trial_period_days"
  } ],
  "http://trawler.dev/schema/core/0.1#isNullable" : [ {
    "@value" : true
  } ],
  "http://trawler.dev/schema/core/0.1#relations" : [ ],
  "http://trawler.dev/schema/core/0.1#type" : [ {
    "@value" : "INTEGER"
  } ]
}, {
  "@id" : "urn:tr:field:postgresql/localhost/postgres/public/djstripe_plan/usage_type",
  "http://schema.org/name" : [ {
    "@value" : "usage_type"
  } ],
  "http://trawler.dev/schema/core/0.1#isNullable" : [ {
    "@value" : false
  } ],
  "http://trawler.dev/schema/core/0.1#relations" : [ ],
  "http://trawler.dev/schema/core/0.1#type" : [ {
    "@value" : "VARCHAR"
  } ]
}, {
  "@id" : "urn:tr:field:postgresql/localhost/postgres/public/djstripe_plan/product_id",
  "http://schema.org/name" : [ {
    "@value" : "product_id"
  } ],
  "http://trawler.dev/schema/core/0.1#isNullable" : [ {
    "@value" : true
  } ],
  "http://trawler.dev/schema/core/0.1#relations" : [ {
    "@value" : "urn:tr:constraint:postgresql/localhost/postgres/public/djstripe_plan/djstripe_plan_product_id_5773384d_fk_djstripe_product_id"
  } ],
  "http://trawler.dev/schema/core/0.1#type" : [ {
    "@value" : "VARCHAR"
  } ]
}, {
  "@id" : "urn:tr:field:postgresql/localhost/postgres/public/djstripe_plan/active",
  "http://schema.org/name" : [ {
    "@value" : "active"
  } ],
  "http://trawler.dev/schema/core/0.1#isNullable" : [ {
    "@value" : false
  } ],
  "http://trawler.dev/schema/core/0.1#relations" : [ ],
  "http://trawler.dev/schema/core/0.1#type" : [ {
    "@value" : "BOOLEAN"
  } ]
}, {
  "@id" : "urn:tr:field:postgresql/localhost/postgres/public/djstripe_plan/djstripe_owner_account_id",
  "http://schema.org/name" : [ {
    "@value" : "djstripe_owner_account_id"
  } ],
  "http://trawler.dev/schema/core/0.1#isNullable" : [ {
    "@value" : true
  } ],
  "http://trawler.dev/schema/core/0.1#relations" : [ {
    "@value" : "urn:tr:constraint:postgresql/localhost/postgres/public/djstripe_plan/djstripe_plan_djstripe_owner_accou_c6a9e294_fk_djstripe_"
  } ],
  "http://trawler.dev/schema/core/0.1#type" : [ {
    "@value" : "VARCHAR"
  } ]
}, {
  "@id" : "urn:tr:field:postgresql/localhost/postgres/public/djstripe_plan/amount_decimal",
  "http://schema.org/name" : [ {
    "@value" : "amount_decimal"
  } ],
  "http://trawler.dev/schema/core/0.1#isNullable" : [ {
    "@value" : true
  } ],
  "http://trawler.dev/schema/core/0.1#relations" : [ ],
  "http://trawler.dev/schema/core/0.1#type" : [ {
    "@value" : "NUMERIC"
  } ]
}, {
  "@id" : "urn:tr:constraint:postgresql/localhost/postgres/public/djstripe_plan/djstripe_plan_djstripe_owner_accou_c6a9e294_fk_djstripe_",
  "@type" : [ "tr:Constraint" ],
  "tr:hasFields" : [ {
    "@id" : "urn:tr:column:postgresql/localhost/postgres/public/djstripe_account/id"
  } ]
}, {
  "@id" : "urn:tr:constraint:postgresql/localhost/postgres/public/djstripe_plan/djstripe_plan_product_id_5773384d_fk_djstripe_product_id",
  "@type" : [ "tr:Constraint" ],
  "tr:hasFields" : [ {
    "@id" : "urn:tr:column:postgresql/localhost/postgres/public/djstripe_product/id"
  } ]
}, {
  "@id" : "urn:tr:table:postgresql/localhost/postgres/public/djstripe_balancetransaction",
  "@type" : [ "http://trawler.dev/schema/core/0.1#Table" ],
  "http://schema.org/name" : [ {
    "@value" : "djstripe_balancetransaction"
  } ],
  "http://trawler.dev/schema/core/0.1#hasFields" : [ {
    "@id" : "urn:tr:field:postgresql/localhost/postgres/public/djstripe_balancetransaction/djstripe_id"
  }, {
    "@id" : "urn:tr:field:postgresql/localhost/postgres/public/djstripe_balancetransaction/id"
  }, {
    "@id" : "urn:tr:field:postgresql/localhost/postgres/public/djstripe_balancetransaction/livemode"
  }, {
    "@id" : "urn:tr:field:postgresql/localhost/postgres/public/djstripe_balancetransaction/created"
  }, {
    "@id" : "urn:tr:field:postgresql/localhost/postgres/public/djstripe_balancetransaction/metadata"
  }, {
    "@id" : "urn:tr:field:postgresql/localhost/postgres/public/djstripe_balancetransaction/description"
  }, {
    "@id" : "urn:tr:field:postgresql/localhost/postgres/public/djstripe_balancetransaction/djstripe_created"
  }, {
    "@id" : "urn:tr:field:postgresql/localhost/postgres/public/djstripe_balancetransaction/djstripe_updated"
  }, {
    "@id" : "urn:tr:field:postgresql/localhost/postgres/public/djstripe_balancetransaction/amount"
  }, {
    "@id" : "urn:tr:field:postgresql/localhost/postgres/public/djstripe_balancetransaction/available_on"
  }, {
    "@id" : "urn:tr:field:postgresql/localhost/postgres/public/djstripe_balancetransaction/currency"
  }, {
    "@id" : "urn:tr:field:postgresql/localhost/postgres/public/djstripe_balancetransaction/exchange_rate"
  }, {
    "@id" : "urn:tr:field:postgresql/localhost/postgres/public/djstripe_balancetransaction/fee"
  }, {
    "@id" : "urn:tr:field:postgresql/localhost/postgres/public/djstripe_balancetransaction/fee_details"
  }, {
    "@id" : "urn:tr:field:postgresql/localhost/postgres/public/djstripe_balancetransaction/net"
  }, {
    "@id" : "urn:tr:field:postgresql/localhost/postgres/public/djstripe_balancetransaction/status"
  }, {
    "@id" : "urn:tr:field:postgresql/localhost/postgres/public/djstripe_balancetransaction/type"
  }, {
    "@id" : "urn:tr:field:postgresql/localhost/postgres/public/djstripe_balancetransaction/reporting_category"
  }, {
    "@id" : "urn:tr:field:postgresql/localhost/postgres/public/djstripe_balancetransaction/source"
  }, {
    "@id" : "urn:tr:field:postgresql/localhost/postgres/public/djstripe_balancetransaction/djstripe_owner_account_id"
  } ]
}, {
  "@id" : "urn:tr:field:postgresql/localhost/postgres/public/djstripe_balancetransaction/djstripe_id",
  "http://schema.org/name" : [ {
    "@value" : "djstripe_id"
  } ],
  "http://trawler.dev/schema/core/0.1#isNullable" : [ {
    "@value" : false
  } ],
  "http://trawler.dev/schema/core/0.1#relations" : [ ],
  "http://trawler.dev/schema/core/0.1#type" : [ {
    "@value" : "BIGINT"
  } ]
}, {
  "@id" : "urn:tr:field:postgresql/localhost/postgres/public/djstripe_balancetransaction/id",
  "http://schema.org/name" : [ {
    "@value" : "id"
  } ],
  "http://trawler.dev/schema/core/0.1#isNullable" : [ {
    "@value" : false
  } ],
  "http://trawler.dev/schema/core/0.1#relations" : [ ],
  "http://trawler.dev/schema/core/0.1#type" : [ {
    "@value" : "VARCHAR"
  } ]
}, {
  "@id" : "urn:tr:field:postgresql/localhost/postgres/public/djstripe_balancetransaction/livemode",
  "http://schema.org/name" : [ {
    "@value" : "livemode"
  } ],
  "http://trawler.dev/schema/core/0.1#isNullable" : [ {
    "@value" : true
  } ],
  "http://trawler.dev/schema/core/0.1#relations" : [ ],
  "http://trawler.dev/schema/core/0.1#type" : [ {
    "@value" : "BOOLEAN"
  } ]
}, {
  "@id" : "urn:tr:field:postgresql/localhost/postgres/public/djstripe_balancetransaction/created",
  "http://schema.org/name" : [ {
    "@value" : "created"
  } ],
  "http://trawler.dev/schema/core/0.1#isNullable" : [ {
    "@value" : true
  } ],
  "http://trawler.dev/schema/core/0.1#relations" : [ ],
  "http://trawler.dev/schema/core/0.1#type" : [ {
    "@value" : "TIMESTAMP"
  } ]
}, {
  "@id" : "urn:tr:field:postgresql/localhost/postgres/public/djstripe_balancetransaction/metadata",
  "http://schema.org/name" : [ {
    "@value" : "metadata"
  } ],
  "http://trawler.dev/schema/core/0.1#isNullable" : [ {
    "@value" : true
  } ],
  "http://trawler.dev/schema/core/0.1#relations" : [ ],
  "http://trawler.dev/schema/core/0.1#type" : [ {
    "@value" : "JSONB"
  } ]
}, {
  "@id" : "urn:tr:field:postgresql/localhost/postgres/public/djstripe_balancetransaction/description",
  "http://schema.org/name" : [ {
    "@value" : "description"
  } ],
  "http://trawler.dev/schema/core/0.1#isNullable" : [ {
    "@value" : true
  } ],
  "http://trawler.dev/schema/core/0.1#relations" : [ ],
  "http://trawler.dev/schema/core/0.1#type" : [ {
    "@value" : "TEXT"
  } ]
}, {
  "@id" : "urn:tr:field:postgresql/localhost/postgres/public/djstripe_balancetransaction/djstripe_created",
  "http://schema.org/name" : [ {
    "@value" : "djstripe_created"
  } ],
  "http://trawler.dev/schema/core/0.1#isNullable" : [ {
    "@value" : false
  } ],
  "http://trawler.dev/schema/core/0.1#relations" : [ ],
  "http://trawler.dev/schema/core/0.1#type" : [ {
    "@value" : "TIMESTAMP"
  } ]
}, {
  "@id" : "urn:tr:field:postgresql/localhost/postgres/public/djstripe_balancetransaction/djstripe_updated",
  "http://schema.org/name" : [ {
    "@value" : "djstripe_updated"
  } ],
  "http://trawler.dev/schema/core/0.1#isNullable" : [ {
    "@value" : false
  } ],
  "http://trawler.dev/schema/core/0.1#relations" : [ ],
  "http://trawler.dev/schema/core/0.1#type" : [ {
    "@value" : "TIMESTAMP"
  } ]
}, {
  "@id" : "urn:tr:field:postgresql/localhost/postgres/public/djstripe_balancetransaction/amount",
  "http://schema.org/name" : [ {
    "@value" : "amount"
  } ],
  "http://trawler.dev/schema/core/0.1#isNullable" : [ {
    "@value" : false
  } ],
  "http://trawler.dev/schema/core/0.1#relations" : [ ],
  "http://trawler.dev/schema/core/0.1#type" : [ {
    "@value" : "BIGINT"
  } ]
}, {
  "@id" : "urn:tr:field:postgresql/localhost/postgres/public/djstripe_balancetransaction/available_on",
  "http://schema.org/name" : [ {
    "@value" : "available_on"
  } ],
  "http://trawler.dev/schema/core/0.1#isNullable" : [ {
    "@value" : false
  } ],
  "http://trawler.dev/schema/core/0.1#relations" : [ ],
  "http://trawler.dev/schema/core/0.1#type" : [ {
    "@value" : "TIMESTAMP"
  } ]
}, {
  "@id" : "urn:tr:field:postgresql/localhost/postgres/public/djstripe_balancetransaction/currency",
  "http://schema.org/name" : [ {
    "@value" : "currency"
  } ],
  "http://trawler.dev/schema/core/0.1#isNullable" : [ {
    "@value" : false
  } ],
  "http://trawler.dev/schema/core/0.1#relations" : [ ],
  "http://trawler.dev/schema/core/0.1#type" : [ {
    "@value" : "VARCHAR"
  } ]
}, {
  "@id" : "urn:tr:field:postgresql/localhost/postgres/public/djstripe_balancetransaction/exchange_rate",
  "http://schema.org/name" : [ {
    "@value" : "exchange_rate"
  } ],
  "http://trawler.dev/schema/core/0.1#isNullable" : [ {
    "@value" : true
  } ],
  "http://trawler.dev/schema/core/0.1#relations" : [ ],
  "http://trawler.dev/schema/core/0.1#type" : [ {
    "@value" : "NUMERIC"
  } ]
}, {
  "@id" : "urn:tr:field:postgresql/localhost/postgres/public/djstripe_balancetransaction/fee",
  "http://schema.org/name" : [ {
    "@value" : "fee"
  } ],
  "http://trawler.dev/schema/core/0.1#isNullable" : [ {
    "@value" : false
  } ],
  "http://trawler.dev/schema/core/0.1#relations" : [ ],
  "http://trawler.dev/schema/core/0.1#type" : [ {
    "@value" : "BIGINT"
  } ]
}, {
  "@id" : "urn:tr:field:postgresql/localhost/postgres/public/djstripe_balancetransaction/fee_details",
  "http://schema.org/name" : [ {
    "@value" : "fee_details"
  } ],
  "http://trawler.dev/schema/core/0.1#isNullable" : [ {
    "@value" : false
  } ],
  "http://trawler.dev/schema/core/0.1#relations" : [ ],
  "http://trawler.dev/schema/core/0.1#type" : [ {
    "@value" : "JSONB"
  } ]
}, {
  "@id" : "urn:tr:field:postgresql/localhost/postgres/public/djstripe_balancetransaction/net",
  "http://schema.org/name" : [ {
    "@value" : "net"
  } ],
  "http://trawler.dev/schema/core/0.1#isNullable" : [ {
    "@value" : false
  } ],
  "http://trawler.dev/schema/core/0.1#relations" : [ ],
  "http://trawler.dev/schema/core/0.1#type" : [ {
    "@value" : "BIGINT"
  } ]
}, {
  "@id" : "urn:tr:field:postgresql/localhost/postgres/public/djstripe_balancetransaction/status",
  "http://schema.org/name" : [ {
    "@value" : "status"
  } ],
  "http://trawler.dev/schema/core/0.1#isNullable" : [ {
    "@value" : false
  } ],
  "http://trawler.dev/schema/core/0.1#relations" : [ ],
  "http://trawler.dev/schema/core/0.1#type" : [ {
    "@value" : "VARCHAR"
  } ]
}, {
  "@id" : "urn:tr:field:postgresql/localhost/postgres/public/djstripe_balancetransaction/type",
  "http://schema.org/name" : [ {
    "@value" : "type"
  } ],
  "http://trawler.dev/schema/core/0.1#isNullable" : [ {
    "@value" : false
  } ],
  "http://trawler.dev/schema/core/0.1#relations" : [ ],
  "http://trawler.dev/schema/core/0.1#type" : [ {
    "@value" : "VARCHAR"
  } ]
}, {
  "@id" : "urn:tr:field:postgresql/localhost/postgres/public/djstripe_balancetransaction/reporting_category",
  "http://schema.org/name" : [ {
    "@value" : "reporting_category"
  } ],
  "http://trawler.dev/schema/core/0.1#isNullable" : [ {
    "@value" : false
  } ],
  "http://trawler.dev/schema/core/0.1#relations" : [ ],
  "http://trawler.dev/schema/core/0.1#type" : [ {
    "@value" : "VARCHAR"
  } ]
}, {
  "@id" : "urn:tr:field:postgresql/localhost/postgres/public/djstripe_balancetransaction/source",
  "http://schema.org/name" : [ {
    "@value" : "source"
  } ],
  "http://trawler.dev/schema/core/0.1#isNullable" : [ {
    "@value" : false
  } ],
  "http://trawler.dev/schema/core/0.1#relations" : [ ],
  "http://trawler.dev/schema/core/0.1#type" : [ {
    "@value" : "VARCHAR"
  } ]
}, {
  "@id" : "urn:tr:field:postgresql/localhost/postgres/public/djstripe_balancetransaction/djstripe_owner_account_id",
  "http://schema.org/name" : [ {
    "@value" : "djstripe_owner_account_id"
  } ],
  "http://trawler.dev/schema/core/0.1#isNullable" : [ {
    "@value" : true
  } ],
  "http://trawler.dev/schema/core/0.1#relations" : [ {
    "@value" : "urn:tr:constraint:postgresql/localhost/postgres/public/djstripe_balancetransaction/djstripe_balancetran_djstripe_owner_accou_868dfd07_fk_djstripe_"
  } ],
  "http://trawler.dev/schema/core/0.1#type" : [ {
    "@value" : "VARCHAR"
  } ]
}, {
  "@id" : "urn:tr:constraint:postgresql/localhost/postgres/public/djstripe_balancetransaction/djstripe_balancetran_djstripe_owner_accou_868dfd07_fk_djstripe_",
  "@type" : [ "tr:Constraint" ],
  "tr:hasFields" : [ {
    "@id" : "urn:tr:column:postgresql/localhost/postgres/public/djstripe_account/id"
  } ]
}, {
  "@id" : "urn:tr:table:postgresql/localhost/postgres/public/djstripe_refund",
  "@type" : [ "http://trawler.dev/schema/core/0.1#Table" ],
  "http://schema.org/name" : [ {
    "@value" : "djstripe_refund"
  } ],
  "http://trawler.dev/schema/core/0.1#hasFields" : [ {
    "@id" : "urn:tr:field:postgresql/localhost/postgres/public/djstripe_refund/djstripe_id"
  }, {
    "@id" : "urn:tr:field:postgresql/localhost/postgres/public/djstripe_refund/id"
  }, {
    "@id" : "urn:tr:field:postgresql/localhost/postgres/public/djstripe_refund/livemode"
  }, {
    "@id" : "urn:tr:field:postgresql/localhost/postgres/public/djstripe_refund/created"
  }, {
    "@id" : "urn:tr:field:postgresql/localhost/postgres/public/djstripe_refund/metadata"
  }, {
    "@id" : "urn:tr:field:postgresql/localhost/postgres/public/djstripe_refund/description"
  }, {
    "@id" : "urn:tr:field:postgresql/localhost/postgres/public/djstripe_refund/djstripe_created"
  }, {
    "@id" : "urn:tr:field:postgresql/localhost/postgres/public/djstripe_refund/djstripe_updated"
  }, {
    "@id" : "urn:tr:field:postgresql/localhost/postgres/public/djstripe_refund/amount"
  }, {
    "@id" : "urn:tr:field:postgresql/localhost/postgres/public/djstripe_refund/currency"
  }, {
    "@id" : "urn:tr:field:postgresql/localhost/postgres/public/djstripe_refund/failure_reason"
  }, {
    "@id" : "urn:tr:field:postgresql/localhost/postgres/public/djstripe_refund/reason"
  }, {
    "@id" : "urn:tr:field:postgresql/localhost/postgres/public/djstripe_refund/receipt_number"
  }, {
    "@id" : "urn:tr:field:postgresql/localhost/postgres/public/djstripe_refund/status"
  }, {
    "@id" : "urn:tr:field:postgresql/localhost/postgres/public/djstripe_refund/charge_id"
  }, {
    "@id" : "urn:tr:field:postgresql/localhost/postgres/public/djstripe_refund/balance_transaction_id"
  }, {
    "@id" : "urn:tr:field:postgresql/localhost/postgres/public/djstripe_refund/failure_balance_transaction_id"
  }, {
    "@id" : "urn:tr:field:postgresql/localhost/postgres/public/djstripe_refund/djstripe_owner_account_id"
  } ]
}, {
  "@id" : "urn:tr:field:postgresql/localhost/postgres/public/djstripe_refund/djstripe_id",
  "http://schema.org/name" : [ {
    "@value" : "djstripe_id"
  } ],
  "http://trawler.dev/schema/core/0.1#isNullable" : [ {
    "@value" : false
  } ],
  "http://trawler.dev/schema/core/0.1#relations" : [ ],
  "http://trawler.dev/schema/core/0.1#type" : [ {
    "@value" : "BIGINT"
  } ]
}, {
  "@id" : "urn:tr:field:postgresql/localhost/postgres/public/djstripe_refund/id",
  "http://schema.org/name" : [ {
    "@value" : "id"
  } ],
  "http://trawler.dev/schema/core/0.1#isNullable" : [ {
    "@value" : false
  } ],
  "http://trawler.dev/schema/core/0.1#relations" : [ ],
  "http://trawler.dev/schema/core/0.1#type" : [ {
    "@value" : "VARCHAR"
  } ]
}, {
  "@id" : "urn:tr:field:postgresql/localhost/postgres/public/djstripe_refund/livemode",
  "http://schema.org/name" : [ {
    "@value" : "livemode"
  } ],
  "http://trawler.dev/schema/core/0.1#isNullable" : [ {
    "@value" : true
  } ],
  "http://trawler.dev/schema/core/0.1#relations" : [ ],
  "http://trawler.dev/schema/core/0.1#type" : [ {
    "@value" : "BOOLEAN"
  } ]
}, {
  "@id" : "urn:tr:field:postgresql/localhost/postgres/public/djstripe_refund/created",
  "http://schema.org/name" : [ {
    "@value" : "created"
  } ],
  "http://trawler.dev/schema/core/0.1#isNullable" : [ {
    "@value" : true
  } ],
  "http://trawler.dev/schema/core/0.1#relations" : [ ],
  "http://trawler.dev/schema/core/0.1#type" : [ {
    "@value" : "TIMESTAMP"
  } ]
}, {
  "@id" : "urn:tr:field:postgresql/localhost/postgres/public/djstripe_refund/metadata",
  "http://schema.org/name" : [ {
    "@value" : "metadata"
  } ],
  "http://trawler.dev/schema/core/0.1#isNullable" : [ {
    "@value" : true
  } ],
  "http://trawler.dev/schema/core/0.1#relations" : [ ],
  "http://trawler.dev/schema/core/0.1#type" : [ {
    "@value" : "JSONB"
  } ]
}, {
  "@id" : "urn:tr:field:postgresql/localhost/postgres/public/djstripe_refund/description",
  "http://schema.org/name" : [ {
    "@value" : "description"
  } ],
  "http://trawler.dev/schema/core/0.1#isNullable" : [ {
    "@value" : true
  } ],
  "http://trawler.dev/schema/core/0.1#relations" : [ ],
  "http://trawler.dev/schema/core/0.1#type" : [ {
    "@value" : "TEXT"
  } ]
}, {
  "@id" : "urn:tr:field:postgresql/localhost/postgres/public/djstripe_refund/djstripe_created",
  "http://schema.org/name" : [ {
    "@value" : "djstripe_created"
  } ],
  "http://trawler.dev/schema/core/0.1#isNullable" : [ {
    "@value" : false
  } ],
  "http://trawler.dev/schema/core/0.1#relations" : [ ],
  "http://trawler.dev/schema/core/0.1#type" : [ {
    "@value" : "TIMESTAMP"
  } ]
}, {
  "@id" : "urn:tr:field:postgresql/localhost/postgres/public/djstripe_refund/djstripe_updated",
  "http://schema.org/name" : [ {
    "@value" : "djstripe_updated"
  } ],
  "http://trawler.dev/schema/core/0.1#isNullable" : [ {
    "@value" : false
  } ],
  "http://trawler.dev/schema/core/0.1#relations" : [ ],
  "http://trawler.dev/schema/core/0.1#type" : [ {
    "@value" : "TIMESTAMP"
  } ]
}, {
  "@id" : "urn:tr:field:postgresql/localhost/postgres/public/djstripe_refund/amount",
  "http://schema.org/name" : [ {
    "@value" : "amount"
  } ],
  "http://trawler.dev/schema/core/0.1#isNullable" : [ {
    "@value" : false
  } ],
  "http://trawler.dev/schema/core/0.1#relations" : [ ],
  "http://trawler.dev/schema/core/0.1#type" : [ {
    "@value" : "BIGINT"
  } ]
}, {
  "@id" : "urn:tr:field:postgresql/localhost/postgres/public/djstripe_refund/currency",
  "http://schema.org/name" : [ {
    "@value" : "currency"
  } ],
  "http://trawler.dev/schema/core/0.1#isNullable" : [ {
    "@value" : false
  } ],
  "http://trawler.dev/schema/core/0.1#relations" : [ ],
  "http://trawler.dev/schema/core/0.1#type" : [ {
    "@value" : "VARCHAR"
  } ]
}, {
  "@id" : "urn:tr:field:postgresql/localhost/postgres/public/djstripe_refund/failure_reason",
  "http://schema.org/name" : [ {
    "@value" : "failure_reason"
  } ],
  "http://trawler.dev/schema/core/0.1#isNullable" : [ {
    "@value" : false
  } ],
  "http://trawler.dev/schema/core/0.1#relations" : [ ],
  "http://trawler.dev/schema/core/0.1#type" : [ {
    "@value" : "VARCHAR"
  } ]
}, {
  "@id" : "urn:tr:field:postgresql/localhost/postgres/public/djstripe_refund/reason",
  "http://schema.org/name" : [ {
    "@value" : "reason"
  } ],
  "http://trawler.dev/schema/core/0.1#isNullable" : [ {
    "@value" : false
  } ],
  "http://trawler.dev/schema/core/0.1#relations" : [ ],
  "http://trawler.dev/schema/core/0.1#type" : [ {
    "@value" : "VARCHAR"
  } ]
}, {
  "@id" : "urn:tr:field:postgresql/localhost/postgres/public/djstripe_refund/receipt_number",
  "http://schema.org/name" : [ {
    "@value" : "receipt_number"
  } ],
  "http://trawler.dev/schema/core/0.1#isNullable" : [ {
    "@value" : false
  } ],
  "http://trawler.dev/schema/core/0.1#relations" : [ ],
  "http://trawler.dev/schema/core/0.1#type" : [ {
    "@value" : "VARCHAR"
  } ]
}, {
  "@id" : "urn:tr:field:postgresql/localhost/postgres/public/djstripe_refund/status",
  "http://schema.org/name" : [ {
    "@value" : "status"
  } ],
  "http://trawler.dev/schema/core/0.1#isNullable" : [ {
    "@value" : false
  } ],
  "http://trawler.dev/schema/core/0.1#relations" : [ ],
  "http://trawler.dev/schema/core/0.1#type" : [ {
    "@value" : "VARCHAR"
  } ]
}, {
  "@id" : "urn:tr:field:postgresql/localhost/postgres/public/djstripe_refund/charge_id",
  "http://schema.org/name" : [ {
    "@value" : "charge_id"
  } ],
  "http://trawler.dev/schema/core/0.1#isNullable" : [ {
    "@value" : false
  } ],
  "http://trawler.dev/schema/core/0.1#relations" : [ {
    "@value" : "urn:tr:constraint:postgresql/localhost/postgres/public/djstripe_refund/djstripe_refund_charge_id_e7efd717_fk_djstripe_charge_id"
  } ],
  "http://trawler.dev/schema/core/0.1#type" : [ {
    "@value" : "VARCHAR"
  } ]
}, {
  "@id" : "urn:tr:field:postgresql/localhost/postgres/public/djstripe_refund/balance_transaction_id",
  "http://schema.org/name" : [ {
    "@value" : "balance_transaction_id"
  } ],
  "http://trawler.dev/schema/core/0.1#isNullable" : [ {
    "@value" : true
  } ],
  "http://trawler.dev/schema/core/0.1#relations" : [ {
    "@value" : "urn:tr:constraint:postgresql/localhost/postgres/public/djstripe_refund/djstripe_refund_balance_transaction__dec480cf_fk_djstripe_"
  } ],
  "http://trawler.dev/schema/core/0.1#type" : [ {
    "@value" : "VARCHAR"
  } ]
}, {
  "@id" : "urn:tr:field:postgresql/localhost/postgres/public/djstripe_refund/failure_balance_transaction_id",
  "http://schema.org/name" : [ {
    "@value" : "failure_balance_transaction_id"
  } ],
  "http://trawler.dev/schema/core/0.1#isNullable" : [ {
    "@value" : true
  } ],
  "http://trawler.dev/schema/core/0.1#relations" : [ {
    "@value" : "urn:tr:constraint:postgresql/localhost/postgres/public/djstripe_refund/djstripe_refund_failure_balance_tran_817ae640_fk_djstripe_"
  } ],
  "http://trawler.dev/schema/core/0.1#type" : [ {
    "@value" : "VARCHAR"
  } ]
}, {
  "@id" : "urn:tr:field:postgresql/localhost/postgres/public/djstripe_refund/djstripe_owner_account_id",
  "http://schema.org/name" : [ {
    "@value" : "djstripe_owner_account_id"
  } ],
  "http://trawler.dev/schema/core/0.1#isNullable" : [ {
    "@value" : true
  } ],
  "http://trawler.dev/schema/core/0.1#relations" : [ {
    "@value" : "urn:tr:constraint:postgresql/localhost/postgres/public/djstripe_refund/djstripe_refund_djstripe_owner_accou_ece3ea81_fk_djstripe_"
  } ],
  "http://trawler.dev/schema/core/0.1#type" : [ {
    "@value" : "VARCHAR"
  } ]
}, {
  "@id" : "urn:tr:constraint:postgresql/localhost/postgres/public/djstripe_refund/djstripe_refund_balance_transaction__dec480cf_fk_djstripe_",
  "@type" : [ "tr:Constraint" ],
  "tr:hasFields" : [ {
    "@id" : "urn:tr:column:postgresql/localhost/postgres/public/djstripe_balancetransaction/id"
  } ]
}, {
  "@id" : "urn:tr:constraint:postgresql/localhost/postgres/public/djstripe_refund/djstripe_refund_charge_id_e7efd717_fk_djstripe_charge_id",
  "@type" : [ "tr:Constraint" ],
  "tr:hasFields" : [ {
    "@id" : "urn:tr:column:postgresql/localhost/postgres/public/djstripe_charge/id"
  } ]
}, {
  "@id" : "urn:tr:constraint:postgresql/localhost/postgres/public/djstripe_refund/djstripe_refund_djstripe_owner_accou_ece3ea81_fk_djstripe_",
  "@type" : [ "tr:Constraint" ],
  "tr:hasFields" : [ {
    "@id" : "urn:tr:column:postgresql/localhost/postgres/public/djstripe_account/id"
  } ]
}, {
  "@id" : "urn:tr:constraint:postgresql/localhost/postgres/public/djstripe_refund/djstripe_refund_failure_balance_tran_817ae640_fk_djstripe_",
  "@type" : [ "tr:Constraint" ],
  "tr:hasFields" : [ {
    "@id" : "urn:tr:column:postgresql/localhost/postgres/public/djstripe_balancetransaction/id"
  } ]
}, {
  "@id" : "urn:tr:table:postgresql/localhost/postgres/public/djstripe_transfer",
  "@type" : [ "http://trawler.dev/schema/core/0.1#Table" ],
  "http://schema.org/name" : [ {
    "@value" : "djstripe_transfer"
  } ],
  "http://trawler.dev/schema/core/0.1#hasFields" : [ {
    "@id" : "urn:tr:field:postgresql/localhost/postgres/public/djstripe_transfer/djstripe_id"
  }, {
    "@id" : "urn:tr:field:postgresql/localhost/postgres/public/djstripe_transfer/id"
  }, {
    "@id" : "urn:tr:field:postgresql/localhost/postgres/public/djstripe_transfer/livemode"
  }, {
    "@id" : "urn:tr:field:postgresql/localhost/postgres/public/djstripe_transfer/created"
  }, {
    "@id" : "urn:tr:field:postgresql/localhost/postgres/public/djstripe_transfer/metadata"
  }, {
    "@id" : "urn:tr:field:postgresql/localhost/postgres/public/djstripe_transfer/description"
  }, {
    "@id" : "urn:tr:field:postgresql/localhost/postgres/public/djstripe_transfer/djstripe_created"
  }, {
    "@id" : "urn:tr:field:postgresql/localhost/postgres/public/djstripe_transfer/djstripe_updated"
  }, {
    "@id" : "urn:tr:field:postgresql/localhost/postgres/public/djstripe_transfer/amount"
  }, {
    "@id" : "urn:tr:field:postgresql/localhost/postgres/public/djstripe_transfer/amount_reversed"
  }, {
    "@id" : "urn:tr:field:postgresql/localhost/postgres/public/djstripe_transfer/currency"
  }, {
    "@id" : "urn:tr:field:postgresql/localhost/postgres/public/djstripe_transfer/destination"
  }, {
    "@id" : "urn:tr:field:postgresql/localhost/postgres/public/djstripe_transfer/destination_payment"
  }, {
    "@id" : "urn:tr:field:postgresql/localhost/postgres/public/djstripe_transfer/reversed"
  }, {
    "@id" : "urn:tr:field:postgresql/localhost/postgres/public/djstripe_transfer/source_transaction"
  }, {
    "@id" : "urn:tr:field:postgresql/localhost/postgres/public/djstripe_transfer/source_type"
  }, {
    "@id" : "urn:tr:field:postgresql/localhost/postgres/public/djstripe_transfer/transfer_group"
  }, {
    "@id" : "urn:tr:field:postgresql/localhost/postgres/public/djstripe_transfer/balance_transaction_id"
  }, {
    "@id" : "urn:tr:field:postgresql/localhost/postgres/public/djstripe_transfer/djstripe_owner_account_id"
  } ]
}, {
  "@id" : "urn:tr:field:postgresql/localhost/postgres/public/djstripe_transfer/djstripe_id",
  "http://schema.org/name" : [ {
    "@value" : "djstripe_id"
  } ],
  "http://trawler.dev/schema/core/0.1#isNullable" : [ {
    "@value" : false
  } ],
  "http://trawler.dev/schema/core/0.1#relations" : [ ],
  "http://trawler.dev/schema/core/0.1#type" : [ {
    "@value" : "BIGINT"
  } ]
}, {
  "@id" : "urn:tr:field:postgresql/localhost/postgres/public/djstripe_transfer/id",
  "http://schema.org/name" : [ {
    "@value" : "id"
  } ],
  "http://trawler.dev/schema/core/0.1#isNullable" : [ {
    "@value" : false
  } ],
  "http://trawler.dev/schema/core/0.1#relations" : [ ],
  "http://trawler.dev/schema/core/0.1#type" : [ {
    "@value" : "VARCHAR"
  } ]
}, {
  "@id" : "urn:tr:field:postgresql/localhost/postgres/public/djstripe_transfer/livemode",
  "http://schema.org/name" : [ {
    "@value" : "livemode"
  } ],
  "http://trawler.dev/schema/core/0.1#isNullable" : [ {
    "@value" : true
  } ],
  "http://trawler.dev/schema/core/0.1#relations" : [ ],
  "http://trawler.dev/schema/core/0.1#type" : [ {
    "@value" : "BOOLEAN"
  } ]
}, {
  "@id" : "urn:tr:field:postgresql/localhost/postgres/public/djstripe_transfer/created",
  "http://schema.org/name" : [ {
    "@value" : "created"
  } ],
  "http://trawler.dev/schema/core/0.1#isNullable" : [ {
    "@value" : true
  } ],
  "http://trawler.dev/schema/core/0.1#relations" : [ ],
  "http://trawler.dev/schema/core/0.1#type" : [ {
    "@value" : "TIMESTAMP"
  } ]
}, {
  "@id" : "urn:tr:field:postgresql/localhost/postgres/public/djstripe_transfer/metadata",
  "http://schema.org/name" : [ {
    "@value" : "metadata"
  } ],
  "http://trawler.dev/schema/core/0.1#isNullable" : [ {
    "@value" : true
  } ],
  "http://trawler.dev/schema/core/0.1#relations" : [ ],
  "http://trawler.dev/schema/core/0.1#type" : [ {
    "@value" : "JSONB"
  } ]
}, {
  "@id" : "urn:tr:field:postgresql/localhost/postgres/public/djstripe_transfer/description",
  "http://schema.org/name" : [ {
    "@value" : "description"
  } ],
  "http://trawler.dev/schema/core/0.1#isNullable" : [ {
    "@value" : true
  } ],
  "http://trawler.dev/schema/core/0.1#relations" : [ ],
  "http://trawler.dev/schema/core/0.1#type" : [ {
    "@value" : "TEXT"
  } ]
}, {
  "@id" : "urn:tr:field:postgresql/localhost/postgres/public/djstripe_transfer/djstripe_created",
  "http://schema.org/name" : [ {
    "@value" : "djstripe_created"
  } ],
  "http://trawler.dev/schema/core/0.1#isNullable" : [ {
    "@value" : false
  } ],
  "http://trawler.dev/schema/core/0.1#relations" : [ ],
  "http://trawler.dev/schema/core/0.1#type" : [ {
    "@value" : "TIMESTAMP"
  } ]
}, {
  "@id" : "urn:tr:field:postgresql/localhost/postgres/public/djstripe_transfer/djstripe_updated",
  "http://schema.org/name" : [ {
    "@value" : "djstripe_updated"
  } ],
  "http://trawler.dev/schema/core/0.1#isNullable" : [ {
    "@value" : false
  } ],
  "http://trawler.dev/schema/core/0.1#relations" : [ ],
  "http://trawler.dev/schema/core/0.1#type" : [ {
    "@value" : "TIMESTAMP"
  } ]
}, {
  "@id" : "urn:tr:field:postgresql/localhost/postgres/public/djstripe_transfer/amount",
  "http://schema.org/name" : [ {
    "@value" : "amount"
  } ],
  "http://trawler.dev/schema/core/0.1#isNullable" : [ {
    "@value" : false
  } ],
  "http://trawler.dev/schema/core/0.1#relations" : [ ],
  "http://trawler.dev/schema/core/0.1#type" : [ {
    "@value" : "NUMERIC"
  } ]
}, {
  "@id" : "urn:tr:field:postgresql/localhost/postgres/public/djstripe_transfer/amount_reversed",
  "http://schema.org/name" : [ {
    "@value" : "amount_reversed"
  } ],
  "http://trawler.dev/schema/core/0.1#isNullable" : [ {
    "@value" : true
  } ],
  "http://trawler.dev/schema/core/0.1#relations" : [ ],
  "http://trawler.dev/schema/core/0.1#type" : [ {
    "@value" : "NUMERIC"
  } ]
}, {
  "@id" : "urn:tr:field:postgresql/localhost/postgres/public/djstripe_transfer/currency",
  "http://schema.org/name" : [ {
    "@value" : "currency"
  } ],
  "http://trawler.dev/schema/core/0.1#isNullable" : [ {
    "@value" : false
  } ],
  "http://trawler.dev/schema/core/0.1#relations" : [ ],
  "http://trawler.dev/schema/core/0.1#type" : [ {
    "@value" : "VARCHAR"
  } ]
}, {
  "@id" : "urn:tr:field:postgresql/localhost/postgres/public/djstripe_transfer/destination",
  "http://schema.org/name" : [ {
    "@value" : "destination"
  } ],
  "http://trawler.dev/schema/core/0.1#isNullable" : [ {
    "@value" : false
  } ],
  "http://trawler.dev/schema/core/0.1#relations" : [ ],
  "http://trawler.dev/schema/core/0.1#type" : [ {
    "@value" : "VARCHAR"
  } ]
}, {
  "@id" : "urn:tr:field:postgresql/localhost/postgres/public/djstripe_transfer/destination_payment",
  "http://schema.org/name" : [ {
    "@value" : "destination_payment"
  } ],
  "http://trawler.dev/schema/core/0.1#isNullable" : [ {
    "@value" : true
  } ],
  "http://trawler.dev/schema/core/0.1#relations" : [ ],
  "http://trawler.dev/schema/core/0.1#type" : [ {
    "@value" : "VARCHAR"
  } ]
}, {
  "@id" : "urn:tr:field:postgresql/localhost/postgres/public/djstripe_transfer/reversed",
  "http://schema.org/name" : [ {
    "@value" : "reversed"
  } ],
  "http://trawler.dev/schema/core/0.1#isNullable" : [ {
    "@value" : false
  } ],
  "http://trawler.dev/schema/core/0.1#relations" : [ ],
  "http://trawler.dev/schema/core/0.1#type" : [ {
    "@value" : "BOOLEAN"
  } ]
}, {
  "@id" : "urn:tr:field:postgresql/localhost/postgres/public/djstripe_transfer/source_transaction",
  "http://schema.org/name" : [ {
    "@value" : "source_transaction"
  } ],
  "http://trawler.dev/schema/core/0.1#isNullable" : [ {
    "@value" : true
  } ],
  "http://trawler.dev/schema/core/0.1#relations" : [ ],
  "http://trawler.dev/schema/core/0.1#type" : [ {
    "@value" : "VARCHAR"
  } ]
}, {
  "@id" : "urn:tr:field:postgresql/localhost/postgres/public/djstripe_transfer/source_type",
  "http://schema.org/name" : [ {
    "@value" : "source_type"
  } ],
  "http://trawler.dev/schema/core/0.1#isNullable" : [ {
    "@value" : false
  } ],
  "http://trawler.dev/schema/core/0.1#relations" : [ ],
  "http://trawler.dev/schema/core/0.1#type" : [ {
    "@value" : "VARCHAR"
  } ]
}, {
  "@id" : "urn:tr:field:postgresql/localhost/postgres/public/djstripe_transfer/transfer_group",
  "http://schema.org/name" : [ {
    "@value" : "transfer_group"
  } ],
  "http://trawler.dev/schema/core/0.1#isNullable" : [ {
    "@value" : false
  } ],
  "http://trawler.dev/schema/core/0.1#relations" : [ ],
  "http://trawler.dev/schema/core/0.1#type" : [ {
    "@value" : "VARCHAR"
  } ]
}, {
  "@id" : "urn:tr:field:postgresql/localhost/postgres/public/djstripe_transfer/balance_transaction_id",
  "http://schema.org/name" : [ {
    "@value" : "balance_transaction_id"
  } ],
  "http://trawler.dev/schema/core/0.1#isNullable" : [ {
    "@value" : true
  } ],
  "http://trawler.dev/schema/core/0.1#relations" : [ {
    "@value" : "urn:tr:constraint:postgresql/localhost/postgres/public/djstripe_transfer/djstripe_transfer_balance_transaction__b5b00270_fk_djstripe_"
  } ],
  "http://trawler.dev/schema/core/0.1#type" : [ {
    "@value" : "VARCHAR"
  } ]
}, {
  "@id" : "urn:tr:field:postgresql/localhost/postgres/public/djstripe_transfer/djstripe_owner_account_id",
  "http://schema.org/name" : [ {
    "@value" : "djstripe_owner_account_id"
  } ],
  "http://trawler.dev/schema/core/0.1#isNullable" : [ {
    "@value" : true
  } ],
  "http://trawler.dev/schema/core/0.1#relations" : [ {
    "@value" : "urn:tr:constraint:postgresql/localhost/postgres/public/djstripe_transfer/djstripe_transfer_djstripe_owner_accou_78ad63fe_fk_djstripe_"
  } ],
  "http://trawler.dev/schema/core/0.1#type" : [ {
    "@value" : "VARCHAR"
  } ]
}, {
  "@id" : "urn:tr:constraint:postgresql/localhost/postgres/public/djstripe_transfer/djstripe_transfer_balance_transaction__b5b00270_fk_djstripe_",
  "@type" : [ "tr:Constraint" ],
  "tr:hasFields" : [ {
    "@id" : "urn:tr:column:postgresql/localhost/postgres/public/djstripe_balancetransaction/id"
  } ]
}, {
  "@id" : "urn:tr:constraint:postgresql/localhost/postgres/public/djstripe_transfer/djstripe_transfer_djstripe_owner_accou_78ad63fe_fk_djstripe_",
  "@type" : [ "tr:Constraint" ],
  "tr:hasFields" : [ {
    "@id" : "urn:tr:column:postgresql/localhost/postgres/public/djstripe_account/id"
  } ]
}, {
  "@id" : "urn:tr:table:postgresql/localhost/postgres/public/djstripe_payout",
  "@type" : [ "http://trawler.dev/schema/core/0.1#Table" ],
  "http://schema.org/name" : [ {
    "@value" : "djstripe_payout"
  } ],
  "http://trawler.dev/schema/core/0.1#hasFields" : [ {
    "@id" : "urn:tr:field:postgresql/localhost/postgres/public/djstripe_payout/djstripe_id"
  }, {
    "@id" : "urn:tr:field:postgresql/localhost/postgres/public/djstripe_payout/id"
  }, {
    "@id" : "urn:tr:field:postgresql/localhost/postgres/public/djstripe_payout/livemode"
  }, {
    "@id" : "urn:tr:field:postgresql/localhost/postgres/public/djstripe_payout/created"
  }, {
    "@id" : "urn:tr:field:postgresql/localhost/postgres/public/djstripe_payout/metadata"
  }, {
    "@id" : "urn:tr:field:postgresql/localhost/postgres/public/djstripe_payout/description"
  }, {
    "@id" : "urn:tr:field:postgresql/localhost/postgres/public/djstripe_payout/djstripe_created"
  }, {
    "@id" : "urn:tr:field:postgresql/localhost/postgres/public/djstripe_payout/djstripe_updated"
  }, {
    "@id" : "urn:tr:field:postgresql/localhost/postgres/public/djstripe_payout/amount"
  }, {
    "@id" : "urn:tr:field:postgresql/localhost/postgres/public/djstripe_payout/arrival_date"
  }, {
    "@id" : "urn:tr:field:postgresql/localhost/postgres/public/djstripe_payout/currency"
  }, {
    "@id" : "urn:tr:field:postgresql/localhost/postgres/public/djstripe_payout/failure_code"
  }, {
    "@id" : "urn:tr:field:postgresql/localhost/postgres/public/djstripe_payout/failure_message"
  }, {
    "@id" : "urn:tr:field:postgresql/localhost/postgres/public/djstripe_payout/method"
  }, {
    "@id" : "urn:tr:field:postgresql/localhost/postgres/public/djstripe_payout/statement_descriptor"
  }, {
    "@id" : "urn:tr:field:postgresql/localhost/postgres/public/djstripe_payout/status"
  }, {
    "@id" : "urn:tr:field:postgresql/localhost/postgres/public/djstripe_payout/type"
  }, {
    "@id" : "urn:tr:field:postgresql/localhost/postgres/public/djstripe_payout/destination_id"
  }, {
    "@id" : "urn:tr:field:postgresql/localhost/postgres/public/djstripe_payout/balance_transaction_id"
  }, {
    "@id" : "urn:tr:field:postgresql/localhost/postgres/public/djstripe_payout/failure_balance_transaction_id"
  }, {
    "@id" : "urn:tr:field:postgresql/localhost/postgres/public/djstripe_payout/djstripe_owner_account_id"
  }, {
    "@id" : "urn:tr:field:postgresql/localhost/postgres/public/djstripe_payout/automatic"
  }, {
    "@id" : "urn:tr:field:postgresql/localhost/postgres/public/djstripe_payout/source_type"
  } ]
}, {
  "@id" : "urn:tr:field:postgresql/localhost/postgres/public/djstripe_payout/djstripe_id",
  "http://schema.org/name" : [ {
    "@value" : "djstripe_id"
  } ],
  "http://trawler.dev/schema/core/0.1#isNullable" : [ {
    "@value" : false
  } ],
  "http://trawler.dev/schema/core/0.1#relations" : [ ],
  "http://trawler.dev/schema/core/0.1#type" : [ {
    "@value" : "BIGINT"
  } ]
}, {
  "@id" : "urn:tr:field:postgresql/localhost/postgres/public/djstripe_payout/id",
  "http://schema.org/name" : [ {
    "@value" : "id"
  } ],
  "http://trawler.dev/schema/core/0.1#isNullable" : [ {
    "@value" : false
  } ],
  "http://trawler.dev/schema/core/0.1#relations" : [ ],
  "http://trawler.dev/schema/core/0.1#type" : [ {
    "@value" : "VARCHAR"
  } ]
}, {
  "@id" : "urn:tr:field:postgresql/localhost/postgres/public/djstripe_payout/livemode",
  "http://schema.org/name" : [ {
    "@value" : "livemode"
  } ],
  "http://trawler.dev/schema/core/0.1#isNullable" : [ {
    "@value" : true
  } ],
  "http://trawler.dev/schema/core/0.1#relations" : [ ],
  "http://trawler.dev/schema/core/0.1#type" : [ {
    "@value" : "BOOLEAN"
  } ]
}, {
  "@id" : "urn:tr:field:postgresql/localhost/postgres/public/djstripe_payout/created",
  "http://schema.org/name" : [ {
    "@value" : "created"
  } ],
  "http://trawler.dev/schema/core/0.1#isNullable" : [ {
    "@value" : true
  } ],
  "http://trawler.dev/schema/core/0.1#relations" : [ ],
  "http://trawler.dev/schema/core/0.1#type" : [ {
    "@value" : "TIMESTAMP"
  } ]
}, {
  "@id" : "urn:tr:field:postgresql/localhost/postgres/public/djstripe_payout/metadata",
  "http://schema.org/name" : [ {
    "@value" : "metadata"
  } ],
  "http://trawler.dev/schema/core/0.1#isNullable" : [ {
    "@value" : true
  } ],
  "http://trawler.dev/schema/core/0.1#relations" : [ ],
  "http://trawler.dev/schema/core/0.1#type" : [ {
    "@value" : "JSONB"
  } ]
}, {
  "@id" : "urn:tr:field:postgresql/localhost/postgres/public/djstripe_payout/description",
  "http://schema.org/name" : [ {
    "@value" : "description"
  } ],
  "http://trawler.dev/schema/core/0.1#isNullable" : [ {
    "@value" : true
  } ],
  "http://trawler.dev/schema/core/0.1#relations" : [ ],
  "http://trawler.dev/schema/core/0.1#type" : [ {
    "@value" : "TEXT"
  } ]
}, {
  "@id" : "urn:tr:field:postgresql/localhost/postgres/public/djstripe_payout/djstripe_created",
  "http://schema.org/name" : [ {
    "@value" : "djstripe_created"
  } ],
  "http://trawler.dev/schema/core/0.1#isNullable" : [ {
    "@value" : false
  } ],
  "http://trawler.dev/schema/core/0.1#relations" : [ ],
  "http://trawler.dev/schema/core/0.1#type" : [ {
    "@value" : "TIMESTAMP"
  } ]
}, {
  "@id" : "urn:tr:field:postgresql/localhost/postgres/public/djstripe_payout/djstripe_updated",
  "http://schema.org/name" : [ {
    "@value" : "djstripe_updated"
  } ],
  "http://trawler.dev/schema/core/0.1#isNullable" : [ {
    "@value" : false
  } ],
  "http://trawler.dev/schema/core/0.1#relations" : [ ],
  "http://trawler.dev/schema/core/0.1#type" : [ {
    "@value" : "TIMESTAMP"
  } ]
}, {
  "@id" : "urn:tr:field:postgresql/localhost/postgres/public/djstripe_payout/amount",
  "http://schema.org/name" : [ {
    "@value" : "amount"
  } ],
  "http://trawler.dev/schema/core/0.1#isNullable" : [ {
    "@value" : false
  } ],
  "http://trawler.dev/schema/core/0.1#relations" : [ ],
  "http://trawler.dev/schema/core/0.1#type" : [ {
    "@value" : "NUMERIC"
  } ]
}, {
  "@id" : "urn:tr:field:postgresql/localhost/postgres/public/djstripe_payout/arrival_date",
  "http://schema.org/name" : [ {
    "@value" : "arrival_date"
  } ],
  "http://trawler.dev/schema/core/0.1#isNullable" : [ {
    "@value" : false
  } ],
  "http://trawler.dev/schema/core/0.1#relations" : [ ],
  "http://trawler.dev/schema/core/0.1#type" : [ {
    "@value" : "TIMESTAMP"
  } ]
}, {
  "@id" : "urn:tr:field:postgresql/localhost/postgres/public/djstripe_payout/currency",
  "http://schema.org/name" : [ {
    "@value" : "currency"
  } ],
  "http://trawler.dev/schema/core/0.1#isNullable" : [ {
    "@value" : false
  } ],
  "http://trawler.dev/schema/core/0.1#relations" : [ ],
  "http://trawler.dev/schema/core/0.1#type" : [ {
    "@value" : "VARCHAR"
  } ]
}, {
  "@id" : "urn:tr:field:postgresql/localhost/postgres/public/djstripe_payout/failure_code",
  "http://schema.org/name" : [ {
    "@value" : "failure_code"
  } ],
  "http://trawler.dev/schema/core/0.1#isNullable" : [ {
    "@value" : false
  } ],
  "http://trawler.dev/schema/core/0.1#relations" : [ ],
  "http://trawler.dev/schema/core/0.1#type" : [ {
    "@value" : "VARCHAR"
  } ]
}, {
  "@id" : "urn:tr:field:postgresql/localhost/postgres/public/djstripe_payout/failure_message",
  "http://schema.org/name" : [ {
    "@value" : "failure_message"
  } ],
  "http://trawler.dev/schema/core/0.1#isNullable" : [ {
    "@value" : false
  } ],
  "http://trawler.dev/schema/core/0.1#relations" : [ ],
  "http://trawler.dev/schema/core/0.1#type" : [ {
    "@value" : "TEXT"
  } ]
}, {
  "@id" : "urn:tr:field:postgresql/localhost/postgres/public/djstripe_payout/method",
  "http://schema.org/name" : [ {
    "@value" : "method"
  } ],
  "http://trawler.dev/schema/core/0.1#isNullable" : [ {
    "@value" : false
  } ],
  "http://trawler.dev/schema/core/0.1#relations" : [ ],
  "http://trawler.dev/schema/core/0.1#type" : [ {
    "@value" : "VARCHAR"
  } ]
}, {
  "@id" : "urn:tr:field:postgresql/localhost/postgres/public/djstripe_payout/statement_descriptor",
  "http://schema.org/name" : [ {
    "@value" : "statement_descriptor"
  } ],
  "http://trawler.dev/schema/core/0.1#isNullable" : [ {
    "@value" : false
  } ],
  "http://trawler.dev/schema/core/0.1#relations" : [ ],
  "http://trawler.dev/schema/core/0.1#type" : [ {
    "@value" : "VARCHAR"
  } ]
}, {
  "@id" : "urn:tr:field:postgresql/localhost/postgres/public/djstripe_payout/status",
  "http://schema.org/name" : [ {
    "@value" : "status"
  } ],
  "http://trawler.dev/schema/core/0.1#isNullable" : [ {
    "@value" : false
  } ],
  "http://trawler.dev/schema/core/0.1#relations" : [ ],
  "http://trawler.dev/schema/core/0.1#type" : [ {
    "@value" : "VARCHAR"
  } ]
}, {
  "@id" : "urn:tr:field:postgresql/localhost/postgres/public/djstripe_payout/type",
  "http://schema.org/name" : [ {
    "@value" : "type"
  } ],
  "http://trawler.dev/schema/core/0.1#isNullable" : [ {
    "@value" : false
  } ],
  "http://trawler.dev/schema/core/0.1#relations" : [ ],
  "http://trawler.dev/schema/core/0.1#type" : [ {
    "@value" : "VARCHAR"
  } ]
}, {
  "@id" : "urn:tr:field:postgresql/localhost/postgres/public/djstripe_payout/destination_id",
  "http://schema.org/name" : [ {
    "@value" : "destination_id"
  } ],
  "http://trawler.dev/schema/core/0.1#isNullable" : [ {
    "@value" : true
  } ],
  "http://trawler.dev/schema/core/0.1#relations" : [ {
    "@value" : "urn:tr:constraint:postgresql/localhost/postgres/public/djstripe_payout/djstripe_payout_destination_id_a5fa55c2_fk_djstripe_"
  } ],
  "http://trawler.dev/schema/core/0.1#type" : [ {
    "@value" : "VARCHAR"
  } ]
}, {
  "@id" : "urn:tr:field:postgresql/localhost/postgres/public/djstripe_payout/balance_transaction_id",
  "http://schema.org/name" : [ {
    "@value" : "balance_transaction_id"
  } ],
  "http://trawler.dev/schema/core/0.1#isNullable" : [ {
    "@value" : true
  } ],
  "http://trawler.dev/schema/core/0.1#relations" : [ {
    "@value" : "urn:tr:constraint:postgresql/localhost/postgres/public/djstripe_payout/djstripe_payout_balance_transaction__a9393fb6_fk_djstripe_"
  } ],
  "http://trawler.dev/schema/core/0.1#type" : [ {
    "@value" : "VARCHAR"
  } ]
}, {
  "@id" : "urn:tr:field:postgresql/localhost/postgres/public/djstripe_payout/failure_balance_transaction_id",
  "http://schema.org/name" : [ {
    "@value" : "failure_balance_transaction_id"
  } ],
  "http://trawler.dev/schema/core/0.1#isNullable" : [ {
    "@value" : true
  } ],
  "http://trawler.dev/schema/core/0.1#relations" : [ {
    "@value" : "urn:tr:constraint:postgresql/localhost/postgres/public/djstripe_payout/djstripe_payout_failure_balance_tran_77d442db_fk_djstripe_"
  } ],
  "http://trawler.dev/schema/core/0.1#type" : [ {
    "@value" : "VARCHAR"
  } ]
}, {
  "@id" : "urn:tr:field:postgresql/localhost/postgres/public/djstripe_payout/djstripe_owner_account_id",
  "http://schema.org/name" : [ {
    "@value" : "djstripe_owner_account_id"
  } ],
  "http://trawler.dev/schema/core/0.1#isNullable" : [ {
    "@value" : true
  } ],
  "http://trawler.dev/schema/core/0.1#relations" : [ {
    "@value" : "urn:tr:constraint:postgresql/localhost/postgres/public/djstripe_payout/djstripe_payout_djstripe_owner_accou_8aac4e8e_fk_djstripe_"
  } ],
  "http://trawler.dev/schema/core/0.1#type" : [ {
    "@value" : "VARCHAR"
  } ]
}, {
  "@id" : "urn:tr:field:postgresql/localhost/postgres/public/djstripe_payout/automatic",
  "http://schema.org/name" : [ {
    "@value" : "automatic"
  } ],
  "http://trawler.dev/schema/core/0.1#isNullable" : [ {
    "@value" : false
  } ],
  "http://trawler.dev/schema/core/0.1#relations" : [ ],
  "http://trawler.dev/schema/core/0.1#type" : [ {
    "@value" : "BOOLEAN"
  } ]
}, {
  "@id" : "urn:tr:field:postgresql/localhost/postgres/public/djstripe_payout/source_type",
  "http://schema.org/name" : [ {
    "@value" : "source_type"
  } ],
  "http://trawler.dev/schema/core/0.1#isNullable" : [ {
    "@value" : false
  } ],
  "http://trawler.dev/schema/core/0.1#relations" : [ ],
  "http://trawler.dev/schema/core/0.1#type" : [ {
    "@value" : "VARCHAR"
  } ]
}, {
  "@id" : "urn:tr:constraint:postgresql/localhost/postgres/public/djstripe_payout/djstripe_payout_balance_transaction__a9393fb6_fk_djstripe_",
  "@type" : [ "tr:Constraint" ],
  "tr:hasFields" : [ {
    "@id" : "urn:tr:column:postgresql/localhost/postgres/public/djstripe_balancetransaction/id"
  } ]
}, {
  "@id" : "urn:tr:constraint:postgresql/localhost/postgres/public/djstripe_payout/djstripe_payout_destination_id_a5fa55c2_fk_djstripe_",
  "@type" : [ "tr:Constraint" ],
  "tr:hasFields" : [ {
    "@id" : "urn:tr:column:postgresql/localhost/postgres/public/djstripe_bankaccount/id"
  } ]
}, {
  "@id" : "urn:tr:constraint:postgresql/localhost/postgres/public/djstripe_payout/djstripe_payout_djstripe_owner_accou_8aac4e8e_fk_djstripe_",
  "@type" : [ "tr:Constraint" ],
  "tr:hasFields" : [ {
    "@id" : "urn:tr:column:postgresql/localhost/postgres/public/djstripe_account/id"
  } ]
}, {
  "@id" : "urn:tr:constraint:postgresql/localhost/postgres/public/djstripe_payout/djstripe_payout_failure_balance_tran_77d442db_fk_djstripe_",
  "@type" : [ "tr:Constraint" ],
  "tr:hasFields" : [ {
    "@id" : "urn:tr:column:postgresql/localhost/postgres/public/djstripe_balancetransaction/id"
  } ]
}, {
  "@id" : "urn:tr:table:postgresql/localhost/postgres/public/djstripe_djstripepaymentmethod",
  "@type" : [ "http://trawler.dev/schema/core/0.1#Table" ],
  "http://schema.org/name" : [ {
    "@value" : "djstripe_djstripepaymentmethod"
  } ],
  "http://trawler.dev/schema/core/0.1#hasFields" : [ {
    "@id" : "urn:tr:field:postgresql/localhost/postgres/public/djstripe_djstripepaymentmethod/id"
  }, {
    "@id" : "urn:tr:field:postgresql/localhost/postgres/public/djstripe_djstripepaymentmethod/type"
  } ]
}, {
  "@id" : "urn:tr:field:postgresql/localhost/postgres/public/djstripe_djstripepaymentmethod/id",
  "http://schema.org/name" : [ {
    "@value" : "id"
  } ],
  "http://trawler.dev/schema/core/0.1#isNullable" : [ {
    "@value" : false
  } ],
  "http://trawler.dev/schema/core/0.1#relations" : [ ],
  "http://trawler.dev/schema/core/0.1#type" : [ {
    "@value" : "VARCHAR"
  } ]
}, {
  "@id" : "urn:tr:field:postgresql/localhost/postgres/public/djstripe_djstripepaymentmethod/type",
  "http://schema.org/name" : [ {
    "@value" : "type"
  } ],
  "http://trawler.dev/schema/core/0.1#isNullable" : [ {
    "@value" : false
  } ],
  "http://trawler.dev/schema/core/0.1#relations" : [ ],
  "http://trawler.dev/schema/core/0.1#type" : [ {
    "@value" : "VARCHAR"
  } ]
}, {
  "@id" : "urn:tr:table:postgresql/localhost/postgres/public/djstripe_account",
  "@type" : [ "http://trawler.dev/schema/core/0.1#Table" ],
  "http://schema.org/name" : [ {
    "@value" : "djstripe_account"
  } ],
  "http://trawler.dev/schema/core/0.1#hasFields" : [ {
    "@id" : "urn:tr:field:postgresql/localhost/postgres/public/djstripe_account/djstripe_id"
  }, {
    "@id" : "urn:tr:field:postgresql/localhost/postgres/public/djstripe_account/id"
  }, {
    "@id" : "urn:tr:field:postgresql/localhost/postgres/public/djstripe_account/livemode"
  }, {
    "@id" : "urn:tr:field:postgresql/localhost/postgres/public/djstripe_account/created"
  }, {
    "@id" : "urn:tr:field:postgresql/localhost/postgres/public/djstripe_account/metadata"
  }, {
    "@id" : "urn:tr:field:postgresql/localhost/postgres/public/djstripe_account/description"
  }, {
    "@id" : "urn:tr:field:postgresql/localhost/postgres/public/djstripe_account/djstripe_created"
  }, {
    "@id" : "urn:tr:field:postgresql/localhost/postgres/public/djstripe_account/djstripe_updated"
  }, {
    "@id" : "urn:tr:field:postgresql/localhost/postgres/public/djstripe_account/charges_enabled"
  }, {
    "@id" : "urn:tr:field:postgresql/localhost/postgres/public/djstripe_account/country"
  }, {
    "@id" : "urn:tr:field:postgresql/localhost/postgres/public/djstripe_account/default_currency"
  }, {
    "@id" : "urn:tr:field:postgresql/localhost/postgres/public/djstripe_account/details_submitted"
  }, {
    "@id" : "urn:tr:field:postgresql/localhost/postgres/public/djstripe_account/email"
  }, {
    "@id" : "urn:tr:field:postgresql/localhost/postgres/public/djstripe_account/payouts_enabled"
  }, {
    "@id" : "urn:tr:field:postgresql/localhost/postgres/public/djstripe_account/product_description"
  }, {
    "@id" : "urn:tr:field:postgresql/localhost/postgres/public/djstripe_account/type"
  }, {
    "@id" : "urn:tr:field:postgresql/localhost/postgres/public/djstripe_account/tos_acceptance"
  }, {
    "@id" : "urn:tr:field:postgresql/localhost/postgres/public/djstripe_account/business_profile"
  }, {
    "@id" : "urn:tr:field:postgresql/localhost/postgres/public/djstripe_account/business_type"
  }, {
    "@id" : "urn:tr:field:postgresql/localhost/postgres/public/djstripe_account/company"
  }, {
    "@id" : "urn:tr:field:postgresql/localhost/postgres/public/djstripe_account/individual"
  }, {
    "@id" : "urn:tr:field:postgresql/localhost/postgres/public/djstripe_account/requirements"
  }, {
    "@id" : "urn:tr:field:postgresql/localhost/postgres/public/djstripe_account/settings"
  } ]
}, {
  "@id" : "urn:tr:field:postgresql/localhost/postgres/public/djstripe_account/djstripe_id",
  "http://schema.org/name" : [ {
    "@value" : "djstripe_id"
  } ],
  "http://trawler.dev/schema/core/0.1#isNullable" : [ {
    "@value" : false
  } ],
  "http://trawler.dev/schema/core/0.1#relations" : [ ],
  "http://trawler.dev/schema/core/0.1#type" : [ {
    "@value" : "BIGINT"
  } ]
}, {
  "@id" : "urn:tr:field:postgresql/localhost/postgres/public/djstripe_account/id",
  "http://schema.org/name" : [ {
    "@value" : "id"
  } ],
  "http://trawler.dev/schema/core/0.1#isNullable" : [ {
    "@value" : false
  } ],
  "http://trawler.dev/schema/core/0.1#relations" : [ ],
  "http://trawler.dev/schema/core/0.1#type" : [ {
    "@value" : "VARCHAR"
  } ]
}, {
  "@id" : "urn:tr:field:postgresql/localhost/postgres/public/djstripe_account/livemode",
  "http://schema.org/name" : [ {
    "@value" : "livemode"
  } ],
  "http://trawler.dev/schema/core/0.1#isNullable" : [ {
    "@value" : true
  } ],
  "http://trawler.dev/schema/core/0.1#relations" : [ ],
  "http://trawler.dev/schema/core/0.1#type" : [ {
    "@value" : "BOOLEAN"
  } ]
}, {
  "@id" : "urn:tr:field:postgresql/localhost/postgres/public/djstripe_account/created",
  "http://schema.org/name" : [ {
    "@value" : "created"
  } ],
  "http://trawler.dev/schema/core/0.1#isNullable" : [ {
    "@value" : true
  } ],
  "http://trawler.dev/schema/core/0.1#relations" : [ ],
  "http://trawler.dev/schema/core/0.1#type" : [ {
    "@value" : "TIMESTAMP"
  } ]
}, {
  "@id" : "urn:tr:field:postgresql/localhost/postgres/public/djstripe_account/metadata",
  "http://schema.org/name" : [ {
    "@value" : "metadata"
  } ],
  "http://trawler.dev/schema/core/0.1#isNullable" : [ {
    "@value" : true
  } ],
  "http://trawler.dev/schema/core/0.1#relations" : [ ],
  "http://trawler.dev/schema/core/0.1#type" : [ {
    "@value" : "JSONB"
  } ]
}, {
  "@id" : "urn:tr:field:postgresql/localhost/postgres/public/djstripe_account/description",
  "http://schema.org/name" : [ {
    "@value" : "description"
  } ],
  "http://trawler.dev/schema/core/0.1#isNullable" : [ {
    "@value" : true
  } ],
  "http://trawler.dev/schema/core/0.1#relations" : [ ],
  "http://trawler.dev/schema/core/0.1#type" : [ {
    "@value" : "TEXT"
  } ]
}, {
  "@id" : "urn:tr:field:postgresql/localhost/postgres/public/djstripe_account/djstripe_created",
  "http://schema.org/name" : [ {
    "@value" : "djstripe_created"
  } ],
  "http://trawler.dev/schema/core/0.1#isNullable" : [ {
    "@value" : false
  } ],
  "http://trawler.dev/schema/core/0.1#relations" : [ ],
  "http://trawler.dev/schema/core/0.1#type" : [ {
    "@value" : "TIMESTAMP"
  } ]
}, {
  "@id" : "urn:tr:field:postgresql/localhost/postgres/public/djstripe_account/djstripe_updated",
  "http://schema.org/name" : [ {
    "@value" : "djstripe_updated"
  } ],
  "http://trawler.dev/schema/core/0.1#isNullable" : [ {
    "@value" : false
  } ],
  "http://trawler.dev/schema/core/0.1#relations" : [ ],
  "http://trawler.dev/schema/core/0.1#type" : [ {
    "@value" : "TIMESTAMP"
  } ]
}, {
  "@id" : "urn:tr:field:postgresql/localhost/postgres/public/djstripe_account/charges_enabled",
  "http://schema.org/name" : [ {
    "@value" : "charges_enabled"
  } ],
  "http://trawler.dev/schema/core/0.1#isNullable" : [ {
    "@value" : false
  } ],
  "http://trawler.dev/schema/core/0.1#relations" : [ ],
  "http://trawler.dev/schema/core/0.1#type" : [ {
    "@value" : "BOOLEAN"
  } ]
}, {
  "@id" : "urn:tr:field:postgresql/localhost/postgres/public/djstripe_account/country",
  "http://schema.org/name" : [ {
    "@value" : "country"
  } ],
  "http://trawler.dev/schema/core/0.1#isNullable" : [ {
    "@value" : false
  } ],
  "http://trawler.dev/schema/core/0.1#relations" : [ ],
  "http://trawler.dev/schema/core/0.1#type" : [ {
    "@value" : "VARCHAR"
  } ]
}, {
  "@id" : "urn:tr:field:postgresql/localhost/postgres/public/djstripe_account/default_currency",
  "http://schema.org/name" : [ {
    "@value" : "default_currency"
  } ],
  "http://trawler.dev/schema/core/0.1#isNullable" : [ {
    "@value" : false
  } ],
  "http://trawler.dev/schema/core/0.1#relations" : [ ],
  "http://trawler.dev/schema/core/0.1#type" : [ {
    "@value" : "VARCHAR"
  } ]
}, {
  "@id" : "urn:tr:field:postgresql/localhost/postgres/public/djstripe_account/details_submitted",
  "http://schema.org/name" : [ {
    "@value" : "details_submitted"
  } ],
  "http://trawler.dev/schema/core/0.1#isNullable" : [ {
    "@value" : false
  } ],
  "http://trawler.dev/schema/core/0.1#relations" : [ ],
  "http://trawler.dev/schema/core/0.1#type" : [ {
    "@value" : "BOOLEAN"
  } ]
}, {
  "@id" : "urn:tr:field:postgresql/localhost/postgres/public/djstripe_account/email",
  "http://schema.org/name" : [ {
    "@value" : "email"
  } ],
  "http://trawler.dev/schema/core/0.1#isNullable" : [ {
    "@value" : false
  } ],
  "http://trawler.dev/schema/core/0.1#relations" : [ ],
  "http://trawler.dev/schema/core/0.1#type" : [ {
    "@value" : "VARCHAR"
  } ]
}, {
  "@id" : "urn:tr:field:postgresql/localhost/postgres/public/djstripe_account/payouts_enabled",
  "http://schema.org/name" : [ {
    "@value" : "payouts_enabled"
  } ],
  "http://trawler.dev/schema/core/0.1#isNullable" : [ {
    "@value" : true
  } ],
  "http://trawler.dev/schema/core/0.1#relations" : [ ],
  "http://trawler.dev/schema/core/0.1#type" : [ {
    "@value" : "BOOLEAN"
  } ]
}, {
  "@id" : "urn:tr:field:postgresql/localhost/postgres/public/djstripe_account/product_description",
  "http://schema.org/name" : [ {
    "@value" : "product_description"
  } ],
  "http://trawler.dev/schema/core/0.1#isNullable" : [ {
    "@value" : false
  } ],
  "http://trawler.dev/schema/core/0.1#relations" : [ ],
  "http://trawler.dev/schema/core/0.1#type" : [ {
    "@value" : "VARCHAR"
  } ]
}, {
  "@id" : "urn:tr:field:postgresql/localhost/postgres/public/djstripe_account/type",
  "http://schema.org/name" : [ {
    "@value" : "type"
  } ],
  "http://trawler.dev/schema/core/0.1#isNullable" : [ {
    "@value" : false
  } ],
  "http://trawler.dev/schema/core/0.1#relations" : [ ],
  "http://trawler.dev/schema/core/0.1#type" : [ {
    "@value" : "VARCHAR"
  } ]
}, {
  "@id" : "urn:tr:field:postgresql/localhost/postgres/public/djstripe_account/tos_acceptance",
  "http://schema.org/name" : [ {
    "@value" : "tos_acceptance"
  } ],
  "http://trawler.dev/schema/core/0.1#isNullable" : [ {
    "@value" : true
  } ],
  "http://trawler.dev/schema/core/0.1#relations" : [ ],
  "http://trawler.dev/schema/core/0.1#type" : [ {
    "@value" : "JSONB"
  } ]
}, {
  "@id" : "urn:tr:field:postgresql/localhost/postgres/public/djstripe_account/business_profile",
  "http://schema.org/name" : [ {
    "@value" : "business_profile"
  } ],
  "http://trawler.dev/schema/core/0.1#isNullable" : [ {
    "@value" : true
  } ],
  "http://trawler.dev/schema/core/0.1#relations" : [ ],
  "http://trawler.dev/schema/core/0.1#type" : [ {
    "@value" : "JSONB"
  } ]
}, {
  "@id" : "urn:tr:field:postgresql/localhost/postgres/public/djstripe_account/business_type",
  "http://schema.org/name" : [ {
    "@value" : "business_type"
  } ],
  "http://trawler.dev/schema/core/0.1#isNullable" : [ {
    "@value" : false
  } ],
  "http://trawler.dev/schema/core/0.1#relations" : [ ],
  "http://trawler.dev/schema/core/0.1#type" : [ {
    "@value" : "VARCHAR"
  } ]
}, {
  "@id" : "urn:tr:field:postgresql/localhost/postgres/public/djstripe_account/company",
  "http://schema.org/name" : [ {
    "@value" : "company"
  } ],
  "http://trawler.dev/schema/core/0.1#isNullable" : [ {
    "@value" : true
  } ],
  "http://trawler.dev/schema/core/0.1#relations" : [ ],
  "http://trawler.dev/schema/core/0.1#type" : [ {
    "@value" : "JSONB"
  } ]
}, {
  "@id" : "urn:tr:field:postgresql/localhost/postgres/public/djstripe_account/individual",
  "http://schema.org/name" : [ {
    "@value" : "individual"
  } ],
  "http://trawler.dev/schema/core/0.1#isNullable" : [ {
    "@value" : true
  } ],
  "http://trawler.dev/schema/core/0.1#relations" : [ ],
  "http://trawler.dev/schema/core/0.1#type" : [ {
    "@value" : "JSONB"
  } ]
}, {
  "@id" : "urn:tr:field:postgresql/localhost/postgres/public/djstripe_account/requirements",
  "http://schema.org/name" : [ {
    "@value" : "requirements"
  } ],
  "http://trawler.dev/schema/core/0.1#isNullable" : [ {
    "@value" : true
  } ],
  "http://trawler.dev/schema/core/0.1#relations" : [ ],
  "http://trawler.dev/schema/core/0.1#type" : [ {
    "@value" : "JSONB"
  } ]
}, {
  "@id" : "urn:tr:field:postgresql/localhost/postgres/public/djstripe_account/settings",
  "http://schema.org/name" : [ {
    "@value" : "settings"
  } ],
  "http://trawler.dev/schema/core/0.1#isNullable" : [ {
    "@value" : true
  } ],
  "http://trawler.dev/schema/core/0.1#relations" : [ ],
  "http://trawler.dev/schema/core/0.1#type" : [ {
    "@value" : "JSONB"
  } ]
}, {
  "@id" : "urn:tr:table:postgresql/localhost/postgres/public/djstripe_customer",
  "@type" : [ "http://trawler.dev/schema/core/0.1#Table" ],
  "http://schema.org/name" : [ {
    "@value" : "djstripe_customer"
  } ],
  "http://trawler.dev/schema/core/0.1#hasFields" : [ {
    "@id" : "urn:tr:field:postgresql/localhost/postgres/public/djstripe_customer/djstripe_id"
  }, {
    "@id" : "urn:tr:field:postgresql/localhost/postgres/public/djstripe_customer/id"
  }, {
    "@id" : "urn:tr:field:postgresql/localhost/postgres/public/djstripe_customer/livemode"
  }, {
    "@id" : "urn:tr:field:postgresql/localhost/postgres/public/djstripe_customer/created"
  }, {
    "@id" : "urn:tr:field:postgresql/localhost/postgres/public/djstripe_customer/metadata"
  }, {
    "@id" : "urn:tr:field:postgresql/localhost/postgres/public/djstripe_customer/description"
  }, {
    "@id" : "urn:tr:field:postgresql/localhost/postgres/public/djstripe_customer/djstripe_created"
  }, {
    "@id" : "urn:tr:field:postgresql/localhost/postgres/public/djstripe_customer/djstripe_updated"
  }, {
    "@id" : "urn:tr:field:postgresql/localhost/postgres/public/djstripe_customer/balance"
  }, {
    "@id" : "urn:tr:field:postgresql/localhost/postgres/public/djstripe_customer/currency"
  }, {
    "@id" : "urn:tr:field:postgresql/localhost/postgres/public/djstripe_customer/delinquent"
  }, {
    "@id" : "urn:tr:field:postgresql/localhost/postgres/public/djstripe_customer/coupon_start"
  }, {
    "@id" : "urn:tr:field:postgresql/localhost/postgres/public/djstripe_customer/coupon_end"
  }, {
    "@id" : "urn:tr:field:postgresql/localhost/postgres/public/djstripe_customer/email"
  }, {
    "@id" : "urn:tr:field:postgresql/localhost/postgres/public/djstripe_customer/shipping"
  }, {
    "@id" : "urn:tr:field:postgresql/localhost/postgres/public/djstripe_customer/date_purged"
  }, {
    "@id" : "urn:tr:field:postgresql/localhost/postgres/public/djstripe_customer/coupon_id"
  }, {
    "@id" : "urn:tr:field:postgresql/localhost/postgres/public/djstripe_customer/default_source_id"
  }, {
    "@id" : "urn:tr:field:postgresql/localhost/postgres/public/djstripe_customer/subscriber_id"
  }, {
    "@id" : "urn:tr:field:postgresql/localhost/postgres/public/djstripe_customer/address"
  }, {
    "@id" : "urn:tr:field:postgresql/localhost/postgres/public/djstripe_customer/invoice_prefix"
  }, {
    "@id" : "urn:tr:field:postgresql/localhost/postgres/public/djstripe_customer/invoice_settings"
  }, {
    "@id" : "urn:tr:field:postgresql/localhost/postgres/public/djstripe_customer/name"
  }, {
    "@id" : "urn:tr:field:postgresql/localhost/postgres/public/djstripe_customer/phone"
  }, {
    "@id" : "urn:tr:field:postgresql/localhost/postgres/public/djstripe_customer/preferred_locales"
  }, {
    "@id" : "urn:tr:field:postgresql/localhost/postgres/public/djstripe_customer/tax_exempt"
  }, {
    "@id" : "urn:tr:field:postgresql/localhost/postgres/public/djstripe_customer/default_payment_method_id"
  }, {
    "@id" : "urn:tr:field:postgresql/localhost/postgres/public/djstripe_customer/djstripe_owner_account_id"
  } ]
}, {
  "@id" : "urn:tr:field:postgresql/localhost/postgres/public/djstripe_customer/djstripe_id",
  "http://schema.org/name" : [ {
    "@value" : "djstripe_id"
  } ],
  "http://trawler.dev/schema/core/0.1#isNullable" : [ {
    "@value" : false
  } ],
  "http://trawler.dev/schema/core/0.1#relations" : [ ],
  "http://trawler.dev/schema/core/0.1#type" : [ {
    "@value" : "BIGINT"
  } ]
}, {
  "@id" : "urn:tr:field:postgresql/localhost/postgres/public/djstripe_customer/id",
  "http://schema.org/name" : [ {
    "@value" : "id"
  } ],
  "http://trawler.dev/schema/core/0.1#isNullable" : [ {
    "@value" : false
  } ],
  "http://trawler.dev/schema/core/0.1#relations" : [ ],
  "http://trawler.dev/schema/core/0.1#type" : [ {
    "@value" : "VARCHAR"
  } ]
}, {
  "@id" : "urn:tr:field:postgresql/localhost/postgres/public/djstripe_customer/livemode",
  "http://schema.org/name" : [ {
    "@value" : "livemode"
  } ],
  "http://trawler.dev/schema/core/0.1#isNullable" : [ {
    "@value" : true
  } ],
  "http://trawler.dev/schema/core/0.1#relations" : [ ],
  "http://trawler.dev/schema/core/0.1#type" : [ {
    "@value" : "BOOLEAN"
  } ]
}, {
  "@id" : "urn:tr:field:postgresql/localhost/postgres/public/djstripe_customer/created",
  "http://schema.org/name" : [ {
    "@value" : "created"
  } ],
  "http://trawler.dev/schema/core/0.1#isNullable" : [ {
    "@value" : true
  } ],
  "http://trawler.dev/schema/core/0.1#relations" : [ ],
  "http://trawler.dev/schema/core/0.1#type" : [ {
    "@value" : "TIMESTAMP"
  } ]
}, {
  "@id" : "urn:tr:field:postgresql/localhost/postgres/public/djstripe_customer/metadata",
  "http://schema.org/name" : [ {
    "@value" : "metadata"
  } ],
  "http://trawler.dev/schema/core/0.1#isNullable" : [ {
    "@value" : true
  } ],
  "http://trawler.dev/schema/core/0.1#relations" : [ ],
  "http://trawler.dev/schema/core/0.1#type" : [ {
    "@value" : "JSONB"
  } ]
}, {
  "@id" : "urn:tr:field:postgresql/localhost/postgres/public/djstripe_customer/description",
  "http://schema.org/name" : [ {
    "@value" : "description"
  } ],
  "http://trawler.dev/schema/core/0.1#isNullable" : [ {
    "@value" : true
  } ],
  "http://trawler.dev/schema/core/0.1#relations" : [ ],
  "http://trawler.dev/schema/core/0.1#type" : [ {
    "@value" : "TEXT"
  } ]
}, {
  "@id" : "urn:tr:field:postgresql/localhost/postgres/public/djstripe_customer/djstripe_created",
  "http://schema.org/name" : [ {
    "@value" : "djstripe_created"
  } ],
  "http://trawler.dev/schema/core/0.1#isNullable" : [ {
    "@value" : false
  } ],
  "http://trawler.dev/schema/core/0.1#relations" : [ ],
  "http://trawler.dev/schema/core/0.1#type" : [ {
    "@value" : "TIMESTAMP"
  } ]
}, {
  "@id" : "urn:tr:field:postgresql/localhost/postgres/public/djstripe_customer/djstripe_updated",
  "http://schema.org/name" : [ {
    "@value" : "djstripe_updated"
  } ],
  "http://trawler.dev/schema/core/0.1#isNullable" : [ {
    "@value" : false
  } ],
  "http://trawler.dev/schema/core/0.1#relations" : [ ],
  "http://trawler.dev/schema/core/0.1#type" : [ {
    "@value" : "TIMESTAMP"
  } ]
}, {
  "@id" : "urn:tr:field:postgresql/localhost/postgres/public/djstripe_customer/balance",
  "http://schema.org/name" : [ {
    "@value" : "balance"
  } ],
  "http://trawler.dev/schema/core/0.1#isNullable" : [ {
    "@value" : false
  } ],
  "http://trawler.dev/schema/core/0.1#relations" : [ ],
  "http://trawler.dev/schema/core/0.1#type" : [ {
    "@value" : "BIGINT"
  } ]
}, {
  "@id" : "urn:tr:field:postgresql/localhost/postgres/public/djstripe_customer/currency",
  "http://schema.org/name" : [ {
    "@value" : "currency"
  } ],
  "http://trawler.dev/schema/core/0.1#isNullable" : [ {
    "@value" : false
  } ],
  "http://trawler.dev/schema/core/0.1#relations" : [ ],
  "http://trawler.dev/schema/core/0.1#type" : [ {
    "@value" : "VARCHAR"
  } ]
}, {
  "@id" : "urn:tr:field:postgresql/localhost/postgres/public/djstripe_customer/delinquent",
  "http://schema.org/name" : [ {
    "@value" : "delinquent"
  } ],
  "http://trawler.dev/schema/core/0.1#isNullable" : [ {
    "@value" : false
  } ],
  "http://trawler.dev/schema/core/0.1#relations" : [ ],
  "http://trawler.dev/schema/core/0.1#type" : [ {
    "@value" : "BOOLEAN"
  } ]
}, {
  "@id" : "urn:tr:field:postgresql/localhost/postgres/public/djstripe_customer/coupon_start",
  "http://schema.org/name" : [ {
    "@value" : "coupon_start"
  } ],
  "http://trawler.dev/schema/core/0.1#isNullable" : [ {
    "@value" : true
  } ],
  "http://trawler.dev/schema/core/0.1#relations" : [ ],
  "http://trawler.dev/schema/core/0.1#type" : [ {
    "@value" : "TIMESTAMP"
  } ]
}, {
  "@id" : "urn:tr:field:postgresql/localhost/postgres/public/djstripe_customer/coupon_end",
  "http://schema.org/name" : [ {
    "@value" : "coupon_end"
  } ],
  "http://trawler.dev/schema/core/0.1#isNullable" : [ {
    "@value" : true
  } ],
  "http://trawler.dev/schema/core/0.1#relations" : [ ],
  "http://trawler.dev/schema/core/0.1#type" : [ {
    "@value" : "TIMESTAMP"
  } ]
}, {
  "@id" : "urn:tr:field:postgresql/localhost/postgres/public/djstripe_customer/email",
  "http://schema.org/name" : [ {
    "@value" : "email"
  } ],
  "http://trawler.dev/schema/core/0.1#isNullable" : [ {
    "@value" : false
  } ],
  "http://trawler.dev/schema/core/0.1#relations" : [ ],
  "http://trawler.dev/schema/core/0.1#type" : [ {
    "@value" : "TEXT"
  } ]
}, {
  "@id" : "urn:tr:field:postgresql/localhost/postgres/public/djstripe_customer/shipping",
  "http://schema.org/name" : [ {
    "@value" : "shipping"
  } ],
  "http://trawler.dev/schema/core/0.1#isNullable" : [ {
    "@value" : true
  } ],
  "http://trawler.dev/schema/core/0.1#relations" : [ ],
  "http://trawler.dev/schema/core/0.1#type" : [ {
    "@value" : "JSONB"
  } ]
}, {
  "@id" : "urn:tr:field:postgresql/localhost/postgres/public/djstripe_customer/date_purged",
  "http://schema.org/name" : [ {
    "@value" : "date_purged"
  } ],
  "http://trawler.dev/schema/core/0.1#isNullable" : [ {
    "@value" : true
  } ],
  "http://trawler.dev/schema/core/0.1#relations" : [ ],
  "http://trawler.dev/schema/core/0.1#type" : [ {
    "@value" : "TIMESTAMP"
  } ]
}, {
  "@id" : "urn:tr:field:postgresql/localhost/postgres/public/djstripe_customer/coupon_id",
  "http://schema.org/name" : [ {
    "@value" : "coupon_id"
  } ],
  "http://trawler.dev/schema/core/0.1#isNullable" : [ {
    "@value" : true
  } ],
  "http://trawler.dev/schema/core/0.1#relations" : [ {
    "@value" : "urn:tr:constraint:postgresql/localhost/postgres/public/djstripe_customer/djstripe_customer_coupon_id_ff032fb1_fk_djstripe_"
  } ],
  "http://trawler.dev/schema/core/0.1#type" : [ {
    "@value" : "BIGINT"
  } ]
}, {
  "@id" : "urn:tr:field:postgresql/localhost/postgres/public/djstripe_customer/default_source_id",
  "http://schema.org/name" : [ {
    "@value" : "default_source_id"
  } ],
  "http://trawler.dev/schema/core/0.1#isNullable" : [ {
    "@value" : true
  } ],
  "http://trawler.dev/schema/core/0.1#relations" : [ {
    "@value" : "urn:tr:constraint:postgresql/localhost/postgres/public/djstripe_customer/djstripe_customer_default_source_id_24020f62_fk_djstripe_"
  } ],
  "http://trawler.dev/schema/core/0.1#type" : [ {
    "@value" : "VARCHAR"
  } ]
}, {
  "@id" : "urn:tr:field:postgresql/localhost/postgres/public/djstripe_customer/subscriber_id",
  "http://schema.org/name" : [ {
    "@value" : "subscriber_id"
  } ],
  "http://trawler.dev/schema/core/0.1#isNullable" : [ {
    "@value" : true
  } ],
  "http://trawler.dev/schema/core/0.1#relations" : [ {
    "@value" : "urn:tr:constraint:postgresql/localhost/postgres/public/djstripe_customer/djstripe_customer_subscriber_id_60f5c7bc_fk_auth_user_id"
  } ],
  "http://trawler.dev/schema/core/0.1#type" : [ {
    "@value" : "INTEGER"
  } ]
}, {
  "@id" : "urn:tr:field:postgresql/localhost/postgres/public/djstripe_customer/address",
  "http://schema.org/name" : [ {
    "@value" : "address"
  } ],
  "http://trawler.dev/schema/core/0.1#isNullable" : [ {
    "@value" : true
  } ],
  "http://trawler.dev/schema/core/0.1#relations" : [ ],
  "http://trawler.dev/schema/core/0.1#type" : [ {
    "@value" : "JSONB"
  } ]
}, {
  "@id" : "urn:tr:field:postgresql/localhost/postgres/public/djstripe_customer/invoice_prefix",
  "http://schema.org/name" : [ {
    "@value" : "invoice_prefix"
  } ],
  "http://trawler.dev/schema/core/0.1#isNullable" : [ {
    "@value" : false
  } ],
  "http://trawler.dev/schema/core/0.1#relations" : [ ],
  "http://trawler.dev/schema/core/0.1#type" : [ {
    "@value" : "VARCHAR"
  } ]
}, {
  "@id" : "urn:tr:field:postgresql/localhost/postgres/public/djstripe_customer/invoice_settings",
  "http://schema.org/name" : [ {
    "@value" : "invoice_settings"
  } ],
  "http://trawler.dev/schema/core/0.1#isNullable" : [ {
    "@value" : true
  } ],
  "http://trawler.dev/schema/core/0.1#relations" : [ ],
  "http://trawler.dev/schema/core/0.1#type" : [ {
    "@value" : "JSONB"
  } ]
}, {
  "@id" : "urn:tr:field:postgresql/localhost/postgres/public/djstripe_customer/name",
  "http://schema.org/name" : [ {
    "@value" : "name"
  } ],
  "http://trawler.dev/schema/core/0.1#isNullable" : [ {
    "@value" : false
  } ],
  "http://trawler.dev/schema/core/0.1#relations" : [ ],
  "http://trawler.dev/schema/core/0.1#type" : [ {
    "@value" : "TEXT"
  } ]
}, {
  "@id" : "urn:tr:field:postgresql/localhost/postgres/public/djstripe_customer/phone",
  "http://schema.org/name" : [ {
    "@value" : "phone"
  } ],
  "http://trawler.dev/schema/core/0.1#isNullable" : [ {
    "@value" : false
  } ],
  "http://trawler.dev/schema/core/0.1#relations" : [ ],
  "http://trawler.dev/schema/core/0.1#type" : [ {
    "@value" : "TEXT"
  } ]
}, {
  "@id" : "urn:tr:field:postgresql/localhost/postgres/public/djstripe_customer/preferred_locales",
  "http://schema.org/name" : [ {
    "@value" : "preferred_locales"
  } ],
  "http://trawler.dev/schema/core/0.1#isNullable" : [ {
    "@value" : true
  } ],
  "http://trawler.dev/schema/core/0.1#relations" : [ ],
  "http://trawler.dev/schema/core/0.1#type" : [ {
    "@value" : "JSONB"
  } ]
}, {
  "@id" : "urn:tr:field:postgresql/localhost/postgres/public/djstripe_customer/tax_exempt",
  "http://schema.org/name" : [ {
    "@value" : "tax_exempt"
  } ],
  "http://trawler.dev/schema/core/0.1#isNullable" : [ {
    "@value" : false
  } ],
  "http://trawler.dev/schema/core/0.1#relations" : [ ],
  "http://trawler.dev/schema/core/0.1#type" : [ {
    "@value" : "VARCHAR"
  } ]
}, {
  "@id" : "urn:tr:field:postgresql/localhost/postgres/public/djstripe_customer/default_payment_method_id",
  "http://schema.org/name" : [ {
    "@value" : "default_payment_method_id"
  } ],
  "http://trawler.dev/schema/core/0.1#isNullable" : [ {
    "@value" : true
  } ],
  "http://trawler.dev/schema/core/0.1#relations" : [ {
    "@value" : "urn:tr:constraint:postgresql/localhost/postgres/public/djstripe_customer/djstripe_customer_default_payment_meth_00268b63_fk_djstripe_"
  } ],
  "http://trawler.dev/schema/core/0.1#type" : [ {
    "@value" : "VARCHAR"
  } ]
}, {
  "@id" : "urn:tr:field:postgresql/localhost/postgres/public/djstripe_customer/djstripe_owner_account_id",
  "http://schema.org/name" : [ {
    "@value" : "djstripe_owner_account_id"
  } ],
  "http://trawler.dev/schema/core/0.1#isNullable" : [ {
    "@value" : true
  } ],
  "http://trawler.dev/schema/core/0.1#relations" : [ {
    "@value" : "urn:tr:constraint:postgresql/localhost/postgres/public/djstripe_customer/djstripe_customer_djstripe_owner_accou_2c5ac18d_fk_djstripe_"
  } ],
  "http://trawler.dev/schema/core/0.1#type" : [ {
    "@value" : "VARCHAR"
  } ]
}, {
  "@id" : "urn:tr:constraint:postgresql/localhost/postgres/public/djstripe_customer/djstripe_customer_coupon_id_ff032fb1_fk_djstripe_",
  "@type" : [ "tr:Constraint" ],
  "tr:hasFields" : [ {
    "@id" : "urn:tr:column:postgresql/localhost/postgres/public/djstripe_coupon/djstripe_id"
  } ]
}, {
  "@id" : "urn:tr:constraint:postgresql/localhost/postgres/public/djstripe_customer/djstripe_customer_default_payment_meth_00268b63_fk_djstripe_",
  "@type" : [ "tr:Constraint" ],
  "tr:hasFields" : [ {
    "@id" : "urn:tr:column:postgresql/localhost/postgres/public/djstripe_paymentmethod/id"
  } ]
}, {
  "@id" : "urn:tr:constraint:postgresql/localhost/postgres/public/djstripe_customer/djstripe_customer_default_source_id_24020f62_fk_djstripe_",
  "@type" : [ "tr:Constraint" ],
  "tr:hasFields" : [ {
    "@id" : "urn:tr:column:postgresql/localhost/postgres/public/djstripe_djstripepaymentmethod/id"
  } ]
}, {
  "@id" : "urn:tr:constraint:postgresql/localhost/postgres/public/djstripe_customer/djstripe_customer_djstripe_owner_accou_2c5ac18d_fk_djstripe_",
  "@type" : [ "tr:Constraint" ],
  "tr:hasFields" : [ {
    "@id" : "urn:tr:column:postgresql/localhost/postgres/public/djstripe_account/id"
  } ]
}, {
  "@id" : "urn:tr:constraint:postgresql/localhost/postgres/public/djstripe_customer/djstripe_customer_subscriber_id_60f5c7bc_fk_auth_user_id",
  "@type" : [ "tr:Constraint" ],
  "tr:hasFields" : [ {
    "@id" : "urn:tr:column:postgresql/localhost/postgres/public/auth_user/id"
  } ]
}, {
  "@id" : "urn:tr:table:postgresql/localhost/postgres/public/djstripe_invoice",
  "@type" : [ "http://trawler.dev/schema/core/0.1#Table" ],
  "http://schema.org/name" : [ {
    "@value" : "djstripe_invoice"
  } ],
  "http://trawler.dev/schema/core/0.1#hasFields" : [ {
    "@id" : "urn:tr:field:postgresql/localhost/postgres/public/djstripe_invoice/djstripe_id"
  }, {
    "@id" : "urn:tr:field:postgresql/localhost/postgres/public/djstripe_invoice/id"
  }, {
    "@id" : "urn:tr:field:postgresql/localhost/postgres/public/djstripe_invoice/livemode"
  }, {
    "@id" : "urn:tr:field:postgresql/localhost/postgres/public/djstripe_invoice/created"
  }, {
    "@id" : "urn:tr:field:postgresql/localhost/postgres/public/djstripe_invoice/metadata"
  }, {
    "@id" : "urn:tr:field:postgresql/localhost/postgres/public/djstripe_invoice/description"
  }, {
    "@id" : "urn:tr:field:postgresql/localhost/postgres/public/djstripe_invoice/djstripe_created"
  }, {
    "@id" : "urn:tr:field:postgresql/localhost/postgres/public/djstripe_invoice/djstripe_updated"
  }, {
    "@id" : "urn:tr:field:postgresql/localhost/postgres/public/djstripe_invoice/amount_due"
  }, {
    "@id" : "urn:tr:field:postgresql/localhost/postgres/public/djstripe_invoice/amount_paid"
  }, {
    "@id" : "urn:tr:field:postgresql/localhost/postgres/public/djstripe_invoice/amount_remaining"
  }, {
    "@id" : "urn:tr:field:postgresql/localhost/postgres/public/djstripe_invoice/application_fee_amount"
  }, {
    "@id" : "urn:tr:field:postgresql/localhost/postgres/public/djstripe_invoice/attempt_count"
  }, {
    "@id" : "urn:tr:field:postgresql/localhost/postgres/public/djstripe_invoice/attempted"
  }, {
    "@id" : "urn:tr:field:postgresql/localhost/postgres/public/djstripe_invoice/collection_method"
  }, {
    "@id" : "urn:tr:field:postgresql/localhost/postgres/public/djstripe_invoice/currency"
  }, {
    "@id" : "urn:tr:field:postgresql/localhost/postgres/public/djstripe_invoice/due_date"
  }, {
    "@id" : "urn:tr:field:postgresql/localhost/postgres/public/djstripe_invoice/ending_balance"
  }, {
    "@id" : "urn:tr:field:postgresql/localhost/postgres/public/djstripe_invoice/hosted_invoice_url"
  }, {
    "@id" : "urn:tr:field:postgresql/localhost/postgres/public/djstripe_invoice/invoice_pdf"
  }, {
    "@id" : "urn:tr:field:postgresql/localhost/postgres/public/djstripe_invoice/next_payment_attempt"
  }, {
    "@id" : "urn:tr:field:postgresql/localhost/postgres/public/djstripe_invoice/number"
  }, {
    "@id" : "urn:tr:field:postgresql/localhost/postgres/public/djstripe_invoice/paid"
  }, {
    "@id" : "urn:tr:field:postgresql/localhost/postgres/public/djstripe_invoice/period_end"
  }, {
    "@id" : "urn:tr:field:postgresql/localhost/postgres/public/djstripe_invoice/period_start"
  }, {
    "@id" : "urn:tr:field:postgresql/localhost/postgres/public/djstripe_invoice/receipt_number"
  }, {
    "@id" : "urn:tr:field:postgresql/localhost/postgres/public/djstripe_invoice/starting_balance"
  }, {
    "@id" : "urn:tr:field:postgresql/localhost/postgres/public/djstripe_invoice/statement_descriptor"
  }, {
    "@id" : "urn:tr:field:postgresql/localhost/postgres/public/djstripe_invoice/subscription_proration_date"
  }, {
    "@id" : "urn:tr:field:postgresql/localhost/postgres/public/djstripe_invoice/subtotal"
  }, {
    "@id" : "urn:tr:field:postgresql/localhost/postgres/public/djstripe_invoice/tax"
  }, {
    "@id" : "urn:tr:field:postgresql/localhost/postgres/public/djstripe_invoice/tax_percent"
  }, {
    "@id" : "urn:tr:field:postgresql/localhost/postgres/public/djstripe_invoice/total"
  }, {
    "@id" : "urn:tr:field:postgresql/localhost/postgres/public/djstripe_invoice/webhooks_delivered_at"
  }, {
    "@id" : "urn:tr:field:postgresql/localhost/postgres/public/djstripe_invoice/charge_id"
  }, {
    "@id" : "urn:tr:field:postgresql/localhost/postgres/public/djstripe_invoice/customer_id"
  }, {
    "@id" : "urn:tr:field:postgresql/localhost/postgres/public/djstripe_invoice/subscription_id"
  }, {
    "@id" : "urn:tr:field:postgresql/localhost/postgres/public/djstripe_invoice/auto_advance"
  }, {
    "@id" : "urn:tr:field:postgresql/localhost/postgres/public/djstripe_invoice/status_transitions"
  }, {
    "@id" : "urn:tr:field:postgresql/localhost/postgres/public/djstripe_invoice/payment_intent_id"
  }, {
    "@id" : "urn:tr:field:postgresql/localhost/postgres/public/djstripe_invoice/account_country"
  }, {
    "@id" : "urn:tr:field:postgresql/localhost/postgres/public/djstripe_invoice/account_name"
  }, {
    "@id" : "urn:tr:field:postgresql/localhost/postgres/public/djstripe_invoice/billing_reason"
  }, {
    "@id" : "urn:tr:field:postgresql/localhost/postgres/public/djstripe_invoice/customer_address"
  }, {
    "@id" : "urn:tr:field:postgresql/localhost/postgres/public/djstripe_invoice/customer_email"
  }, {
    "@id" : "urn:tr:field:postgresql/localhost/postgres/public/djstripe_invoice/customer_name"
  }, {
    "@id" : "urn:tr:field:postgresql/localhost/postgres/public/djstripe_invoice/customer_phone"
  }, {
    "@id" : "urn:tr:field:postgresql/localhost/postgres/public/djstripe_invoice/customer_shipping"
  }, {
    "@id" : "urn:tr:field:postgresql/localhost/postgres/public/djstripe_invoice/customer_tax_exempt"
  }, {
    "@id" : "urn:tr:field:postgresql/localhost/postgres/public/djstripe_invoice/default_payment_method_id"
  }, {
    "@id" : "urn:tr:field:postgresql/localhost/postgres/public/djstripe_invoice/footer"
  }, {
    "@id" : "urn:tr:field:postgresql/localhost/postgres/public/djstripe_invoice/post_payment_credit_notes_amount"
  }, {
    "@id" : "urn:tr:field:postgresql/localhost/postgres/public/djstripe_invoice/pre_payment_credit_notes_amount"
  }, {
    "@id" : "urn:tr:field:postgresql/localhost/postgres/public/djstripe_invoice/threshold_reason"
  }, {
    "@id" : "urn:tr:field:postgresql/localhost/postgres/public/djstripe_invoice/status"
  }, {
    "@id" : "urn:tr:field:postgresql/localhost/postgres/public/djstripe_invoice/discount"
  }, {
    "@id" : "urn:tr:field:postgresql/localhost/postgres/public/djstripe_invoice/default_source_id"
  }, {
    "@id" : "urn:tr:field:postgresql/localhost/postgres/public/djstripe_invoice/djstripe_owner_account_id"
  } ]
}, {
  "@id" : "urn:tr:field:postgresql/localhost/postgres/public/djstripe_invoice/djstripe_id",
  "http://schema.org/name" : [ {
    "@value" : "djstripe_id"
  } ],
  "http://trawler.dev/schema/core/0.1#isNullable" : [ {
    "@value" : false
  } ],
  "http://trawler.dev/schema/core/0.1#relations" : [ ],
  "http://trawler.dev/schema/core/0.1#type" : [ {
    "@value" : "BIGINT"
  } ]
}, {
  "@id" : "urn:tr:field:postgresql/localhost/postgres/public/djstripe_invoice/id",
  "http://schema.org/name" : [ {
    "@value" : "id"
  } ],
  "http://trawler.dev/schema/core/0.1#isNullable" : [ {
    "@value" : false
  } ],
  "http://trawler.dev/schema/core/0.1#relations" : [ ],
  "http://trawler.dev/schema/core/0.1#type" : [ {
    "@value" : "VARCHAR"
  } ]
}, {
  "@id" : "urn:tr:field:postgresql/localhost/postgres/public/djstripe_invoice/livemode",
  "http://schema.org/name" : [ {
    "@value" : "livemode"
  } ],
  "http://trawler.dev/schema/core/0.1#isNullable" : [ {
    "@value" : true
  } ],
  "http://trawler.dev/schema/core/0.1#relations" : [ ],
  "http://trawler.dev/schema/core/0.1#type" : [ {
    "@value" : "BOOLEAN"
  } ]
}, {
  "@id" : "urn:tr:field:postgresql/localhost/postgres/public/djstripe_invoice/created",
  "http://schema.org/name" : [ {
    "@value" : "created"
  } ],
  "http://trawler.dev/schema/core/0.1#isNullable" : [ {
    "@value" : true
  } ],
  "http://trawler.dev/schema/core/0.1#relations" : [ ],
  "http://trawler.dev/schema/core/0.1#type" : [ {
    "@value" : "TIMESTAMP"
  } ]
}, {
  "@id" : "urn:tr:field:postgresql/localhost/postgres/public/djstripe_invoice/metadata",
  "http://schema.org/name" : [ {
    "@value" : "metadata"
  } ],
  "http://trawler.dev/schema/core/0.1#isNullable" : [ {
    "@value" : true
  } ],
  "http://trawler.dev/schema/core/0.1#relations" : [ ],
  "http://trawler.dev/schema/core/0.1#type" : [ {
    "@value" : "JSONB"
  } ]
}, {
  "@id" : "urn:tr:field:postgresql/localhost/postgres/public/djstripe_invoice/description",
  "http://schema.org/name" : [ {
    "@value" : "description"
  } ],
  "http://trawler.dev/schema/core/0.1#isNullable" : [ {
    "@value" : true
  } ],
  "http://trawler.dev/schema/core/0.1#relations" : [ ],
  "http://trawler.dev/schema/core/0.1#type" : [ {
    "@value" : "TEXT"
  } ]
}, {
  "@id" : "urn:tr:field:postgresql/localhost/postgres/public/djstripe_invoice/djstripe_created",
  "http://schema.org/name" : [ {
    "@value" : "djstripe_created"
  } ],
  "http://trawler.dev/schema/core/0.1#isNullable" : [ {
    "@value" : false
  } ],
  "http://trawler.dev/schema/core/0.1#relations" : [ ],
  "http://trawler.dev/schema/core/0.1#type" : [ {
    "@value" : "TIMESTAMP"
  } ]
}, {
  "@id" : "urn:tr:field:postgresql/localhost/postgres/public/djstripe_invoice/djstripe_updated",
  "http://schema.org/name" : [ {
    "@value" : "djstripe_updated"
  } ],
  "http://trawler.dev/schema/core/0.1#isNullable" : [ {
    "@value" : false
  } ],
  "http://trawler.dev/schema/core/0.1#relations" : [ ],
  "http://trawler.dev/schema/core/0.1#type" : [ {
    "@value" : "TIMESTAMP"
  } ]
}, {
  "@id" : "urn:tr:field:postgresql/localhost/postgres/public/djstripe_invoice/amount_due",
  "http://schema.org/name" : [ {
    "@value" : "amount_due"
  } ],
  "http://trawler.dev/schema/core/0.1#isNullable" : [ {
    "@value" : false
  } ],
  "http://trawler.dev/schema/core/0.1#relations" : [ ],
  "http://trawler.dev/schema/core/0.1#type" : [ {
    "@value" : "NUMERIC"
  } ]
}, {
  "@id" : "urn:tr:field:postgresql/localhost/postgres/public/djstripe_invoice/amount_paid",
  "http://schema.org/name" : [ {
    "@value" : "amount_paid"
  } ],
  "http://trawler.dev/schema/core/0.1#isNullable" : [ {
    "@value" : true
  } ],
  "http://trawler.dev/schema/core/0.1#relations" : [ ],
  "http://trawler.dev/schema/core/0.1#type" : [ {
    "@value" : "NUMERIC"
  } ]
}, {
  "@id" : "urn:tr:field:postgresql/localhost/postgres/public/djstripe_invoice/amount_remaining",
  "http://schema.org/name" : [ {
    "@value" : "amount_remaining"
  } ],
  "http://trawler.dev/schema/core/0.1#isNullable" : [ {
    "@value" : true
  } ],
  "http://trawler.dev/schema/core/0.1#relations" : [ ],
  "http://trawler.dev/schema/core/0.1#type" : [ {
    "@value" : "NUMERIC"
  } ]
}, {
  "@id" : "urn:tr:field:postgresql/localhost/postgres/public/djstripe_invoice/application_fee_amount",
  "http://schema.org/name" : [ {
    "@value" : "application_fee_amount"
  } ],
  "http://trawler.dev/schema/core/0.1#isNullable" : [ {
    "@value" : true
  } ],
  "http://trawler.dev/schema/core/0.1#relations" : [ ],
  "http://trawler.dev/schema/core/0.1#type" : [ {
    "@value" : "NUMERIC"
  } ]
}, {
  "@id" : "urn:tr:field:postgresql/localhost/postgres/public/djstripe_invoice/attempt_count",
  "http://schema.org/name" : [ {
    "@value" : "attempt_count"
  } ],
  "http://trawler.dev/schema/core/0.1#isNullable" : [ {
    "@value" : false
  } ],
  "http://trawler.dev/schema/core/0.1#relations" : [ ],
  "http://trawler.dev/schema/core/0.1#type" : [ {
    "@value" : "INTEGER"
  } ]
}, {
  "@id" : "urn:tr:field:postgresql/localhost/postgres/public/djstripe_invoice/attempted",
  "http://schema.org/name" : [ {
    "@value" : "attempted"
  } ],
  "http://trawler.dev/schema/core/0.1#isNullable" : [ {
    "@value" : false
  } ],
  "http://trawler.dev/schema/core/0.1#relations" : [ ],
  "http://trawler.dev/schema/core/0.1#type" : [ {
    "@value" : "BOOLEAN"
  } ]
}, {
  "@id" : "urn:tr:field:postgresql/localhost/postgres/public/djstripe_invoice/collection_method",
  "http://schema.org/name" : [ {
    "@value" : "collection_method"
  } ],
  "http://trawler.dev/schema/core/0.1#isNullable" : [ {
    "@value" : true
  } ],
  "http://trawler.dev/schema/core/0.1#relations" : [ ],
  "http://trawler.dev/schema/core/0.1#type" : [ {
    "@value" : "VARCHAR"
  } ]
}, {
  "@id" : "urn:tr:field:postgresql/localhost/postgres/public/djstripe_invoice/currency",
  "http://schema.org/name" : [ {
    "@value" : "currency"
  } ],
  "http://trawler.dev/schema/core/0.1#isNullable" : [ {
    "@value" : false
  } ],
  "http://trawler.dev/schema/core/0.1#relations" : [ ],
  "http://trawler.dev/schema/core/0.1#type" : [ {
    "@value" : "VARCHAR"
  } ]
}, {
  "@id" : "urn:tr:field:postgresql/localhost/postgres/public/djstripe_invoice/due_date",
  "http://schema.org/name" : [ {
    "@value" : "due_date"
  } ],
  "http://trawler.dev/schema/core/0.1#isNullable" : [ {
    "@value" : true
  } ],
  "http://trawler.dev/schema/core/0.1#relations" : [ ],
  "http://trawler.dev/schema/core/0.1#type" : [ {
    "@value" : "TIMESTAMP"
  } ]
}, {
  "@id" : "urn:tr:field:postgresql/localhost/postgres/public/djstripe_invoice/ending_balance",
  "http://schema.org/name" : [ {
    "@value" : "ending_balance"
  } ],
  "http://trawler.dev/schema/core/0.1#isNullable" : [ {
    "@value" : true
  } ],
  "http://trawler.dev/schema/core/0.1#relations" : [ ],
  "http://trawler.dev/schema/core/0.1#type" : [ {
    "@value" : "BIGINT"
  } ]
}, {
  "@id" : "urn:tr:field:postgresql/localhost/postgres/public/djstripe_invoice/hosted_invoice_url",
  "http://schema.org/name" : [ {
    "@value" : "hosted_invoice_url"
  } ],
  "http://trawler.dev/schema/core/0.1#isNullable" : [ {
    "@value" : false
  } ],
  "http://trawler.dev/schema/core/0.1#relations" : [ ],
  "http://trawler.dev/schema/core/0.1#type" : [ {
    "@value" : "TEXT"
  } ]
}, {
  "@id" : "urn:tr:field:postgresql/localhost/postgres/public/djstripe_invoice/invoice_pdf",
  "http://schema.org/name" : [ {
    "@value" : "invoice_pdf"
  } ],
  "http://trawler.dev/schema/core/0.1#isNullable" : [ {
    "@value" : false
  } ],
  "http://trawler.dev/schema/core/0.1#relations" : [ ],
  "http://trawler.dev/schema/core/0.1#type" : [ {
    "@value" : "TEXT"
  } ]
}, {
  "@id" : "urn:tr:field:postgresql/localhost/postgres/public/djstripe_invoice/next_payment_attempt",
  "http://schema.org/name" : [ {
    "@value" : "next_payment_attempt"
  } ],
  "http://trawler.dev/schema/core/0.1#isNullable" : [ {
    "@value" : true
  } ],
  "http://trawler.dev/schema/core/0.1#relations" : [ ],
  "http://trawler.dev/schema/core/0.1#type" : [ {
    "@value" : "TIMESTAMP"
  } ]
}, {
  "@id" : "urn:tr:field:postgresql/localhost/postgres/public/djstripe_invoice/number",
  "http://schema.org/name" : [ {
    "@value" : "number"
  } ],
  "http://trawler.dev/schema/core/0.1#isNullable" : [ {
    "@value" : false
  } ],
  "http://trawler.dev/schema/core/0.1#relations" : [ ],
  "http://trawler.dev/schema/core/0.1#type" : [ {
    "@value" : "VARCHAR"
  } ]
}, {
  "@id" : "urn:tr:field:postgresql/localhost/postgres/public/djstripe_invoice/paid",
  "http://schema.org/name" : [ {
    "@value" : "paid"
  } ],
  "http://trawler.dev/schema/core/0.1#isNullable" : [ {
    "@value" : false
  } ],
  "http://trawler.dev/schema/core/0.1#relations" : [ ],
  "http://trawler.dev/schema/core/0.1#type" : [ {
    "@value" : "BOOLEAN"
  } ]
}, {
  "@id" : "urn:tr:field:postgresql/localhost/postgres/public/djstripe_invoice/period_end",
  "http://schema.org/name" : [ {
    "@value" : "period_end"
  } ],
  "http://trawler.dev/schema/core/0.1#isNullable" : [ {
    "@value" : false
  } ],
  "http://trawler.dev/schema/core/0.1#relations" : [ ],
  "http://trawler.dev/schema/core/0.1#type" : [ {
    "@value" : "TIMESTAMP"
  } ]
}, {
  "@id" : "urn:tr:field:postgresql/localhost/postgres/public/djstripe_invoice/period_start",
  "http://schema.org/name" : [ {
    "@value" : "period_start"
  } ],
  "http://trawler.dev/schema/core/0.1#isNullable" : [ {
    "@value" : false
  } ],
  "http://trawler.dev/schema/core/0.1#relations" : [ ],
  "http://trawler.dev/schema/core/0.1#type" : [ {
    "@value" : "TIMESTAMP"
  } ]
}, {
  "@id" : "urn:tr:field:postgresql/localhost/postgres/public/djstripe_invoice/receipt_number",
  "http://schema.org/name" : [ {
    "@value" : "receipt_number"
  } ],
  "http://trawler.dev/schema/core/0.1#isNullable" : [ {
    "@value" : true
  } ],
  "http://trawler.dev/schema/core/0.1#relations" : [ ],
  "http://trawler.dev/schema/core/0.1#type" : [ {
    "@value" : "VARCHAR"
  } ]
}, {
  "@id" : "urn:tr:field:postgresql/localhost/postgres/public/djstripe_invoice/starting_balance",
  "http://schema.org/name" : [ {
    "@value" : "starting_balance"
  } ],
  "http://trawler.dev/schema/core/0.1#isNullable" : [ {
    "@value" : false
  } ],
  "http://trawler.dev/schema/core/0.1#relations" : [ ],
  "http://trawler.dev/schema/core/0.1#type" : [ {
    "@value" : "BIGINT"
  } ]
}, {
  "@id" : "urn:tr:field:postgresql/localhost/postgres/public/djstripe_invoice/statement_descriptor",
  "http://schema.org/name" : [ {
    "@value" : "statement_descriptor"
  } ],
  "http://trawler.dev/schema/core/0.1#isNullable" : [ {
    "@value" : false
  } ],
  "http://trawler.dev/schema/core/0.1#relations" : [ ],
  "http://trawler.dev/schema/core/0.1#type" : [ {
    "@value" : "VARCHAR"
  } ]
}, {
  "@id" : "urn:tr:field:postgresql/localhost/postgres/public/djstripe_invoice/subscription_proration_date",
  "http://schema.org/name" : [ {
    "@value" : "subscription_proration_date"
  } ],
  "http://trawler.dev/schema/core/0.1#isNullable" : [ {
    "@value" : true
  } ],
  "http://trawler.dev/schema/core/0.1#relations" : [ ],
  "http://trawler.dev/schema/core/0.1#type" : [ {
    "@value" : "TIMESTAMP"
  } ]
}, {
  "@id" : "urn:tr:field:postgresql/localhost/postgres/public/djstripe_invoice/subtotal",
  "http://schema.org/name" : [ {
    "@value" : "subtotal"
  } ],
  "http://trawler.dev/schema/core/0.1#isNullable" : [ {
    "@value" : false
  } ],
  "http://trawler.dev/schema/core/0.1#relations" : [ ],
  "http://trawler.dev/schema/core/0.1#type" : [ {
    "@value" : "NUMERIC"
  } ]
}, {
  "@id" : "urn:tr:field:postgresql/localhost/postgres/public/djstripe_invoice/tax",
  "http://schema.org/name" : [ {
    "@value" : "tax"
  } ],
  "http://trawler.dev/schema/core/0.1#isNullable" : [ {
    "@value" : true
  } ],
  "http://trawler.dev/schema/core/0.1#relations" : [ ],
  "http://trawler.dev/schema/core/0.1#type" : [ {
    "@value" : "NUMERIC"
  } ]
}, {
  "@id" : "urn:tr:field:postgresql/localhost/postgres/public/djstripe_invoice/tax_percent",
  "http://schema.org/name" : [ {
    "@value" : "tax_percent"
  } ],
  "http://trawler.dev/schema/core/0.1#isNullable" : [ {
    "@value" : true
  } ],
  "http://trawler.dev/schema/core/0.1#relations" : [ ],
  "http://trawler.dev/schema/core/0.1#type" : [ {
    "@value" : "NUMERIC"
  } ]
}, {
  "@id" : "urn:tr:field:postgresql/localhost/postgres/public/djstripe_invoice/total",
  "http://schema.org/name" : [ {
    "@value" : "total"
  } ],
  "http://trawler.dev/schema/core/0.1#isNullable" : [ {
    "@value" : false
  } ],
  "http://trawler.dev/schema/core/0.1#relations" : [ ],
  "http://trawler.dev/schema/core/0.1#type" : [ {
    "@value" : "NUMERIC"
  } ]
}, {
  "@id" : "urn:tr:field:postgresql/localhost/postgres/public/djstripe_invoice/webhooks_delivered_at",
  "http://schema.org/name" : [ {
    "@value" : "webhooks_delivered_at"
  } ],
  "http://trawler.dev/schema/core/0.1#isNullable" : [ {
    "@value" : true
  } ],
  "http://trawler.dev/schema/core/0.1#relations" : [ ],
  "http://trawler.dev/schema/core/0.1#type" : [ {
    "@value" : "TIMESTAMP"
  } ]
}, {
  "@id" : "urn:tr:field:postgresql/localhost/postgres/public/djstripe_invoice/charge_id",
  "http://schema.org/name" : [ {
    "@value" : "charge_id"
  } ],
  "http://trawler.dev/schema/core/0.1#isNullable" : [ {
    "@value" : true
  } ],
  "http://trawler.dev/schema/core/0.1#relations" : [ {
    "@value" : "urn:tr:constraint:postgresql/localhost/postgres/public/djstripe_invoice/djstripe_invoice_charge_id_1e660b26_fk_djstripe_"
  } ],
  "http://trawler.dev/schema/core/0.1#type" : [ {
    "@value" : "BIGINT"
  } ]
}, {
  "@id" : "urn:tr:field:postgresql/localhost/postgres/public/djstripe_invoice/customer_id",
  "http://schema.org/name" : [ {
    "@value" : "customer_id"
  } ],
  "http://trawler.dev/schema/core/0.1#isNullable" : [ {
    "@value" : false
  } ],
  "http://trawler.dev/schema/core/0.1#relations" : [ {
    "@value" : "urn:tr:constraint:postgresql/localhost/postgres/public/djstripe_invoice/djstripe_invoice_customer_id_c0cd871c_fk_djstripe_customer_id"
  } ],
  "http://trawler.dev/schema/core/0.1#type" : [ {
    "@value" : "VARCHAR"
  } ]
}, {
  "@id" : "urn:tr:field:postgresql/localhost/postgres/public/djstripe_invoice/subscription_id",
  "http://schema.org/name" : [ {
    "@value" : "subscription_id"
  } ],
  "http://trawler.dev/schema/core/0.1#isNullable" : [ {
    "@value" : true
  } ],
  "http://trawler.dev/schema/core/0.1#relations" : [ {
    "@value" : "urn:tr:constraint:postgresql/localhost/postgres/public/djstripe_invoice/djstripe_invoice_subscription_id_2dbc2461_fk_djstripe_"
  } ],
  "http://trawler.dev/schema/core/0.1#type" : [ {
    "@value" : "VARCHAR"
  } ]
}, {
  "@id" : "urn:tr:field:postgresql/localhost/postgres/public/djstripe_invoice/auto_advance",
  "http://schema.org/name" : [ {
    "@value" : "auto_advance"
  } ],
  "http://trawler.dev/schema/core/0.1#isNullable" : [ {
    "@value" : true
  } ],
  "http://trawler.dev/schema/core/0.1#relations" : [ ],
  "http://trawler.dev/schema/core/0.1#type" : [ {
    "@value" : "BOOLEAN"
  } ]
}, {
  "@id" : "urn:tr:field:postgresql/localhost/postgres/public/djstripe_invoice/status_transitions",
  "http://schema.org/name" : [ {
    "@value" : "status_transitions"
  } ],
  "http://trawler.dev/schema/core/0.1#isNullable" : [ {
    "@value" : true
  } ],
  "http://trawler.dev/schema/core/0.1#relations" : [ ],
  "http://trawler.dev/schema/core/0.1#type" : [ {
    "@value" : "JSONB"
  } ]
}, {
  "@id" : "urn:tr:field:postgresql/localhost/postgres/public/djstripe_invoice/payment_intent_id",
  "http://schema.org/name" : [ {
    "@value" : "payment_intent_id"
  } ],
  "http://trawler.dev/schema/core/0.1#isNullable" : [ {
    "@value" : true
  } ],
  "http://trawler.dev/schema/core/0.1#relations" : [ {
    "@value" : "urn:tr:constraint:postgresql/localhost/postgres/public/djstripe_invoice/djstripe_invoice_payment_intent_id_280d90d8_fk_djstripe_"
  } ],
  "http://trawler.dev/schema/core/0.1#type" : [ {
    "@value" : "BIGINT"
  } ]
}, {
  "@id" : "urn:tr:field:postgresql/localhost/postgres/public/djstripe_invoice/account_country",
  "http://schema.org/name" : [ {
    "@value" : "account_country"
  } ],
  "http://trawler.dev/schema/core/0.1#isNullable" : [ {
    "@value" : false
  } ],
  "http://trawler.dev/schema/core/0.1#relations" : [ ],
  "http://trawler.dev/schema/core/0.1#type" : [ {
    "@value" : "VARCHAR"
  } ]
}, {
  "@id" : "urn:tr:field:postgresql/localhost/postgres/public/djstripe_invoice/account_name",
  "http://schema.org/name" : [ {
    "@value" : "account_name"
  } ],
  "http://trawler.dev/schema/core/0.1#isNullable" : [ {
    "@value" : false
  } ],
  "http://trawler.dev/schema/core/0.1#relations" : [ ],
  "http://trawler.dev/schema/core/0.1#type" : [ {
    "@value" : "TEXT"
  } ]
}, {
  "@id" : "urn:tr:field:postgresql/localhost/postgres/public/djstripe_invoice/billing_reason",
  "http://schema.org/name" : [ {
    "@value" : "billing_reason"
  } ],
  "http://trawler.dev/schema/core/0.1#isNullable" : [ {
    "@value" : false
  } ],
  "http://trawler.dev/schema/core/0.1#relations" : [ ],
  "http://trawler.dev/schema/core/0.1#type" : [ {
    "@value" : "VARCHAR"
  } ]
}, {
  "@id" : "urn:tr:field:postgresql/localhost/postgres/public/djstripe_invoice/customer_address",
  "http://schema.org/name" : [ {
    "@value" : "customer_address"
  } ],
  "http://trawler.dev/schema/core/0.1#isNullable" : [ {
    "@value" : true
  } ],
  "http://trawler.dev/schema/core/0.1#relations" : [ ],
  "http://trawler.dev/schema/core/0.1#type" : [ {
    "@value" : "JSONB"
  } ]
}, {
  "@id" : "urn:tr:field:postgresql/localhost/postgres/public/djstripe_invoice/customer_email",
  "http://schema.org/name" : [ {
    "@value" : "customer_email"
  } ],
  "http://trawler.dev/schema/core/0.1#isNullable" : [ {
    "@value" : false
  } ],
  "http://trawler.dev/schema/core/0.1#relations" : [ ],
  "http://trawler.dev/schema/core/0.1#type" : [ {
    "@value" : "TEXT"
  } ]
}, {
  "@id" : "urn:tr:field:postgresql/localhost/postgres/public/djstripe_invoice/customer_name",
  "http://schema.org/name" : [ {
    "@value" : "customer_name"
  } ],
  "http://trawler.dev/schema/core/0.1#isNullable" : [ {
    "@value" : false
  } ],
  "http://trawler.dev/schema/core/0.1#relations" : [ ],
  "http://trawler.dev/schema/core/0.1#type" : [ {
    "@value" : "TEXT"
  } ]
}, {
  "@id" : "urn:tr:field:postgresql/localhost/postgres/public/djstripe_invoice/customer_phone",
  "http://schema.org/name" : [ {
    "@value" : "customer_phone"
  } ],
  "http://trawler.dev/schema/core/0.1#isNullable" : [ {
    "@value" : false
  } ],
  "http://trawler.dev/schema/core/0.1#relations" : [ ],
  "http://trawler.dev/schema/core/0.1#type" : [ {
    "@value" : "TEXT"
  } ]
}, {
  "@id" : "urn:tr:field:postgresql/localhost/postgres/public/djstripe_invoice/customer_shipping",
  "http://schema.org/name" : [ {
    "@value" : "customer_shipping"
  } ],
  "http://trawler.dev/schema/core/0.1#isNullable" : [ {
    "@value" : true
  } ],
  "http://trawler.dev/schema/core/0.1#relations" : [ ],
  "http://trawler.dev/schema/core/0.1#type" : [ {
    "@value" : "JSONB"
  } ]
}, {
  "@id" : "urn:tr:field:postgresql/localhost/postgres/public/djstripe_invoice/customer_tax_exempt",
  "http://schema.org/name" : [ {
    "@value" : "customer_tax_exempt"
  } ],
  "http://trawler.dev/schema/core/0.1#isNullable" : [ {
    "@value" : false
  } ],
  "http://trawler.dev/schema/core/0.1#relations" : [ ],
  "http://trawler.dev/schema/core/0.1#type" : [ {
    "@value" : "VARCHAR"
  } ]
}, {
  "@id" : "urn:tr:field:postgresql/localhost/postgres/public/djstripe_invoice/default_payment_method_id",
  "http://schema.org/name" : [ {
    "@value" : "default_payment_method_id"
  } ],
  "http://trawler.dev/schema/core/0.1#isNullable" : [ {
    "@value" : true
  } ],
  "http://trawler.dev/schema/core/0.1#relations" : [ {
    "@value" : "urn:tr:constraint:postgresql/localhost/postgres/public/djstripe_invoice/djstripe_invoice_default_payment_meth_670990d5_fk_djstripe_"
  } ],
  "http://trawler.dev/schema/core/0.1#type" : [ {
    "@value" : "VARCHAR"
  } ]
}, {
  "@id" : "urn:tr:field:postgresql/localhost/postgres/public/djstripe_invoice/footer",
  "http://schema.org/name" : [ {
    "@value" : "footer"
  } ],
  "http://trawler.dev/schema/core/0.1#isNullable" : [ {
    "@value" : false
  } ],
  "http://trawler.dev/schema/core/0.1#relations" : [ ],
  "http://trawler.dev/schema/core/0.1#type" : [ {
    "@value" : "TEXT"
  } ]
}, {
  "@id" : "urn:tr:field:postgresql/localhost/postgres/public/djstripe_invoice/post_payment_credit_notes_amount",
  "http://schema.org/name" : [ {
    "@value" : "post_payment_credit_notes_amount"
  } ],
  "http://trawler.dev/schema/core/0.1#isNullable" : [ {
    "@value" : true
  } ],
  "http://trawler.dev/schema/core/0.1#relations" : [ ],
  "http://trawler.dev/schema/core/0.1#type" : [ {
    "@value" : "BIGINT"
  } ]
}, {
  "@id" : "urn:tr:field:postgresql/localhost/postgres/public/djstripe_invoice/pre_payment_credit_notes_amount",
  "http://schema.org/name" : [ {
    "@value" : "pre_payment_credit_notes_amount"
  } ],
  "http://trawler.dev/schema/core/0.1#isNullable" : [ {
    "@value" : true
  } ],
  "http://trawler.dev/schema/core/0.1#relations" : [ ],
  "http://trawler.dev/schema/core/0.1#type" : [ {
    "@value" : "BIGINT"
  } ]
}, {
  "@id" : "urn:tr:field:postgresql/localhost/postgres/public/djstripe_invoice/threshold_reason",
  "http://schema.org/name" : [ {
    "@value" : "threshold_reason"
  } ],
  "http://trawler.dev/schema/core/0.1#isNullable" : [ {
    "@value" : true
  } ],
  "http://trawler.dev/schema/core/0.1#relations" : [ ],
  "http://trawler.dev/schema/core/0.1#type" : [ {
    "@value" : "JSONB"
  } ]
}, {
  "@id" : "urn:tr:field:postgresql/localhost/postgres/public/djstripe_invoice/status",
  "http://schema.org/name" : [ {
    "@value" : "status"
  } ],
  "http://trawler.dev/schema/core/0.1#isNullable" : [ {
    "@value" : false
  } ],
  "http://trawler.dev/schema/core/0.1#relations" : [ ],
  "http://trawler.dev/schema/core/0.1#type" : [ {
    "@value" : "VARCHAR"
  } ]
}, {
  "@id" : "urn:tr:field:postgresql/localhost/postgres/public/djstripe_invoice/discount",
  "http://schema.org/name" : [ {
    "@value" : "discount"
  } ],
  "http://trawler.dev/schema/core/0.1#isNullable" : [ {
    "@value" : true
  } ],
  "http://trawler.dev/schema/core/0.1#relations" : [ ],
  "http://trawler.dev/schema/core/0.1#type" : [ {
    "@value" : "JSONB"
  } ]
}, {
  "@id" : "urn:tr:field:postgresql/localhost/postgres/public/djstripe_invoice/default_source_id",
  "http://schema.org/name" : [ {
    "@value" : "default_source_id"
  } ],
  "http://trawler.dev/schema/core/0.1#isNullable" : [ {
    "@value" : true
  } ],
  "http://trawler.dev/schema/core/0.1#relations" : [ {
    "@value" : "urn:tr:constraint:postgresql/localhost/postgres/public/djstripe_invoice/djstripe_invoice_default_source_id_cfc4450c_fk_djstripe_"
  } ],
  "http://trawler.dev/schema/core/0.1#type" : [ {
    "@value" : "VARCHAR"
  } ]
}, {
  "@id" : "urn:tr:field:postgresql/localhost/postgres/public/djstripe_invoice/djstripe_owner_account_id",
  "http://schema.org/name" : [ {
    "@value" : "djstripe_owner_account_id"
  } ],
  "http://trawler.dev/schema/core/0.1#isNullable" : [ {
    "@value" : true
  } ],
  "http://trawler.dev/schema/core/0.1#relations" : [ {
    "@value" : "urn:tr:constraint:postgresql/localhost/postgres/public/djstripe_invoice/djstripe_invoice_djstripe_owner_accou_cc0c7f79_fk_djstripe_"
  } ],
  "http://trawler.dev/schema/core/0.1#type" : [ {
    "@value" : "VARCHAR"
  } ]
}, {
  "@id" : "urn:tr:constraint:postgresql/localhost/postgres/public/djstripe_invoice/djstripe_invoice_charge_id_1e660b26_fk_djstripe_",
  "@type" : [ "tr:Constraint" ],
  "tr:hasFields" : [ {
    "@id" : "urn:tr:column:postgresql/localhost/postgres/public/djstripe_charge/djstripe_id"
  } ]
}, {
  "@id" : "urn:tr:constraint:postgresql/localhost/postgres/public/djstripe_invoice/djstripe_invoice_customer_id_c0cd871c_fk_djstripe_customer_id",
  "@type" : [ "tr:Constraint" ],
  "tr:hasFields" : [ {
    "@id" : "urn:tr:column:postgresql/localhost/postgres/public/djstripe_customer/id"
  } ]
}, {
  "@id" : "urn:tr:constraint:postgresql/localhost/postgres/public/djstripe_invoice/djstripe_invoice_default_payment_meth_670990d5_fk_djstripe_",
  "@type" : [ "tr:Constraint" ],
  "tr:hasFields" : [ {
    "@id" : "urn:tr:column:postgresql/localhost/postgres/public/djstripe_paymentmethod/id"
  } ]
}, {
  "@id" : "urn:tr:constraint:postgresql/localhost/postgres/public/djstripe_invoice/djstripe_invoice_default_source_id_cfc4450c_fk_djstripe_",
  "@type" : [ "tr:Constraint" ],
  "tr:hasFields" : [ {
    "@id" : "urn:tr:column:postgresql/localhost/postgres/public/djstripe_djstripepaymentmethod/id"
  } ]
}, {
  "@id" : "urn:tr:constraint:postgresql/localhost/postgres/public/djstripe_invoice/djstripe_invoice_djstripe_owner_accou_cc0c7f79_fk_djstripe_",
  "@type" : [ "tr:Constraint" ],
  "tr:hasFields" : [ {
    "@id" : "urn:tr:column:postgresql/localhost/postgres/public/djstripe_account/id"
  } ]
}, {
  "@id" : "urn:tr:constraint:postgresql/localhost/postgres/public/djstripe_invoice/djstripe_invoice_payment_intent_id_280d90d8_fk_djstripe_",
  "@type" : [ "tr:Constraint" ],
  "tr:hasFields" : [ {
    "@id" : "urn:tr:column:postgresql/localhost/postgres/public/djstripe_paymentintent/djstripe_id"
  } ]
}, {
  "@id" : "urn:tr:constraint:postgresql/localhost/postgres/public/djstripe_invoice/djstripe_invoice_subscription_id_2dbc2461_fk_djstripe_",
  "@type" : [ "tr:Constraint" ],
  "tr:hasFields" : [ {
    "@id" : "urn:tr:column:postgresql/localhost/postgres/public/djstripe_subscription/id"
  } ]
}, {
  "@id" : "urn:tr:table:postgresql/localhost/postgres/public/djstripe_paymentintent",
  "@type" : [ "http://trawler.dev/schema/core/0.1#Table" ],
  "http://schema.org/name" : [ {
    "@value" : "djstripe_paymentintent"
  } ],
  "http://trawler.dev/schema/core/0.1#hasFields" : [ {
    "@id" : "urn:tr:field:postgresql/localhost/postgres/public/djstripe_paymentintent/djstripe_id"
  }, {
    "@id" : "urn:tr:field:postgresql/localhost/postgres/public/djstripe_paymentintent/id"
  }, {
    "@id" : "urn:tr:field:postgresql/localhost/postgres/public/djstripe_paymentintent/livemode"
  }, {
    "@id" : "urn:tr:field:postgresql/localhost/postgres/public/djstripe_paymentintent/created"
  }, {
    "@id" : "urn:tr:field:postgresql/localhost/postgres/public/djstripe_paymentintent/metadata"
  }, {
    "@id" : "urn:tr:field:postgresql/localhost/postgres/public/djstripe_paymentintent/djstripe_created"
  }, {
    "@id" : "urn:tr:field:postgresql/localhost/postgres/public/djstripe_paymentintent/djstripe_updated"
  }, {
    "@id" : "urn:tr:field:postgresql/localhost/postgres/public/djstripe_paymentintent/amount"
  }, {
    "@id" : "urn:tr:field:postgresql/localhost/postgres/public/djstripe_paymentintent/amount_capturable"
  }, {
    "@id" : "urn:tr:field:postgresql/localhost/postgres/public/djstripe_paymentintent/amount_received"
  }, {
    "@id" : "urn:tr:field:postgresql/localhost/postgres/public/djstripe_paymentintent/canceled_at"
  }, {
    "@id" : "urn:tr:field:postgresql/localhost/postgres/public/djstripe_paymentintent/cancellation_reason"
  }, {
    "@id" : "urn:tr:field:postgresql/localhost/postgres/public/djstripe_paymentintent/capture_method"
  }, {
    "@id" : "urn:tr:field:postgresql/localhost/postgres/public/djstripe_paymentintent/client_secret"
  }, {
    "@id" : "urn:tr:field:postgresql/localhost/postgres/public/djstripe_paymentintent/confirmation_method"
  }, {
    "@id" : "urn:tr:field:postgresql/localhost/postgres/public/djstripe_paymentintent/currency"
  }, {
    "@id" : "urn:tr:field:postgresql/localhost/postgres/public/djstripe_paymentintent/description"
  }, {
    "@id" : "urn:tr:field:postgresql/localhost/postgres/public/djstripe_paymentintent/last_payment_error"
  }, {
    "@id" : "urn:tr:field:postgresql/localhost/postgres/public/djstripe_paymentintent/next_action"
  }, {
    "@id" : "urn:tr:field:postgresql/localhost/postgres/public/djstripe_paymentintent/payment_method_types"
  }, {
    "@id" : "urn:tr:field:postgresql/localhost/postgres/public/djstripe_paymentintent/receipt_email"
  }, {
    "@id" : "urn:tr:field:postgresql/localhost/postgres/public/djstripe_paymentintent/setup_future_usage"
  }, {
    "@id" : "urn:tr:field:postgresql/localhost/postgres/public/djstripe_paymentintent/shipping"
  }, {
    "@id" : "urn:tr:field:postgresql/localhost/postgres/public/djstripe_paymentintent/statement_descriptor"
  }, {
    "@id" : "urn:tr:field:postgresql/localhost/postgres/public/djstripe_paymentintent/status"
  }, {
    "@id" : "urn:tr:field:postgresql/localhost/postgres/public/djstripe_paymentintent/transfer_data"
  }, {
    "@id" : "urn:tr:field:postgresql/localhost/postgres/public/djstripe_paymentintent/transfer_group"
  }, {
    "@id" : "urn:tr:field:postgresql/localhost/postgres/public/djstripe_paymentintent/customer_id"
  }, {
    "@id" : "urn:tr:field:postgresql/localhost/postgres/public/djstripe_paymentintent/on_behalf_of_id"
  }, {
    "@id" : "urn:tr:field:postgresql/localhost/postgres/public/djstripe_paymentintent/payment_method_id"
  }, {
    "@id" : "urn:tr:field:postgresql/localhost/postgres/public/djstripe_paymentintent/djstripe_owner_account_id"
  } ]
}, {
  "@id" : "urn:tr:field:postgresql/localhost/postgres/public/djstripe_paymentintent/djstripe_id",
  "http://schema.org/name" : [ {
    "@value" : "djstripe_id"
  } ],
  "http://trawler.dev/schema/core/0.1#isNullable" : [ {
    "@value" : false
  } ],
  "http://trawler.dev/schema/core/0.1#relations" : [ ],
  "http://trawler.dev/schema/core/0.1#type" : [ {
    "@value" : "BIGINT"
  } ]
}, {
  "@id" : "urn:tr:field:postgresql/localhost/postgres/public/djstripe_paymentintent/id",
  "http://schema.org/name" : [ {
    "@value" : "id"
  } ],
  "http://trawler.dev/schema/core/0.1#isNullable" : [ {
    "@value" : false
  } ],
  "http://trawler.dev/schema/core/0.1#relations" : [ ],
  "http://trawler.dev/schema/core/0.1#type" : [ {
    "@value" : "VARCHAR"
  } ]
}, {
  "@id" : "urn:tr:field:postgresql/localhost/postgres/public/djstripe_paymentintent/livemode",
  "http://schema.org/name" : [ {
    "@value" : "livemode"
  } ],
  "http://trawler.dev/schema/core/0.1#isNullable" : [ {
    "@value" : true
  } ],
  "http://trawler.dev/schema/core/0.1#relations" : [ ],
  "http://trawler.dev/schema/core/0.1#type" : [ {
    "@value" : "BOOLEAN"
  } ]
}, {
  "@id" : "urn:tr:field:postgresql/localhost/postgres/public/djstripe_paymentintent/created",
  "http://schema.org/name" : [ {
    "@value" : "created"
  } ],
  "http://trawler.dev/schema/core/0.1#isNullable" : [ {
    "@value" : true
  } ],
  "http://trawler.dev/schema/core/0.1#relations" : [ ],
  "http://trawler.dev/schema/core/0.1#type" : [ {
    "@value" : "TIMESTAMP"
  } ]
}, {
  "@id" : "urn:tr:field:postgresql/localhost/postgres/public/djstripe_paymentintent/metadata",
  "http://schema.org/name" : [ {
    "@value" : "metadata"
  } ],
  "http://trawler.dev/schema/core/0.1#isNullable" : [ {
    "@value" : true
  } ],
  "http://trawler.dev/schema/core/0.1#relations" : [ ],
  "http://trawler.dev/schema/core/0.1#type" : [ {
    "@value" : "JSONB"
  } ]
}, {
  "@id" : "urn:tr:field:postgresql/localhost/postgres/public/djstripe_paymentintent/djstripe_created",
  "http://schema.org/name" : [ {
    "@value" : "djstripe_created"
  } ],
  "http://trawler.dev/schema/core/0.1#isNullable" : [ {
    "@value" : false
  } ],
  "http://trawler.dev/schema/core/0.1#relations" : [ ],
  "http://trawler.dev/schema/core/0.1#type" : [ {
    "@value" : "TIMESTAMP"
  } ]
}, {
  "@id" : "urn:tr:field:postgresql/localhost/postgres/public/djstripe_paymentintent/djstripe_updated",
  "http://schema.org/name" : [ {
    "@value" : "djstripe_updated"
  } ],
  "http://trawler.dev/schema/core/0.1#isNullable" : [ {
    "@value" : false
  } ],
  "http://trawler.dev/schema/core/0.1#relations" : [ ],
  "http://trawler.dev/schema/core/0.1#type" : [ {
    "@value" : "TIMESTAMP"
  } ]
}, {
  "@id" : "urn:tr:field:postgresql/localhost/postgres/public/djstripe_paymentintent/amount",
  "http://schema.org/name" : [ {
    "@value" : "amount"
  } ],
  "http://trawler.dev/schema/core/0.1#isNullable" : [ {
    "@value" : false
  } ],
  "http://trawler.dev/schema/core/0.1#relations" : [ ],
  "http://trawler.dev/schema/core/0.1#type" : [ {
    "@value" : "BIGINT"
  } ]
}, {
  "@id" : "urn:tr:field:postgresql/localhost/postgres/public/djstripe_paymentintent/amount_capturable",
  "http://schema.org/name" : [ {
    "@value" : "amount_capturable"
  } ],
  "http://trawler.dev/schema/core/0.1#isNullable" : [ {
    "@value" : false
  } ],
  "http://trawler.dev/schema/core/0.1#relations" : [ ],
  "http://trawler.dev/schema/core/0.1#type" : [ {
    "@value" : "BIGINT"
  } ]
}, {
  "@id" : "urn:tr:field:postgresql/localhost/postgres/public/djstripe_paymentintent/amount_received",
  "http://schema.org/name" : [ {
    "@value" : "amount_received"
  } ],
  "http://trawler.dev/schema/core/0.1#isNullable" : [ {
    "@value" : false
  } ],
  "http://trawler.dev/schema/core/0.1#relations" : [ ],
  "http://trawler.dev/schema/core/0.1#type" : [ {
    "@value" : "BIGINT"
  } ]
}, {
  "@id" : "urn:tr:field:postgresql/localhost/postgres/public/djstripe_paymentintent/canceled_at",
  "http://schema.org/name" : [ {
    "@value" : "canceled_at"
  } ],
  "http://trawler.dev/schema/core/0.1#isNullable" : [ {
    "@value" : true
  } ],
  "http://trawler.dev/schema/core/0.1#relations" : [ ],
  "http://trawler.dev/schema/core/0.1#type" : [ {
    "@value" : "TIMESTAMP"
  } ]
}, {
  "@id" : "urn:tr:field:postgresql/localhost/postgres/public/djstripe_paymentintent/cancellation_reason",
  "http://schema.org/name" : [ {
    "@value" : "cancellation_reason"
  } ],
  "http://trawler.dev/schema/core/0.1#isNullable" : [ {
    "@value" : false
  } ],
  "http://trawler.dev/schema/core/0.1#relations" : [ ],
  "http://trawler.dev/schema/core/0.1#type" : [ {
    "@value" : "VARCHAR"
  } ]
}, {
  "@id" : "urn:tr:field:postgresql/localhost/postgres/public/djstripe_paymentintent/capture_method",
  "http://schema.org/name" : [ {
    "@value" : "capture_method"
  } ],
  "http://trawler.dev/schema/core/0.1#isNullable" : [ {
    "@value" : false
  } ],
  "http://trawler.dev/schema/core/0.1#relations" : [ ],
  "http://trawler.dev/schema/core/0.1#type" : [ {
    "@value" : "VARCHAR"
  } ]
}, {
  "@id" : "urn:tr:field:postgresql/localhost/postgres/public/djstripe_paymentintent/client_secret",
  "http://schema.org/name" : [ {
    "@value" : "client_secret"
  } ],
  "http://trawler.dev/schema/core/0.1#isNullable" : [ {
    "@value" : false
  } ],
  "http://trawler.dev/schema/core/0.1#relations" : [ ],
  "http://trawler.dev/schema/core/0.1#type" : [ {
    "@value" : "TEXT"
  } ]
}, {
  "@id" : "urn:tr:field:postgresql/localhost/postgres/public/djstripe_paymentintent/confirmation_method",
  "http://schema.org/name" : [ {
    "@value" : "confirmation_method"
  } ],
  "http://trawler.dev/schema/core/0.1#isNullable" : [ {
    "@value" : false
  } ],
  "http://trawler.dev/schema/core/0.1#relations" : [ ],
  "http://trawler.dev/schema/core/0.1#type" : [ {
    "@value" : "VARCHAR"
  } ]
}, {
  "@id" : "urn:tr:field:postgresql/localhost/postgres/public/djstripe_paymentintent/currency",
  "http://schema.org/name" : [ {
    "@value" : "currency"
  } ],
  "http://trawler.dev/schema/core/0.1#isNullable" : [ {
    "@value" : false
  } ],
  "http://trawler.dev/schema/core/0.1#relations" : [ ],
  "http://trawler.dev/schema/core/0.1#type" : [ {
    "@value" : "VARCHAR"
  } ]
}, {
  "@id" : "urn:tr:field:postgresql/localhost/postgres/public/djstripe_paymentintent/description",
  "http://schema.org/name" : [ {
    "@value" : "description"
  } ],
  "http://trawler.dev/schema/core/0.1#isNullable" : [ {
    "@value" : false
  } ],
  "http://trawler.dev/schema/core/0.1#relations" : [ ],
  "http://trawler.dev/schema/core/0.1#type" : [ {
    "@value" : "TEXT"
  } ]
}, {
  "@id" : "urn:tr:field:postgresql/localhost/postgres/public/djstripe_paymentintent/last_payment_error",
  "http://schema.org/name" : [ {
    "@value" : "last_payment_error"
  } ],
  "http://trawler.dev/schema/core/0.1#isNullable" : [ {
    "@value" : true
  } ],
  "http://trawler.dev/schema/core/0.1#relations" : [ ],
  "http://trawler.dev/schema/core/0.1#type" : [ {
    "@value" : "JSONB"
  } ]
}, {
  "@id" : "urn:tr:field:postgresql/localhost/postgres/public/djstripe_paymentintent/next_action",
  "http://schema.org/name" : [ {
    "@value" : "next_action"
  } ],
  "http://trawler.dev/schema/core/0.1#isNullable" : [ {
    "@value" : true
  } ],
  "http://trawler.dev/schema/core/0.1#relations" : [ ],
  "http://trawler.dev/schema/core/0.1#type" : [ {
    "@value" : "JSONB"
  } ]
}, {
  "@id" : "urn:tr:field:postgresql/localhost/postgres/public/djstripe_paymentintent/payment_method_types",
  "http://schema.org/name" : [ {
    "@value" : "payment_method_types"
  } ],
  "http://trawler.dev/schema/core/0.1#isNullable" : [ {
    "@value" : false
  } ],
  "http://trawler.dev/schema/core/0.1#relations" : [ ],
  "http://trawler.dev/schema/core/0.1#type" : [ {
    "@value" : "JSONB"
  } ]
}, {
  "@id" : "urn:tr:field:postgresql/localhost/postgres/public/djstripe_paymentintent/receipt_email",
  "http://schema.org/name" : [ {
    "@value" : "receipt_email"
  } ],
  "http://trawler.dev/schema/core/0.1#isNullable" : [ {
    "@value" : false
  } ],
  "http://trawler.dev/schema/core/0.1#relations" : [ ],
  "http://trawler.dev/schema/core/0.1#type" : [ {
    "@value" : "VARCHAR"
  } ]
}, {
  "@id" : "urn:tr:field:postgresql/localhost/postgres/public/djstripe_paymentintent/setup_future_usage",
  "http://schema.org/name" : [ {
    "@value" : "setup_future_usage"
  } ],
  "http://trawler.dev/schema/core/0.1#isNullable" : [ {
    "@value" : true
  } ],
  "http://trawler.dev/schema/core/0.1#relations" : [ ],
  "http://trawler.dev/schema/core/0.1#type" : [ {
    "@value" : "VARCHAR"
  } ]
}, {
  "@id" : "urn:tr:field:postgresql/localhost/postgres/public/djstripe_paymentintent/shipping",
  "http://schema.org/name" : [ {
    "@value" : "shipping"
  } ],
  "http://trawler.dev/schema/core/0.1#isNullable" : [ {
    "@value" : true
  } ],
  "http://trawler.dev/schema/core/0.1#relations" : [ ],
  "http://trawler.dev/schema/core/0.1#type" : [ {
    "@value" : "JSONB"
  } ]
}, {
  "@id" : "urn:tr:field:postgresql/localhost/postgres/public/djstripe_paymentintent/statement_descriptor",
  "http://schema.org/name" : [ {
    "@value" : "statement_descriptor"
  } ],
  "http://trawler.dev/schema/core/0.1#isNullable" : [ {
    "@value" : false
  } ],
  "http://trawler.dev/schema/core/0.1#relations" : [ ],
  "http://trawler.dev/schema/core/0.1#type" : [ {
    "@value" : "VARCHAR"
  } ]
}, {
  "@id" : "urn:tr:field:postgresql/localhost/postgres/public/djstripe_paymentintent/status",
  "http://schema.org/name" : [ {
    "@value" : "status"
  } ],
  "http://trawler.dev/schema/core/0.1#isNullable" : [ {
    "@value" : false
  } ],
  "http://trawler.dev/schema/core/0.1#relations" : [ ],
  "http://trawler.dev/schema/core/0.1#type" : [ {
    "@value" : "VARCHAR"
  } ]
}, {
  "@id" : "urn:tr:field:postgresql/localhost/postgres/public/djstripe_paymentintent/transfer_data",
  "http://schema.org/name" : [ {
    "@value" : "transfer_data"
  } ],
  "http://trawler.dev/schema/core/0.1#isNullable" : [ {
    "@value" : true
  } ],
  "http://trawler.dev/schema/core/0.1#relations" : [ ],
  "http://trawler.dev/schema/core/0.1#type" : [ {
    "@value" : "JSONB"
  } ]
}, {
  "@id" : "urn:tr:field:postgresql/localhost/postgres/public/djstripe_paymentintent/transfer_group",
  "http://schema.org/name" : [ {
    "@value" : "transfer_group"
  } ],
  "http://trawler.dev/schema/core/0.1#isNullable" : [ {
    "@value" : false
  } ],
  "http://trawler.dev/schema/core/0.1#relations" : [ ],
  "http://trawler.dev/schema/core/0.1#type" : [ {
    "@value" : "VARCHAR"
  } ]
}, {
  "@id" : "urn:tr:field:postgresql/localhost/postgres/public/djstripe_paymentintent/customer_id",
  "http://schema.org/name" : [ {
    "@value" : "customer_id"
  } ],
  "http://trawler.dev/schema/core/0.1#isNullable" : [ {
    "@value" : true
  } ],
  "http://trawler.dev/schema/core/0.1#relations" : [ {
    "@value" : "urn:tr:constraint:postgresql/localhost/postgres/public/djstripe_paymentintent/djstripe_paymentinte_customer_id_93ee54a2_fk_djstripe_"
  } ],
  "http://trawler.dev/schema/core/0.1#type" : [ {
    "@value" : "VARCHAR"
  } ]
}, {
  "@id" : "urn:tr:field:postgresql/localhost/postgres/public/djstripe_paymentintent/on_behalf_of_id",
  "http://schema.org/name" : [ {
    "@value" : "on_behalf_of_id"
  } ],
  "http://trawler.dev/schema/core/0.1#isNullable" : [ {
    "@value" : true
  } ],
  "http://trawler.dev/schema/core/0.1#relations" : [ {
    "@value" : "urn:tr:constraint:postgresql/localhost/postgres/public/djstripe_paymentintent/djstripe_paymentinte_on_behalf_of_id_4db305db_fk_djstripe_"
  } ],
  "http://trawler.dev/schema/core/0.1#type" : [ {
    "@value" : "VARCHAR"
  } ]
}, {
  "@id" : "urn:tr:field:postgresql/localhost/postgres/public/djstripe_paymentintent/payment_method_id",
  "http://schema.org/name" : [ {
    "@value" : "payment_method_id"
  } ],
  "http://trawler.dev/schema/core/0.1#isNullable" : [ {
    "@value" : true
  } ],
  "http://trawler.dev/schema/core/0.1#relations" : [ {
    "@value" : "urn:tr:constraint:postgresql/localhost/postgres/public/djstripe_paymentintent/djstripe_paymentinte_payment_method_id_814dd02d_fk_djstripe_"
  } ],
  "http://trawler.dev/schema/core/0.1#type" : [ {
    "@value" : "VARCHAR"
  } ]
}, {
  "@id" : "urn:tr:field:postgresql/localhost/postgres/public/djstripe_paymentintent/djstripe_owner_account_id",
  "http://schema.org/name" : [ {
    "@value" : "djstripe_owner_account_id"
  } ],
  "http://trawler.dev/schema/core/0.1#isNullable" : [ {
    "@value" : true
  } ],
  "http://trawler.dev/schema/core/0.1#relations" : [ {
    "@value" : "urn:tr:constraint:postgresql/localhost/postgres/public/djstripe_paymentintent/djstripe_paymentinte_djstripe_owner_accou_3433b556_fk_djstripe_"
  } ],
  "http://trawler.dev/schema/core/0.1#type" : [ {
    "@value" : "VARCHAR"
  } ]
}, {
  "@id" : "urn:tr:constraint:postgresql/localhost/postgres/public/djstripe_paymentintent/djstripe_paymentinte_customer_id_93ee54a2_fk_djstripe_",
  "@type" : [ "tr:Constraint" ],
  "tr:hasFields" : [ {
    "@id" : "urn:tr:column:postgresql/localhost/postgres/public/djstripe_customer/id"
  } ]
}, {
  "@id" : "urn:tr:constraint:postgresql/localhost/postgres/public/djstripe_paymentintent/djstripe_paymentinte_djstripe_owner_accou_3433b556_fk_djstripe_",
  "@type" : [ "tr:Constraint" ],
  "tr:hasFields" : [ {
    "@id" : "urn:tr:column:postgresql/localhost/postgres/public/djstripe_account/id"
  } ]
}, {
  "@id" : "urn:tr:constraint:postgresql/localhost/postgres/public/djstripe_paymentintent/djstripe_paymentinte_on_behalf_of_id_4db305db_fk_djstripe_",
  "@type" : [ "tr:Constraint" ],
  "tr:hasFields" : [ {
    "@id" : "urn:tr:column:postgresql/localhost/postgres/public/djstripe_account/id"
  } ]
}, {
  "@id" : "urn:tr:constraint:postgresql/localhost/postgres/public/djstripe_paymentintent/djstripe_paymentinte_payment_method_id_814dd02d_fk_djstripe_",
  "@type" : [ "tr:Constraint" ],
  "tr:hasFields" : [ {
    "@id" : "urn:tr:column:postgresql/localhost/postgres/public/djstripe_paymentmethod/id"
  } ]
}, {
  "@id" : "urn:tr:table:postgresql/localhost/postgres/public/djstripe_setupintent",
  "@type" : [ "http://trawler.dev/schema/core/0.1#Table" ],
  "http://schema.org/name" : [ {
    "@value" : "djstripe_setupintent"
  } ],
  "http://trawler.dev/schema/core/0.1#hasFields" : [ {
    "@id" : "urn:tr:field:postgresql/localhost/postgres/public/djstripe_setupintent/djstripe_id"
  }, {
    "@id" : "urn:tr:field:postgresql/localhost/postgres/public/djstripe_setupintent/id"
  }, {
    "@id" : "urn:tr:field:postgresql/localhost/postgres/public/djstripe_setupintent/livemode"
  }, {
    "@id" : "urn:tr:field:postgresql/localhost/postgres/public/djstripe_setupintent/created"
  }, {
    "@id" : "urn:tr:field:postgresql/localhost/postgres/public/djstripe_setupintent/metadata"
  }, {
    "@id" : "urn:tr:field:postgresql/localhost/postgres/public/djstripe_setupintent/description"
  }, {
    "@id" : "urn:tr:field:postgresql/localhost/postgres/public/djstripe_setupintent/djstripe_created"
  }, {
    "@id" : "urn:tr:field:postgresql/localhost/postgres/public/djstripe_setupintent/djstripe_updated"
  }, {
    "@id" : "urn:tr:field:postgresql/localhost/postgres/public/djstripe_setupintent/application"
  }, {
    "@id" : "urn:tr:field:postgresql/localhost/postgres/public/djstripe_setupintent/cancellation_reason"
  }, {
    "@id" : "urn:tr:field:postgresql/localhost/postgres/public/djstripe_setupintent/client_secret"
  }, {
    "@id" : "urn:tr:field:postgresql/localhost/postgres/public/djstripe_setupintent/last_setup_error"
  }, {
    "@id" : "urn:tr:field:postgresql/localhost/postgres/public/djstripe_setupintent/next_action"
  }, {
    "@id" : "urn:tr:field:postgresql/localhost/postgres/public/djstripe_setupintent/payment_method_types"
  }, {
    "@id" : "urn:tr:field:postgresql/localhost/postgres/public/djstripe_setupintent/status"
  }, {
    "@id" : "urn:tr:field:postgresql/localhost/postgres/public/djstripe_setupintent/usage"
  }, {
    "@id" : "urn:tr:field:postgresql/localhost/postgres/public/djstripe_setupintent/customer_id"
  }, {
    "@id" : "urn:tr:field:postgresql/localhost/postgres/public/djstripe_setupintent/on_behalf_of_id"
  }, {
    "@id" : "urn:tr:field:postgresql/localhost/postgres/public/djstripe_setupintent/payment_method_id"
  }, {
    "@id" : "urn:tr:field:postgresql/localhost/postgres/public/djstripe_setupintent/djstripe_owner_account_id"
  } ]
}, {
  "@id" : "urn:tr:field:postgresql/localhost/postgres/public/djstripe_setupintent/djstripe_id",
  "http://schema.org/name" : [ {
    "@value" : "djstripe_id"
  } ],
  "http://trawler.dev/schema/core/0.1#isNullable" : [ {
    "@value" : false
  } ],
  "http://trawler.dev/schema/core/0.1#relations" : [ ],
  "http://trawler.dev/schema/core/0.1#type" : [ {
    "@value" : "BIGINT"
  } ]
}, {
  "@id" : "urn:tr:field:postgresql/localhost/postgres/public/djstripe_setupintent/id",
  "http://schema.org/name" : [ {
    "@value" : "id"
  } ],
  "http://trawler.dev/schema/core/0.1#isNullable" : [ {
    "@value" : false
  } ],
  "http://trawler.dev/schema/core/0.1#relations" : [ ],
  "http://trawler.dev/schema/core/0.1#type" : [ {
    "@value" : "VARCHAR"
  } ]
}, {
  "@id" : "urn:tr:field:postgresql/localhost/postgres/public/djstripe_setupintent/livemode",
  "http://schema.org/name" : [ {
    "@value" : "livemode"
  } ],
  "http://trawler.dev/schema/core/0.1#isNullable" : [ {
    "@value" : true
  } ],
  "http://trawler.dev/schema/core/0.1#relations" : [ ],
  "http://trawler.dev/schema/core/0.1#type" : [ {
    "@value" : "BOOLEAN"
  } ]
}, {
  "@id" : "urn:tr:field:postgresql/localhost/postgres/public/djstripe_setupintent/created",
  "http://schema.org/name" : [ {
    "@value" : "created"
  } ],
  "http://trawler.dev/schema/core/0.1#isNullable" : [ {
    "@value" : true
  } ],
  "http://trawler.dev/schema/core/0.1#relations" : [ ],
  "http://trawler.dev/schema/core/0.1#type" : [ {
    "@value" : "TIMESTAMP"
  } ]
}, {
  "@id" : "urn:tr:field:postgresql/localhost/postgres/public/djstripe_setupintent/metadata",
  "http://schema.org/name" : [ {
    "@value" : "metadata"
  } ],
  "http://trawler.dev/schema/core/0.1#isNullable" : [ {
    "@value" : true
  } ],
  "http://trawler.dev/schema/core/0.1#relations" : [ ],
  "http://trawler.dev/schema/core/0.1#type" : [ {
    "@value" : "JSONB"
  } ]
}, {
  "@id" : "urn:tr:field:postgresql/localhost/postgres/public/djstripe_setupintent/description",
  "http://schema.org/name" : [ {
    "@value" : "description"
  } ],
  "http://trawler.dev/schema/core/0.1#isNullable" : [ {
    "@value" : true
  } ],
  "http://trawler.dev/schema/core/0.1#relations" : [ ],
  "http://trawler.dev/schema/core/0.1#type" : [ {
    "@value" : "TEXT"
  } ]
}, {
  "@id" : "urn:tr:field:postgresql/localhost/postgres/public/djstripe_setupintent/djstripe_created",
  "http://schema.org/name" : [ {
    "@value" : "djstripe_created"
  } ],
  "http://trawler.dev/schema/core/0.1#isNullable" : [ {
    "@value" : false
  } ],
  "http://trawler.dev/schema/core/0.1#relations" : [ ],
  "http://trawler.dev/schema/core/0.1#type" : [ {
    "@value" : "TIMESTAMP"
  } ]
}, {
  "@id" : "urn:tr:field:postgresql/localhost/postgres/public/djstripe_setupintent/djstripe_updated",
  "http://schema.org/name" : [ {
    "@value" : "djstripe_updated"
  } ],
  "http://trawler.dev/schema/core/0.1#isNullable" : [ {
    "@value" : false
  } ],
  "http://trawler.dev/schema/core/0.1#relations" : [ ],
  "http://trawler.dev/schema/core/0.1#type" : [ {
    "@value" : "TIMESTAMP"
  } ]
}, {
  "@id" : "urn:tr:field:postgresql/localhost/postgres/public/djstripe_setupintent/application",
  "http://schema.org/name" : [ {
    "@value" : "application"
  } ],
  "http://trawler.dev/schema/core/0.1#isNullable" : [ {
    "@value" : false
  } ],
  "http://trawler.dev/schema/core/0.1#relations" : [ ],
  "http://trawler.dev/schema/core/0.1#type" : [ {
    "@value" : "VARCHAR"
  } ]
}, {
  "@id" : "urn:tr:field:postgresql/localhost/postgres/public/djstripe_setupintent/cancellation_reason",
  "http://schema.org/name" : [ {
    "@value" : "cancellation_reason"
  } ],
  "http://trawler.dev/schema/core/0.1#isNullable" : [ {
    "@value" : false
  } ],
  "http://trawler.dev/schema/core/0.1#relations" : [ ],
  "http://trawler.dev/schema/core/0.1#type" : [ {
    "@value" : "VARCHAR"
  } ]
}, {
  "@id" : "urn:tr:field:postgresql/localhost/postgres/public/djstripe_setupintent/client_secret",
  "http://schema.org/name" : [ {
    "@value" : "client_secret"
  } ],
  "http://trawler.dev/schema/core/0.1#isNullable" : [ {
    "@value" : false
  } ],
  "http://trawler.dev/schema/core/0.1#relations" : [ ],
  "http://trawler.dev/schema/core/0.1#type" : [ {
    "@value" : "TEXT"
  } ]
}, {
  "@id" : "urn:tr:field:postgresql/localhost/postgres/public/djstripe_setupintent/last_setup_error",
  "http://schema.org/name" : [ {
    "@value" : "last_setup_error"
  } ],
  "http://trawler.dev/schema/core/0.1#isNullable" : [ {
    "@value" : true
  } ],
  "http://trawler.dev/schema/core/0.1#relations" : [ ],
  "http://trawler.dev/schema/core/0.1#type" : [ {
    "@value" : "JSONB"
  } ]
}, {
  "@id" : "urn:tr:field:postgresql/localhost/postgres/public/djstripe_setupintent/next_action",
  "http://schema.org/name" : [ {
    "@value" : "next_action"
  } ],
  "http://trawler.dev/schema/core/0.1#isNullable" : [ {
    "@value" : true
  } ],
  "http://trawler.dev/schema/core/0.1#relations" : [ ],
  "http://trawler.dev/schema/core/0.1#type" : [ {
    "@value" : "JSONB"
  } ]
}, {
  "@id" : "urn:tr:field:postgresql/localhost/postgres/public/djstripe_setupintent/payment_method_types",
  "http://schema.org/name" : [ {
    "@value" : "payment_method_types"
  } ],
  "http://trawler.dev/schema/core/0.1#isNullable" : [ {
    "@value" : false
  } ],
  "http://trawler.dev/schema/core/0.1#relations" : [ ],
  "http://trawler.dev/schema/core/0.1#type" : [ {
    "@value" : "JSONB"
  } ]
}, {
  "@id" : "urn:tr:field:postgresql/localhost/postgres/public/djstripe_setupintent/status",
  "http://schema.org/name" : [ {
    "@value" : "status"
  } ],
  "http://trawler.dev/schema/core/0.1#isNullable" : [ {
    "@value" : false
  } ],
  "http://trawler.dev/schema/core/0.1#relations" : [ ],
  "http://trawler.dev/schema/core/0.1#type" : [ {
    "@value" : "VARCHAR"
  } ]
}, {
  "@id" : "urn:tr:field:postgresql/localhost/postgres/public/djstripe_setupintent/usage",
  "http://schema.org/name" : [ {
    "@value" : "usage"
  } ],
  "http://trawler.dev/schema/core/0.1#isNullable" : [ {
    "@value" : false
  } ],
  "http://trawler.dev/schema/core/0.1#relations" : [ ],
  "http://trawler.dev/schema/core/0.1#type" : [ {
    "@value" : "VARCHAR"
  } ]
}, {
  "@id" : "urn:tr:field:postgresql/localhost/postgres/public/djstripe_setupintent/customer_id",
  "http://schema.org/name" : [ {
    "@value" : "customer_id"
  } ],
  "http://trawler.dev/schema/core/0.1#isNullable" : [ {
    "@value" : true
  } ],
  "http://trawler.dev/schema/core/0.1#relations" : [ {
    "@value" : "urn:tr:constraint:postgresql/localhost/postgres/public/djstripe_setupintent/djstripe_setupintent_customer_id_6ff5bbcc_fk_djstripe_"
  } ],
  "http://trawler.dev/schema/core/0.1#type" : [ {
    "@value" : "VARCHAR"
  } ]
}, {
  "@id" : "urn:tr:field:postgresql/localhost/postgres/public/djstripe_setupintent/on_behalf_of_id",
  "http://schema.org/name" : [ {
    "@value" : "on_behalf_of_id"
  } ],
  "http://trawler.dev/schema/core/0.1#isNullable" : [ {
    "@value" : true
  } ],
  "http://trawler.dev/schema/core/0.1#relations" : [ {
    "@value" : "urn:tr:constraint:postgresql/localhost/postgres/public/djstripe_setupintent/djstripe_setupintent_on_behalf_of_id_1ea4d941_fk_djstripe_"
  } ],
  "http://trawler.dev/schema/core/0.1#type" : [ {
    "@value" : "VARCHAR"
  } ]
}, {
  "@id" : "urn:tr:field:postgresql/localhost/postgres/public/djstripe_setupintent/payment_method_id",
  "http://schema.org/name" : [ {
    "@value" : "payment_method_id"
  } ],
  "http://trawler.dev/schema/core/0.1#isNullable" : [ {
    "@value" : true
  } ],
  "http://trawler.dev/schema/core/0.1#relations" : [ {
    "@value" : "urn:tr:constraint:postgresql/localhost/postgres/public/djstripe_setupintent/djstripe_setupintent_payment_method_id_0ca17b5e_fk_djstripe_"
  } ],
  "http://trawler.dev/schema/core/0.1#type" : [ {
    "@value" : "VARCHAR"
  } ]
}, {
  "@id" : "urn:tr:field:postgresql/localhost/postgres/public/djstripe_setupintent/djstripe_owner_account_id",
  "http://schema.org/name" : [ {
    "@value" : "djstripe_owner_account_id"
  } ],
  "http://trawler.dev/schema/core/0.1#isNullable" : [ {
    "@value" : true
  } ],
  "http://trawler.dev/schema/core/0.1#relations" : [ {
    "@value" : "urn:tr:constraint:postgresql/localhost/postgres/public/djstripe_setupintent/djstripe_setupintent_djstripe_owner_accou_046c1671_fk_djstripe_"
  } ],
  "http://trawler.dev/schema/core/0.1#type" : [ {
    "@value" : "VARCHAR"
  } ]
}, {
  "@id" : "urn:tr:constraint:postgresql/localhost/postgres/public/djstripe_setupintent/djstripe_setupintent_customer_id_6ff5bbcc_fk_djstripe_",
  "@type" : [ "tr:Constraint" ],
  "tr:hasFields" : [ {
    "@id" : "urn:tr:column:postgresql/localhost/postgres/public/djstripe_customer/id"
  } ]
}, {
  "@id" : "urn:tr:constraint:postgresql/localhost/postgres/public/djstripe_setupintent/djstripe_setupintent_djstripe_owner_accou_046c1671_fk_djstripe_",
  "@type" : [ "tr:Constraint" ],
  "tr:hasFields" : [ {
    "@id" : "urn:tr:column:postgresql/localhost/postgres/public/djstripe_account/id"
  } ]
}, {
  "@id" : "urn:tr:constraint:postgresql/localhost/postgres/public/djstripe_setupintent/djstripe_setupintent_on_behalf_of_id_1ea4d941_fk_djstripe_",
  "@type" : [ "tr:Constraint" ],
  "tr:hasFields" : [ {
    "@id" : "urn:tr:column:postgresql/localhost/postgres/public/djstripe_account/id"
  } ]
}, {
  "@id" : "urn:tr:constraint:postgresql/localhost/postgres/public/djstripe_setupintent/djstripe_setupintent_payment_method_id_0ca17b5e_fk_djstripe_",
  "@type" : [ "tr:Constraint" ],
  "tr:hasFields" : [ {
    "@id" : "urn:tr:column:postgresql/localhost/postgres/public/djstripe_paymentmethod/id"
  } ]
}, {
  "@id" : "urn:tr:table:postgresql/localhost/postgres/public/djstripe_subscription",
  "@type" : [ "http://trawler.dev/schema/core/0.1#Table" ],
  "http://schema.org/name" : [ {
    "@value" : "djstripe_subscription"
  } ],
  "http://trawler.dev/schema/core/0.1#hasFields" : [ {
    "@id" : "urn:tr:field:postgresql/localhost/postgres/public/djstripe_subscription/djstripe_id"
  }, {
    "@id" : "urn:tr:field:postgresql/localhost/postgres/public/djstripe_subscription/id"
  }, {
    "@id" : "urn:tr:field:postgresql/localhost/postgres/public/djstripe_subscription/livemode"
  }, {
    "@id" : "urn:tr:field:postgresql/localhost/postgres/public/djstripe_subscription/created"
  }, {
    "@id" : "urn:tr:field:postgresql/localhost/postgres/public/djstripe_subscription/metadata"
  }, {
    "@id" : "urn:tr:field:postgresql/localhost/postgres/public/djstripe_subscription/description"
  }, {
    "@id" : "urn:tr:field:postgresql/localhost/postgres/public/djstripe_subscription/djstripe_created"
  }, {
    "@id" : "urn:tr:field:postgresql/localhost/postgres/public/djstripe_subscription/djstripe_updated"
  }, {
    "@id" : "urn:tr:field:postgresql/localhost/postgres/public/djstripe_subscription/application_fee_percent"
  }, {
    "@id" : "urn:tr:field:postgresql/localhost/postgres/public/djstripe_subscription/collection_method"
  }, {
    "@id" : "urn:tr:field:postgresql/localhost/postgres/public/djstripe_subscription/billing_cycle_anchor"
  }, {
    "@id" : "urn:tr:field:postgresql/localhost/postgres/public/djstripe_subscription/cancel_at_period_end"
  }, {
    "@id" : "urn:tr:field:postgresql/localhost/postgres/public/djstripe_subscription/canceled_at"
  }, {
    "@id" : "urn:tr:field:postgresql/localhost/postgres/public/djstripe_subscription/current_period_end"
  }, {
    "@id" : "urn:tr:field:postgresql/localhost/postgres/public/djstripe_subscription/current_period_start"
  }, {
    "@id" : "urn:tr:field:postgresql/localhost/postgres/public/djstripe_subscription/days_until_due"
  }, {
    "@id" : "urn:tr:field:postgresql/localhost/postgres/public/djstripe_subscription/ended_at"
  }, {
    "@id" : "urn:tr:field:postgresql/localhost/postgres/public/djstripe_subscription/quantity"
  }, {
    "@id" : "urn:tr:field:postgresql/localhost/postgres/public/djstripe_subscription/status"
  }, {
    "@id" : "urn:tr:field:postgresql/localhost/postgres/public/djstripe_subscription/tax_percent"
  }, {
    "@id" : "urn:tr:field:postgresql/localhost/postgres/public/djstripe_subscription/trial_end"
  }, {
    "@id" : "urn:tr:field:postgresql/localhost/postgres/public/djstripe_subscription/trial_start"
  }, {
    "@id" : "urn:tr:field:postgresql/localhost/postgres/public/djstripe_subscription/customer_id"
  }, {
    "@id" : "urn:tr:field:postgresql/localhost/postgres/public/djstripe_subscription/plan_id"
  }, {
    "@id" : "urn:tr:field:postgresql/localhost/postgres/public/djstripe_subscription/pending_setup_intent_id"
  }, {
    "@id" : "urn:tr:field:postgresql/localhost/postgres/public/djstripe_subscription/default_payment_method_id"
  }, {
    "@id" : "urn:tr:field:postgresql/localhost/postgres/public/djstripe_subscription/discount"
  }, {
    "@id" : "urn:tr:field:postgresql/localhost/postgres/public/djstripe_subscription/next_pending_invoice_item_invoice"
  }, {
    "@id" : "urn:tr:field:postgresql/localhost/postgres/public/djstripe_subscription/pending_invoice_item_interval"
  }, {
    "@id" : "urn:tr:field:postgresql/localhost/postgres/public/djstripe_subscription/pending_update"
  }, {
    "@id" : "urn:tr:field:postgresql/localhost/postgres/public/djstripe_subscription/start_date"
  }, {
    "@id" : "urn:tr:field:postgresql/localhost/postgres/public/djstripe_subscription/default_source_id"
  }, {
    "@id" : "urn:tr:field:postgresql/localhost/postgres/public/djstripe_subscription/djstripe_owner_account_id"
  }, {
    "@id" : "urn:tr:field:postgresql/localhost/postgres/public/djstripe_subscription/cancel_at"
  }, {
    "@id" : "urn:tr:field:postgresql/localhost/postgres/public/djstripe_subscription/schedule_id"
  }, {
    "@id" : "urn:tr:field:postgresql/localhost/postgres/public/djstripe_subscription/billing_thresholds"
  } ]
}, {
  "@id" : "urn:tr:field:postgresql/localhost/postgres/public/djstripe_subscription/djstripe_id",
  "http://schema.org/name" : [ {
    "@value" : "djstripe_id"
  } ],
  "http://trawler.dev/schema/core/0.1#isNullable" : [ {
    "@value" : false
  } ],
  "http://trawler.dev/schema/core/0.1#relations" : [ ],
  "http://trawler.dev/schema/core/0.1#type" : [ {
    "@value" : "BIGINT"
  } ]
}, {
  "@id" : "urn:tr:field:postgresql/localhost/postgres/public/djstripe_subscription/id",
  "http://schema.org/name" : [ {
    "@value" : "id"
  } ],
  "http://trawler.dev/schema/core/0.1#isNullable" : [ {
    "@value" : false
  } ],
  "http://trawler.dev/schema/core/0.1#relations" : [ ],
  "http://trawler.dev/schema/core/0.1#type" : [ {
    "@value" : "VARCHAR"
  } ]
}, {
  "@id" : "urn:tr:field:postgresql/localhost/postgres/public/djstripe_subscription/livemode",
  "http://schema.org/name" : [ {
    "@value" : "livemode"
  } ],
  "http://trawler.dev/schema/core/0.1#isNullable" : [ {
    "@value" : true
  } ],
  "http://trawler.dev/schema/core/0.1#relations" : [ ],
  "http://trawler.dev/schema/core/0.1#type" : [ {
    "@value" : "BOOLEAN"
  } ]
}, {
  "@id" : "urn:tr:field:postgresql/localhost/postgres/public/djstripe_subscription/created",
  "http://schema.org/name" : [ {
    "@value" : "created"
  } ],
  "http://trawler.dev/schema/core/0.1#isNullable" : [ {
    "@value" : true
  } ],
  "http://trawler.dev/schema/core/0.1#relations" : [ ],
  "http://trawler.dev/schema/core/0.1#type" : [ {
    "@value" : "TIMESTAMP"
  } ]
}, {
  "@id" : "urn:tr:field:postgresql/localhost/postgres/public/djstripe_subscription/metadata",
  "http://schema.org/name" : [ {
    "@value" : "metadata"
  } ],
  "http://trawler.dev/schema/core/0.1#isNullable" : [ {
    "@value" : true
  } ],
  "http://trawler.dev/schema/core/0.1#relations" : [ ],
  "http://trawler.dev/schema/core/0.1#type" : [ {
    "@value" : "JSONB"
  } ]
}, {
  "@id" : "urn:tr:field:postgresql/localhost/postgres/public/djstripe_subscription/description",
  "http://schema.org/name" : [ {
    "@value" : "description"
  } ],
  "http://trawler.dev/schema/core/0.1#isNullable" : [ {
    "@value" : true
  } ],
  "http://trawler.dev/schema/core/0.1#relations" : [ ],
  "http://trawler.dev/schema/core/0.1#type" : [ {
    "@value" : "TEXT"
  } ]
}, {
  "@id" : "urn:tr:field:postgresql/localhost/postgres/public/djstripe_subscription/djstripe_created",
  "http://schema.org/name" : [ {
    "@value" : "djstripe_created"
  } ],
  "http://trawler.dev/schema/core/0.1#isNullable" : [ {
    "@value" : false
  } ],
  "http://trawler.dev/schema/core/0.1#relations" : [ ],
  "http://trawler.dev/schema/core/0.1#type" : [ {
    "@value" : "TIMESTAMP"
  } ]
}, {
  "@id" : "urn:tr:field:postgresql/localhost/postgres/public/djstripe_subscription/djstripe_updated",
  "http://schema.org/name" : [ {
    "@value" : "djstripe_updated"
  } ],
  "http://trawler.dev/schema/core/0.1#isNullable" : [ {
    "@value" : false
  } ],
  "http://trawler.dev/schema/core/0.1#relations" : [ ],
  "http://trawler.dev/schema/core/0.1#type" : [ {
    "@value" : "TIMESTAMP"
  } ]
}, {
  "@id" : "urn:tr:field:postgresql/localhost/postgres/public/djstripe_subscription/application_fee_percent",
  "http://schema.org/name" : [ {
    "@value" : "application_fee_percent"
  } ],
  "http://trawler.dev/schema/core/0.1#isNullable" : [ {
    "@value" : true
  } ],
  "http://trawler.dev/schema/core/0.1#relations" : [ ],
  "http://trawler.dev/schema/core/0.1#type" : [ {
    "@value" : "NUMERIC"
  } ]
}, {
  "@id" : "urn:tr:field:postgresql/localhost/postgres/public/djstripe_subscription/collection_method",
  "http://schema.org/name" : [ {
    "@value" : "collection_method"
  } ],
  "http://trawler.dev/schema/core/0.1#isNullable" : [ {
    "@value" : false
  } ],
  "http://trawler.dev/schema/core/0.1#relations" : [ ],
  "http://trawler.dev/schema/core/0.1#type" : [ {
    "@value" : "VARCHAR"
  } ]
}, {
  "@id" : "urn:tr:field:postgresql/localhost/postgres/public/djstripe_subscription/billing_cycle_anchor",
  "http://schema.org/name" : [ {
    "@value" : "billing_cycle_anchor"
  } ],
  "http://trawler.dev/schema/core/0.1#isNullable" : [ {
    "@value" : true
  } ],
  "http://trawler.dev/schema/core/0.1#relations" : [ ],
  "http://trawler.dev/schema/core/0.1#type" : [ {
    "@value" : "TIMESTAMP"
  } ]
}, {
  "@id" : "urn:tr:field:postgresql/localhost/postgres/public/djstripe_subscription/cancel_at_period_end",
  "http://schema.org/name" : [ {
    "@value" : "cancel_at_period_end"
  } ],
  "http://trawler.dev/schema/core/0.1#isNullable" : [ {
    "@value" : false
  } ],
  "http://trawler.dev/schema/core/0.1#relations" : [ ],
  "http://trawler.dev/schema/core/0.1#type" : [ {
    "@value" : "BOOLEAN"
  } ]
}, {
  "@id" : "urn:tr:field:postgresql/localhost/postgres/public/djstripe_subscription/canceled_at",
  "http://schema.org/name" : [ {
    "@value" : "canceled_at"
  } ],
  "http://trawler.dev/schema/core/0.1#isNullable" : [ {
    "@value" : true
  } ],
  "http://trawler.dev/schema/core/0.1#relations" : [ ],
  "http://trawler.dev/schema/core/0.1#type" : [ {
    "@value" : "TIMESTAMP"
  } ]
}, {
  "@id" : "urn:tr:field:postgresql/localhost/postgres/public/djstripe_subscription/current_period_end",
  "http://schema.org/name" : [ {
    "@value" : "current_period_end"
  } ],
  "http://trawler.dev/schema/core/0.1#isNullable" : [ {
    "@value" : false
  } ],
  "http://trawler.dev/schema/core/0.1#relations" : [ ],
  "http://trawler.dev/schema/core/0.1#type" : [ {
    "@value" : "TIMESTAMP"
  } ]
}, {
  "@id" : "urn:tr:field:postgresql/localhost/postgres/public/djstripe_subscription/current_period_start",
  "http://schema.org/name" : [ {
    "@value" : "current_period_start"
  } ],
  "http://trawler.dev/schema/core/0.1#isNullable" : [ {
    "@value" : false
  } ],
  "http://trawler.dev/schema/core/0.1#relations" : [ ],
  "http://trawler.dev/schema/core/0.1#type" : [ {
    "@value" : "TIMESTAMP"
  } ]
}, {
  "@id" : "urn:tr:field:postgresql/localhost/postgres/public/djstripe_subscription/days_until_due",
  "http://schema.org/name" : [ {
    "@value" : "days_until_due"
  } ],
  "http://trawler.dev/schema/core/0.1#isNullable" : [ {
    "@value" : true
  } ],
  "http://trawler.dev/schema/core/0.1#relations" : [ ],
  "http://trawler.dev/schema/core/0.1#type" : [ {
    "@value" : "INTEGER"
  } ]
}, {
  "@id" : "urn:tr:field:postgresql/localhost/postgres/public/djstripe_subscription/ended_at",
  "http://schema.org/name" : [ {
    "@value" : "ended_at"
  } ],
  "http://trawler.dev/schema/core/0.1#isNullable" : [ {
    "@value" : true
  } ],
  "http://trawler.dev/schema/core/0.1#relations" : [ ],
  "http://trawler.dev/schema/core/0.1#type" : [ {
    "@value" : "TIMESTAMP"
  } ]
}, {
  "@id" : "urn:tr:field:postgresql/localhost/postgres/public/djstripe_subscription/quantity",
  "http://schema.org/name" : [ {
    "@value" : "quantity"
  } ],
  "http://trawler.dev/schema/core/0.1#isNullable" : [ {
    "@value" : true
  } ],
  "http://trawler.dev/schema/core/0.1#relations" : [ ],
  "http://trawler.dev/schema/core/0.1#type" : [ {
    "@value" : "INTEGER"
  } ]
}, {
  "@id" : "urn:tr:field:postgresql/localhost/postgres/public/djstripe_subscription/status",
  "http://schema.org/name" : [ {
    "@value" : "status"
  } ],
  "http://trawler.dev/schema/core/0.1#isNullable" : [ {
    "@value" : false
  } ],
  "http://trawler.dev/schema/core/0.1#relations" : [ ],
  "http://trawler.dev/schema/core/0.1#type" : [ {
    "@value" : "VARCHAR"
  } ]
}, {
  "@id" : "urn:tr:field:postgresql/localhost/postgres/public/djstripe_subscription/tax_percent",
  "http://schema.org/name" : [ {
    "@value" : "tax_percent"
  } ],
  "http://trawler.dev/schema/core/0.1#isNullable" : [ {
    "@value" : true
  } ],
  "http://trawler.dev/schema/core/0.1#relations" : [ ],
  "http://trawler.dev/schema/core/0.1#type" : [ {
    "@value" : "NUMERIC"
  } ]
}, {
  "@id" : "urn:tr:field:postgresql/localhost/postgres/public/djstripe_subscription/trial_end",
  "http://schema.org/name" : [ {
    "@value" : "trial_end"
  } ],
  "http://trawler.dev/schema/core/0.1#isNullable" : [ {
    "@value" : true
  } ],
  "http://trawler.dev/schema/core/0.1#relations" : [ ],
  "http://trawler.dev/schema/core/0.1#type" : [ {
    "@value" : "TIMESTAMP"
  } ]
}, {
  "@id" : "urn:tr:field:postgresql/localhost/postgres/public/djstripe_subscription/trial_start",
  "http://schema.org/name" : [ {
    "@value" : "trial_start"
  } ],
  "http://trawler.dev/schema/core/0.1#isNullable" : [ {
    "@value" : true
  } ],
  "http://trawler.dev/schema/core/0.1#relations" : [ ],
  "http://trawler.dev/schema/core/0.1#type" : [ {
    "@value" : "TIMESTAMP"
  } ]
}, {
  "@id" : "urn:tr:field:postgresql/localhost/postgres/public/djstripe_subscription/customer_id",
  "http://schema.org/name" : [ {
    "@value" : "customer_id"
  } ],
  "http://trawler.dev/schema/core/0.1#isNullable" : [ {
    "@value" : false
  } ],
  "http://trawler.dev/schema/core/0.1#relations" : [ {
    "@value" : "urn:tr:constraint:postgresql/localhost/postgres/public/djstripe_subscription/djstripe_subscriptio_customer_id_aff64ee5_fk_djstripe_"
  } ],
  "http://trawler.dev/schema/core/0.1#type" : [ {
    "@value" : "VARCHAR"
  } ]
}, {
  "@id" : "urn:tr:field:postgresql/localhost/postgres/public/djstripe_subscription/plan_id",
  "http://schema.org/name" : [ {
    "@value" : "plan_id"
  } ],
  "http://trawler.dev/schema/core/0.1#isNullable" : [ {
    "@value" : true
  } ],
  "http://trawler.dev/schema/core/0.1#relations" : [ {
    "@value" : "urn:tr:constraint:postgresql/localhost/postgres/public/djstripe_subscription/djstripe_subscriptio_plan_id_9129d5d5_fk_djstripe_"
  } ],
  "http://trawler.dev/schema/core/0.1#type" : [ {
    "@value" : "BIGINT"
  } ]
}, {
  "@id" : "urn:tr:field:postgresql/localhost/postgres/public/djstripe_subscription/pending_setup_intent_id",
  "http://schema.org/name" : [ {
    "@value" : "pending_setup_intent_id"
  } ],
  "http://trawler.dev/schema/core/0.1#isNullable" : [ {
    "@value" : true
  } ],
  "http://trawler.dev/schema/core/0.1#relations" : [ {
    "@value" : "urn:tr:constraint:postgresql/localhost/postgres/public/djstripe_subscription/djstripe_subscriptio_pending_setup_intent_fe875ca5_fk_djstripe_"
  } ],
  "http://trawler.dev/schema/core/0.1#type" : [ {
    "@value" : "VARCHAR"
  } ]
}, {
  "@id" : "urn:tr:field:postgresql/localhost/postgres/public/djstripe_subscription/default_payment_method_id",
  "http://schema.org/name" : [ {
    "@value" : "default_payment_method_id"
  } ],
  "http://trawler.dev/schema/core/0.1#isNullable" : [ {
    "@value" : true
  } ],
  "http://trawler.dev/schema/core/0.1#relations" : [ {
    "@value" : "urn:tr:constraint:postgresql/localhost/postgres/public/djstripe_subscription/djstripe_subscriptio_default_payment_meth_ee163340_fk_djstripe_"
  } ],
  "http://trawler.dev/schema/core/0.1#type" : [ {
    "@value" : "VARCHAR"
  } ]
}, {
  "@id" : "urn:tr:field:postgresql/localhost/postgres/public/djstripe_subscription/discount",
  "http://schema.org/name" : [ {
    "@value" : "discount"
  } ],
  "http://trawler.dev/schema/core/0.1#isNullable" : [ {
    "@value" : true
  } ],
  "http://trawler.dev/schema/core/0.1#relations" : [ ],
  "http://trawler.dev/schema/core/0.1#type" : [ {
    "@value" : "JSONB"
  } ]
}, {
  "@id" : "urn:tr:field:postgresql/localhost/postgres/public/djstripe_subscription/next_pending_invoice_item_invoice",
  "http://schema.org/name" : [ {
    "@value" : "next_pending_invoice_item_invoice"
  } ],
  "http://trawler.dev/schema/core/0.1#isNullable" : [ {
    "@value" : true
  } ],
  "http://trawler.dev/schema/core/0.1#relations" : [ ],
  "http://trawler.dev/schema/core/0.1#type" : [ {
    "@value" : "TIMESTAMP"
  } ]
}, {
  "@id" : "urn:tr:field:postgresql/localhost/postgres/public/djstripe_subscription/pending_invoice_item_interval",
  "http://schema.org/name" : [ {
    "@value" : "pending_invoice_item_interval"
  } ],
  "http://trawler.dev/schema/core/0.1#isNullable" : [ {
    "@value" : true
  } ],
  "http://trawler.dev/schema/core/0.1#relations" : [ ],
  "http://trawler.dev/schema/core/0.1#type" : [ {
    "@value" : "JSONB"
  } ]
}, {
  "@id" : "urn:tr:field:postgresql/localhost/postgres/public/djstripe_subscription/pending_update",
  "http://schema.org/name" : [ {
    "@value" : "pending_update"
  } ],
  "http://trawler.dev/schema/core/0.1#isNullable" : [ {
    "@value" : true
  } ],
  "http://trawler.dev/schema/core/0.1#relations" : [ ],
  "http://trawler.dev/schema/core/0.1#type" : [ {
    "@value" : "JSONB"
  } ]
}, {
  "@id" : "urn:tr:field:postgresql/localhost/postgres/public/djstripe_subscription/start_date",
  "http://schema.org/name" : [ {
    "@value" : "start_date"
  } ],
  "http://trawler.dev/schema/core/0.1#isNullable" : [ {
    "@value" : true
  } ],
  "http://trawler.dev/schema/core/0.1#relations" : [ ],
  "http://trawler.dev/schema/core/0.1#type" : [ {
    "@value" : "TIMESTAMP"
  } ]
}, {
  "@id" : "urn:tr:field:postgresql/localhost/postgres/public/djstripe_subscription/default_source_id",
  "http://schema.org/name" : [ {
    "@value" : "default_source_id"
  } ],
  "http://trawler.dev/schema/core/0.1#isNullable" : [ {
    "@value" : true
  } ],
  "http://trawler.dev/schema/core/0.1#relations" : [ {
    "@value" : "urn:tr:constraint:postgresql/localhost/postgres/public/djstripe_subscription/djstripe_subscriptio_default_source_id_d6099b66_fk_djstripe_"
  } ],
  "http://trawler.dev/schema/core/0.1#type" : [ {
    "@value" : "VARCHAR"
  } ]
}, {
  "@id" : "urn:tr:field:postgresql/localhost/postgres/public/djstripe_subscription/djstripe_owner_account_id",
  "http://schema.org/name" : [ {
    "@value" : "djstripe_owner_account_id"
  } ],
  "http://trawler.dev/schema/core/0.1#isNullable" : [ {
    "@value" : true
  } ],
  "http://trawler.dev/schema/core/0.1#relations" : [ {
    "@value" : "urn:tr:constraint:postgresql/localhost/postgres/public/djstripe_subscription/djstripe_subscriptio_djstripe_owner_accou_9d333296_fk_djstripe_"
  } ],
  "http://trawler.dev/schema/core/0.1#type" : [ {
    "@value" : "VARCHAR"
  } ]
}, {
  "@id" : "urn:tr:field:postgresql/localhost/postgres/public/djstripe_subscription/cancel_at",
  "http://schema.org/name" : [ {
    "@value" : "cancel_at"
  } ],
  "http://trawler.dev/schema/core/0.1#isNullable" : [ {
    "@value" : true
  } ],
  "http://trawler.dev/schema/core/0.1#relations" : [ ],
  "http://trawler.dev/schema/core/0.1#type" : [ {
    "@value" : "TIMESTAMP"
  } ]
}, {
  "@id" : "urn:tr:field:postgresql/localhost/postgres/public/djstripe_subscription/schedule_id",
  "http://schema.org/name" : [ {
    "@value" : "schedule_id"
  } ],
  "http://trawler.dev/schema/core/0.1#isNullable" : [ {
    "@value" : true
  } ],
  "http://trawler.dev/schema/core/0.1#relations" : [ {
    "@value" : "urn:tr:constraint:postgresql/localhost/postgres/public/djstripe_subscription/djstripe_subscriptio_schedule_id_af20e3f2_fk_djstripe_"
  } ],
  "http://trawler.dev/schema/core/0.1#type" : [ {
    "@value" : "BIGINT"
  } ]
}, {
  "@id" : "urn:tr:field:postgresql/localhost/postgres/public/djstripe_subscription/billing_thresholds",
  "http://schema.org/name" : [ {
    "@value" : "billing_thresholds"
  } ],
  "http://trawler.dev/schema/core/0.1#isNullable" : [ {
    "@value" : true
  } ],
  "http://trawler.dev/schema/core/0.1#relations" : [ ],
  "http://trawler.dev/schema/core/0.1#type" : [ {
    "@value" : "JSONB"
  } ]
}, {
  "@id" : "urn:tr:constraint:postgresql/localhost/postgres/public/djstripe_subscription/djstripe_subscriptio_customer_id_aff64ee5_fk_djstripe_",
  "@type" : [ "tr:Constraint" ],
  "tr:hasFields" : [ {
    "@id" : "urn:tr:column:postgresql/localhost/postgres/public/djstripe_customer/id"
  } ]
}, {
  "@id" : "urn:tr:constraint:postgresql/localhost/postgres/public/djstripe_subscription/djstripe_subscriptio_default_payment_meth_ee163340_fk_djstripe_",
  "@type" : [ "tr:Constraint" ],
  "tr:hasFields" : [ {
    "@id" : "urn:tr:column:postgresql/localhost/postgres/public/djstripe_paymentmethod/id"
  } ]
}, {
  "@id" : "urn:tr:constraint:postgresql/localhost/postgres/public/djstripe_subscription/djstripe_subscriptio_default_source_id_d6099b66_fk_djstripe_",
  "@type" : [ "tr:Constraint" ],
  "tr:hasFields" : [ {
    "@id" : "urn:tr:column:postgresql/localhost/postgres/public/djstripe_djstripepaymentmethod/id"
  } ]
}, {
  "@id" : "urn:tr:constraint:postgresql/localhost/postgres/public/djstripe_subscription/djstripe_subscriptio_djstripe_owner_accou_9d333296_fk_djstripe_",
  "@type" : [ "tr:Constraint" ],
  "tr:hasFields" : [ {
    "@id" : "urn:tr:column:postgresql/localhost/postgres/public/djstripe_account/id"
  } ]
}, {
  "@id" : "urn:tr:constraint:postgresql/localhost/postgres/public/djstripe_subscription/djstripe_subscriptio_pending_setup_intent_fe875ca5_fk_djstripe_",
  "@type" : [ "tr:Constraint" ],
  "tr:hasFields" : [ {
    "@id" : "urn:tr:column:postgresql/localhost/postgres/public/djstripe_setupintent/id"
  } ]
}, {
  "@id" : "urn:tr:constraint:postgresql/localhost/postgres/public/djstripe_subscription/djstripe_subscriptio_plan_id_9129d5d5_fk_djstripe_",
  "@type" : [ "tr:Constraint" ],
  "tr:hasFields" : [ {
    "@id" : "urn:tr:column:postgresql/localhost/postgres/public/djstripe_plan/djstripe_id"
  } ]
}, {
  "@id" : "urn:tr:constraint:postgresql/localhost/postgres/public/djstripe_subscription/djstripe_subscriptio_schedule_id_af20e3f2_fk_djstripe_",
  "@type" : [ "tr:Constraint" ],
  "tr:hasFields" : [ {
    "@id" : "urn:tr:column:postgresql/localhost/postgres/public/djstripe_subscriptionschedule/djstripe_id"
  } ]
}, {
  "@id" : "urn:tr:table:postgresql/localhost/postgres/public/djstripe_coupon",
  "@type" : [ "http://trawler.dev/schema/core/0.1#Table" ],
  "http://schema.org/name" : [ {
    "@value" : "djstripe_coupon"
  } ],
  "http://trawler.dev/schema/core/0.1#hasFields" : [ {
    "@id" : "urn:tr:field:postgresql/localhost/postgres/public/djstripe_coupon/djstripe_id"
  }, {
    "@id" : "urn:tr:field:postgresql/localhost/postgres/public/djstripe_coupon/livemode"
  }, {
    "@id" : "urn:tr:field:postgresql/localhost/postgres/public/djstripe_coupon/created"
  }, {
    "@id" : "urn:tr:field:postgresql/localhost/postgres/public/djstripe_coupon/metadata"
  }, {
    "@id" : "urn:tr:field:postgresql/localhost/postgres/public/djstripe_coupon/description"
  }, {
    "@id" : "urn:tr:field:postgresql/localhost/postgres/public/djstripe_coupon/djstripe_created"
  }, {
    "@id" : "urn:tr:field:postgresql/localhost/postgres/public/djstripe_coupon/djstripe_updated"
  }, {
    "@id" : "urn:tr:field:postgresql/localhost/postgres/public/djstripe_coupon/id"
  }, {
    "@id" : "urn:tr:field:postgresql/localhost/postgres/public/djstripe_coupon/amount_off"
  }, {
    "@id" : "urn:tr:field:postgresql/localhost/postgres/public/djstripe_coupon/currency"
  }, {
    "@id" : "urn:tr:field:postgresql/localhost/postgres/public/djstripe_coupon/duration"
  }, {
    "@id" : "urn:tr:field:postgresql/localhost/postgres/public/djstripe_coupon/duration_in_months"
  }, {
    "@id" : "urn:tr:field:postgresql/localhost/postgres/public/djstripe_coupon/max_redemptions"
  }, {
    "@id" : "urn:tr:field:postgresql/localhost/postgres/public/djstripe_coupon/percent_off"
  }, {
    "@id" : "urn:tr:field:postgresql/localhost/postgres/public/djstripe_coupon/redeem_by"
  }, {
    "@id" : "urn:tr:field:postgresql/localhost/postgres/public/djstripe_coupon/times_redeemed"
  }, {
    "@id" : "urn:tr:field:postgresql/localhost/postgres/public/djstripe_coupon/name"
  }, {
    "@id" : "urn:tr:field:postgresql/localhost/postgres/public/djstripe_coupon/djstripe_owner_account_id"
  } ]
}, {
  "@id" : "urn:tr:field:postgresql/localhost/postgres/public/djstripe_coupon/djstripe_id",
  "http://schema.org/name" : [ {
    "@value" : "djstripe_id"
  } ],
  "http://trawler.dev/schema/core/0.1#isNullable" : [ {
    "@value" : false
  } ],
  "http://trawler.dev/schema/core/0.1#relations" : [ ],
  "http://trawler.dev/schema/core/0.1#type" : [ {
    "@value" : "BIGINT"
  } ]
}, {
  "@id" : "urn:tr:field:postgresql/localhost/postgres/public/djstripe_coupon/livemode",
  "http://schema.org/name" : [ {
    "@value" : "livemode"
  } ],
  "http://trawler.dev/schema/core/0.1#isNullable" : [ {
    "@value" : true
  } ],
  "http://trawler.dev/schema/core/0.1#relations" : [ ],
  "http://trawler.dev/schema/core/0.1#type" : [ {
    "@value" : "BOOLEAN"
  } ]
}, {
  "@id" : "urn:tr:field:postgresql/localhost/postgres/public/djstripe_coupon/created",
  "http://schema.org/name" : [ {
    "@value" : "created"
  } ],
  "http://trawler.dev/schema/core/0.1#isNullable" : [ {
    "@value" : true
  } ],
  "http://trawler.dev/schema/core/0.1#relations" : [ ],
  "http://trawler.dev/schema/core/0.1#type" : [ {
    "@value" : "TIMESTAMP"
  } ]
}, {
  "@id" : "urn:tr:field:postgresql/localhost/postgres/public/djstripe_coupon/metadata",
  "http://schema.org/name" : [ {
    "@value" : "metadata"
  } ],
  "http://trawler.dev/schema/core/0.1#isNullable" : [ {
    "@value" : true
  } ],
  "http://trawler.dev/schema/core/0.1#relations" : [ ],
  "http://trawler.dev/schema/core/0.1#type" : [ {
    "@value" : "JSONB"
  } ]
}, {
  "@id" : "urn:tr:field:postgresql/localhost/postgres/public/djstripe_coupon/description",
  "http://schema.org/name" : [ {
    "@value" : "description"
  } ],
  "http://trawler.dev/schema/core/0.1#isNullable" : [ {
    "@value" : true
  } ],
  "http://trawler.dev/schema/core/0.1#relations" : [ ],
  "http://trawler.dev/schema/core/0.1#type" : [ {
    "@value" : "TEXT"
  } ]
}, {
  "@id" : "urn:tr:field:postgresql/localhost/postgres/public/djstripe_coupon/djstripe_created",
  "http://schema.org/name" : [ {
    "@value" : "djstripe_created"
  } ],
  "http://trawler.dev/schema/core/0.1#isNullable" : [ {
    "@value" : false
  } ],
  "http://trawler.dev/schema/core/0.1#relations" : [ ],
  "http://trawler.dev/schema/core/0.1#type" : [ {
    "@value" : "TIMESTAMP"
  } ]
}, {
  "@id" : "urn:tr:field:postgresql/localhost/postgres/public/djstripe_coupon/djstripe_updated",
  "http://schema.org/name" : [ {
    "@value" : "djstripe_updated"
  } ],
  "http://trawler.dev/schema/core/0.1#isNullable" : [ {
    "@value" : false
  } ],
  "http://trawler.dev/schema/core/0.1#relations" : [ ],
  "http://trawler.dev/schema/core/0.1#type" : [ {
    "@value" : "TIMESTAMP"
  } ]
}, {
  "@id" : "urn:tr:field:postgresql/localhost/postgres/public/djstripe_coupon/id",
  "http://schema.org/name" : [ {
    "@value" : "id"
  } ],
  "http://trawler.dev/schema/core/0.1#isNullable" : [ {
    "@value" : false
  } ],
  "http://trawler.dev/schema/core/0.1#relations" : [ ],
  "http://trawler.dev/schema/core/0.1#type" : [ {
    "@value" : "VARCHAR"
  } ]
}, {
  "@id" : "urn:tr:field:postgresql/localhost/postgres/public/djstripe_coupon/amount_off",
  "http://schema.org/name" : [ {
    "@value" : "amount_off"
  } ],
  "http://trawler.dev/schema/core/0.1#isNullable" : [ {
    "@value" : true
  } ],
  "http://trawler.dev/schema/core/0.1#relations" : [ ],
  "http://trawler.dev/schema/core/0.1#type" : [ {
    "@value" : "NUMERIC"
  } ]
}, {
  "@id" : "urn:tr:field:postgresql/localhost/postgres/public/djstripe_coupon/currency",
  "http://schema.org/name" : [ {
    "@value" : "currency"
  } ],
  "http://trawler.dev/schema/core/0.1#isNullable" : [ {
    "@value" : true
  } ],
  "http://trawler.dev/schema/core/0.1#relations" : [ ],
  "http://trawler.dev/schema/core/0.1#type" : [ {
    "@value" : "VARCHAR"
  } ]
}, {
  "@id" : "urn:tr:field:postgresql/localhost/postgres/public/djstripe_coupon/duration",
  "http://schema.org/name" : [ {
    "@value" : "duration"
  } ],
  "http://trawler.dev/schema/core/0.1#isNullable" : [ {
    "@value" : false
  } ],
  "http://trawler.dev/schema/core/0.1#relations" : [ ],
  "http://trawler.dev/schema/core/0.1#type" : [ {
    "@value" : "VARCHAR"
  } ]
}, {
  "@id" : "urn:tr:field:postgresql/localhost/postgres/public/djstripe_coupon/duration_in_months",
  "http://schema.org/name" : [ {
    "@value" : "duration_in_months"
  } ],
  "http://trawler.dev/schema/core/0.1#isNullable" : [ {
    "@value" : true
  } ],
  "http://trawler.dev/schema/core/0.1#relations" : [ ],
  "http://trawler.dev/schema/core/0.1#type" : [ {
    "@value" : "INTEGER"
  } ]
}, {
  "@id" : "urn:tr:field:postgresql/localhost/postgres/public/djstripe_coupon/max_redemptions",
  "http://schema.org/name" : [ {
    "@value" : "max_redemptions"
  } ],
  "http://trawler.dev/schema/core/0.1#isNullable" : [ {
    "@value" : true
  } ],
  "http://trawler.dev/schema/core/0.1#relations" : [ ],
  "http://trawler.dev/schema/core/0.1#type" : [ {
    "@value" : "INTEGER"
  } ]
}, {
  "@id" : "urn:tr:field:postgresql/localhost/postgres/public/djstripe_coupon/percent_off",
  "http://schema.org/name" : [ {
    "@value" : "percent_off"
  } ],
  "http://trawler.dev/schema/core/0.1#isNullable" : [ {
    "@value" : true
  } ],
  "http://trawler.dev/schema/core/0.1#relations" : [ ],
  "http://trawler.dev/schema/core/0.1#type" : [ {
    "@value" : "NUMERIC"
  } ]
}, {
  "@id" : "urn:tr:field:postgresql/localhost/postgres/public/djstripe_coupon/redeem_by",
  "http://schema.org/name" : [ {
    "@value" : "redeem_by"
  } ],
  "http://trawler.dev/schema/core/0.1#isNullable" : [ {
    "@value" : true
  } ],
  "http://trawler.dev/schema/core/0.1#relations" : [ ],
  "http://trawler.dev/schema/core/0.1#type" : [ {
    "@value" : "TIMESTAMP"
  } ]
}, {
  "@id" : "urn:tr:field:postgresql/localhost/postgres/public/djstripe_coupon/times_redeemed",
  "http://schema.org/name" : [ {
    "@value" : "times_redeemed"
  } ],
  "http://trawler.dev/schema/core/0.1#isNullable" : [ {
    "@value" : false
  } ],
  "http://trawler.dev/schema/core/0.1#relations" : [ ],
  "http://trawler.dev/schema/core/0.1#type" : [ {
    "@value" : "INTEGER"
  } ]
}, {
  "@id" : "urn:tr:field:postgresql/localhost/postgres/public/djstripe_coupon/name",
  "http://schema.org/name" : [ {
    "@value" : "name"
  } ],
  "http://trawler.dev/schema/core/0.1#isNullable" : [ {
    "@value" : false
  } ],
  "http://trawler.dev/schema/core/0.1#relations" : [ ],
  "http://trawler.dev/schema/core/0.1#type" : [ {
    "@value" : "TEXT"
  } ]
}, {
  "@id" : "urn:tr:field:postgresql/localhost/postgres/public/djstripe_coupon/djstripe_owner_account_id",
  "http://schema.org/name" : [ {
    "@value" : "djstripe_owner_account_id"
  } ],
  "http://trawler.dev/schema/core/0.1#isNullable" : [ {
    "@value" : true
  } ],
  "http://trawler.dev/schema/core/0.1#relations" : [ {
    "@value" : "urn:tr:constraint:postgresql/localhost/postgres/public/djstripe_coupon/djstripe_coupon_djstripe_owner_accou_ea85f74e_fk_djstripe_"
  } ],
  "http://trawler.dev/schema/core/0.1#type" : [ {
    "@value" : "VARCHAR"
  } ]
}, {
  "@id" : "urn:tr:constraint:postgresql/localhost/postgres/public/djstripe_coupon/djstripe_coupon_djstripe_owner_accou_ea85f74e_fk_djstripe_",
  "@type" : [ "tr:Constraint" ],
  "tr:hasFields" : [ {
    "@id" : "urn:tr:column:postgresql/localhost/postgres/public/djstripe_account/id"
  } ]
}, {
  "@id" : "urn:tr:table:postgresql/localhost/postgres/public/djstripe_source",
  "@type" : [ "http://trawler.dev/schema/core/0.1#Table" ],
  "http://schema.org/name" : [ {
    "@value" : "djstripe_source"
  } ],
  "http://trawler.dev/schema/core/0.1#hasFields" : [ {
    "@id" : "urn:tr:field:postgresql/localhost/postgres/public/djstripe_source/djstripe_id"
  }, {
    "@id" : "urn:tr:field:postgresql/localhost/postgres/public/djstripe_source/id"
  }, {
    "@id" : "urn:tr:field:postgresql/localhost/postgres/public/djstripe_source/livemode"
  }, {
    "@id" : "urn:tr:field:postgresql/localhost/postgres/public/djstripe_source/created"
  }, {
    "@id" : "urn:tr:field:postgresql/localhost/postgres/public/djstripe_source/metadata"
  }, {
    "@id" : "urn:tr:field:postgresql/localhost/postgres/public/djstripe_source/description"
  }, {
    "@id" : "urn:tr:field:postgresql/localhost/postgres/public/djstripe_source/djstripe_created"
  }, {
    "@id" : "urn:tr:field:postgresql/localhost/postgres/public/djstripe_source/djstripe_updated"
  }, {
    "@id" : "urn:tr:field:postgresql/localhost/postgres/public/djstripe_source/amount"
  }, {
    "@id" : "urn:tr:field:postgresql/localhost/postgres/public/djstripe_source/client_secret"
  }, {
    "@id" : "urn:tr:field:postgresql/localhost/postgres/public/djstripe_source/currency"
  }, {
    "@id" : "urn:tr:field:postgresql/localhost/postgres/public/djstripe_source/flow"
  }, {
    "@id" : "urn:tr:field:postgresql/localhost/postgres/public/djstripe_source/owner"
  }, {
    "@id" : "urn:tr:field:postgresql/localhost/postgres/public/djstripe_source/statement_descriptor"
  }, {
    "@id" : "urn:tr:field:postgresql/localhost/postgres/public/djstripe_source/status"
  }, {
    "@id" : "urn:tr:field:postgresql/localhost/postgres/public/djstripe_source/type"
  }, {
    "@id" : "urn:tr:field:postgresql/localhost/postgres/public/djstripe_source/usage"
  }, {
    "@id" : "urn:tr:field:postgresql/localhost/postgres/public/djstripe_source/code_verification"
  }, {
    "@id" : "urn:tr:field:postgresql/localhost/postgres/public/djstripe_source/receiver"
  }, {
    "@id" : "urn:tr:field:postgresql/localhost/postgres/public/djstripe_source/redirect"
  }, {
    "@id" : "urn:tr:field:postgresql/localhost/postgres/public/djstripe_source/source_data"
  }, {
    "@id" : "urn:tr:field:postgresql/localhost/postgres/public/djstripe_source/customer_id"
  }, {
    "@id" : "urn:tr:field:postgresql/localhost/postgres/public/djstripe_source/djstripe_owner_account_id"
  } ]
}, {
  "@id" : "urn:tr:field:postgresql/localhost/postgres/public/djstripe_source/djstripe_id",
  "http://schema.org/name" : [ {
    "@value" : "djstripe_id"
  } ],
  "http://trawler.dev/schema/core/0.1#isNullable" : [ {
    "@value" : false
  } ],
  "http://trawler.dev/schema/core/0.1#relations" : [ ],
  "http://trawler.dev/schema/core/0.1#type" : [ {
    "@value" : "BIGINT"
  } ]
}, {
  "@id" : "urn:tr:field:postgresql/localhost/postgres/public/djstripe_source/id",
  "http://schema.org/name" : [ {
    "@value" : "id"
  } ],
  "http://trawler.dev/schema/core/0.1#isNullable" : [ {
    "@value" : false
  } ],
  "http://trawler.dev/schema/core/0.1#relations" : [ ],
  "http://trawler.dev/schema/core/0.1#type" : [ {
    "@value" : "VARCHAR"
  } ]
}, {
  "@id" : "urn:tr:field:postgresql/localhost/postgres/public/djstripe_source/livemode",
  "http://schema.org/name" : [ {
    "@value" : "livemode"
  } ],
  "http://trawler.dev/schema/core/0.1#isNullable" : [ {
    "@value" : true
  } ],
  "http://trawler.dev/schema/core/0.1#relations" : [ ],
  "http://trawler.dev/schema/core/0.1#type" : [ {
    "@value" : "BOOLEAN"
  } ]
}, {
  "@id" : "urn:tr:field:postgresql/localhost/postgres/public/djstripe_source/created",
  "http://schema.org/name" : [ {
    "@value" : "created"
  } ],
  "http://trawler.dev/schema/core/0.1#isNullable" : [ {
    "@value" : true
  } ],
  "http://trawler.dev/schema/core/0.1#relations" : [ ],
  "http://trawler.dev/schema/core/0.1#type" : [ {
    "@value" : "TIMESTAMP"
  } ]
}, {
  "@id" : "urn:tr:field:postgresql/localhost/postgres/public/djstripe_source/metadata",
  "http://schema.org/name" : [ {
    "@value" : "metadata"
  } ],
  "http://trawler.dev/schema/core/0.1#isNullable" : [ {
    "@value" : true
  } ],
  "http://trawler.dev/schema/core/0.1#relations" : [ ],
  "http://trawler.dev/schema/core/0.1#type" : [ {
    "@value" : "JSONB"
  } ]
}, {
  "@id" : "urn:tr:field:postgresql/localhost/postgres/public/djstripe_source/description",
  "http://schema.org/name" : [ {
    "@value" : "description"
  } ],
  "http://trawler.dev/schema/core/0.1#isNullable" : [ {
    "@value" : true
  } ],
  "http://trawler.dev/schema/core/0.1#relations" : [ ],
  "http://trawler.dev/schema/core/0.1#type" : [ {
    "@value" : "TEXT"
  } ]
}, {
  "@id" : "urn:tr:field:postgresql/localhost/postgres/public/djstripe_source/djstripe_created",
  "http://schema.org/name" : [ {
    "@value" : "djstripe_created"
  } ],
  "http://trawler.dev/schema/core/0.1#isNullable" : [ {
    "@value" : false
  } ],
  "http://trawler.dev/schema/core/0.1#relations" : [ ],
  "http://trawler.dev/schema/core/0.1#type" : [ {
    "@value" : "TIMESTAMP"
  } ]
}, {
  "@id" : "urn:tr:field:postgresql/localhost/postgres/public/djstripe_source/djstripe_updated",
  "http://schema.org/name" : [ {
    "@value" : "djstripe_updated"
  } ],
  "http://trawler.dev/schema/core/0.1#isNullable" : [ {
    "@value" : false
  } ],
  "http://trawler.dev/schema/core/0.1#relations" : [ ],
  "http://trawler.dev/schema/core/0.1#type" : [ {
    "@value" : "TIMESTAMP"
  } ]
}, {
  "@id" : "urn:tr:field:postgresql/localhost/postgres/public/djstripe_source/amount",
  "http://schema.org/name" : [ {
    "@value" : "amount"
  } ],
  "http://trawler.dev/schema/core/0.1#isNullable" : [ {
    "@value" : true
  } ],
  "http://trawler.dev/schema/core/0.1#relations" : [ ],
  "http://trawler.dev/schema/core/0.1#type" : [ {
    "@value" : "NUMERIC"
  } ]
}, {
  "@id" : "urn:tr:field:postgresql/localhost/postgres/public/djstripe_source/client_secret",
  "http://schema.org/name" : [ {
    "@value" : "client_secret"
  } ],
  "http://trawler.dev/schema/core/0.1#isNullable" : [ {
    "@value" : false
  } ],
  "http://trawler.dev/schema/core/0.1#relations" : [ ],
  "http://trawler.dev/schema/core/0.1#type" : [ {
    "@value" : "VARCHAR"
  } ]
}, {
  "@id" : "urn:tr:field:postgresql/localhost/postgres/public/djstripe_source/currency",
  "http://schema.org/name" : [ {
    "@value" : "currency"
  } ],
  "http://trawler.dev/schema/core/0.1#isNullable" : [ {
    "@value" : false
  } ],
  "http://trawler.dev/schema/core/0.1#relations" : [ ],
  "http://trawler.dev/schema/core/0.1#type" : [ {
    "@value" : "VARCHAR"
  } ]
}, {
  "@id" : "urn:tr:field:postgresql/localhost/postgres/public/djstripe_source/flow",
  "http://schema.org/name" : [ {
    "@value" : "flow"
  } ],
  "http://trawler.dev/schema/core/0.1#isNullable" : [ {
    "@value" : false
  } ],
  "http://trawler.dev/schema/core/0.1#relations" : [ ],
  "http://trawler.dev/schema/core/0.1#type" : [ {
    "@value" : "VARCHAR"
  } ]
}, {
  "@id" : "urn:tr:field:postgresql/localhost/postgres/public/djstripe_source/owner",
  "http://schema.org/name" : [ {
    "@value" : "owner"
  } ],
  "http://trawler.dev/schema/core/0.1#isNullable" : [ {
    "@value" : false
  } ],
  "http://trawler.dev/schema/core/0.1#relations" : [ ],
  "http://trawler.dev/schema/core/0.1#type" : [ {
    "@value" : "JSONB"
  } ]
}, {
  "@id" : "urn:tr:field:postgresql/localhost/postgres/public/djstripe_source/statement_descriptor",
  "http://schema.org/name" : [ {
    "@value" : "statement_descriptor"
  } ],
  "http://trawler.dev/schema/core/0.1#isNullable" : [ {
    "@value" : false
  } ],
  "http://trawler.dev/schema/core/0.1#relations" : [ ],
  "http://trawler.dev/schema/core/0.1#type" : [ {
    "@value" : "VARCHAR"
  } ]
}, {
  "@id" : "urn:tr:field:postgresql/localhost/postgres/public/djstripe_source/status",
  "http://schema.org/name" : [ {
    "@value" : "status"
  } ],
  "http://trawler.dev/schema/core/0.1#isNullable" : [ {
    "@value" : false
  } ],
  "http://trawler.dev/schema/core/0.1#relations" : [ ],
  "http://trawler.dev/schema/core/0.1#type" : [ {
    "@value" : "VARCHAR"
  } ]
}, {
  "@id" : "urn:tr:field:postgresql/localhost/postgres/public/djstripe_source/type",
  "http://schema.org/name" : [ {
    "@value" : "type"
  } ],
  "http://trawler.dev/schema/core/0.1#isNullable" : [ {
    "@value" : false
  } ],
  "http://trawler.dev/schema/core/0.1#relations" : [ ],
  "http://trawler.dev/schema/core/0.1#type" : [ {
    "@value" : "VARCHAR"
  } ]
}, {
  "@id" : "urn:tr:field:postgresql/localhost/postgres/public/djstripe_source/usage",
  "http://schema.org/name" : [ {
    "@value" : "usage"
  } ],
  "http://trawler.dev/schema/core/0.1#isNullable" : [ {
    "@value" : false
  } ],
  "http://trawler.dev/schema/core/0.1#relations" : [ ],
  "http://trawler.dev/schema/core/0.1#type" : [ {
    "@value" : "VARCHAR"
  } ]
}, {
  "@id" : "urn:tr:field:postgresql/localhost/postgres/public/djstripe_source/code_verification",
  "http://schema.org/name" : [ {
    "@value" : "code_verification"
  } ],
  "http://trawler.dev/schema/core/0.1#isNullable" : [ {
    "@value" : true
  } ],
  "http://trawler.dev/schema/core/0.1#relations" : [ ],
  "http://trawler.dev/schema/core/0.1#type" : [ {
    "@value" : "JSONB"
  } ]
}, {
  "@id" : "urn:tr:field:postgresql/localhost/postgres/public/djstripe_source/receiver",
  "http://schema.org/name" : [ {
    "@value" : "receiver"
  } ],
  "http://trawler.dev/schema/core/0.1#isNullable" : [ {
    "@value" : true
  } ],
  "http://trawler.dev/schema/core/0.1#relations" : [ ],
  "http://trawler.dev/schema/core/0.1#type" : [ {
    "@value" : "JSONB"
  } ]
}, {
  "@id" : "urn:tr:field:postgresql/localhost/postgres/public/djstripe_source/redirect",
  "http://schema.org/name" : [ {
    "@value" : "redirect"
  } ],
  "http://trawler.dev/schema/core/0.1#isNullable" : [ {
    "@value" : true
  } ],
  "http://trawler.dev/schema/core/0.1#relations" : [ ],
  "http://trawler.dev/schema/core/0.1#type" : [ {
    "@value" : "JSONB"
  } ]
}, {
  "@id" : "urn:tr:field:postgresql/localhost/postgres/public/djstripe_source/source_data",
  "http://schema.org/name" : [ {
    "@value" : "source_data"
  } ],
  "http://trawler.dev/schema/core/0.1#isNullable" : [ {
    "@value" : false
  } ],
  "http://trawler.dev/schema/core/0.1#relations" : [ ],
  "http://trawler.dev/schema/core/0.1#type" : [ {
    "@value" : "JSONB"
  } ]
}, {
  "@id" : "urn:tr:field:postgresql/localhost/postgres/public/djstripe_source/customer_id",
  "http://schema.org/name" : [ {
    "@value" : "customer_id"
  } ],
  "http://trawler.dev/schema/core/0.1#isNullable" : [ {
    "@value" : true
  } ],
  "http://trawler.dev/schema/core/0.1#relations" : [ {
    "@value" : "urn:tr:constraint:postgresql/localhost/postgres/public/djstripe_source/djstripe_source_customer_id_4d678557_fk_djstripe_customer_id"
  } ],
  "http://trawler.dev/schema/core/0.1#type" : [ {
    "@value" : "VARCHAR"
  } ]
}, {
  "@id" : "urn:tr:field:postgresql/localhost/postgres/public/djstripe_source/djstripe_owner_account_id",
  "http://schema.org/name" : [ {
    "@value" : "djstripe_owner_account_id"
  } ],
  "http://trawler.dev/schema/core/0.1#isNullable" : [ {
    "@value" : true
  } ],
  "http://trawler.dev/schema/core/0.1#relations" : [ {
    "@value" : "urn:tr:constraint:postgresql/localhost/postgres/public/djstripe_source/djstripe_source_djstripe_owner_accou_f99f1fe6_fk_djstripe_"
  } ],
  "http://trawler.dev/schema/core/0.1#type" : [ {
    "@value" : "VARCHAR"
  } ]
}, {
  "@id" : "urn:tr:constraint:postgresql/localhost/postgres/public/djstripe_source/djstripe_source_customer_id_4d678557_fk_djstripe_customer_id",
  "@type" : [ "tr:Constraint" ],
  "tr:hasFields" : [ {
    "@id" : "urn:tr:column:postgresql/localhost/postgres/public/djstripe_customer/id"
  } ]
}, {
  "@id" : "urn:tr:constraint:postgresql/localhost/postgres/public/djstripe_source/djstripe_source_djstripe_owner_accou_f99f1fe6_fk_djstripe_",
  "@type" : [ "tr:Constraint" ],
  "tr:hasFields" : [ {
    "@id" : "urn:tr:column:postgresql/localhost/postgres/public/djstripe_account/id"
  } ]
}, {
  "@id" : "urn:tr:table:postgresql/localhost/postgres/public/djstripe_webhookeventtrigger",
  "@type" : [ "http://trawler.dev/schema/core/0.1#Table" ],
  "http://schema.org/name" : [ {
    "@value" : "djstripe_webhookeventtrigger"
  } ],
  "http://trawler.dev/schema/core/0.1#hasFields" : [ {
    "@id" : "urn:tr:field:postgresql/localhost/postgres/public/djstripe_webhookeventtrigger/id"
  }, {
    "@id" : "urn:tr:field:postgresql/localhost/postgres/public/djstripe_webhookeventtrigger/remote_ip"
  }, {
    "@id" : "urn:tr:field:postgresql/localhost/postgres/public/djstripe_webhookeventtrigger/headers"
  }, {
    "@id" : "urn:tr:field:postgresql/localhost/postgres/public/djstripe_webhookeventtrigger/body"
  }, {
    "@id" : "urn:tr:field:postgresql/localhost/postgres/public/djstripe_webhookeventtrigger/valid"
  }, {
    "@id" : "urn:tr:field:postgresql/localhost/postgres/public/djstripe_webhookeventtrigger/processed"
  }, {
    "@id" : "urn:tr:field:postgresql/localhost/postgres/public/djstripe_webhookeventtrigger/exception"
  }, {
    "@id" : "urn:tr:field:postgresql/localhost/postgres/public/djstripe_webhookeventtrigger/traceback"
  }, {
    "@id" : "urn:tr:field:postgresql/localhost/postgres/public/djstripe_webhookeventtrigger/djstripe_version"
  }, {
    "@id" : "urn:tr:field:postgresql/localhost/postgres/public/djstripe_webhookeventtrigger/created"
  }, {
    "@id" : "urn:tr:field:postgresql/localhost/postgres/public/djstripe_webhookeventtrigger/updated"
  }, {
    "@id" : "urn:tr:field:postgresql/localhost/postgres/public/djstripe_webhookeventtrigger/event_id"
  } ]
}, {
  "@id" : "urn:tr:field:postgresql/localhost/postgres/public/djstripe_webhookeventtrigger/id",
  "http://schema.org/name" : [ {
    "@value" : "id"
  } ],
  "http://trawler.dev/schema/core/0.1#isNullable" : [ {
    "@value" : false
  } ],
  "http://trawler.dev/schema/core/0.1#relations" : [ ],
  "http://trawler.dev/schema/core/0.1#type" : [ {
    "@value" : "BIGINT"
  } ]
}, {
  "@id" : "urn:tr:field:postgresql/localhost/postgres/public/djstripe_webhookeventtrigger/remote_ip",
  "http://schema.org/name" : [ {
    "@value" : "remote_ip"
  } ],
  "http://trawler.dev/schema/core/0.1#isNullable" : [ {
    "@value" : false
  } ],
  "http://trawler.dev/schema/core/0.1#relations" : [ ],
  "http://trawler.dev/schema/core/0.1#type" : [ {
    "@value" : "INET"
  } ]
}, {
  "@id" : "urn:tr:field:postgresql/localhost/postgres/public/djstripe_webhookeventtrigger/headers",
  "http://schema.org/name" : [ {
    "@value" : "headers"
  } ],
  "http://trawler.dev/schema/core/0.1#isNullable" : [ {
    "@value" : false
  } ],
  "http://trawler.dev/schema/core/0.1#relations" : [ ],
  "http://trawler.dev/schema/core/0.1#type" : [ {
    "@value" : "JSONB"
  } ]
}, {
  "@id" : "urn:tr:field:postgresql/localhost/postgres/public/djstripe_webhookeventtrigger/body",
  "http://schema.org/name" : [ {
    "@value" : "body"
  } ],
  "http://trawler.dev/schema/core/0.1#isNullable" : [ {
    "@value" : false
  } ],
  "http://trawler.dev/schema/core/0.1#relations" : [ ],
  "http://trawler.dev/schema/core/0.1#type" : [ {
    "@value" : "TEXT"
  } ]
}, {
  "@id" : "urn:tr:field:postgresql/localhost/postgres/public/djstripe_webhookeventtrigger/valid",
  "http://schema.org/name" : [ {
    "@value" : "valid"
  } ],
  "http://trawler.dev/schema/core/0.1#isNullable" : [ {
    "@value" : false
  } ],
  "http://trawler.dev/schema/core/0.1#relations" : [ ],
  "http://trawler.dev/schema/core/0.1#type" : [ {
    "@value" : "BOOLEAN"
  } ]
}, {
  "@id" : "urn:tr:field:postgresql/localhost/postgres/public/djstripe_webhookeventtrigger/processed",
  "http://schema.org/name" : [ {
    "@value" : "processed"
  } ],
  "http://trawler.dev/schema/core/0.1#isNullable" : [ {
    "@value" : false
  } ],
  "http://trawler.dev/schema/core/0.1#relations" : [ ],
  "http://trawler.dev/schema/core/0.1#type" : [ {
    "@value" : "BOOLEAN"
  } ]
}, {
  "@id" : "urn:tr:field:postgresql/localhost/postgres/public/djstripe_webhookeventtrigger/exception",
  "http://schema.org/name" : [ {
    "@value" : "exception"
  } ],
  "http://trawler.dev/schema/core/0.1#isNullable" : [ {
    "@value" : false
  } ],
  "http://trawler.dev/schema/core/0.1#relations" : [ ],
  "http://trawler.dev/schema/core/0.1#type" : [ {
    "@value" : "VARCHAR"
  } ]
}, {
  "@id" : "urn:tr:field:postgresql/localhost/postgres/public/djstripe_webhookeventtrigger/traceback",
  "http://schema.org/name" : [ {
    "@value" : "traceback"
  } ],
  "http://trawler.dev/schema/core/0.1#isNullable" : [ {
    "@value" : false
  } ],
  "http://trawler.dev/schema/core/0.1#relations" : [ ],
  "http://trawler.dev/schema/core/0.1#type" : [ {
    "@value" : "TEXT"
  } ]
}, {
  "@id" : "urn:tr:field:postgresql/localhost/postgres/public/djstripe_webhookeventtrigger/djstripe_version",
  "http://schema.org/name" : [ {
    "@value" : "djstripe_version"
  } ],
  "http://trawler.dev/schema/core/0.1#isNullable" : [ {
    "@value" : false
  } ],
  "http://trawler.dev/schema/core/0.1#relations" : [ ],
  "http://trawler.dev/schema/core/0.1#type" : [ {
    "@value" : "VARCHAR"
  } ]
}, {
  "@id" : "urn:tr:field:postgresql/localhost/postgres/public/djstripe_webhookeventtrigger/created",
  "http://schema.org/name" : [ {
    "@value" : "created"
  } ],
  "http://trawler.dev/schema/core/0.1#isNullable" : [ {
    "@value" : false
  } ],
  "http://trawler.dev/schema/core/0.1#relations" : [ ],
  "http://trawler.dev/schema/core/0.1#type" : [ {
    "@value" : "TIMESTAMP"
  } ]
}, {
  "@id" : "urn:tr:field:postgresql/localhost/postgres/public/djstripe_webhookeventtrigger/updated",
  "http://schema.org/name" : [ {
    "@value" : "updated"
  } ],
  "http://trawler.dev/schema/core/0.1#isNullable" : [ {
    "@value" : false
  } ],
  "http://trawler.dev/schema/core/0.1#relations" : [ ],
  "http://trawler.dev/schema/core/0.1#type" : [ {
    "@value" : "TIMESTAMP"
  } ]
}, {
  "@id" : "urn:tr:field:postgresql/localhost/postgres/public/djstripe_webhookeventtrigger/event_id",
  "http://schema.org/name" : [ {
    "@value" : "event_id"
  } ],
  "http://trawler.dev/schema/core/0.1#isNullable" : [ {
    "@value" : true
  } ],
  "http://trawler.dev/schema/core/0.1#relations" : [ {
    "@value" : "urn:tr:constraint:postgresql/localhost/postgres/public/djstripe_webhookeventtrigger/djstripe_webhookeven_event_id_b2e08de6_fk_djstripe_"
  } ],
  "http://trawler.dev/schema/core/0.1#type" : [ {
    "@value" : "VARCHAR"
  } ]
}, {
  "@id" : "urn:tr:constraint:postgresql/localhost/postgres/public/djstripe_webhookeventtrigger/djstripe_webhookeven_event_id_b2e08de6_fk_djstripe_",
  "@type" : [ "tr:Constraint" ],
  "tr:hasFields" : [ {
    "@id" : "urn:tr:column:postgresql/localhost/postgres/public/djstripe_event/id"
  } ]
}, {
  "@id" : "urn:tr:table:postgresql/localhost/postgres/public/djstripe_card",
  "@type" : [ "http://trawler.dev/schema/core/0.1#Table" ],
  "http://schema.org/name" : [ {
    "@value" : "djstripe_card"
  } ],
  "http://trawler.dev/schema/core/0.1#hasFields" : [ {
    "@id" : "urn:tr:field:postgresql/localhost/postgres/public/djstripe_card/djstripe_id"
  }, {
    "@id" : "urn:tr:field:postgresql/localhost/postgres/public/djstripe_card/id"
  }, {
    "@id" : "urn:tr:field:postgresql/localhost/postgres/public/djstripe_card/livemode"
  }, {
    "@id" : "urn:tr:field:postgresql/localhost/postgres/public/djstripe_card/created"
  }, {
    "@id" : "urn:tr:field:postgresql/localhost/postgres/public/djstripe_card/metadata"
  }, {
    "@id" : "urn:tr:field:postgresql/localhost/postgres/public/djstripe_card/description"
  }, {
    "@id" : "urn:tr:field:postgresql/localhost/postgres/public/djstripe_card/djstripe_created"
  }, {
    "@id" : "urn:tr:field:postgresql/localhost/postgres/public/djstripe_card/djstripe_updated"
  }, {
    "@id" : "urn:tr:field:postgresql/localhost/postgres/public/djstripe_card/address_city"
  }, {
    "@id" : "urn:tr:field:postgresql/localhost/postgres/public/djstripe_card/address_country"
  }, {
    "@id" : "urn:tr:field:postgresql/localhost/postgres/public/djstripe_card/address_line1"
  }, {
    "@id" : "urn:tr:field:postgresql/localhost/postgres/public/djstripe_card/address_line1_check"
  }, {
    "@id" : "urn:tr:field:postgresql/localhost/postgres/public/djstripe_card/address_line2"
  }, {
    "@id" : "urn:tr:field:postgresql/localhost/postgres/public/djstripe_card/address_state"
  }, {
    "@id" : "urn:tr:field:postgresql/localhost/postgres/public/djstripe_card/address_zip"
  }, {
    "@id" : "urn:tr:field:postgresql/localhost/postgres/public/djstripe_card/address_zip_check"
  }, {
    "@id" : "urn:tr:field:postgresql/localhost/postgres/public/djstripe_card/brand"
  }, {
    "@id" : "urn:tr:field:postgresql/localhost/postgres/public/djstripe_card/country"
  }, {
    "@id" : "urn:tr:field:postgresql/localhost/postgres/public/djstripe_card/cvc_check"
  }, {
    "@id" : "urn:tr:field:postgresql/localhost/postgres/public/djstripe_card/dynamic_last4"
  }, {
    "@id" : "urn:tr:field:postgresql/localhost/postgres/public/djstripe_card/exp_month"
  }, {
    "@id" : "urn:tr:field:postgresql/localhost/postgres/public/djstripe_card/exp_year"
  }, {
    "@id" : "urn:tr:field:postgresql/localhost/postgres/public/djstripe_card/fingerprint"
  }, {
    "@id" : "urn:tr:field:postgresql/localhost/postgres/public/djstripe_card/funding"
  }, {
    "@id" : "urn:tr:field:postgresql/localhost/postgres/public/djstripe_card/last4"
  }, {
    "@id" : "urn:tr:field:postgresql/localhost/postgres/public/djstripe_card/name"
  }, {
    "@id" : "urn:tr:field:postgresql/localhost/postgres/public/djstripe_card/tokenization_method"
  }, {
    "@id" : "urn:tr:field:postgresql/localhost/postgres/public/djstripe_card/customer_id"
  }, {
    "@id" : "urn:tr:field:postgresql/localhost/postgres/public/djstripe_card/djstripe_owner_account_id"
  } ]
}, {
  "@id" : "urn:tr:field:postgresql/localhost/postgres/public/djstripe_card/djstripe_id",
  "http://schema.org/name" : [ {
    "@value" : "djstripe_id"
  } ],
  "http://trawler.dev/schema/core/0.1#isNullable" : [ {
    "@value" : false
  } ],
  "http://trawler.dev/schema/core/0.1#relations" : [ ],
  "http://trawler.dev/schema/core/0.1#type" : [ {
    "@value" : "BIGINT"
  } ]
}, {
  "@id" : "urn:tr:field:postgresql/localhost/postgres/public/djstripe_card/id",
  "http://schema.org/name" : [ {
    "@value" : "id"
  } ],
  "http://trawler.dev/schema/core/0.1#isNullable" : [ {
    "@value" : false
  } ],
  "http://trawler.dev/schema/core/0.1#relations" : [ ],
  "http://trawler.dev/schema/core/0.1#type" : [ {
    "@value" : "VARCHAR"
  } ]
}, {
  "@id" : "urn:tr:field:postgresql/localhost/postgres/public/djstripe_card/livemode",
  "http://schema.org/name" : [ {
    "@value" : "livemode"
  } ],
  "http://trawler.dev/schema/core/0.1#isNullable" : [ {
    "@value" : true
  } ],
  "http://trawler.dev/schema/core/0.1#relations" : [ ],
  "http://trawler.dev/schema/core/0.1#type" : [ {
    "@value" : "BOOLEAN"
  } ]
}, {
  "@id" : "urn:tr:field:postgresql/localhost/postgres/public/djstripe_card/created",
  "http://schema.org/name" : [ {
    "@value" : "created"
  } ],
  "http://trawler.dev/schema/core/0.1#isNullable" : [ {
    "@value" : true
  } ],
  "http://trawler.dev/schema/core/0.1#relations" : [ ],
  "http://trawler.dev/schema/core/0.1#type" : [ {
    "@value" : "TIMESTAMP"
  } ]
}, {
  "@id" : "urn:tr:field:postgresql/localhost/postgres/public/djstripe_card/metadata",
  "http://schema.org/name" : [ {
    "@value" : "metadata"
  } ],
  "http://trawler.dev/schema/core/0.1#isNullable" : [ {
    "@value" : true
  } ],
  "http://trawler.dev/schema/core/0.1#relations" : [ ],
  "http://trawler.dev/schema/core/0.1#type" : [ {
    "@value" : "JSONB"
  } ]
}, {
  "@id" : "urn:tr:field:postgresql/localhost/postgres/public/djstripe_card/description",
  "http://schema.org/name" : [ {
    "@value" : "description"
  } ],
  "http://trawler.dev/schema/core/0.1#isNullable" : [ {
    "@value" : true
  } ],
  "http://trawler.dev/schema/core/0.1#relations" : [ ],
  "http://trawler.dev/schema/core/0.1#type" : [ {
    "@value" : "TEXT"
  } ]
}, {
  "@id" : "urn:tr:field:postgresql/localhost/postgres/public/djstripe_card/djstripe_created",
  "http://schema.org/name" : [ {
    "@value" : "djstripe_created"
  } ],
  "http://trawler.dev/schema/core/0.1#isNullable" : [ {
    "@value" : false
  } ],
  "http://trawler.dev/schema/core/0.1#relations" : [ ],
  "http://trawler.dev/schema/core/0.1#type" : [ {
    "@value" : "TIMESTAMP"
  } ]
}, {
  "@id" : "urn:tr:field:postgresql/localhost/postgres/public/djstripe_card/djstripe_updated",
  "http://schema.org/name" : [ {
    "@value" : "djstripe_updated"
  } ],
  "http://trawler.dev/schema/core/0.1#isNullable" : [ {
    "@value" : false
  } ],
  "http://trawler.dev/schema/core/0.1#relations" : [ ],
  "http://trawler.dev/schema/core/0.1#type" : [ {
    "@value" : "TIMESTAMP"
  } ]
}, {
  "@id" : "urn:tr:field:postgresql/localhost/postgres/public/djstripe_card/address_city",
  "http://schema.org/name" : [ {
    "@value" : "address_city"
  } ],
  "http://trawler.dev/schema/core/0.1#isNullable" : [ {
    "@value" : false
  } ],
  "http://trawler.dev/schema/core/0.1#relations" : [ ],
  "http://trawler.dev/schema/core/0.1#type" : [ {
    "@value" : "TEXT"
  } ]
}, {
  "@id" : "urn:tr:field:postgresql/localhost/postgres/public/djstripe_card/address_country",
  "http://schema.org/name" : [ {
    "@value" : "address_country"
  } ],
  "http://trawler.dev/schema/core/0.1#isNullable" : [ {
    "@value" : false
  } ],
  "http://trawler.dev/schema/core/0.1#relations" : [ ],
  "http://trawler.dev/schema/core/0.1#type" : [ {
    "@value" : "TEXT"
  } ]
}, {
  "@id" : "urn:tr:field:postgresql/localhost/postgres/public/djstripe_card/address_line1",
  "http://schema.org/name" : [ {
    "@value" : "address_line1"
  } ],
  "http://trawler.dev/schema/core/0.1#isNullable" : [ {
    "@value" : false
  } ],
  "http://trawler.dev/schema/core/0.1#relations" : [ ],
  "http://trawler.dev/schema/core/0.1#type" : [ {
    "@value" : "TEXT"
  } ]
}, {
  "@id" : "urn:tr:field:postgresql/localhost/postgres/public/djstripe_card/address_line1_check",
  "http://schema.org/name" : [ {
    "@value" : "address_line1_check"
  } ],
  "http://trawler.dev/schema/core/0.1#isNullable" : [ {
    "@value" : false
  } ],
  "http://trawler.dev/schema/core/0.1#relations" : [ ],
  "http://trawler.dev/schema/core/0.1#type" : [ {
    "@value" : "VARCHAR"
  } ]
}, {
  "@id" : "urn:tr:field:postgresql/localhost/postgres/public/djstripe_card/address_line2",
  "http://schema.org/name" : [ {
    "@value" : "address_line2"
  } ],
  "http://trawler.dev/schema/core/0.1#isNullable" : [ {
    "@value" : false
  } ],
  "http://trawler.dev/schema/core/0.1#relations" : [ ],
  "http://trawler.dev/schema/core/0.1#type" : [ {
    "@value" : "TEXT"
  } ]
}, {
  "@id" : "urn:tr:field:postgresql/localhost/postgres/public/djstripe_card/address_state",
  "http://schema.org/name" : [ {
    "@value" : "address_state"
  } ],
  "http://trawler.dev/schema/core/0.1#isNullable" : [ {
    "@value" : false
  } ],
  "http://trawler.dev/schema/core/0.1#relations" : [ ],
  "http://trawler.dev/schema/core/0.1#type" : [ {
    "@value" : "TEXT"
  } ]
}, {
  "@id" : "urn:tr:field:postgresql/localhost/postgres/public/djstripe_card/address_zip",
  "http://schema.org/name" : [ {
    "@value" : "address_zip"
  } ],
  "http://trawler.dev/schema/core/0.1#isNullable" : [ {
    "@value" : false
  } ],
  "http://trawler.dev/schema/core/0.1#relations" : [ ],
  "http://trawler.dev/schema/core/0.1#type" : [ {
    "@value" : "TEXT"
  } ]
}, {
  "@id" : "urn:tr:field:postgresql/localhost/postgres/public/djstripe_card/address_zip_check",
  "http://schema.org/name" : [ {
    "@value" : "address_zip_check"
  } ],
  "http://trawler.dev/schema/core/0.1#isNullable" : [ {
    "@value" : false
  } ],
  "http://trawler.dev/schema/core/0.1#relations" : [ ],
  "http://trawler.dev/schema/core/0.1#type" : [ {
    "@value" : "VARCHAR"
  } ]
}, {
  "@id" : "urn:tr:field:postgresql/localhost/postgres/public/djstripe_card/brand",
  "http://schema.org/name" : [ {
    "@value" : "brand"
  } ],
  "http://trawler.dev/schema/core/0.1#isNullable" : [ {
    "@value" : false
  } ],
  "http://trawler.dev/schema/core/0.1#relations" : [ ],
  "http://trawler.dev/schema/core/0.1#type" : [ {
    "@value" : "VARCHAR"
  } ]
}, {
  "@id" : "urn:tr:field:postgresql/localhost/postgres/public/djstripe_card/country",
  "http://schema.org/name" : [ {
    "@value" : "country"
  } ],
  "http://trawler.dev/schema/core/0.1#isNullable" : [ {
    "@value" : false
  } ],
  "http://trawler.dev/schema/core/0.1#relations" : [ ],
  "http://trawler.dev/schema/core/0.1#type" : [ {
    "@value" : "VARCHAR"
  } ]
}, {
  "@id" : "urn:tr:field:postgresql/localhost/postgres/public/djstripe_card/cvc_check",
  "http://schema.org/name" : [ {
    "@value" : "cvc_check"
  } ],
  "http://trawler.dev/schema/core/0.1#isNullable" : [ {
    "@value" : false
  } ],
  "http://trawler.dev/schema/core/0.1#relations" : [ ],
  "http://trawler.dev/schema/core/0.1#type" : [ {
    "@value" : "VARCHAR"
  } ]
}, {
  "@id" : "urn:tr:field:postgresql/localhost/postgres/public/djstripe_card/dynamic_last4",
  "http://schema.org/name" : [ {
    "@value" : "dynamic_last4"
  } ],
  "http://trawler.dev/schema/core/0.1#isNullable" : [ {
    "@value" : false
  } ],
  "http://trawler.dev/schema/core/0.1#relations" : [ ],
  "http://trawler.dev/schema/core/0.1#type" : [ {
    "@value" : "VARCHAR"
  } ]
}, {
  "@id" : "urn:tr:field:postgresql/localhost/postgres/public/djstripe_card/exp_month",
  "http://schema.org/name" : [ {
    "@value" : "exp_month"
  } ],
  "http://trawler.dev/schema/core/0.1#isNullable" : [ {
    "@value" : false
  } ],
  "http://trawler.dev/schema/core/0.1#relations" : [ ],
  "http://trawler.dev/schema/core/0.1#type" : [ {
    "@value" : "INTEGER"
  } ]
}, {
  "@id" : "urn:tr:field:postgresql/localhost/postgres/public/djstripe_card/exp_year",
  "http://schema.org/name" : [ {
    "@value" : "exp_year"
  } ],
  "http://trawler.dev/schema/core/0.1#isNullable" : [ {
    "@value" : false
  } ],
  "http://trawler.dev/schema/core/0.1#relations" : [ ],
  "http://trawler.dev/schema/core/0.1#type" : [ {
    "@value" : "INTEGER"
  } ]
}, {
  "@id" : "urn:tr:field:postgresql/localhost/postgres/public/djstripe_card/fingerprint",
  "http://schema.org/name" : [ {
    "@value" : "fingerprint"
  } ],
  "http://trawler.dev/schema/core/0.1#isNullable" : [ {
    "@value" : false
  } ],
  "http://trawler.dev/schema/core/0.1#relations" : [ ],
  "http://trawler.dev/schema/core/0.1#type" : [ {
    "@value" : "VARCHAR"
  } ]
}, {
  "@id" : "urn:tr:field:postgresql/localhost/postgres/public/djstripe_card/funding",
  "http://schema.org/name" : [ {
    "@value" : "funding"
  } ],
  "http://trawler.dev/schema/core/0.1#isNullable" : [ {
    "@value" : false
  } ],
  "http://trawler.dev/schema/core/0.1#relations" : [ ],
  "http://trawler.dev/schema/core/0.1#type" : [ {
    "@value" : "VARCHAR"
  } ]
}, {
  "@id" : "urn:tr:field:postgresql/localhost/postgres/public/djstripe_card/last4",
  "http://schema.org/name" : [ {
    "@value" : "last4"
  } ],
  "http://trawler.dev/schema/core/0.1#isNullable" : [ {
    "@value" : false
  } ],
  "http://trawler.dev/schema/core/0.1#relations" : [ ],
  "http://trawler.dev/schema/core/0.1#type" : [ {
    "@value" : "VARCHAR"
  } ]
}, {
  "@id" : "urn:tr:field:postgresql/localhost/postgres/public/djstripe_card/name",
  "http://schema.org/name" : [ {
    "@value" : "name"
  } ],
  "http://trawler.dev/schema/core/0.1#isNullable" : [ {
    "@value" : false
  } ],
  "http://trawler.dev/schema/core/0.1#relations" : [ ],
  "http://trawler.dev/schema/core/0.1#type" : [ {
    "@value" : "TEXT"
  } ]
}, {
  "@id" : "urn:tr:field:postgresql/localhost/postgres/public/djstripe_card/tokenization_method",
  "http://schema.org/name" : [ {
    "@value" : "tokenization_method"
  } ],
  "http://trawler.dev/schema/core/0.1#isNullable" : [ {
    "@value" : false
  } ],
  "http://trawler.dev/schema/core/0.1#relations" : [ ],
  "http://trawler.dev/schema/core/0.1#type" : [ {
    "@value" : "VARCHAR"
  } ]
}, {
  "@id" : "urn:tr:field:postgresql/localhost/postgres/public/djstripe_card/customer_id",
  "http://schema.org/name" : [ {
    "@value" : "customer_id"
  } ],
  "http://trawler.dev/schema/core/0.1#isNullable" : [ {
    "@value" : true
  } ],
  "http://trawler.dev/schema/core/0.1#relations" : [ {
    "@value" : "urn:tr:constraint:postgresql/localhost/postgres/public/djstripe_card/djstripe_card_customer_id_9601f29c_fk_djstripe_customer_id"
  } ],
  "http://trawler.dev/schema/core/0.1#type" : [ {
    "@value" : "VARCHAR"
  } ]
}, {
  "@id" : "urn:tr:field:postgresql/localhost/postgres/public/djstripe_card/djstripe_owner_account_id",
  "http://schema.org/name" : [ {
    "@value" : "djstripe_owner_account_id"
  } ],
  "http://trawler.dev/schema/core/0.1#isNullable" : [ {
    "@value" : true
  } ],
  "http://trawler.dev/schema/core/0.1#relations" : [ {
    "@value" : "urn:tr:constraint:postgresql/localhost/postgres/public/djstripe_card/djstripe_card_djstripe_owner_accou_1a2f42f2_fk_djstripe_"
  } ],
  "http://trawler.dev/schema/core/0.1#type" : [ {
    "@value" : "VARCHAR"
  } ]
}, {
  "@id" : "urn:tr:constraint:postgresql/localhost/postgres/public/djstripe_card/djstripe_card_customer_id_9601f29c_fk_djstripe_customer_id",
  "@type" : [ "tr:Constraint" ],
  "tr:hasFields" : [ {
    "@id" : "urn:tr:column:postgresql/localhost/postgres/public/djstripe_customer/id"
  } ]
}, {
  "@id" : "urn:tr:constraint:postgresql/localhost/postgres/public/djstripe_card/djstripe_card_djstripe_owner_accou_1a2f42f2_fk_djstripe_",
  "@type" : [ "tr:Constraint" ],
  "tr:hasFields" : [ {
    "@id" : "urn:tr:column:postgresql/localhost/postgres/public/djstripe_account/id"
  } ]
}, {
  "@id" : "urn:tr:table:postgresql/localhost/postgres/public/djstripe_applicationfee",
  "@type" : [ "http://trawler.dev/schema/core/0.1#Table" ],
  "http://schema.org/name" : [ {
    "@value" : "djstripe_applicationfee"
  } ],
  "http://trawler.dev/schema/core/0.1#hasFields" : [ {
    "@id" : "urn:tr:field:postgresql/localhost/postgres/public/djstripe_applicationfee/djstripe_id"
  }, {
    "@id" : "urn:tr:field:postgresql/localhost/postgres/public/djstripe_applicationfee/id"
  }, {
    "@id" : "urn:tr:field:postgresql/localhost/postgres/public/djstripe_applicationfee/livemode"
  }, {
    "@id" : "urn:tr:field:postgresql/localhost/postgres/public/djstripe_applicationfee/created"
  }, {
    "@id" : "urn:tr:field:postgresql/localhost/postgres/public/djstripe_applicationfee/metadata"
  }, {
    "@id" : "urn:tr:field:postgresql/localhost/postgres/public/djstripe_applicationfee/description"
  }, {
    "@id" : "urn:tr:field:postgresql/localhost/postgres/public/djstripe_applicationfee/djstripe_created"
  }, {
    "@id" : "urn:tr:field:postgresql/localhost/postgres/public/djstripe_applicationfee/djstripe_updated"
  }, {
    "@id" : "urn:tr:field:postgresql/localhost/postgres/public/djstripe_applicationfee/amount"
  }, {
    "@id" : "urn:tr:field:postgresql/localhost/postgres/public/djstripe_applicationfee/amount_refunded"
  }, {
    "@id" : "urn:tr:field:postgresql/localhost/postgres/public/djstripe_applicationfee/currency"
  }, {
    "@id" : "urn:tr:field:postgresql/localhost/postgres/public/djstripe_applicationfee/refunded"
  }, {
    "@id" : "urn:tr:field:postgresql/localhost/postgres/public/djstripe_applicationfee/balance_transaction_id"
  }, {
    "@id" : "urn:tr:field:postgresql/localhost/postgres/public/djstripe_applicationfee/charge_id"
  }, {
    "@id" : "urn:tr:field:postgresql/localhost/postgres/public/djstripe_applicationfee/djstripe_owner_account_id"
  } ]
}, {
  "@id" : "urn:tr:field:postgresql/localhost/postgres/public/djstripe_applicationfee/djstripe_id",
  "http://schema.org/name" : [ {
    "@value" : "djstripe_id"
  } ],
  "http://trawler.dev/schema/core/0.1#isNullable" : [ {
    "@value" : false
  } ],
  "http://trawler.dev/schema/core/0.1#relations" : [ ],
  "http://trawler.dev/schema/core/0.1#type" : [ {
    "@value" : "BIGINT"
  } ]
}, {
  "@id" : "urn:tr:field:postgresql/localhost/postgres/public/djstripe_applicationfee/id",
  "http://schema.org/name" : [ {
    "@value" : "id"
  } ],
  "http://trawler.dev/schema/core/0.1#isNullable" : [ {
    "@value" : false
  } ],
  "http://trawler.dev/schema/core/0.1#relations" : [ ],
  "http://trawler.dev/schema/core/0.1#type" : [ {
    "@value" : "VARCHAR"
  } ]
}, {
  "@id" : "urn:tr:field:postgresql/localhost/postgres/public/djstripe_applicationfee/livemode",
  "http://schema.org/name" : [ {
    "@value" : "livemode"
  } ],
  "http://trawler.dev/schema/core/0.1#isNullable" : [ {
    "@value" : true
  } ],
  "http://trawler.dev/schema/core/0.1#relations" : [ ],
  "http://trawler.dev/schema/core/0.1#type" : [ {
    "@value" : "BOOLEAN"
  } ]
}, {
  "@id" : "urn:tr:field:postgresql/localhost/postgres/public/djstripe_applicationfee/created",
  "http://schema.org/name" : [ {
    "@value" : "created"
  } ],
  "http://trawler.dev/schema/core/0.1#isNullable" : [ {
    "@value" : true
  } ],
  "http://trawler.dev/schema/core/0.1#relations" : [ ],
  "http://trawler.dev/schema/core/0.1#type" : [ {
    "@value" : "TIMESTAMP"
  } ]
}, {
  "@id" : "urn:tr:field:postgresql/localhost/postgres/public/djstripe_applicationfee/metadata",
  "http://schema.org/name" : [ {
    "@value" : "metadata"
  } ],
  "http://trawler.dev/schema/core/0.1#isNullable" : [ {
    "@value" : true
  } ],
  "http://trawler.dev/schema/core/0.1#relations" : [ ],
  "http://trawler.dev/schema/core/0.1#type" : [ {
    "@value" : "JSONB"
  } ]
}, {
  "@id" : "urn:tr:field:postgresql/localhost/postgres/public/djstripe_applicationfee/description",
  "http://schema.org/name" : [ {
    "@value" : "description"
  } ],
  "http://trawler.dev/schema/core/0.1#isNullable" : [ {
    "@value" : true
  } ],
  "http://trawler.dev/schema/core/0.1#relations" : [ ],
  "http://trawler.dev/schema/core/0.1#type" : [ {
    "@value" : "TEXT"
  } ]
}, {
  "@id" : "urn:tr:field:postgresql/localhost/postgres/public/djstripe_applicationfee/djstripe_created",
  "http://schema.org/name" : [ {
    "@value" : "djstripe_created"
  } ],
  "http://trawler.dev/schema/core/0.1#isNullable" : [ {
    "@value" : false
  } ],
  "http://trawler.dev/schema/core/0.1#relations" : [ ],
  "http://trawler.dev/schema/core/0.1#type" : [ {
    "@value" : "TIMESTAMP"
  } ]
}, {
  "@id" : "urn:tr:field:postgresql/localhost/postgres/public/djstripe_applicationfee/djstripe_updated",
  "http://schema.org/name" : [ {
    "@value" : "djstripe_updated"
  } ],
  "http://trawler.dev/schema/core/0.1#isNullable" : [ {
    "@value" : false
  } ],
  "http://trawler.dev/schema/core/0.1#relations" : [ ],
  "http://trawler.dev/schema/core/0.1#type" : [ {
    "@value" : "TIMESTAMP"
  } ]
}, {
  "@id" : "urn:tr:field:postgresql/localhost/postgres/public/djstripe_applicationfee/amount",
  "http://schema.org/name" : [ {
    "@value" : "amount"
  } ],
  "http://trawler.dev/schema/core/0.1#isNullable" : [ {
    "@value" : false
  } ],
  "http://trawler.dev/schema/core/0.1#relations" : [ ],
  "http://trawler.dev/schema/core/0.1#type" : [ {
    "@value" : "BIGINT"
  } ]
}, {
  "@id" : "urn:tr:field:postgresql/localhost/postgres/public/djstripe_applicationfee/amount_refunded",
  "http://schema.org/name" : [ {
    "@value" : "amount_refunded"
  } ],
  "http://trawler.dev/schema/core/0.1#isNullable" : [ {
    "@value" : false
  } ],
  "http://trawler.dev/schema/core/0.1#relations" : [ ],
  "http://trawler.dev/schema/core/0.1#type" : [ {
    "@value" : "BIGINT"
  } ]
}, {
  "@id" : "urn:tr:field:postgresql/localhost/postgres/public/djstripe_applicationfee/currency",
  "http://schema.org/name" : [ {
    "@value" : "currency"
  } ],
  "http://trawler.dev/schema/core/0.1#isNullable" : [ {
    "@value" : false
  } ],
  "http://trawler.dev/schema/core/0.1#relations" : [ ],
  "http://trawler.dev/schema/core/0.1#type" : [ {
    "@value" : "VARCHAR"
  } ]
}, {
  "@id" : "urn:tr:field:postgresql/localhost/postgres/public/djstripe_applicationfee/refunded",
  "http://schema.org/name" : [ {
    "@value" : "refunded"
  } ],
  "http://trawler.dev/schema/core/0.1#isNullable" : [ {
    "@value" : false
  } ],
  "http://trawler.dev/schema/core/0.1#relations" : [ ],
  "http://trawler.dev/schema/core/0.1#type" : [ {
    "@value" : "BOOLEAN"
  } ]
}, {
  "@id" : "urn:tr:field:postgresql/localhost/postgres/public/djstripe_applicationfee/balance_transaction_id",
  "http://schema.org/name" : [ {
    "@value" : "balance_transaction_id"
  } ],
  "http://trawler.dev/schema/core/0.1#isNullable" : [ {
    "@value" : false
  } ],
  "http://trawler.dev/schema/core/0.1#relations" : [ {
    "@value" : "urn:tr:constraint:postgresql/localhost/postgres/public/djstripe_applicationfee/djstripe_application_balance_transaction__ff735754_fk_djstripe_"
  } ],
  "http://trawler.dev/schema/core/0.1#type" : [ {
    "@value" : "VARCHAR"
  } ]
}, {
  "@id" : "urn:tr:field:postgresql/localhost/postgres/public/djstripe_applicationfee/charge_id",
  "http://schema.org/name" : [ {
    "@value" : "charge_id"
  } ],
  "http://trawler.dev/schema/core/0.1#isNullable" : [ {
    "@value" : false
  } ],
  "http://trawler.dev/schema/core/0.1#relations" : [ {
    "@value" : "urn:tr:constraint:postgresql/localhost/postgres/public/djstripe_applicationfee/djstripe_application_charge_id_8ba8ce37_fk_djstripe_"
  } ],
  "http://trawler.dev/schema/core/0.1#type" : [ {
    "@value" : "VARCHAR"
  } ]
}, {
  "@id" : "urn:tr:field:postgresql/localhost/postgres/public/djstripe_applicationfee/djstripe_owner_account_id",
  "http://schema.org/name" : [ {
    "@value" : "djstripe_owner_account_id"
  } ],
  "http://trawler.dev/schema/core/0.1#isNullable" : [ {
    "@value" : true
  } ],
  "http://trawler.dev/schema/core/0.1#relations" : [ {
    "@value" : "urn:tr:constraint:postgresql/localhost/postgres/public/djstripe_applicationfee/djstripe_application_djstripe_owner_accou_07bb6a78_fk_djstripe_"
  } ],
  "http://trawler.dev/schema/core/0.1#type" : [ {
    "@value" : "VARCHAR"
  } ]
}, {
  "@id" : "urn:tr:constraint:postgresql/localhost/postgres/public/djstripe_applicationfee/djstripe_application_balance_transaction__ff735754_fk_djstripe_",
  "@type" : [ "tr:Constraint" ],
  "tr:hasFields" : [ {
    "@id" : "urn:tr:column:postgresql/localhost/postgres/public/djstripe_balancetransaction/id"
  } ]
}, {
  "@id" : "urn:tr:constraint:postgresql/localhost/postgres/public/djstripe_applicationfee/djstripe_application_charge_id_8ba8ce37_fk_djstripe_",
  "@type" : [ "tr:Constraint" ],
  "tr:hasFields" : [ {
    "@id" : "urn:tr:column:postgresql/localhost/postgres/public/djstripe_charge/id"
  } ]
}, {
  "@id" : "urn:tr:constraint:postgresql/localhost/postgres/public/djstripe_applicationfee/djstripe_application_djstripe_owner_accou_07bb6a78_fk_djstripe_",
  "@type" : [ "tr:Constraint" ],
  "tr:hasFields" : [ {
    "@id" : "urn:tr:column:postgresql/localhost/postgres/public/djstripe_account/id"
  } ]
}, {
  "@id" : "urn:tr:table:postgresql/localhost/postgres/public/djstripe_applicationfeerefund",
  "@type" : [ "http://trawler.dev/schema/core/0.1#Table" ],
  "http://schema.org/name" : [ {
    "@value" : "djstripe_applicationfeerefund"
  } ],
  "http://trawler.dev/schema/core/0.1#hasFields" : [ {
    "@id" : "urn:tr:field:postgresql/localhost/postgres/public/djstripe_applicationfeerefund/djstripe_id"
  }, {
    "@id" : "urn:tr:field:postgresql/localhost/postgres/public/djstripe_applicationfeerefund/id"
  }, {
    "@id" : "urn:tr:field:postgresql/localhost/postgres/public/djstripe_applicationfeerefund/livemode"
  }, {
    "@id" : "urn:tr:field:postgresql/localhost/postgres/public/djstripe_applicationfeerefund/created"
  }, {
    "@id" : "urn:tr:field:postgresql/localhost/postgres/public/djstripe_applicationfeerefund/metadata"
  }, {
    "@id" : "urn:tr:field:postgresql/localhost/postgres/public/djstripe_applicationfeerefund/djstripe_created"
  }, {
    "@id" : "urn:tr:field:postgresql/localhost/postgres/public/djstripe_applicationfeerefund/djstripe_updated"
  }, {
    "@id" : "urn:tr:field:postgresql/localhost/postgres/public/djstripe_applicationfeerefund/amount"
  }, {
    "@id" : "urn:tr:field:postgresql/localhost/postgres/public/djstripe_applicationfeerefund/currency"
  }, {
    "@id" : "urn:tr:field:postgresql/localhost/postgres/public/djstripe_applicationfeerefund/balance_transaction_id"
  }, {
    "@id" : "urn:tr:field:postgresql/localhost/postgres/public/djstripe_applicationfeerefund/fee_id"
  }, {
    "@id" : "urn:tr:field:postgresql/localhost/postgres/public/djstripe_applicationfeerefund/djstripe_owner_account_id"
  } ]
}, {
  "@id" : "urn:tr:field:postgresql/localhost/postgres/public/djstripe_applicationfeerefund/djstripe_id",
  "http://schema.org/name" : [ {
    "@value" : "djstripe_id"
  } ],
  "http://trawler.dev/schema/core/0.1#isNullable" : [ {
    "@value" : false
  } ],
  "http://trawler.dev/schema/core/0.1#relations" : [ ],
  "http://trawler.dev/schema/core/0.1#type" : [ {
    "@value" : "BIGINT"
  } ]
}, {
  "@id" : "urn:tr:field:postgresql/localhost/postgres/public/djstripe_applicationfeerefund/id",
  "http://schema.org/name" : [ {
    "@value" : "id"
  } ],
  "http://trawler.dev/schema/core/0.1#isNullable" : [ {
    "@value" : false
  } ],
  "http://trawler.dev/schema/core/0.1#relations" : [ ],
  "http://trawler.dev/schema/core/0.1#type" : [ {
    "@value" : "VARCHAR"
  } ]
}, {
  "@id" : "urn:tr:field:postgresql/localhost/postgres/public/djstripe_applicationfeerefund/livemode",
  "http://schema.org/name" : [ {
    "@value" : "livemode"
  } ],
  "http://trawler.dev/schema/core/0.1#isNullable" : [ {
    "@value" : true
  } ],
  "http://trawler.dev/schema/core/0.1#relations" : [ ],
  "http://trawler.dev/schema/core/0.1#type" : [ {
    "@value" : "BOOLEAN"
  } ]
}, {
  "@id" : "urn:tr:field:postgresql/localhost/postgres/public/djstripe_applicationfeerefund/created",
  "http://schema.org/name" : [ {
    "@value" : "created"
  } ],
  "http://trawler.dev/schema/core/0.1#isNullable" : [ {
    "@value" : true
  } ],
  "http://trawler.dev/schema/core/0.1#relations" : [ ],
  "http://trawler.dev/schema/core/0.1#type" : [ {
    "@value" : "TIMESTAMP"
  } ]
}, {
  "@id" : "urn:tr:field:postgresql/localhost/postgres/public/djstripe_applicationfeerefund/metadata",
  "http://schema.org/name" : [ {
    "@value" : "metadata"
  } ],
  "http://trawler.dev/schema/core/0.1#isNullable" : [ {
    "@value" : true
  } ],
  "http://trawler.dev/schema/core/0.1#relations" : [ ],
  "http://trawler.dev/schema/core/0.1#type" : [ {
    "@value" : "JSONB"
  } ]
}, {
  "@id" : "urn:tr:field:postgresql/localhost/postgres/public/djstripe_applicationfeerefund/djstripe_created",
  "http://schema.org/name" : [ {
    "@value" : "djstripe_created"
  } ],
  "http://trawler.dev/schema/core/0.1#isNullable" : [ {
    "@value" : false
  } ],
  "http://trawler.dev/schema/core/0.1#relations" : [ ],
  "http://trawler.dev/schema/core/0.1#type" : [ {
    "@value" : "TIMESTAMP"
  } ]
}, {
  "@id" : "urn:tr:field:postgresql/localhost/postgres/public/djstripe_applicationfeerefund/djstripe_updated",
  "http://schema.org/name" : [ {
    "@value" : "djstripe_updated"
  } ],
  "http://trawler.dev/schema/core/0.1#isNullable" : [ {
    "@value" : false
  } ],
  "http://trawler.dev/schema/core/0.1#relations" : [ ],
  "http://trawler.dev/schema/core/0.1#type" : [ {
    "@value" : "TIMESTAMP"
  } ]
}, {
  "@id" : "urn:tr:field:postgresql/localhost/postgres/public/djstripe_applicationfeerefund/amount",
  "http://schema.org/name" : [ {
    "@value" : "amount"
  } ],
  "http://trawler.dev/schema/core/0.1#isNullable" : [ {
    "@value" : false
  } ],
  "http://trawler.dev/schema/core/0.1#relations" : [ ],
  "http://trawler.dev/schema/core/0.1#type" : [ {
    "@value" : "BIGINT"
  } ]
}, {
  "@id" : "urn:tr:field:postgresql/localhost/postgres/public/djstripe_applicationfeerefund/currency",
  "http://schema.org/name" : [ {
    "@value" : "currency"
  } ],
  "http://trawler.dev/schema/core/0.1#isNullable" : [ {
    "@value" : false
  } ],
  "http://trawler.dev/schema/core/0.1#relations" : [ ],
  "http://trawler.dev/schema/core/0.1#type" : [ {
    "@value" : "VARCHAR"
  } ]
}, {
  "@id" : "urn:tr:field:postgresql/localhost/postgres/public/djstripe_applicationfeerefund/balance_transaction_id",
  "http://schema.org/name" : [ {
    "@value" : "balance_transaction_id"
  } ],
  "http://trawler.dev/schema/core/0.1#isNullable" : [ {
    "@value" : false
  } ],
  "http://trawler.dev/schema/core/0.1#relations" : [ {
    "@value" : "urn:tr:constraint:postgresql/localhost/postgres/public/djstripe_applicationfeerefund/djstripe_application_balance_transaction__bc35b031_fk_djstripe_"
  } ],
  "http://trawler.dev/schema/core/0.1#type" : [ {
    "@value" : "VARCHAR"
  } ]
}, {
  "@id" : "urn:tr:field:postgresql/localhost/postgres/public/djstripe_applicationfeerefund/fee_id",
  "http://schema.org/name" : [ {
    "@value" : "fee_id"
  } ],
  "http://trawler.dev/schema/core/0.1#isNullable" : [ {
    "@value" : false
  } ],
  "http://trawler.dev/schema/core/0.1#relations" : [ {
    "@value" : "urn:tr:constraint:postgresql/localhost/postgres/public/djstripe_applicationfeerefund/djstripe_application_fee_id_8fabef2d_fk_djstripe_"
  } ],
  "http://trawler.dev/schema/core/0.1#type" : [ {
    "@value" : "VARCHAR"
  } ]
}, {
  "@id" : "urn:tr:field:postgresql/localhost/postgres/public/djstripe_applicationfeerefund/djstripe_owner_account_id",
  "http://schema.org/name" : [ {
    "@value" : "djstripe_owner_account_id"
  } ],
  "http://trawler.dev/schema/core/0.1#isNullable" : [ {
    "@value" : true
  } ],
  "http://trawler.dev/schema/core/0.1#relations" : [ {
    "@value" : "urn:tr:constraint:postgresql/localhost/postgres/public/djstripe_applicationfeerefund/djstripe_application_djstripe_owner_accou_7418f0b2_fk_djstripe_"
  } ],
  "http://trawler.dev/schema/core/0.1#type" : [ {
    "@value" : "VARCHAR"
  } ]
}, {
  "@id" : "urn:tr:constraint:postgresql/localhost/postgres/public/djstripe_applicationfeerefund/djstripe_application_balance_transaction__bc35b031_fk_djstripe_",
  "@type" : [ "tr:Constraint" ],
  "tr:hasFields" : [ {
    "@id" : "urn:tr:column:postgresql/localhost/postgres/public/djstripe_balancetransaction/id"
  } ]
}, {
  "@id" : "urn:tr:constraint:postgresql/localhost/postgres/public/djstripe_applicationfeerefund/djstripe_application_djstripe_owner_accou_7418f0b2_fk_djstripe_",
  "@type" : [ "tr:Constraint" ],
  "tr:hasFields" : [ {
    "@id" : "urn:tr:column:postgresql/localhost/postgres/public/djstripe_account/id"
  } ]
}, {
  "@id" : "urn:tr:constraint:postgresql/localhost/postgres/public/djstripe_applicationfeerefund/djstripe_application_fee_id_8fabef2d_fk_djstripe_",
  "@type" : [ "tr:Constraint" ],
  "tr:hasFields" : [ {
    "@id" : "urn:tr:column:postgresql/localhost/postgres/public/djstripe_applicationfee/id"
  } ]
}, {
  "@id" : "urn:tr:table:postgresql/localhost/postgres/public/djstripe_scheduledqueryrun",
  "@type" : [ "http://trawler.dev/schema/core/0.1#Table" ],
  "http://schema.org/name" : [ {
    "@value" : "djstripe_scheduledqueryrun"
  } ],
  "http://trawler.dev/schema/core/0.1#hasFields" : [ {
    "@id" : "urn:tr:field:postgresql/localhost/postgres/public/djstripe_scheduledqueryrun/djstripe_id"
  }, {
    "@id" : "urn:tr:field:postgresql/localhost/postgres/public/djstripe_scheduledqueryrun/id"
  }, {
    "@id" : "urn:tr:field:postgresql/localhost/postgres/public/djstripe_scheduledqueryrun/livemode"
  }, {
    "@id" : "urn:tr:field:postgresql/localhost/postgres/public/djstripe_scheduledqueryrun/created"
  }, {
    "@id" : "urn:tr:field:postgresql/localhost/postgres/public/djstripe_scheduledqueryrun/metadata"
  }, {
    "@id" : "urn:tr:field:postgresql/localhost/postgres/public/djstripe_scheduledqueryrun/description"
  }, {
    "@id" : "urn:tr:field:postgresql/localhost/postgres/public/djstripe_scheduledqueryrun/djstripe_created"
  }, {
    "@id" : "urn:tr:field:postgresql/localhost/postgres/public/djstripe_scheduledqueryrun/djstripe_updated"
  }, {
    "@id" : "urn:tr:field:postgresql/localhost/postgres/public/djstripe_scheduledqueryrun/data_load_time"
  }, {
    "@id" : "urn:tr:field:postgresql/localhost/postgres/public/djstripe_scheduledqueryrun/error"
  }, {
    "@id" : "urn:tr:field:postgresql/localhost/postgres/public/djstripe_scheduledqueryrun/result_available_until"
  }, {
    "@id" : "urn:tr:field:postgresql/localhost/postgres/public/djstripe_scheduledqueryrun/sql"
  }, {
    "@id" : "urn:tr:field:postgresql/localhost/postgres/public/djstripe_scheduledqueryrun/status"
  }, {
    "@id" : "urn:tr:field:postgresql/localhost/postgres/public/djstripe_scheduledqueryrun/title"
  }, {
    "@id" : "urn:tr:field:postgresql/localhost/postgres/public/djstripe_scheduledqueryrun/file_id"
  }, {
    "@id" : "urn:tr:field:postgresql/localhost/postgres/public/djstripe_scheduledqueryrun/djstripe_owner_account_id"
  } ]
}, {
  "@id" : "urn:tr:field:postgresql/localhost/postgres/public/djstripe_scheduledqueryrun/djstripe_id",
  "http://schema.org/name" : [ {
    "@value" : "djstripe_id"
  } ],
  "http://trawler.dev/schema/core/0.1#isNullable" : [ {
    "@value" : false
  } ],
  "http://trawler.dev/schema/core/0.1#relations" : [ ],
  "http://trawler.dev/schema/core/0.1#type" : [ {
    "@value" : "BIGINT"
  } ]
}, {
  "@id" : "urn:tr:field:postgresql/localhost/postgres/public/djstripe_scheduledqueryrun/id",
  "http://schema.org/name" : [ {
    "@value" : "id"
  } ],
  "http://trawler.dev/schema/core/0.1#isNullable" : [ {
    "@value" : false
  } ],
  "http://trawler.dev/schema/core/0.1#relations" : [ ],
  "http://trawler.dev/schema/core/0.1#type" : [ {
    "@value" : "VARCHAR"
  } ]
}, {
  "@id" : "urn:tr:field:postgresql/localhost/postgres/public/djstripe_scheduledqueryrun/livemode",
  "http://schema.org/name" : [ {
    "@value" : "livemode"
  } ],
  "http://trawler.dev/schema/core/0.1#isNullable" : [ {
    "@value" : true
  } ],
  "http://trawler.dev/schema/core/0.1#relations" : [ ],
  "http://trawler.dev/schema/core/0.1#type" : [ {
    "@value" : "BOOLEAN"
  } ]
}, {
  "@id" : "urn:tr:field:postgresql/localhost/postgres/public/djstripe_scheduledqueryrun/created",
  "http://schema.org/name" : [ {
    "@value" : "created"
  } ],
  "http://trawler.dev/schema/core/0.1#isNullable" : [ {
    "@value" : true
  } ],
  "http://trawler.dev/schema/core/0.1#relations" : [ ],
  "http://trawler.dev/schema/core/0.1#type" : [ {
    "@value" : "TIMESTAMP"
  } ]
}, {
  "@id" : "urn:tr:field:postgresql/localhost/postgres/public/djstripe_scheduledqueryrun/metadata",
  "http://schema.org/name" : [ {
    "@value" : "metadata"
  } ],
  "http://trawler.dev/schema/core/0.1#isNullable" : [ {
    "@value" : true
  } ],
  "http://trawler.dev/schema/core/0.1#relations" : [ ],
  "http://trawler.dev/schema/core/0.1#type" : [ {
    "@value" : "JSONB"
  } ]
}, {
  "@id" : "urn:tr:field:postgresql/localhost/postgres/public/djstripe_scheduledqueryrun/description",
  "http://schema.org/name" : [ {
    "@value" : "description"
  } ],
  "http://trawler.dev/schema/core/0.1#isNullable" : [ {
    "@value" : true
  } ],
  "http://trawler.dev/schema/core/0.1#relations" : [ ],
  "http://trawler.dev/schema/core/0.1#type" : [ {
    "@value" : "TEXT"
  } ]
}, {
  "@id" : "urn:tr:field:postgresql/localhost/postgres/public/djstripe_scheduledqueryrun/djstripe_created",
  "http://schema.org/name" : [ {
    "@value" : "djstripe_created"
  } ],
  "http://trawler.dev/schema/core/0.1#isNullable" : [ {
    "@value" : false
  } ],
  "http://trawler.dev/schema/core/0.1#relations" : [ ],
  "http://trawler.dev/schema/core/0.1#type" : [ {
    "@value" : "TIMESTAMP"
  } ]
}, {
  "@id" : "urn:tr:field:postgresql/localhost/postgres/public/djstripe_scheduledqueryrun/djstripe_updated",
  "http://schema.org/name" : [ {
    "@value" : "djstripe_updated"
  } ],
  "http://trawler.dev/schema/core/0.1#isNullable" : [ {
    "@value" : false
  } ],
  "http://trawler.dev/schema/core/0.1#relations" : [ ],
  "http://trawler.dev/schema/core/0.1#type" : [ {
    "@value" : "TIMESTAMP"
  } ]
}, {
  "@id" : "urn:tr:field:postgresql/localhost/postgres/public/djstripe_scheduledqueryrun/data_load_time",
  "http://schema.org/name" : [ {
    "@value" : "data_load_time"
  } ],
  "http://trawler.dev/schema/core/0.1#isNullable" : [ {
    "@value" : false
  } ],
  "http://trawler.dev/schema/core/0.1#relations" : [ ],
  "http://trawler.dev/schema/core/0.1#type" : [ {
    "@value" : "TIMESTAMP"
  } ]
}, {
  "@id" : "urn:tr:field:postgresql/localhost/postgres/public/djstripe_scheduledqueryrun/error",
  "http://schema.org/name" : [ {
    "@value" : "error"
  } ],
  "http://trawler.dev/schema/core/0.1#isNullable" : [ {
    "@value" : true
  } ],
  "http://trawler.dev/schema/core/0.1#relations" : [ ],
  "http://trawler.dev/schema/core/0.1#type" : [ {
    "@value" : "JSONB"
  } ]
}, {
  "@id" : "urn:tr:field:postgresql/localhost/postgres/public/djstripe_scheduledqueryrun/result_available_until",
  "http://schema.org/name" : [ {
    "@value" : "result_available_until"
  } ],
  "http://trawler.dev/schema/core/0.1#isNullable" : [ {
    "@value" : false
  } ],
  "http://trawler.dev/schema/core/0.1#relations" : [ ],
  "http://trawler.dev/schema/core/0.1#type" : [ {
    "@value" : "TIMESTAMP"
  } ]
}, {
  "@id" : "urn:tr:field:postgresql/localhost/postgres/public/djstripe_scheduledqueryrun/sql",
  "http://schema.org/name" : [ {
    "@value" : "sql"
  } ],
  "http://trawler.dev/schema/core/0.1#isNullable" : [ {
    "@value" : false
  } ],
  "http://trawler.dev/schema/core/0.1#relations" : [ ],
  "http://trawler.dev/schema/core/0.1#type" : [ {
    "@value" : "TEXT"
  } ]
}, {
  "@id" : "urn:tr:field:postgresql/localhost/postgres/public/djstripe_scheduledqueryrun/status",
  "http://schema.org/name" : [ {
    "@value" : "status"
  } ],
  "http://trawler.dev/schema/core/0.1#isNullable" : [ {
    "@value" : false
  } ],
  "http://trawler.dev/schema/core/0.1#relations" : [ ],
  "http://trawler.dev/schema/core/0.1#type" : [ {
    "@value" : "VARCHAR"
  } ]
}, {
  "@id" : "urn:tr:field:postgresql/localhost/postgres/public/djstripe_scheduledqueryrun/title",
  "http://schema.org/name" : [ {
    "@value" : "title"
  } ],
  "http://trawler.dev/schema/core/0.1#isNullable" : [ {
    "@value" : false
  } ],
  "http://trawler.dev/schema/core/0.1#relations" : [ ],
  "http://trawler.dev/schema/core/0.1#type" : [ {
    "@value" : "TEXT"
  } ]
}, {
  "@id" : "urn:tr:field:postgresql/localhost/postgres/public/djstripe_scheduledqueryrun/file_id",
  "http://schema.org/name" : [ {
    "@value" : "file_id"
  } ],
  "http://trawler.dev/schema/core/0.1#isNullable" : [ {
    "@value" : true
  } ],
  "http://trawler.dev/schema/core/0.1#relations" : [ {
    "@value" : "urn:tr:constraint:postgresql/localhost/postgres/public/djstripe_scheduledqueryrun/djstripe_scheduledqu_file_id_707bbc03_fk_djstripe_"
  } ],
  "http://trawler.dev/schema/core/0.1#type" : [ {
    "@value" : "VARCHAR"
  } ]
}, {
  "@id" : "urn:tr:field:postgresql/localhost/postgres/public/djstripe_scheduledqueryrun/djstripe_owner_account_id",
  "http://schema.org/name" : [ {
    "@value" : "djstripe_owner_account_id"
  } ],
  "http://trawler.dev/schema/core/0.1#isNullable" : [ {
    "@value" : true
  } ],
  "http://trawler.dev/schema/core/0.1#relations" : [ {
    "@value" : "urn:tr:constraint:postgresql/localhost/postgres/public/djstripe_scheduledqueryrun/djstripe_scheduledqu_djstripe_owner_accou_b5cc7091_fk_djstripe_"
  } ],
  "http://trawler.dev/schema/core/0.1#type" : [ {
    "@value" : "VARCHAR"
  } ]
}, {
  "@id" : "urn:tr:constraint:postgresql/localhost/postgres/public/djstripe_scheduledqueryrun/djstripe_scheduledqu_djstripe_owner_accou_b5cc7091_fk_djstripe_",
  "@type" : [ "tr:Constraint" ],
  "tr:hasFields" : [ {
    "@id" : "urn:tr:column:postgresql/localhost/postgres/public/djstripe_account/id"
  } ]
}, {
  "@id" : "urn:tr:constraint:postgresql/localhost/postgres/public/djstripe_scheduledqueryrun/djstripe_scheduledqu_file_id_707bbc03_fk_djstripe_",
  "@type" : [ "tr:Constraint" ],
  "tr:hasFields" : [ {
    "@id" : "urn:tr:column:postgresql/localhost/postgres/public/djstripe_fileupload/id"
  } ]
}, {
  "@id" : "urn:tr:table:postgresql/localhost/postgres/public/djstripe_session",
  "@type" : [ "http://trawler.dev/schema/core/0.1#Table" ],
  "http://schema.org/name" : [ {
    "@value" : "djstripe_session"
  } ],
  "http://trawler.dev/schema/core/0.1#hasFields" : [ {
    "@id" : "urn:tr:field:postgresql/localhost/postgres/public/djstripe_session/djstripe_id"
  }, {
    "@id" : "urn:tr:field:postgresql/localhost/postgres/public/djstripe_session/id"
  }, {
    "@id" : "urn:tr:field:postgresql/localhost/postgres/public/djstripe_session/livemode"
  }, {
    "@id" : "urn:tr:field:postgresql/localhost/postgres/public/djstripe_session/created"
  }, {
    "@id" : "urn:tr:field:postgresql/localhost/postgres/public/djstripe_session/metadata"
  }, {
    "@id" : "urn:tr:field:postgresql/localhost/postgres/public/djstripe_session/description"
  }, {
    "@id" : "urn:tr:field:postgresql/localhost/postgres/public/djstripe_session/djstripe_created"
  }, {
    "@id" : "urn:tr:field:postgresql/localhost/postgres/public/djstripe_session/djstripe_updated"
  }, {
    "@id" : "urn:tr:field:postgresql/localhost/postgres/public/djstripe_session/billing_address_collection"
  }, {
    "@id" : "urn:tr:field:postgresql/localhost/postgres/public/djstripe_session/cancel_url"
  }, {
    "@id" : "urn:tr:field:postgresql/localhost/postgres/public/djstripe_session/client_reference_id"
  }, {
    "@id" : "urn:tr:field:postgresql/localhost/postgres/public/djstripe_session/customer_email"
  }, {
    "@id" : "urn:tr:field:postgresql/localhost/postgres/public/djstripe_session/display_items"
  }, {
    "@id" : "urn:tr:field:postgresql/localhost/postgres/public/djstripe_session/locale"
  }, {
    "@id" : "urn:tr:field:postgresql/localhost/postgres/public/djstripe_session/payment_method_types"
  }, {
    "@id" : "urn:tr:field:postgresql/localhost/postgres/public/djstripe_session/submit_type"
  }, {
    "@id" : "urn:tr:field:postgresql/localhost/postgres/public/djstripe_session/success_url"
  }, {
    "@id" : "urn:tr:field:postgresql/localhost/postgres/public/djstripe_session/customer_id"
  }, {
    "@id" : "urn:tr:field:postgresql/localhost/postgres/public/djstripe_session/payment_intent_id"
  }, {
    "@id" : "urn:tr:field:postgresql/localhost/postgres/public/djstripe_session/subscription_id"
  }, {
    "@id" : "urn:tr:field:postgresql/localhost/postgres/public/djstripe_session/mode"
  }, {
    "@id" : "urn:tr:field:postgresql/localhost/postgres/public/djstripe_session/djstripe_owner_account_id"
  } ]
}, {
  "@id" : "urn:tr:field:postgresql/localhost/postgres/public/djstripe_session/djstripe_id",
  "http://schema.org/name" : [ {
    "@value" : "djstripe_id"
  } ],
  "http://trawler.dev/schema/core/0.1#isNullable" : [ {
    "@value" : false
  } ],
  "http://trawler.dev/schema/core/0.1#relations" : [ ],
  "http://trawler.dev/schema/core/0.1#type" : [ {
    "@value" : "BIGINT"
  } ]
}, {
  "@id" : "urn:tr:field:postgresql/localhost/postgres/public/djstripe_session/id",
  "http://schema.org/name" : [ {
    "@value" : "id"
  } ],
  "http://trawler.dev/schema/core/0.1#isNullable" : [ {
    "@value" : false
  } ],
  "http://trawler.dev/schema/core/0.1#relations" : [ ],
  "http://trawler.dev/schema/core/0.1#type" : [ {
    "@value" : "VARCHAR"
  } ]
}, {
  "@id" : "urn:tr:field:postgresql/localhost/postgres/public/djstripe_session/livemode",
  "http://schema.org/name" : [ {
    "@value" : "livemode"
  } ],
  "http://trawler.dev/schema/core/0.1#isNullable" : [ {
    "@value" : true
  } ],
  "http://trawler.dev/schema/core/0.1#relations" : [ ],
  "http://trawler.dev/schema/core/0.1#type" : [ {
    "@value" : "BOOLEAN"
  } ]
}, {
  "@id" : "urn:tr:field:postgresql/localhost/postgres/public/djstripe_session/created",
  "http://schema.org/name" : [ {
    "@value" : "created"
  } ],
  "http://trawler.dev/schema/core/0.1#isNullable" : [ {
    "@value" : true
  } ],
  "http://trawler.dev/schema/core/0.1#relations" : [ ],
  "http://trawler.dev/schema/core/0.1#type" : [ {
    "@value" : "TIMESTAMP"
  } ]
}, {
  "@id" : "urn:tr:field:postgresql/localhost/postgres/public/djstripe_session/metadata",
  "http://schema.org/name" : [ {
    "@value" : "metadata"
  } ],
  "http://trawler.dev/schema/core/0.1#isNullable" : [ {
    "@value" : true
  } ],
  "http://trawler.dev/schema/core/0.1#relations" : [ ],
  "http://trawler.dev/schema/core/0.1#type" : [ {
    "@value" : "JSONB"
  } ]
}, {
  "@id" : "urn:tr:field:postgresql/localhost/postgres/public/djstripe_session/description",
  "http://schema.org/name" : [ {
    "@value" : "description"
  } ],
  "http://trawler.dev/schema/core/0.1#isNullable" : [ {
    "@value" : true
  } ],
  "http://trawler.dev/schema/core/0.1#relations" : [ ],
  "http://trawler.dev/schema/core/0.1#type" : [ {
    "@value" : "TEXT"
  } ]
}, {
  "@id" : "urn:tr:field:postgresql/localhost/postgres/public/djstripe_session/djstripe_created",
  "http://schema.org/name" : [ {
    "@value" : "djstripe_created"
  } ],
  "http://trawler.dev/schema/core/0.1#isNullable" : [ {
    "@value" : false
  } ],
  "http://trawler.dev/schema/core/0.1#relations" : [ ],
  "http://trawler.dev/schema/core/0.1#type" : [ {
    "@value" : "TIMESTAMP"
  } ]
}, {
  "@id" : "urn:tr:field:postgresql/localhost/postgres/public/djstripe_session/djstripe_updated",
  "http://schema.org/name" : [ {
    "@value" : "djstripe_updated"
  } ],
  "http://trawler.dev/schema/core/0.1#isNullable" : [ {
    "@value" : false
  } ],
  "http://trawler.dev/schema/core/0.1#relations" : [ ],
  "http://trawler.dev/schema/core/0.1#type" : [ {
    "@value" : "TIMESTAMP"
  } ]
}, {
  "@id" : "urn:tr:field:postgresql/localhost/postgres/public/djstripe_session/billing_address_collection",
  "http://schema.org/name" : [ {
    "@value" : "billing_address_collection"
  } ],
  "http://trawler.dev/schema/core/0.1#isNullable" : [ {
    "@value" : false
  } ],
  "http://trawler.dev/schema/core/0.1#relations" : [ ],
  "http://trawler.dev/schema/core/0.1#type" : [ {
    "@value" : "VARCHAR"
  } ]
}, {
  "@id" : "urn:tr:field:postgresql/localhost/postgres/public/djstripe_session/cancel_url",
  "http://schema.org/name" : [ {
    "@value" : "cancel_url"
  } ],
  "http://trawler.dev/schema/core/0.1#isNullable" : [ {
    "@value" : false
  } ],
  "http://trawler.dev/schema/core/0.1#relations" : [ ],
  "http://trawler.dev/schema/core/0.1#type" : [ {
    "@value" : "TEXT"
  } ]
}, {
  "@id" : "urn:tr:field:postgresql/localhost/postgres/public/djstripe_session/client_reference_id",
  "http://schema.org/name" : [ {
    "@value" : "client_reference_id"
  } ],
  "http://trawler.dev/schema/core/0.1#isNullable" : [ {
    "@value" : false
  } ],
  "http://trawler.dev/schema/core/0.1#relations" : [ ],
  "http://trawler.dev/schema/core/0.1#type" : [ {
    "@value" : "TEXT"
  } ]
}, {
  "@id" : "urn:tr:field:postgresql/localhost/postgres/public/djstripe_session/customer_email",
  "http://schema.org/name" : [ {
    "@value" : "customer_email"
  } ],
  "http://trawler.dev/schema/core/0.1#isNullable" : [ {
    "@value" : false
  } ],
  "http://trawler.dev/schema/core/0.1#relations" : [ ],
  "http://trawler.dev/schema/core/0.1#type" : [ {
    "@value" : "VARCHAR"
  } ]
}, {
  "@id" : "urn:tr:field:postgresql/localhost/postgres/public/djstripe_session/display_items",
  "http://schema.org/name" : [ {
    "@value" : "display_items"
  } ],
  "http://trawler.dev/schema/core/0.1#isNullable" : [ {
    "@value" : true
  } ],
  "http://trawler.dev/schema/core/0.1#relations" : [ ],
  "http://trawler.dev/schema/core/0.1#type" : [ {
    "@value" : "JSONB"
  } ]
}, {
  "@id" : "urn:tr:field:postgresql/localhost/postgres/public/djstripe_session/locale",
  "http://schema.org/name" : [ {
    "@value" : "locale"
  } ],
  "http://trawler.dev/schema/core/0.1#isNullable" : [ {
    "@value" : false
  } ],
  "http://trawler.dev/schema/core/0.1#relations" : [ ],
  "http://trawler.dev/schema/core/0.1#type" : [ {
    "@value" : "VARCHAR"
  } ]
}, {
  "@id" : "urn:tr:field:postgresql/localhost/postgres/public/djstripe_session/payment_method_types",
  "http://schema.org/name" : [ {
    "@value" : "payment_method_types"
  } ],
  "http://trawler.dev/schema/core/0.1#isNullable" : [ {
    "@value" : false
  } ],
  "http://trawler.dev/schema/core/0.1#relations" : [ ],
  "http://trawler.dev/schema/core/0.1#type" : [ {
    "@value" : "JSONB"
  } ]
}, {
  "@id" : "urn:tr:field:postgresql/localhost/postgres/public/djstripe_session/submit_type",
  "http://schema.org/name" : [ {
    "@value" : "submit_type"
  } ],
  "http://trawler.dev/schema/core/0.1#isNullable" : [ {
    "@value" : false
  } ],
  "http://trawler.dev/schema/core/0.1#relations" : [ ],
  "http://trawler.dev/schema/core/0.1#type" : [ {
    "@value" : "VARCHAR"
  } ]
}, {
  "@id" : "urn:tr:field:postgresql/localhost/postgres/public/djstripe_session/success_url",
  "http://schema.org/name" : [ {
    "@value" : "success_url"
  } ],
  "http://trawler.dev/schema/core/0.1#isNullable" : [ {
    "@value" : false
  } ],
  "http://trawler.dev/schema/core/0.1#relations" : [ ],
  "http://trawler.dev/schema/core/0.1#type" : [ {
    "@value" : "TEXT"
  } ]
}, {
  "@id" : "urn:tr:field:postgresql/localhost/postgres/public/djstripe_session/customer_id",
  "http://schema.org/name" : [ {
    "@value" : "customer_id"
  } ],
  "http://trawler.dev/schema/core/0.1#isNullable" : [ {
    "@value" : true
  } ],
  "http://trawler.dev/schema/core/0.1#relations" : [ {
    "@value" : "urn:tr:constraint:postgresql/localhost/postgres/public/djstripe_session/djstripe_session_customer_id_b4510dc3_fk_djstripe_customer_id"
  } ],
  "http://trawler.dev/schema/core/0.1#type" : [ {
    "@value" : "VARCHAR"
  } ]
}, {
  "@id" : "urn:tr:field:postgresql/localhost/postgres/public/djstripe_session/payment_intent_id",
  "http://schema.org/name" : [ {
    "@value" : "payment_intent_id"
  } ],
  "http://trawler.dev/schema/core/0.1#isNullable" : [ {
    "@value" : true
  } ],
  "http://trawler.dev/schema/core/0.1#relations" : [ {
    "@value" : "urn:tr:constraint:postgresql/localhost/postgres/public/djstripe_session/djstripe_session_payment_intent_id_cae83ebf_fk_djstripe_"
  } ],
  "http://trawler.dev/schema/core/0.1#type" : [ {
    "@value" : "VARCHAR"
  } ]
}, {
  "@id" : "urn:tr:field:postgresql/localhost/postgres/public/djstripe_session/subscription_id",
  "http://schema.org/name" : [ {
    "@value" : "subscription_id"
  } ],
  "http://trawler.dev/schema/core/0.1#isNullable" : [ {
    "@value" : true
  } ],
  "http://trawler.dev/schema/core/0.1#relations" : [ {
    "@value" : "urn:tr:constraint:postgresql/localhost/postgres/public/djstripe_session/djstripe_session_subscription_id_29499760_fk_djstripe_"
  } ],
  "http://trawler.dev/schema/core/0.1#type" : [ {
    "@value" : "VARCHAR"
  } ]
}, {
  "@id" : "urn:tr:field:postgresql/localhost/postgres/public/djstripe_session/mode",
  "http://schema.org/name" : [ {
    "@value" : "mode"
  } ],
  "http://trawler.dev/schema/core/0.1#isNullable" : [ {
    "@value" : false
  } ],
  "http://trawler.dev/schema/core/0.1#relations" : [ ],
  "http://trawler.dev/schema/core/0.1#type" : [ {
    "@value" : "VARCHAR"
  } ]
}, {
  "@id" : "urn:tr:field:postgresql/localhost/postgres/public/djstripe_session/djstripe_owner_account_id",
  "http://schema.org/name" : [ {
    "@value" : "djstripe_owner_account_id"
  } ],
  "http://trawler.dev/schema/core/0.1#isNullable" : [ {
    "@value" : true
  } ],
  "http://trawler.dev/schema/core/0.1#relations" : [ {
    "@value" : "urn:tr:constraint:postgresql/localhost/postgres/public/djstripe_session/djstripe_session_djstripe_owner_accou_8bbc07af_fk_djstripe_"
  } ],
  "http://trawler.dev/schema/core/0.1#type" : [ {
    "@value" : "VARCHAR"
  } ]
}, {
  "@id" : "urn:tr:constraint:postgresql/localhost/postgres/public/djstripe_session/djstripe_session_customer_id_b4510dc3_fk_djstripe_customer_id",
  "@type" : [ "tr:Constraint" ],
  "tr:hasFields" : [ {
    "@id" : "urn:tr:column:postgresql/localhost/postgres/public/djstripe_customer/id"
  } ]
}, {
  "@id" : "urn:tr:constraint:postgresql/localhost/postgres/public/djstripe_session/djstripe_session_djstripe_owner_accou_8bbc07af_fk_djstripe_",
  "@type" : [ "tr:Constraint" ],
  "tr:hasFields" : [ {
    "@id" : "urn:tr:column:postgresql/localhost/postgres/public/djstripe_account/id"
  } ]
}, {
  "@id" : "urn:tr:constraint:postgresql/localhost/postgres/public/djstripe_session/djstripe_session_payment_intent_id_cae83ebf_fk_djstripe_",
  "@type" : [ "tr:Constraint" ],
  "tr:hasFields" : [ {
    "@id" : "urn:tr:column:postgresql/localhost/postgres/public/djstripe_paymentintent/id"
  } ]
}, {
  "@id" : "urn:tr:constraint:postgresql/localhost/postgres/public/djstripe_session/djstripe_session_subscription_id_29499760_fk_djstripe_",
  "@type" : [ "tr:Constraint" ],
  "tr:hasFields" : [ {
    "@id" : "urn:tr:column:postgresql/localhost/postgres/public/djstripe_subscription/id"
  } ]
}, {
  "@id" : "urn:tr:table:postgresql/localhost/postgres/public/djstripe_upcominginvoice",
  "@type" : [ "http://trawler.dev/schema/core/0.1#Table" ],
  "http://schema.org/name" : [ {
    "@value" : "djstripe_upcominginvoice"
  } ],
  "http://trawler.dev/schema/core/0.1#hasFields" : [ {
    "@id" : "urn:tr:field:postgresql/localhost/postgres/public/djstripe_upcominginvoice/djstripe_id"
  }, {
    "@id" : "urn:tr:field:postgresql/localhost/postgres/public/djstripe_upcominginvoice/livemode"
  }, {
    "@id" : "urn:tr:field:postgresql/localhost/postgres/public/djstripe_upcominginvoice/created"
  }, {
    "@id" : "urn:tr:field:postgresql/localhost/postgres/public/djstripe_upcominginvoice/metadata"
  }, {
    "@id" : "urn:tr:field:postgresql/localhost/postgres/public/djstripe_upcominginvoice/description"
  }, {
    "@id" : "urn:tr:field:postgresql/localhost/postgres/public/djstripe_upcominginvoice/djstripe_created"
  }, {
    "@id" : "urn:tr:field:postgresql/localhost/postgres/public/djstripe_upcominginvoice/djstripe_updated"
  }, {
    "@id" : "urn:tr:field:postgresql/localhost/postgres/public/djstripe_upcominginvoice/account_country"
  }, {
    "@id" : "urn:tr:field:postgresql/localhost/postgres/public/djstripe_upcominginvoice/account_name"
  }, {
    "@id" : "urn:tr:field:postgresql/localhost/postgres/public/djstripe_upcominginvoice/amount_due"
  }, {
    "@id" : "urn:tr:field:postgresql/localhost/postgres/public/djstripe_upcominginvoice/amount_paid"
  }, {
    "@id" : "urn:tr:field:postgresql/localhost/postgres/public/djstripe_upcominginvoice/amount_remaining"
  }, {
    "@id" : "urn:tr:field:postgresql/localhost/postgres/public/djstripe_upcominginvoice/application_fee_amount"
  }, {
    "@id" : "urn:tr:field:postgresql/localhost/postgres/public/djstripe_upcominginvoice/attempt_count"
  }, {
    "@id" : "urn:tr:field:postgresql/localhost/postgres/public/djstripe_upcominginvoice/attempted"
  }, {
    "@id" : "urn:tr:field:postgresql/localhost/postgres/public/djstripe_upcominginvoice/auto_advance"
  }, {
    "@id" : "urn:tr:field:postgresql/localhost/postgres/public/djstripe_upcominginvoice/billing_reason"
  }, {
    "@id" : "urn:tr:field:postgresql/localhost/postgres/public/djstripe_upcominginvoice/collection_method"
  }, {
    "@id" : "urn:tr:field:postgresql/localhost/postgres/public/djstripe_upcominginvoice/currency"
  }, {
    "@id" : "urn:tr:field:postgresql/localhost/postgres/public/djstripe_upcominginvoice/customer_address"
  }, {
    "@id" : "urn:tr:field:postgresql/localhost/postgres/public/djstripe_upcominginvoice/customer_email"
  }, {
    "@id" : "urn:tr:field:postgresql/localhost/postgres/public/djstripe_upcominginvoice/customer_name"
  }, {
    "@id" : "urn:tr:field:postgresql/localhost/postgres/public/djstripe_upcominginvoice/customer_phone"
  }, {
    "@id" : "urn:tr:field:postgresql/localhost/postgres/public/djstripe_upcominginvoice/customer_shipping"
  }, {
    "@id" : "urn:tr:field:postgresql/localhost/postgres/public/djstripe_upcominginvoice/customer_tax_exempt"
  }, {
    "@id" : "urn:tr:field:postgresql/localhost/postgres/public/djstripe_upcominginvoice/due_date"
  }, {
    "@id" : "urn:tr:field:postgresql/localhost/postgres/public/djstripe_upcominginvoice/ending_balance"
  }, {
    "@id" : "urn:tr:field:postgresql/localhost/postgres/public/djstripe_upcominginvoice/footer"
  }, {
    "@id" : "urn:tr:field:postgresql/localhost/postgres/public/djstripe_upcominginvoice/hosted_invoice_url"
  }, {
    "@id" : "urn:tr:field:postgresql/localhost/postgres/public/djstripe_upcominginvoice/invoice_pdf"
  }, {
    "@id" : "urn:tr:field:postgresql/localhost/postgres/public/djstripe_upcominginvoice/next_payment_attempt"
  }, {
    "@id" : "urn:tr:field:postgresql/localhost/postgres/public/djstripe_upcominginvoice/number"
  }, {
    "@id" : "urn:tr:field:postgresql/localhost/postgres/public/djstripe_upcominginvoice/paid"
  }, {
    "@id" : "urn:tr:field:postgresql/localhost/postgres/public/djstripe_upcominginvoice/period_end"
  }, {
    "@id" : "urn:tr:field:postgresql/localhost/postgres/public/djstripe_upcominginvoice/period_start"
  }, {
    "@id" : "urn:tr:field:postgresql/localhost/postgres/public/djstripe_upcominginvoice/post_payment_credit_notes_amount"
  }, {
    "@id" : "urn:tr:field:postgresql/localhost/postgres/public/djstripe_upcominginvoice/pre_payment_credit_notes_amount"
  }, {
    "@id" : "urn:tr:field:postgresql/localhost/postgres/public/djstripe_upcominginvoice/receipt_number"
  }, {
    "@id" : "urn:tr:field:postgresql/localhost/postgres/public/djstripe_upcominginvoice/starting_balance"
  }, {
    "@id" : "urn:tr:field:postgresql/localhost/postgres/public/djstripe_upcominginvoice/statement_descriptor"
  }, {
    "@id" : "urn:tr:field:postgresql/localhost/postgres/public/djstripe_upcominginvoice/status_transitions"
  }, {
    "@id" : "urn:tr:field:postgresql/localhost/postgres/public/djstripe_upcominginvoice/subscription_proration_date"
  }, {
    "@id" : "urn:tr:field:postgresql/localhost/postgres/public/djstripe_upcominginvoice/subtotal"
  }, {
    "@id" : "urn:tr:field:postgresql/localhost/postgres/public/djstripe_upcominginvoice/tax"
  }, {
    "@id" : "urn:tr:field:postgresql/localhost/postgres/public/djstripe_upcominginvoice/tax_percent"
  }, {
    "@id" : "urn:tr:field:postgresql/localhost/postgres/public/djstripe_upcominginvoice/threshold_reason"
  }, {
    "@id" : "urn:tr:field:postgresql/localhost/postgres/public/djstripe_upcominginvoice/total"
  }, {
    "@id" : "urn:tr:field:postgresql/localhost/postgres/public/djstripe_upcominginvoice/webhooks_delivered_at"
  }, {
    "@id" : "urn:tr:field:postgresql/localhost/postgres/public/djstripe_upcominginvoice/charge_id"
  }, {
    "@id" : "urn:tr:field:postgresql/localhost/postgres/public/djstripe_upcominginvoice/customer_id"
  }, {
    "@id" : "urn:tr:field:postgresql/localhost/postgres/public/djstripe_upcominginvoice/default_payment_method_id"
  }, {
    "@id" : "urn:tr:field:postgresql/localhost/postgres/public/djstripe_upcominginvoice/payment_intent_id"
  }, {
    "@id" : "urn:tr:field:postgresql/localhost/postgres/public/djstripe_upcominginvoice/subscription_id"
  }, {
    "@id" : "urn:tr:field:postgresql/localhost/postgres/public/djstripe_upcominginvoice/status"
  }, {
    "@id" : "urn:tr:field:postgresql/localhost/postgres/public/djstripe_upcominginvoice/default_source_id"
  }, {
    "@id" : "urn:tr:field:postgresql/localhost/postgres/public/djstripe_upcominginvoice/discount"
  }, {
    "@id" : "urn:tr:field:postgresql/localhost/postgres/public/djstripe_upcominginvoice/djstripe_owner_account_id"
  } ]
}, {
  "@id" : "urn:tr:field:postgresql/localhost/postgres/public/djstripe_upcominginvoice/djstripe_id",
  "http://schema.org/name" : [ {
    "@value" : "djstripe_id"
  } ],
  "http://trawler.dev/schema/core/0.1#isNullable" : [ {
    "@value" : false
  } ],
  "http://trawler.dev/schema/core/0.1#relations" : [ ],
  "http://trawler.dev/schema/core/0.1#type" : [ {
    "@value" : "BIGINT"
  } ]
}, {
  "@id" : "urn:tr:field:postgresql/localhost/postgres/public/djstripe_upcominginvoice/livemode",
  "http://schema.org/name" : [ {
    "@value" : "livemode"
  } ],
  "http://trawler.dev/schema/core/0.1#isNullable" : [ {
    "@value" : true
  } ],
  "http://trawler.dev/schema/core/0.1#relations" : [ ],
  "http://trawler.dev/schema/core/0.1#type" : [ {
    "@value" : "BOOLEAN"
  } ]
}, {
  "@id" : "urn:tr:field:postgresql/localhost/postgres/public/djstripe_upcominginvoice/created",
  "http://schema.org/name" : [ {
    "@value" : "created"
  } ],
  "http://trawler.dev/schema/core/0.1#isNullable" : [ {
    "@value" : true
  } ],
  "http://trawler.dev/schema/core/0.1#relations" : [ ],
  "http://trawler.dev/schema/core/0.1#type" : [ {
    "@value" : "TIMESTAMP"
  } ]
}, {
  "@id" : "urn:tr:field:postgresql/localhost/postgres/public/djstripe_upcominginvoice/metadata",
  "http://schema.org/name" : [ {
    "@value" : "metadata"
  } ],
  "http://trawler.dev/schema/core/0.1#isNullable" : [ {
    "@value" : true
  } ],
  "http://trawler.dev/schema/core/0.1#relations" : [ ],
  "http://trawler.dev/schema/core/0.1#type" : [ {
    "@value" : "JSONB"
  } ]
}, {
  "@id" : "urn:tr:field:postgresql/localhost/postgres/public/djstripe_upcominginvoice/description",
  "http://schema.org/name" : [ {
    "@value" : "description"
  } ],
  "http://trawler.dev/schema/core/0.1#isNullable" : [ {
    "@value" : true
  } ],
  "http://trawler.dev/schema/core/0.1#relations" : [ ],
  "http://trawler.dev/schema/core/0.1#type" : [ {
    "@value" : "TEXT"
  } ]
}, {
  "@id" : "urn:tr:field:postgresql/localhost/postgres/public/djstripe_upcominginvoice/djstripe_created",
  "http://schema.org/name" : [ {
    "@value" : "djstripe_created"
  } ],
  "http://trawler.dev/schema/core/0.1#isNullable" : [ {
    "@value" : false
  } ],
  "http://trawler.dev/schema/core/0.1#relations" : [ ],
  "http://trawler.dev/schema/core/0.1#type" : [ {
    "@value" : "TIMESTAMP"
  } ]
}, {
  "@id" : "urn:tr:field:postgresql/localhost/postgres/public/djstripe_upcominginvoice/djstripe_updated",
  "http://schema.org/name" : [ {
    "@value" : "djstripe_updated"
  } ],
  "http://trawler.dev/schema/core/0.1#isNullable" : [ {
    "@value" : false
  } ],
  "http://trawler.dev/schema/core/0.1#relations" : [ ],
  "http://trawler.dev/schema/core/0.1#type" : [ {
    "@value" : "TIMESTAMP"
  } ]
}, {
  "@id" : "urn:tr:field:postgresql/localhost/postgres/public/djstripe_upcominginvoice/account_country",
  "http://schema.org/name" : [ {
    "@value" : "account_country"
  } ],
  "http://trawler.dev/schema/core/0.1#isNullable" : [ {
    "@value" : false
  } ],
  "http://trawler.dev/schema/core/0.1#relations" : [ ],
  "http://trawler.dev/schema/core/0.1#type" : [ {
    "@value" : "VARCHAR"
  } ]
}, {
  "@id" : "urn:tr:field:postgresql/localhost/postgres/public/djstripe_upcominginvoice/account_name",
  "http://schema.org/name" : [ {
    "@value" : "account_name"
  } ],
  "http://trawler.dev/schema/core/0.1#isNullable" : [ {
    "@value" : false
  } ],
  "http://trawler.dev/schema/core/0.1#relations" : [ ],
  "http://trawler.dev/schema/core/0.1#type" : [ {
    "@value" : "TEXT"
  } ]
}, {
  "@id" : "urn:tr:field:postgresql/localhost/postgres/public/djstripe_upcominginvoice/amount_due",
  "http://schema.org/name" : [ {
    "@value" : "amount_due"
  } ],
  "http://trawler.dev/schema/core/0.1#isNullable" : [ {
    "@value" : false
  } ],
  "http://trawler.dev/schema/core/0.1#relations" : [ ],
  "http://trawler.dev/schema/core/0.1#type" : [ {
    "@value" : "NUMERIC"
  } ]
}, {
  "@id" : "urn:tr:field:postgresql/localhost/postgres/public/djstripe_upcominginvoice/amount_paid",
  "http://schema.org/name" : [ {
    "@value" : "amount_paid"
  } ],
  "http://trawler.dev/schema/core/0.1#isNullable" : [ {
    "@value" : true
  } ],
  "http://trawler.dev/schema/core/0.1#relations" : [ ],
  "http://trawler.dev/schema/core/0.1#type" : [ {
    "@value" : "NUMERIC"
  } ]
}, {
  "@id" : "urn:tr:field:postgresql/localhost/postgres/public/djstripe_upcominginvoice/amount_remaining",
  "http://schema.org/name" : [ {
    "@value" : "amount_remaining"
  } ],
  "http://trawler.dev/schema/core/0.1#isNullable" : [ {
    "@value" : true
  } ],
  "http://trawler.dev/schema/core/0.1#relations" : [ ],
  "http://trawler.dev/schema/core/0.1#type" : [ {
    "@value" : "NUMERIC"
  } ]
}, {
  "@id" : "urn:tr:field:postgresql/localhost/postgres/public/djstripe_upcominginvoice/application_fee_amount",
  "http://schema.org/name" : [ {
    "@value" : "application_fee_amount"
  } ],
  "http://trawler.dev/schema/core/0.1#isNullable" : [ {
    "@value" : true
  } ],
  "http://trawler.dev/schema/core/0.1#relations" : [ ],
  "http://trawler.dev/schema/core/0.1#type" : [ {
    "@value" : "NUMERIC"
  } ]
}, {
  "@id" : "urn:tr:field:postgresql/localhost/postgres/public/djstripe_upcominginvoice/attempt_count",
  "http://schema.org/name" : [ {
    "@value" : "attempt_count"
  } ],
  "http://trawler.dev/schema/core/0.1#isNullable" : [ {
    "@value" : false
  } ],
  "http://trawler.dev/schema/core/0.1#relations" : [ ],
  "http://trawler.dev/schema/core/0.1#type" : [ {
    "@value" : "INTEGER"
  } ]
}, {
  "@id" : "urn:tr:field:postgresql/localhost/postgres/public/djstripe_upcominginvoice/attempted",
  "http://schema.org/name" : [ {
    "@value" : "attempted"
  } ],
  "http://trawler.dev/schema/core/0.1#isNullable" : [ {
    "@value" : false
  } ],
  "http://trawler.dev/schema/core/0.1#relations" : [ ],
  "http://trawler.dev/schema/core/0.1#type" : [ {
    "@value" : "BOOLEAN"
  } ]
}, {
  "@id" : "urn:tr:field:postgresql/localhost/postgres/public/djstripe_upcominginvoice/auto_advance",
  "http://schema.org/name" : [ {
    "@value" : "auto_advance"
  } ],
  "http://trawler.dev/schema/core/0.1#isNullable" : [ {
    "@value" : true
  } ],
  "http://trawler.dev/schema/core/0.1#relations" : [ ],
  "http://trawler.dev/schema/core/0.1#type" : [ {
    "@value" : "BOOLEAN"
  } ]
}, {
  "@id" : "urn:tr:field:postgresql/localhost/postgres/public/djstripe_upcominginvoice/billing_reason",
  "http://schema.org/name" : [ {
    "@value" : "billing_reason"
  } ],
  "http://trawler.dev/schema/core/0.1#isNullable" : [ {
    "@value" : false
  } ],
  "http://trawler.dev/schema/core/0.1#relations" : [ ],
  "http://trawler.dev/schema/core/0.1#type" : [ {
    "@value" : "VARCHAR"
  } ]
}, {
  "@id" : "urn:tr:field:postgresql/localhost/postgres/public/djstripe_upcominginvoice/collection_method",
  "http://schema.org/name" : [ {
    "@value" : "collection_method"
  } ],
  "http://trawler.dev/schema/core/0.1#isNullable" : [ {
    "@value" : true
  } ],
  "http://trawler.dev/schema/core/0.1#relations" : [ ],
  "http://trawler.dev/schema/core/0.1#type" : [ {
    "@value" : "VARCHAR"
  } ]
}, {
  "@id" : "urn:tr:field:postgresql/localhost/postgres/public/djstripe_upcominginvoice/currency",
  "http://schema.org/name" : [ {
    "@value" : "currency"
  } ],
  "http://trawler.dev/schema/core/0.1#isNullable" : [ {
    "@value" : false
  } ],
  "http://trawler.dev/schema/core/0.1#relations" : [ ],
  "http://trawler.dev/schema/core/0.1#type" : [ {
    "@value" : "VARCHAR"
  } ]
}, {
  "@id" : "urn:tr:field:postgresql/localhost/postgres/public/djstripe_upcominginvoice/customer_address",
  "http://schema.org/name" : [ {
    "@value" : "customer_address"
  } ],
  "http://trawler.dev/schema/core/0.1#isNullable" : [ {
    "@value" : true
  } ],
  "http://trawler.dev/schema/core/0.1#relations" : [ ],
  "http://trawler.dev/schema/core/0.1#type" : [ {
    "@value" : "JSONB"
  } ]
}, {
  "@id" : "urn:tr:field:postgresql/localhost/postgres/public/djstripe_upcominginvoice/customer_email",
  "http://schema.org/name" : [ {
    "@value" : "customer_email"
  } ],
  "http://trawler.dev/schema/core/0.1#isNullable" : [ {
    "@value" : false
  } ],
  "http://trawler.dev/schema/core/0.1#relations" : [ ],
  "http://trawler.dev/schema/core/0.1#type" : [ {
    "@value" : "TEXT"
  } ]
}, {
  "@id" : "urn:tr:field:postgresql/localhost/postgres/public/djstripe_upcominginvoice/customer_name",
  "http://schema.org/name" : [ {
    "@value" : "customer_name"
  } ],
  "http://trawler.dev/schema/core/0.1#isNullable" : [ {
    "@value" : false
  } ],
  "http://trawler.dev/schema/core/0.1#relations" : [ ],
  "http://trawler.dev/schema/core/0.1#type" : [ {
    "@value" : "TEXT"
  } ]
}, {
  "@id" : "urn:tr:field:postgresql/localhost/postgres/public/djstripe_upcominginvoice/customer_phone",
  "http://schema.org/name" : [ {
    "@value" : "customer_phone"
  } ],
  "http://trawler.dev/schema/core/0.1#isNullable" : [ {
    "@value" : false
  } ],
  "http://trawler.dev/schema/core/0.1#relations" : [ ],
  "http://trawler.dev/schema/core/0.1#type" : [ {
    "@value" : "TEXT"
  } ]
}, {
  "@id" : "urn:tr:field:postgresql/localhost/postgres/public/djstripe_upcominginvoice/customer_shipping",
  "http://schema.org/name" : [ {
    "@value" : "customer_shipping"
  } ],
  "http://trawler.dev/schema/core/0.1#isNullable" : [ {
    "@value" : true
  } ],
  "http://trawler.dev/schema/core/0.1#relations" : [ ],
  "http://trawler.dev/schema/core/0.1#type" : [ {
    "@value" : "JSONB"
  } ]
}, {
  "@id" : "urn:tr:field:postgresql/localhost/postgres/public/djstripe_upcominginvoice/customer_tax_exempt",
  "http://schema.org/name" : [ {
    "@value" : "customer_tax_exempt"
  } ],
  "http://trawler.dev/schema/core/0.1#isNullable" : [ {
    "@value" : false
  } ],
  "http://trawler.dev/schema/core/0.1#relations" : [ ],
  "http://trawler.dev/schema/core/0.1#type" : [ {
    "@value" : "VARCHAR"
  } ]
}, {
  "@id" : "urn:tr:field:postgresql/localhost/postgres/public/djstripe_upcominginvoice/due_date",
  "http://schema.org/name" : [ {
    "@value" : "due_date"
  } ],
  "http://trawler.dev/schema/core/0.1#isNullable" : [ {
    "@value" : true
  } ],
  "http://trawler.dev/schema/core/0.1#relations" : [ ],
  "http://trawler.dev/schema/core/0.1#type" : [ {
    "@value" : "TIMESTAMP"
  } ]
}, {
  "@id" : "urn:tr:field:postgresql/localhost/postgres/public/djstripe_upcominginvoice/ending_balance",
  "http://schema.org/name" : [ {
    "@value" : "ending_balance"
  } ],
  "http://trawler.dev/schema/core/0.1#isNullable" : [ {
    "@value" : true
  } ],
  "http://trawler.dev/schema/core/0.1#relations" : [ ],
  "http://trawler.dev/schema/core/0.1#type" : [ {
    "@value" : "BIGINT"
  } ]
}, {
  "@id" : "urn:tr:field:postgresql/localhost/postgres/public/djstripe_upcominginvoice/footer",
  "http://schema.org/name" : [ {
    "@value" : "footer"
  } ],
  "http://trawler.dev/schema/core/0.1#isNullable" : [ {
    "@value" : false
  } ],
  "http://trawler.dev/schema/core/0.1#relations" : [ ],
  "http://trawler.dev/schema/core/0.1#type" : [ {
    "@value" : "TEXT"
  } ]
}, {
  "@id" : "urn:tr:field:postgresql/localhost/postgres/public/djstripe_upcominginvoice/hosted_invoice_url",
  "http://schema.org/name" : [ {
    "@value" : "hosted_invoice_url"
  } ],
  "http://trawler.dev/schema/core/0.1#isNullable" : [ {
    "@value" : false
  } ],
  "http://trawler.dev/schema/core/0.1#relations" : [ ],
  "http://trawler.dev/schema/core/0.1#type" : [ {
    "@value" : "TEXT"
  } ]
}, {
  "@id" : "urn:tr:field:postgresql/localhost/postgres/public/djstripe_upcominginvoice/invoice_pdf",
  "http://schema.org/name" : [ {
    "@value" : "invoice_pdf"
  } ],
  "http://trawler.dev/schema/core/0.1#isNullable" : [ {
    "@value" : false
  } ],
  "http://trawler.dev/schema/core/0.1#relations" : [ ],
  "http://trawler.dev/schema/core/0.1#type" : [ {
    "@value" : "TEXT"
  } ]
}, {
  "@id" : "urn:tr:field:postgresql/localhost/postgres/public/djstripe_upcominginvoice/next_payment_attempt",
  "http://schema.org/name" : [ {
    "@value" : "next_payment_attempt"
  } ],
  "http://trawler.dev/schema/core/0.1#isNullable" : [ {
    "@value" : true
  } ],
  "http://trawler.dev/schema/core/0.1#relations" : [ ],
  "http://trawler.dev/schema/core/0.1#type" : [ {
    "@value" : "TIMESTAMP"
  } ]
}, {
  "@id" : "urn:tr:field:postgresql/localhost/postgres/public/djstripe_upcominginvoice/number",
  "http://schema.org/name" : [ {
    "@value" : "number"
  } ],
  "http://trawler.dev/schema/core/0.1#isNullable" : [ {
    "@value" : false
  } ],
  "http://trawler.dev/schema/core/0.1#relations" : [ ],
  "http://trawler.dev/schema/core/0.1#type" : [ {
    "@value" : "VARCHAR"
  } ]
}, {
  "@id" : "urn:tr:field:postgresql/localhost/postgres/public/djstripe_upcominginvoice/paid",
  "http://schema.org/name" : [ {
    "@value" : "paid"
  } ],
  "http://trawler.dev/schema/core/0.1#isNullable" : [ {
    "@value" : false
  } ],
  "http://trawler.dev/schema/core/0.1#relations" : [ ],
  "http://trawler.dev/schema/core/0.1#type" : [ {
    "@value" : "BOOLEAN"
  } ]
}, {
  "@id" : "urn:tr:field:postgresql/localhost/postgres/public/djstripe_upcominginvoice/period_end",
  "http://schema.org/name" : [ {
    "@value" : "period_end"
  } ],
  "http://trawler.dev/schema/core/0.1#isNullable" : [ {
    "@value" : false
  } ],
  "http://trawler.dev/schema/core/0.1#relations" : [ ],
  "http://trawler.dev/schema/core/0.1#type" : [ {
    "@value" : "TIMESTAMP"
  } ]
}, {
  "@id" : "urn:tr:field:postgresql/localhost/postgres/public/djstripe_upcominginvoice/period_start",
  "http://schema.org/name" : [ {
    "@value" : "period_start"
  } ],
  "http://trawler.dev/schema/core/0.1#isNullable" : [ {
    "@value" : false
  } ],
  "http://trawler.dev/schema/core/0.1#relations" : [ ],
  "http://trawler.dev/schema/core/0.1#type" : [ {
    "@value" : "TIMESTAMP"
  } ]
}, {
  "@id" : "urn:tr:field:postgresql/localhost/postgres/public/djstripe_upcominginvoice/post_payment_credit_notes_amount",
  "http://schema.org/name" : [ {
    "@value" : "post_payment_credit_notes_amount"
  } ],
  "http://trawler.dev/schema/core/0.1#isNullable" : [ {
    "@value" : true
  } ],
  "http://trawler.dev/schema/core/0.1#relations" : [ ],
  "http://trawler.dev/schema/core/0.1#type" : [ {
    "@value" : "BIGINT"
  } ]
}, {
  "@id" : "urn:tr:field:postgresql/localhost/postgres/public/djstripe_upcominginvoice/pre_payment_credit_notes_amount",
  "http://schema.org/name" : [ {
    "@value" : "pre_payment_credit_notes_amount"
  } ],
  "http://trawler.dev/schema/core/0.1#isNullable" : [ {
    "@value" : true
  } ],
  "http://trawler.dev/schema/core/0.1#relations" : [ ],
  "http://trawler.dev/schema/core/0.1#type" : [ {
    "@value" : "BIGINT"
  } ]
}, {
  "@id" : "urn:tr:field:postgresql/localhost/postgres/public/djstripe_upcominginvoice/receipt_number",
  "http://schema.org/name" : [ {
    "@value" : "receipt_number"
  } ],
  "http://trawler.dev/schema/core/0.1#isNullable" : [ {
    "@value" : true
  } ],
  "http://trawler.dev/schema/core/0.1#relations" : [ ],
  "http://trawler.dev/schema/core/0.1#type" : [ {
    "@value" : "VARCHAR"
  } ]
}, {
  "@id" : "urn:tr:field:postgresql/localhost/postgres/public/djstripe_upcominginvoice/starting_balance",
  "http://schema.org/name" : [ {
    "@value" : "starting_balance"
  } ],
  "http://trawler.dev/schema/core/0.1#isNullable" : [ {
    "@value" : false
  } ],
  "http://trawler.dev/schema/core/0.1#relations" : [ ],
  "http://trawler.dev/schema/core/0.1#type" : [ {
    "@value" : "BIGINT"
  } ]
}, {
  "@id" : "urn:tr:field:postgresql/localhost/postgres/public/djstripe_upcominginvoice/statement_descriptor",
  "http://schema.org/name" : [ {
    "@value" : "statement_descriptor"
  } ],
  "http://trawler.dev/schema/core/0.1#isNullable" : [ {
    "@value" : false
  } ],
  "http://trawler.dev/schema/core/0.1#relations" : [ ],
  "http://trawler.dev/schema/core/0.1#type" : [ {
    "@value" : "VARCHAR"
  } ]
}, {
  "@id" : "urn:tr:field:postgresql/localhost/postgres/public/djstripe_upcominginvoice/status_transitions",
  "http://schema.org/name" : [ {
    "@value" : "status_transitions"
  } ],
  "http://trawler.dev/schema/core/0.1#isNullable" : [ {
    "@value" : true
  } ],
  "http://trawler.dev/schema/core/0.1#relations" : [ ],
  "http://trawler.dev/schema/core/0.1#type" : [ {
    "@value" : "JSONB"
  } ]
}, {
  "@id" : "urn:tr:field:postgresql/localhost/postgres/public/djstripe_upcominginvoice/subscription_proration_date",
  "http://schema.org/name" : [ {
    "@value" : "subscription_proration_date"
  } ],
  "http://trawler.dev/schema/core/0.1#isNullable" : [ {
    "@value" : true
  } ],
  "http://trawler.dev/schema/core/0.1#relations" : [ ],
  "http://trawler.dev/schema/core/0.1#type" : [ {
    "@value" : "TIMESTAMP"
  } ]
}, {
  "@id" : "urn:tr:field:postgresql/localhost/postgres/public/djstripe_upcominginvoice/subtotal",
  "http://schema.org/name" : [ {
    "@value" : "subtotal"
  } ],
  "http://trawler.dev/schema/core/0.1#isNullable" : [ {
    "@value" : false
  } ],
  "http://trawler.dev/schema/core/0.1#relations" : [ ],
  "http://trawler.dev/schema/core/0.1#type" : [ {
    "@value" : "NUMERIC"
  } ]
}, {
  "@id" : "urn:tr:field:postgresql/localhost/postgres/public/djstripe_upcominginvoice/tax",
  "http://schema.org/name" : [ {
    "@value" : "tax"
  } ],
  "http://trawler.dev/schema/core/0.1#isNullable" : [ {
    "@value" : true
  } ],
  "http://trawler.dev/schema/core/0.1#relations" : [ ],
  "http://trawler.dev/schema/core/0.1#type" : [ {
    "@value" : "NUMERIC"
  } ]
}, {
  "@id" : "urn:tr:field:postgresql/localhost/postgres/public/djstripe_upcominginvoice/tax_percent",
  "http://schema.org/name" : [ {
    "@value" : "tax_percent"
  } ],
  "http://trawler.dev/schema/core/0.1#isNullable" : [ {
    "@value" : true
  } ],
  "http://trawler.dev/schema/core/0.1#relations" : [ ],
  "http://trawler.dev/schema/core/0.1#type" : [ {
    "@value" : "NUMERIC"
  } ]
}, {
  "@id" : "urn:tr:field:postgresql/localhost/postgres/public/djstripe_upcominginvoice/threshold_reason",
  "http://schema.org/name" : [ {
    "@value" : "threshold_reason"
  } ],
  "http://trawler.dev/schema/core/0.1#isNullable" : [ {
    "@value" : true
  } ],
  "http://trawler.dev/schema/core/0.1#relations" : [ ],
  "http://trawler.dev/schema/core/0.1#type" : [ {
    "@value" : "JSONB"
  } ]
}, {
  "@id" : "urn:tr:field:postgresql/localhost/postgres/public/djstripe_upcominginvoice/total",
  "http://schema.org/name" : [ {
    "@value" : "total"
  } ],
  "http://trawler.dev/schema/core/0.1#isNullable" : [ {
    "@value" : false
  } ],
  "http://trawler.dev/schema/core/0.1#relations" : [ ],
  "http://trawler.dev/schema/core/0.1#type" : [ {
    "@value" : "NUMERIC"
  } ]
}, {
  "@id" : "urn:tr:field:postgresql/localhost/postgres/public/djstripe_upcominginvoice/webhooks_delivered_at",
  "http://schema.org/name" : [ {
    "@value" : "webhooks_delivered_at"
  } ],
  "http://trawler.dev/schema/core/0.1#isNullable" : [ {
    "@value" : true
  } ],
  "http://trawler.dev/schema/core/0.1#relations" : [ ],
  "http://trawler.dev/schema/core/0.1#type" : [ {
    "@value" : "TIMESTAMP"
  } ]
}, {
  "@id" : "urn:tr:field:postgresql/localhost/postgres/public/djstripe_upcominginvoice/charge_id",
  "http://schema.org/name" : [ {
    "@value" : "charge_id"
  } ],
  "http://trawler.dev/schema/core/0.1#isNullable" : [ {
    "@value" : true
  } ],
  "http://trawler.dev/schema/core/0.1#relations" : [ {
    "@value" : "urn:tr:constraint:postgresql/localhost/postgres/public/djstripe_upcominginvoice/djstripe_upcominginv_charge_id_65b60495_fk_djstripe_"
  } ],
  "http://trawler.dev/schema/core/0.1#type" : [ {
    "@value" : "BIGINT"
  } ]
}, {
  "@id" : "urn:tr:field:postgresql/localhost/postgres/public/djstripe_upcominginvoice/customer_id",
  "http://schema.org/name" : [ {
    "@value" : "customer_id"
  } ],
  "http://trawler.dev/schema/core/0.1#isNullable" : [ {
    "@value" : false
  } ],
  "http://trawler.dev/schema/core/0.1#relations" : [ {
    "@value" : "urn:tr:constraint:postgresql/localhost/postgres/public/djstripe_upcominginvoice/djstripe_upcominginv_customer_id_c94e7284_fk_djstripe_"
  } ],
  "http://trawler.dev/schema/core/0.1#type" : [ {
    "@value" : "VARCHAR"
  } ]
}, {
  "@id" : "urn:tr:field:postgresql/localhost/postgres/public/djstripe_upcominginvoice/default_payment_method_id",
  "http://schema.org/name" : [ {
    "@value" : "default_payment_method_id"
  } ],
  "http://trawler.dev/schema/core/0.1#isNullable" : [ {
    "@value" : true
  } ],
  "http://trawler.dev/schema/core/0.1#relations" : [ {
    "@value" : "urn:tr:constraint:postgresql/localhost/postgres/public/djstripe_upcominginvoice/djstripe_upcominginv_default_payment_meth_31da058e_fk_djstripe_"
  } ],
  "http://trawler.dev/schema/core/0.1#type" : [ {
    "@value" : "VARCHAR"
  } ]
}, {
  "@id" : "urn:tr:field:postgresql/localhost/postgres/public/djstripe_upcominginvoice/payment_intent_id",
  "http://schema.org/name" : [ {
    "@value" : "payment_intent_id"
  } ],
  "http://trawler.dev/schema/core/0.1#isNullable" : [ {
    "@value" : true
  } ],
  "http://trawler.dev/schema/core/0.1#relations" : [ {
    "@value" : "urn:tr:constraint:postgresql/localhost/postgres/public/djstripe_upcominginvoice/djstripe_upcominginv_payment_intent_id_ff12d414_fk_djstripe_"
  } ],
  "http://trawler.dev/schema/core/0.1#type" : [ {
    "@value" : "BIGINT"
  } ]
}, {
  "@id" : "urn:tr:field:postgresql/localhost/postgres/public/djstripe_upcominginvoice/subscription_id",
  "http://schema.org/name" : [ {
    "@value" : "subscription_id"
  } ],
  "http://trawler.dev/schema/core/0.1#isNullable" : [ {
    "@value" : true
  } ],
  "http://trawler.dev/schema/core/0.1#relations" : [ {
    "@value" : "urn:tr:constraint:postgresql/localhost/postgres/public/djstripe_upcominginvoice/djstripe_upcominginv_subscription_id_72fb41e3_fk_djstripe_"
  } ],
  "http://trawler.dev/schema/core/0.1#type" : [ {
    "@value" : "VARCHAR"
  } ]
}, {
  "@id" : "urn:tr:field:postgresql/localhost/postgres/public/djstripe_upcominginvoice/status",
  "http://schema.org/name" : [ {
    "@value" : "status"
  } ],
  "http://trawler.dev/schema/core/0.1#isNullable" : [ {
    "@value" : false
  } ],
  "http://trawler.dev/schema/core/0.1#relations" : [ ],
  "http://trawler.dev/schema/core/0.1#type" : [ {
    "@value" : "VARCHAR"
  } ]
}, {
  "@id" : "urn:tr:field:postgresql/localhost/postgres/public/djstripe_upcominginvoice/default_source_id",
  "http://schema.org/name" : [ {
    "@value" : "default_source_id"
  } ],
  "http://trawler.dev/schema/core/0.1#isNullable" : [ {
    "@value" : true
  } ],
  "http://trawler.dev/schema/core/0.1#relations" : [ {
    "@value" : "urn:tr:constraint:postgresql/localhost/postgres/public/djstripe_upcominginvoice/djstripe_upcominginv_default_source_id_13a404f9_fk_djstripe_"
  } ],
  "http://trawler.dev/schema/core/0.1#type" : [ {
    "@value" : "VARCHAR"
  } ]
}, {
  "@id" : "urn:tr:field:postgresql/localhost/postgres/public/djstripe_upcominginvoice/discount",
  "http://schema.org/name" : [ {
    "@value" : "discount"
  } ],
  "http://trawler.dev/schema/core/0.1#isNullable" : [ {
    "@value" : true
  } ],
  "http://trawler.dev/schema/core/0.1#relations" : [ ],
  "http://trawler.dev/schema/core/0.1#type" : [ {
    "@value" : "JSONB"
  } ]
}, {
  "@id" : "urn:tr:field:postgresql/localhost/postgres/public/djstripe_upcominginvoice/djstripe_owner_account_id",
  "http://schema.org/name" : [ {
    "@value" : "djstripe_owner_account_id"
  } ],
  "http://trawler.dev/schema/core/0.1#isNullable" : [ {
    "@value" : true
  } ],
  "http://trawler.dev/schema/core/0.1#relations" : [ {
    "@value" : "urn:tr:constraint:postgresql/localhost/postgres/public/djstripe_upcominginvoice/djstripe_upcominginv_djstripe_owner_accou_fac79479_fk_djstripe_"
  } ],
  "http://trawler.dev/schema/core/0.1#type" : [ {
    "@value" : "VARCHAR"
  } ]
}, {
  "@id" : "urn:tr:constraint:postgresql/localhost/postgres/public/djstripe_upcominginvoice/djstripe_upcominginv_charge_id_65b60495_fk_djstripe_",
  "@type" : [ "tr:Constraint" ],
  "tr:hasFields" : [ {
    "@id" : "urn:tr:column:postgresql/localhost/postgres/public/djstripe_charge/djstripe_id"
  } ]
}, {
  "@id" : "urn:tr:constraint:postgresql/localhost/postgres/public/djstripe_upcominginvoice/djstripe_upcominginv_customer_id_c94e7284_fk_djstripe_",
  "@type" : [ "tr:Constraint" ],
  "tr:hasFields" : [ {
    "@id" : "urn:tr:column:postgresql/localhost/postgres/public/djstripe_customer/id"
  } ]
}, {
  "@id" : "urn:tr:constraint:postgresql/localhost/postgres/public/djstripe_upcominginvoice/djstripe_upcominginv_default_payment_meth_31da058e_fk_djstripe_",
  "@type" : [ "tr:Constraint" ],
  "tr:hasFields" : [ {
    "@id" : "urn:tr:column:postgresql/localhost/postgres/public/djstripe_paymentmethod/id"
  } ]
}, {
  "@id" : "urn:tr:constraint:postgresql/localhost/postgres/public/djstripe_upcominginvoice/djstripe_upcominginv_default_source_id_13a404f9_fk_djstripe_",
  "@type" : [ "tr:Constraint" ],
  "tr:hasFields" : [ {
    "@id" : "urn:tr:column:postgresql/localhost/postgres/public/djstripe_djstripepaymentmethod/id"
  } ]
}, {
  "@id" : "urn:tr:constraint:postgresql/localhost/postgres/public/djstripe_upcominginvoice/djstripe_upcominginv_djstripe_owner_accou_fac79479_fk_djstripe_",
  "@type" : [ "tr:Constraint" ],
  "tr:hasFields" : [ {
    "@id" : "urn:tr:column:postgresql/localhost/postgres/public/djstripe_account/id"
  } ]
}, {
  "@id" : "urn:tr:constraint:postgresql/localhost/postgres/public/djstripe_upcominginvoice/djstripe_upcominginv_payment_intent_id_ff12d414_fk_djstripe_",
  "@type" : [ "tr:Constraint" ],
  "tr:hasFields" : [ {
    "@id" : "urn:tr:column:postgresql/localhost/postgres/public/djstripe_paymentintent/djstripe_id"
  } ]
}, {
  "@id" : "urn:tr:constraint:postgresql/localhost/postgres/public/djstripe_upcominginvoice/djstripe_upcominginv_subscription_id_72fb41e3_fk_djstripe_",
  "@type" : [ "tr:Constraint" ],
  "tr:hasFields" : [ {
    "@id" : "urn:tr:column:postgresql/localhost/postgres/public/djstripe_subscription/id"
  } ]
}, {
  "@id" : "urn:tr:table:postgresql/localhost/postgres/public/djstripe_djstripeinvoicedefaulttaxrate",
  "@type" : [ "http://trawler.dev/schema/core/0.1#Table" ],
  "http://schema.org/name" : [ {
    "@value" : "djstripe_djstripeinvoicedefaulttaxrate"
  } ],
  "http://trawler.dev/schema/core/0.1#hasFields" : [ {
    "@id" : "urn:tr:field:postgresql/localhost/postgres/public/djstripe_djstripeinvoicedefaulttaxrate/id"
  }, {
    "@id" : "urn:tr:field:postgresql/localhost/postgres/public/djstripe_djstripeinvoicedefaulttaxrate/invoice_id"
  }, {
    "@id" : "urn:tr:field:postgresql/localhost/postgres/public/djstripe_djstripeinvoicedefaulttaxrate/taxrate_id"
  } ]
}, {
  "@id" : "urn:tr:field:postgresql/localhost/postgres/public/djstripe_djstripeinvoicedefaulttaxrate/id",
  "http://schema.org/name" : [ {
    "@value" : "id"
  } ],
  "http://trawler.dev/schema/core/0.1#isNullable" : [ {
    "@value" : false
  } ],
  "http://trawler.dev/schema/core/0.1#relations" : [ ],
  "http://trawler.dev/schema/core/0.1#type" : [ {
    "@value" : "INTEGER"
  } ]
}, {
  "@id" : "urn:tr:field:postgresql/localhost/postgres/public/djstripe_djstripeinvoicedefaulttaxrate/invoice_id",
  "http://schema.org/name" : [ {
    "@value" : "invoice_id"
  } ],
  "http://trawler.dev/schema/core/0.1#isNullable" : [ {
    "@value" : false
  } ],
  "http://trawler.dev/schema/core/0.1#relations" : [ {
    "@value" : "urn:tr:constraint:postgresql/localhost/postgres/public/djstripe_djstripeinvoicedefaulttaxrate/djstripe_djstripeinv_invoice_id_541494fb_fk_djstripe_"
  } ],
  "http://trawler.dev/schema/core/0.1#type" : [ {
    "@value" : "BIGINT"
  } ]
}, {
  "@id" : "urn:tr:field:postgresql/localhost/postgres/public/djstripe_djstripeinvoicedefaulttaxrate/taxrate_id",
  "http://schema.org/name" : [ {
    "@value" : "taxrate_id"
  } ],
  "http://trawler.dev/schema/core/0.1#isNullable" : [ {
    "@value" : false
  } ],
  "http://trawler.dev/schema/core/0.1#relations" : [ {
    "@value" : "urn:tr:constraint:postgresql/localhost/postgres/public/djstripe_djstripeinvoicedefaulttaxrate/djstripe_djstripeinv_taxrate_id_fd618ddd_fk_djstripe_"
  } ],
  "http://trawler.dev/schema/core/0.1#type" : [ {
    "@value" : "BIGINT"
  } ]
}, {
  "@id" : "urn:tr:constraint:postgresql/localhost/postgres/public/djstripe_djstripeinvoicedefaulttaxrate/djstripe_djstripeinv_invoice_id_541494fb_fk_djstripe_",
  "@type" : [ "tr:Constraint" ],
  "tr:hasFields" : [ {
    "@id" : "urn:tr:column:postgresql/localhost/postgres/public/djstripe_invoice/djstripe_id"
  } ]
}, {
  "@id" : "urn:tr:constraint:postgresql/localhost/postgres/public/djstripe_djstripeinvoicedefaulttaxrate/djstripe_djstripeinv_taxrate_id_fd618ddd_fk_djstripe_",
  "@type" : [ "tr:Constraint" ],
  "tr:hasFields" : [ {
    "@id" : "urn:tr:column:postgresql/localhost/postgres/public/djstripe_taxrate/djstripe_id"
  } ]
}, {
  "@id" : "urn:tr:table:postgresql/localhost/postgres/public/djstripe_djstripeinvoiceitemtaxrate",
  "@type" : [ "http://trawler.dev/schema/core/0.1#Table" ],
  "http://schema.org/name" : [ {
    "@value" : "djstripe_djstripeinvoiceitemtaxrate"
  } ],
  "http://trawler.dev/schema/core/0.1#hasFields" : [ {
    "@id" : "urn:tr:field:postgresql/localhost/postgres/public/djstripe_djstripeinvoiceitemtaxrate/id"
  }, {
    "@id" : "urn:tr:field:postgresql/localhost/postgres/public/djstripe_djstripeinvoiceitemtaxrate/invoiceitem_id"
  }, {
    "@id" : "urn:tr:field:postgresql/localhost/postgres/public/djstripe_djstripeinvoiceitemtaxrate/taxrate_id"
  } ]
}, {
  "@id" : "urn:tr:field:postgresql/localhost/postgres/public/djstripe_djstripeinvoiceitemtaxrate/id",
  "http://schema.org/name" : [ {
    "@value" : "id"
  } ],
  "http://trawler.dev/schema/core/0.1#isNullable" : [ {
    "@value" : false
  } ],
  "http://trawler.dev/schema/core/0.1#relations" : [ ],
  "http://trawler.dev/schema/core/0.1#type" : [ {
    "@value" : "INTEGER"
  } ]
}, {
  "@id" : "urn:tr:field:postgresql/localhost/postgres/public/djstripe_djstripeinvoiceitemtaxrate/invoiceitem_id",
  "http://schema.org/name" : [ {
    "@value" : "invoiceitem_id"
  } ],
  "http://trawler.dev/schema/core/0.1#isNullable" : [ {
    "@value" : false
  } ],
  "http://trawler.dev/schema/core/0.1#relations" : [ {
    "@value" : "urn:tr:constraint:postgresql/localhost/postgres/public/djstripe_djstripeinvoiceitemtaxrate/djstripe_djstripeinv_invoiceitem_id_ddc00567_fk_djstripe_"
  } ],
  "http://trawler.dev/schema/core/0.1#type" : [ {
    "@value" : "BIGINT"
  } ]
}, {
  "@id" : "urn:tr:field:postgresql/localhost/postgres/public/djstripe_djstripeinvoiceitemtaxrate/taxrate_id",
  "http://schema.org/name" : [ {
    "@value" : "taxrate_id"
  } ],
  "http://trawler.dev/schema/core/0.1#isNullable" : [ {
    "@value" : false
  } ],
  "http://trawler.dev/schema/core/0.1#relations" : [ {
    "@value" : "urn:tr:constraint:postgresql/localhost/postgres/public/djstripe_djstripeinvoiceitemtaxrate/djstripe_djstripeinv_taxrate_id_bd22e20a_fk_djstripe_"
  } ],
  "http://trawler.dev/schema/core/0.1#type" : [ {
    "@value" : "BIGINT"
  } ]
}, {
  "@id" : "urn:tr:constraint:postgresql/localhost/postgres/public/djstripe_djstripeinvoiceitemtaxrate/djstripe_djstripeinv_invoiceitem_id_ddc00567_fk_djstripe_",
  "@type" : [ "tr:Constraint" ],
  "tr:hasFields" : [ {
    "@id" : "urn:tr:column:postgresql/localhost/postgres/public/djstripe_invoiceitem/djstripe_id"
  } ]
}, {
  "@id" : "urn:tr:constraint:postgresql/localhost/postgres/public/djstripe_djstripeinvoiceitemtaxrate/djstripe_djstripeinv_taxrate_id_bd22e20a_fk_djstripe_",
  "@type" : [ "tr:Constraint" ],
  "tr:hasFields" : [ {
    "@id" : "urn:tr:column:postgresql/localhost/postgres/public/djstripe_taxrate/djstripe_id"
  } ]
}, {
  "@id" : "urn:tr:table:postgresql/localhost/postgres/public/djstripe_djstripesubscriptiondefaulttaxrate",
  "@type" : [ "http://trawler.dev/schema/core/0.1#Table" ],
  "http://schema.org/name" : [ {
    "@value" : "djstripe_djstripesubscriptiondefaulttaxrate"
  } ],
  "http://trawler.dev/schema/core/0.1#hasFields" : [ {
    "@id" : "urn:tr:field:postgresql/localhost/postgres/public/djstripe_djstripesubscriptiondefaulttaxrate/id"
  }, {
    "@id" : "urn:tr:field:postgresql/localhost/postgres/public/djstripe_djstripesubscriptiondefaulttaxrate/subscription_id"
  }, {
    "@id" : "urn:tr:field:postgresql/localhost/postgres/public/djstripe_djstripesubscriptiondefaulttaxrate/taxrate_id"
  } ]
}, {
  "@id" : "urn:tr:field:postgresql/localhost/postgres/public/djstripe_djstripesubscriptiondefaulttaxrate/id",
  "http://schema.org/name" : [ {
    "@value" : "id"
  } ],
  "http://trawler.dev/schema/core/0.1#isNullable" : [ {
    "@value" : false
  } ],
  "http://trawler.dev/schema/core/0.1#relations" : [ ],
  "http://trawler.dev/schema/core/0.1#type" : [ {
    "@value" : "INTEGER"
  } ]
}, {
  "@id" : "urn:tr:field:postgresql/localhost/postgres/public/djstripe_djstripesubscriptiondefaulttaxrate/subscription_id",
  "http://schema.org/name" : [ {
    "@value" : "subscription_id"
  } ],
  "http://trawler.dev/schema/core/0.1#isNullable" : [ {
    "@value" : false
  } ],
  "http://trawler.dev/schema/core/0.1#relations" : [ {
    "@value" : "urn:tr:constraint:postgresql/localhost/postgres/public/djstripe_djstripesubscriptiondefaulttaxrate/djstripe_djstripesub_subscription_id_d2a3a1c2_fk_djstripe_"
  } ],
  "http://trawler.dev/schema/core/0.1#type" : [ {
    "@value" : "BIGINT"
  } ]
}, {
  "@id" : "urn:tr:field:postgresql/localhost/postgres/public/djstripe_djstripesubscriptiondefaulttaxrate/taxrate_id",
  "http://schema.org/name" : [ {
    "@value" : "taxrate_id"
  } ],
  "http://trawler.dev/schema/core/0.1#isNullable" : [ {
    "@value" : false
  } ],
  "http://trawler.dev/schema/core/0.1#relations" : [ {
    "@value" : "urn:tr:constraint:postgresql/localhost/postgres/public/djstripe_djstripesubscriptiondefaulttaxrate/djstripe_djstripesub_taxrate_id_968e5df1_fk_djstripe_"
  } ],
  "http://trawler.dev/schema/core/0.1#type" : [ {
    "@value" : "BIGINT"
  } ]
}, {
  "@id" : "urn:tr:constraint:postgresql/localhost/postgres/public/djstripe_djstripesubscriptiondefaulttaxrate/djstripe_djstripesub_subscription_id_d2a3a1c2_fk_djstripe_",
  "@type" : [ "tr:Constraint" ],
  "tr:hasFields" : [ {
    "@id" : "urn:tr:column:postgresql/localhost/postgres/public/djstripe_subscription/djstripe_id"
  } ]
}, {
  "@id" : "urn:tr:constraint:postgresql/localhost/postgres/public/djstripe_djstripesubscriptiondefaulttaxrate/djstripe_djstripesub_taxrate_id_968e5df1_fk_djstripe_",
  "@type" : [ "tr:Constraint" ],
  "tr:hasFields" : [ {
    "@id" : "urn:tr:column:postgresql/localhost/postgres/public/djstripe_taxrate/djstripe_id"
  } ]
}, {
  "@id" : "urn:tr:table:postgresql/localhost/postgres/public/djstripe_djstripesubscriptionitemtaxrate",
  "@type" : [ "http://trawler.dev/schema/core/0.1#Table" ],
  "http://schema.org/name" : [ {
    "@value" : "djstripe_djstripesubscriptionitemtaxrate"
  } ],
  "http://trawler.dev/schema/core/0.1#hasFields" : [ {
    "@id" : "urn:tr:field:postgresql/localhost/postgres/public/djstripe_djstripesubscriptionitemtaxrate/id"
  }, {
    "@id" : "urn:tr:field:postgresql/localhost/postgres/public/djstripe_djstripesubscriptionitemtaxrate/subscriptionitem_id"
  }, {
    "@id" : "urn:tr:field:postgresql/localhost/postgres/public/djstripe_djstripesubscriptionitemtaxrate/taxrate_id"
  } ]
}, {
  "@id" : "urn:tr:field:postgresql/localhost/postgres/public/djstripe_djstripesubscriptionitemtaxrate/id",
  "http://schema.org/name" : [ {
    "@value" : "id"
  } ],
  "http://trawler.dev/schema/core/0.1#isNullable" : [ {
    "@value" : false
  } ],
  "http://trawler.dev/schema/core/0.1#relations" : [ ],
  "http://trawler.dev/schema/core/0.1#type" : [ {
    "@value" : "INTEGER"
  } ]
}, {
  "@id" : "urn:tr:field:postgresql/localhost/postgres/public/djstripe_djstripesubscriptionitemtaxrate/subscriptionitem_id",
  "http://schema.org/name" : [ {
    "@value" : "subscriptionitem_id"
  } ],
  "http://trawler.dev/schema/core/0.1#isNullable" : [ {
    "@value" : false
  } ],
  "http://trawler.dev/schema/core/0.1#relations" : [ {
    "@value" : "urn:tr:constraint:postgresql/localhost/postgres/public/djstripe_djstripesubscriptionitemtaxrate/djstripe_djstripesub_subscriptionitem_id_04bcb65f_fk_djstripe_"
  } ],
  "http://trawler.dev/schema/core/0.1#type" : [ {
    "@value" : "BIGINT"
  } ]
}, {
  "@id" : "urn:tr:field:postgresql/localhost/postgres/public/djstripe_djstripesubscriptionitemtaxrate/taxrate_id",
  "http://schema.org/name" : [ {
    "@value" : "taxrate_id"
  } ],
  "http://trawler.dev/schema/core/0.1#isNullable" : [ {
    "@value" : false
  } ],
  "http://trawler.dev/schema/core/0.1#relations" : [ {
    "@value" : "urn:tr:constraint:postgresql/localhost/postgres/public/djstripe_djstripesubscriptionitemtaxrate/djstripe_djstripesub_taxrate_id_01b3bd7f_fk_djstripe_"
  } ],
  "http://trawler.dev/schema/core/0.1#type" : [ {
    "@value" : "BIGINT"
  } ]
}, {
  "@id" : "urn:tr:constraint:postgresql/localhost/postgres/public/djstripe_djstripesubscriptionitemtaxrate/djstripe_djstripesub_subscriptionitem_id_04bcb65f_fk_djstripe_",
  "@type" : [ "tr:Constraint" ],
  "tr:hasFields" : [ {
    "@id" : "urn:tr:column:postgresql/localhost/postgres/public/djstripe_subscriptionitem/djstripe_id"
  } ]
}, {
  "@id" : "urn:tr:constraint:postgresql/localhost/postgres/public/djstripe_djstripesubscriptionitemtaxrate/djstripe_djstripesub_taxrate_id_01b3bd7f_fk_djstripe_",
  "@type" : [ "tr:Constraint" ],
  "tr:hasFields" : [ {
    "@id" : "urn:tr:column:postgresql/localhost/postgres/public/djstripe_taxrate/djstripe_id"
  } ]
}, {
  "@id" : "urn:tr:table:postgresql/localhost/postgres/public/djstripe_djstripeupcominginvoicetotaltaxamount",
  "@type" : [ "http://trawler.dev/schema/core/0.1#Table" ],
  "http://schema.org/name" : [ {
    "@value" : "djstripe_djstripeupcominginvoicetotaltaxamount"
  } ],
  "http://trawler.dev/schema/core/0.1#hasFields" : [ {
    "@id" : "urn:tr:field:postgresql/localhost/postgres/public/djstripe_djstripeupcominginvoicetotaltaxamount/id"
  }, {
    "@id" : "urn:tr:field:postgresql/localhost/postgres/public/djstripe_djstripeupcominginvoicetotaltaxamount/amount"
  }, {
    "@id" : "urn:tr:field:postgresql/localhost/postgres/public/djstripe_djstripeupcominginvoicetotaltaxamount/inclusive"
  }, {
    "@id" : "urn:tr:field:postgresql/localhost/postgres/public/djstripe_djstripeupcominginvoicetotaltaxamount/invoice_id"
  }, {
    "@id" : "urn:tr:field:postgresql/localhost/postgres/public/djstripe_djstripeupcominginvoicetotaltaxamount/tax_rate_id"
  } ]
}, {
  "@id" : "urn:tr:field:postgresql/localhost/postgres/public/djstripe_djstripeupcominginvoicetotaltaxamount/id",
  "http://schema.org/name" : [ {
    "@value" : "id"
  } ],
  "http://trawler.dev/schema/core/0.1#isNullable" : [ {
    "@value" : false
  } ],
  "http://trawler.dev/schema/core/0.1#relations" : [ ],
  "http://trawler.dev/schema/core/0.1#type" : [ {
    "@value" : "INTEGER"
  } ]
}, {
  "@id" : "urn:tr:field:postgresql/localhost/postgres/public/djstripe_djstripeupcominginvoicetotaltaxamount/amount",
  "http://schema.org/name" : [ {
    "@value" : "amount"
  } ],
  "http://trawler.dev/schema/core/0.1#isNullable" : [ {
    "@value" : false
  } ],
  "http://trawler.dev/schema/core/0.1#relations" : [ ],
  "http://trawler.dev/schema/core/0.1#type" : [ {
    "@value" : "BIGINT"
  } ]
}, {
  "@id" : "urn:tr:field:postgresql/localhost/postgres/public/djstripe_djstripeupcominginvoicetotaltaxamount/inclusive",
  "http://schema.org/name" : [ {
    "@value" : "inclusive"
  } ],
  "http://trawler.dev/schema/core/0.1#isNullable" : [ {
    "@value" : false
  } ],
  "http://trawler.dev/schema/core/0.1#relations" : [ ],
  "http://trawler.dev/schema/core/0.1#type" : [ {
    "@value" : "BOOLEAN"
  } ]
}, {
  "@id" : "urn:tr:field:postgresql/localhost/postgres/public/djstripe_djstripeupcominginvoicetotaltaxamount/invoice_id",
  "http://schema.org/name" : [ {
    "@value" : "invoice_id"
  } ],
  "http://trawler.dev/schema/core/0.1#isNullable" : [ {
    "@value" : false
  } ],
  "http://trawler.dev/schema/core/0.1#relations" : [ {
    "@value" : "urn:tr:constraint:postgresql/localhost/postgres/public/djstripe_djstripeupcominginvoicetotaltaxamount/djstripe_djstripeupc_invoice_id_69892f68_fk_djstripe_"
  } ],
  "http://trawler.dev/schema/core/0.1#type" : [ {
    "@value" : "BIGINT"
  } ]
}, {
  "@id" : "urn:tr:field:postgresql/localhost/postgres/public/djstripe_djstripeupcominginvoicetotaltaxamount/tax_rate_id",
  "http://schema.org/name" : [ {
    "@value" : "tax_rate_id"
  } ],
  "http://trawler.dev/schema/core/0.1#isNullable" : [ {
    "@value" : false
  } ],
  "http://trawler.dev/schema/core/0.1#relations" : [ {
    "@value" : "urn:tr:constraint:postgresql/localhost/postgres/public/djstripe_djstripeupcominginvoicetotaltaxamount/djstripe_djstripeupc_tax_rate_id_09d76e7a_fk_djstripe_"
  } ],
  "http://trawler.dev/schema/core/0.1#type" : [ {
    "@value" : "VARCHAR"
  } ]
}, {
  "@id" : "urn:tr:constraint:postgresql/localhost/postgres/public/djstripe_djstripeupcominginvoicetotaltaxamount/djstripe_djstripeupc_invoice_id_69892f68_fk_djstripe_",
  "@type" : [ "tr:Constraint" ],
  "tr:hasFields" : [ {
    "@id" : "urn:tr:column:postgresql/localhost/postgres/public/djstripe_upcominginvoice/djstripe_id"
  } ]
}, {
  "@id" : "urn:tr:constraint:postgresql/localhost/postgres/public/djstripe_djstripeupcominginvoicetotaltaxamount/djstripe_djstripeupc_tax_rate_id_09d76e7a_fk_djstripe_",
  "@type" : [ "tr:Constraint" ],
  "tr:hasFields" : [ {
    "@id" : "urn:tr:column:postgresql/localhost/postgres/public/djstripe_taxrate/id"
  } ]
}, {
  "@id" : "urn:tr:table:postgresql/localhost/postgres/public/djstripe_djstripeinvoicetotaltaxamount",
  "@type" : [ "http://trawler.dev/schema/core/0.1#Table" ],
  "http://schema.org/name" : [ {
    "@value" : "djstripe_djstripeinvoicetotaltaxamount"
  } ],
  "http://trawler.dev/schema/core/0.1#hasFields" : [ {
    "@id" : "urn:tr:field:postgresql/localhost/postgres/public/djstripe_djstripeinvoicetotaltaxamount/id"
  }, {
    "@id" : "urn:tr:field:postgresql/localhost/postgres/public/djstripe_djstripeinvoicetotaltaxamount/amount"
  }, {
    "@id" : "urn:tr:field:postgresql/localhost/postgres/public/djstripe_djstripeinvoicetotaltaxamount/inclusive"
  }, {
    "@id" : "urn:tr:field:postgresql/localhost/postgres/public/djstripe_djstripeinvoicetotaltaxamount/invoice_id"
  }, {
    "@id" : "urn:tr:field:postgresql/localhost/postgres/public/djstripe_djstripeinvoicetotaltaxamount/tax_rate_id"
  } ]
}, {
  "@id" : "urn:tr:field:postgresql/localhost/postgres/public/djstripe_djstripeinvoicetotaltaxamount/id",
  "http://schema.org/name" : [ {
    "@value" : "id"
  } ],
  "http://trawler.dev/schema/core/0.1#isNullable" : [ {
    "@value" : false
  } ],
  "http://trawler.dev/schema/core/0.1#relations" : [ ],
  "http://trawler.dev/schema/core/0.1#type" : [ {
    "@value" : "INTEGER"
  } ]
}, {
  "@id" : "urn:tr:field:postgresql/localhost/postgres/public/djstripe_djstripeinvoicetotaltaxamount/amount",
  "http://schema.org/name" : [ {
    "@value" : "amount"
  } ],
  "http://trawler.dev/schema/core/0.1#isNullable" : [ {
    "@value" : false
  } ],
  "http://trawler.dev/schema/core/0.1#relations" : [ ],
  "http://trawler.dev/schema/core/0.1#type" : [ {
    "@value" : "BIGINT"
  } ]
}, {
  "@id" : "urn:tr:field:postgresql/localhost/postgres/public/djstripe_djstripeinvoicetotaltaxamount/inclusive",
  "http://schema.org/name" : [ {
    "@value" : "inclusive"
  } ],
  "http://trawler.dev/schema/core/0.1#isNullable" : [ {
    "@value" : false
  } ],
  "http://trawler.dev/schema/core/0.1#relations" : [ ],
  "http://trawler.dev/schema/core/0.1#type" : [ {
    "@value" : "BOOLEAN"
  } ]
}, {
  "@id" : "urn:tr:field:postgresql/localhost/postgres/public/djstripe_djstripeinvoicetotaltaxamount/invoice_id",
  "http://schema.org/name" : [ {
    "@value" : "invoice_id"
  } ],
  "http://trawler.dev/schema/core/0.1#isNullable" : [ {
    "@value" : false
  } ],
  "http://trawler.dev/schema/core/0.1#relations" : [ {
    "@value" : "urn:tr:constraint:postgresql/localhost/postgres/public/djstripe_djstripeinvoicetotaltaxamount/djstripe_djstripeinv_invoice_id_f6d6d05d_fk_djstripe_"
  } ],
  "http://trawler.dev/schema/core/0.1#type" : [ {
    "@value" : "VARCHAR"
  } ]
}, {
  "@id" : "urn:tr:field:postgresql/localhost/postgres/public/djstripe_djstripeinvoicetotaltaxamount/tax_rate_id",
  "http://schema.org/name" : [ {
    "@value" : "tax_rate_id"
  } ],
  "http://trawler.dev/schema/core/0.1#isNullable" : [ {
    "@value" : false
  } ],
  "http://trawler.dev/schema/core/0.1#relations" : [ {
    "@value" : "urn:tr:constraint:postgresql/localhost/postgres/public/djstripe_djstripeinvoicetotaltaxamount/djstripe_djstripeinv_tax_rate_id_11f2cc9e_fk_djstripe_"
  } ],
  "http://trawler.dev/schema/core/0.1#type" : [ {
    "@value" : "VARCHAR"
  } ]
}, {
  "@id" : "urn:tr:constraint:postgresql/localhost/postgres/public/djstripe_djstripeinvoicetotaltaxamount/djstripe_djstripeinv_invoice_id_f6d6d05d_fk_djstripe_",
  "@type" : [ "tr:Constraint" ],
  "tr:hasFields" : [ {
    "@id" : "urn:tr:column:postgresql/localhost/postgres/public/djstripe_invoice/id"
  } ]
}, {
  "@id" : "urn:tr:constraint:postgresql/localhost/postgres/public/djstripe_djstripeinvoicetotaltaxamount/djstripe_djstripeinv_tax_rate_id_11f2cc9e_fk_djstripe_",
  "@type" : [ "tr:Constraint" ],
  "tr:hasFields" : [ {
    "@id" : "urn:tr:column:postgresql/localhost/postgres/public/djstripe_taxrate/id"
  } ]
}, {
  "@id" : "urn:tr:table:postgresql/localhost/postgres/public/djstripe_event",
  "@type" : [ "http://trawler.dev/schema/core/0.1#Table" ],
  "http://schema.org/name" : [ {
    "@value" : "djstripe_event"
  } ],
  "http://trawler.dev/schema/core/0.1#hasFields" : [ {
    "@id" : "urn:tr:field:postgresql/localhost/postgres/public/djstripe_event/djstripe_id"
  }, {
    "@id" : "urn:tr:field:postgresql/localhost/postgres/public/djstripe_event/id"
  }, {
    "@id" : "urn:tr:field:postgresql/localhost/postgres/public/djstripe_event/livemode"
  }, {
    "@id" : "urn:tr:field:postgresql/localhost/postgres/public/djstripe_event/created"
  }, {
    "@id" : "urn:tr:field:postgresql/localhost/postgres/public/djstripe_event/metadata"
  }, {
    "@id" : "urn:tr:field:postgresql/localhost/postgres/public/djstripe_event/description"
  }, {
    "@id" : "urn:tr:field:postgresql/localhost/postgres/public/djstripe_event/djstripe_created"
  }, {
    "@id" : "urn:tr:field:postgresql/localhost/postgres/public/djstripe_event/djstripe_updated"
  }, {
    "@id" : "urn:tr:field:postgresql/localhost/postgres/public/djstripe_event/api_version"
  }, {
    "@id" : "urn:tr:field:postgresql/localhost/postgres/public/djstripe_event/data"
  }, {
    "@id" : "urn:tr:field:postgresql/localhost/postgres/public/djstripe_event/request_id"
  }, {
    "@id" : "urn:tr:field:postgresql/localhost/postgres/public/djstripe_event/idempotency_key"
  }, {
    "@id" : "urn:tr:field:postgresql/localhost/postgres/public/djstripe_event/type"
  }, {
    "@id" : "urn:tr:field:postgresql/localhost/postgres/public/djstripe_event/djstripe_owner_account_id"
  } ]
}, {
  "@id" : "urn:tr:field:postgresql/localhost/postgres/public/djstripe_event/djstripe_id",
  "http://schema.org/name" : [ {
    "@value" : "djstripe_id"
  } ],
  "http://trawler.dev/schema/core/0.1#isNullable" : [ {
    "@value" : false
  } ],
  "http://trawler.dev/schema/core/0.1#relations" : [ ],
  "http://trawler.dev/schema/core/0.1#type" : [ {
    "@value" : "BIGINT"
  } ]
}, {
  "@id" : "urn:tr:field:postgresql/localhost/postgres/public/djstripe_event/id",
  "http://schema.org/name" : [ {
    "@value" : "id"
  } ],
  "http://trawler.dev/schema/core/0.1#isNullable" : [ {
    "@value" : false
  } ],
  "http://trawler.dev/schema/core/0.1#relations" : [ ],
  "http://trawler.dev/schema/core/0.1#type" : [ {
    "@value" : "VARCHAR"
  } ]
}, {
  "@id" : "urn:tr:field:postgresql/localhost/postgres/public/djstripe_event/livemode",
  "http://schema.org/name" : [ {
    "@value" : "livemode"
  } ],
  "http://trawler.dev/schema/core/0.1#isNullable" : [ {
    "@value" : true
  } ],
  "http://trawler.dev/schema/core/0.1#relations" : [ ],
  "http://trawler.dev/schema/core/0.1#type" : [ {
    "@value" : "BOOLEAN"
  } ]
}, {
  "@id" : "urn:tr:field:postgresql/localhost/postgres/public/djstripe_event/created",
  "http://schema.org/name" : [ {
    "@value" : "created"
  } ],
  "http://trawler.dev/schema/core/0.1#isNullable" : [ {
    "@value" : true
  } ],
  "http://trawler.dev/schema/core/0.1#relations" : [ ],
  "http://trawler.dev/schema/core/0.1#type" : [ {
    "@value" : "TIMESTAMP"
  } ]
}, {
  "@id" : "urn:tr:field:postgresql/localhost/postgres/public/djstripe_event/metadata",
  "http://schema.org/name" : [ {
    "@value" : "metadata"
  } ],
  "http://trawler.dev/schema/core/0.1#isNullable" : [ {
    "@value" : true
  } ],
  "http://trawler.dev/schema/core/0.1#relations" : [ ],
  "http://trawler.dev/schema/core/0.1#type" : [ {
    "@value" : "JSONB"
  } ]
}, {
  "@id" : "urn:tr:field:postgresql/localhost/postgres/public/djstripe_event/description",
  "http://schema.org/name" : [ {
    "@value" : "description"
  } ],
  "http://trawler.dev/schema/core/0.1#isNullable" : [ {
    "@value" : true
  } ],
  "http://trawler.dev/schema/core/0.1#relations" : [ ],
  "http://trawler.dev/schema/core/0.1#type" : [ {
    "@value" : "TEXT"
  } ]
}, {
  "@id" : "urn:tr:field:postgresql/localhost/postgres/public/djstripe_event/djstripe_created",
  "http://schema.org/name" : [ {
    "@value" : "djstripe_created"
  } ],
  "http://trawler.dev/schema/core/0.1#isNullable" : [ {
    "@value" : false
  } ],
  "http://trawler.dev/schema/core/0.1#relations" : [ ],
  "http://trawler.dev/schema/core/0.1#type" : [ {
    "@value" : "TIMESTAMP"
  } ]
}, {
  "@id" : "urn:tr:field:postgresql/localhost/postgres/public/djstripe_event/djstripe_updated",
  "http://schema.org/name" : [ {
    "@value" : "djstripe_updated"
  } ],
  "http://trawler.dev/schema/core/0.1#isNullable" : [ {
    "@value" : false
  } ],
  "http://trawler.dev/schema/core/0.1#relations" : [ ],
  "http://trawler.dev/schema/core/0.1#type" : [ {
    "@value" : "TIMESTAMP"
  } ]
}, {
  "@id" : "urn:tr:field:postgresql/localhost/postgres/public/djstripe_event/api_version",
  "http://schema.org/name" : [ {
    "@value" : "api_version"
  } ],
  "http://trawler.dev/schema/core/0.1#isNullable" : [ {
    "@value" : false
  } ],
  "http://trawler.dev/schema/core/0.1#relations" : [ ],
  "http://trawler.dev/schema/core/0.1#type" : [ {
    "@value" : "VARCHAR"
  } ]
}, {
  "@id" : "urn:tr:field:postgresql/localhost/postgres/public/djstripe_event/data",
  "http://schema.org/name" : [ {
    "@value" : "data"
  } ],
  "http://trawler.dev/schema/core/0.1#isNullable" : [ {
    "@value" : false
  } ],
  "http://trawler.dev/schema/core/0.1#relations" : [ ],
  "http://trawler.dev/schema/core/0.1#type" : [ {
    "@value" : "JSONB"
  } ]
}, {
  "@id" : "urn:tr:field:postgresql/localhost/postgres/public/djstripe_event/request_id",
  "http://schema.org/name" : [ {
    "@value" : "request_id"
  } ],
  "http://trawler.dev/schema/core/0.1#isNullable" : [ {
    "@value" : false
  } ],
  "http://trawler.dev/schema/core/0.1#relations" : [ ],
  "http://trawler.dev/schema/core/0.1#type" : [ {
    "@value" : "VARCHAR"
  } ]
}, {
  "@id" : "urn:tr:field:postgresql/localhost/postgres/public/djstripe_event/idempotency_key",
  "http://schema.org/name" : [ {
    "@value" : "idempotency_key"
  } ],
  "http://trawler.dev/schema/core/0.1#isNullable" : [ {
    "@value" : false
  } ],
  "http://trawler.dev/schema/core/0.1#relations" : [ ],
  "http://trawler.dev/schema/core/0.1#type" : [ {
    "@value" : "TEXT"
  } ]
}, {
  "@id" : "urn:tr:field:postgresql/localhost/postgres/public/djstripe_event/type",
  "http://schema.org/name" : [ {
    "@value" : "type"
  } ],
  "http://trawler.dev/schema/core/0.1#isNullable" : [ {
    "@value" : false
  } ],
  "http://trawler.dev/schema/core/0.1#relations" : [ ],
  "http://trawler.dev/schema/core/0.1#type" : [ {
    "@value" : "VARCHAR"
  } ]
}, {
  "@id" : "urn:tr:field:postgresql/localhost/postgres/public/djstripe_event/djstripe_owner_account_id",
  "http://schema.org/name" : [ {
    "@value" : "djstripe_owner_account_id"
  } ],
  "http://trawler.dev/schema/core/0.1#isNullable" : [ {
    "@value" : true
  } ],
  "http://trawler.dev/schema/core/0.1#relations" : [ {
    "@value" : "urn:tr:constraint:postgresql/localhost/postgres/public/djstripe_event/djstripe_event_djstripe_owner_accou_622cdfe3_fk_djstripe_"
  } ],
  "http://trawler.dev/schema/core/0.1#type" : [ {
    "@value" : "VARCHAR"
  } ]
}, {
  "@id" : "urn:tr:constraint:postgresql/localhost/postgres/public/djstripe_event/djstripe_event_djstripe_owner_accou_622cdfe3_fk_djstripe_",
  "@type" : [ "tr:Constraint" ],
  "tr:hasFields" : [ {
    "@id" : "urn:tr:column:postgresql/localhost/postgres/public/djstripe_account/id"
  } ]
}, {
  "@id" : "urn:tr:table:postgresql/localhost/postgres/public/djstripe_taxrate",
  "@type" : [ "http://trawler.dev/schema/core/0.1#Table" ],
  "http://schema.org/name" : [ {
    "@value" : "djstripe_taxrate"
  } ],
  "http://trawler.dev/schema/core/0.1#hasFields" : [ {
    "@id" : "urn:tr:field:postgresql/localhost/postgres/public/djstripe_taxrate/djstripe_id"
  }, {
    "@id" : "urn:tr:field:postgresql/localhost/postgres/public/djstripe_taxrate/id"
  }, {
    "@id" : "urn:tr:field:postgresql/localhost/postgres/public/djstripe_taxrate/livemode"
  }, {
    "@id" : "urn:tr:field:postgresql/localhost/postgres/public/djstripe_taxrate/created"
  }, {
    "@id" : "urn:tr:field:postgresql/localhost/postgres/public/djstripe_taxrate/metadata"
  }, {
    "@id" : "urn:tr:field:postgresql/localhost/postgres/public/djstripe_taxrate/description"
  }, {
    "@id" : "urn:tr:field:postgresql/localhost/postgres/public/djstripe_taxrate/djstripe_created"
  }, {
    "@id" : "urn:tr:field:postgresql/localhost/postgres/public/djstripe_taxrate/djstripe_updated"
  }, {
    "@id" : "urn:tr:field:postgresql/localhost/postgres/public/djstripe_taxrate/active"
  }, {
    "@id" : "urn:tr:field:postgresql/localhost/postgres/public/djstripe_taxrate/display_name"
  }, {
    "@id" : "urn:tr:field:postgresql/localhost/postgres/public/djstripe_taxrate/inclusive"
  }, {
    "@id" : "urn:tr:field:postgresql/localhost/postgres/public/djstripe_taxrate/jurisdiction"
  }, {
    "@id" : "urn:tr:field:postgresql/localhost/postgres/public/djstripe_taxrate/percentage"
  }, {
    "@id" : "urn:tr:field:postgresql/localhost/postgres/public/djstripe_taxrate/djstripe_owner_account_id"
  } ]
}, {
  "@id" : "urn:tr:field:postgresql/localhost/postgres/public/djstripe_taxrate/djstripe_id",
  "http://schema.org/name" : [ {
    "@value" : "djstripe_id"
  } ],
  "http://trawler.dev/schema/core/0.1#isNullable" : [ {
    "@value" : false
  } ],
  "http://trawler.dev/schema/core/0.1#relations" : [ ],
  "http://trawler.dev/schema/core/0.1#type" : [ {
    "@value" : "BIGINT"
  } ]
}, {
  "@id" : "urn:tr:field:postgresql/localhost/postgres/public/djstripe_taxrate/id",
  "http://schema.org/name" : [ {
    "@value" : "id"
  } ],
  "http://trawler.dev/schema/core/0.1#isNullable" : [ {
    "@value" : false
  } ],
  "http://trawler.dev/schema/core/0.1#relations" : [ ],
  "http://trawler.dev/schema/core/0.1#type" : [ {
    "@value" : "VARCHAR"
  } ]
}, {
  "@id" : "urn:tr:field:postgresql/localhost/postgres/public/djstripe_taxrate/livemode",
  "http://schema.org/name" : [ {
    "@value" : "livemode"
  } ],
  "http://trawler.dev/schema/core/0.1#isNullable" : [ {
    "@value" : true
  } ],
  "http://trawler.dev/schema/core/0.1#relations" : [ ],
  "http://trawler.dev/schema/core/0.1#type" : [ {
    "@value" : "BOOLEAN"
  } ]
}, {
  "@id" : "urn:tr:field:postgresql/localhost/postgres/public/djstripe_taxrate/created",
  "http://schema.org/name" : [ {
    "@value" : "created"
  } ],
  "http://trawler.dev/schema/core/0.1#isNullable" : [ {
    "@value" : true
  } ],
  "http://trawler.dev/schema/core/0.1#relations" : [ ],
  "http://trawler.dev/schema/core/0.1#type" : [ {
    "@value" : "TIMESTAMP"
  } ]
}, {
  "@id" : "urn:tr:field:postgresql/localhost/postgres/public/djstripe_taxrate/metadata",
  "http://schema.org/name" : [ {
    "@value" : "metadata"
  } ],
  "http://trawler.dev/schema/core/0.1#isNullable" : [ {
    "@value" : true
  } ],
  "http://trawler.dev/schema/core/0.1#relations" : [ ],
  "http://trawler.dev/schema/core/0.1#type" : [ {
    "@value" : "JSONB"
  } ]
}, {
  "@id" : "urn:tr:field:postgresql/localhost/postgres/public/djstripe_taxrate/description",
  "http://schema.org/name" : [ {
    "@value" : "description"
  } ],
  "http://trawler.dev/schema/core/0.1#isNullable" : [ {
    "@value" : true
  } ],
  "http://trawler.dev/schema/core/0.1#relations" : [ ],
  "http://trawler.dev/schema/core/0.1#type" : [ {
    "@value" : "TEXT"
  } ]
}, {
  "@id" : "urn:tr:field:postgresql/localhost/postgres/public/djstripe_taxrate/djstripe_created",
  "http://schema.org/name" : [ {
    "@value" : "djstripe_created"
  } ],
  "http://trawler.dev/schema/core/0.1#isNullable" : [ {
    "@value" : false
  } ],
  "http://trawler.dev/schema/core/0.1#relations" : [ ],
  "http://trawler.dev/schema/core/0.1#type" : [ {
    "@value" : "TIMESTAMP"
  } ]
}, {
  "@id" : "urn:tr:field:postgresql/localhost/postgres/public/djstripe_taxrate/djstripe_updated",
  "http://schema.org/name" : [ {
    "@value" : "djstripe_updated"
  } ],
  "http://trawler.dev/schema/core/0.1#isNullable" : [ {
    "@value" : false
  } ],
  "http://trawler.dev/schema/core/0.1#relations" : [ ],
  "http://trawler.dev/schema/core/0.1#type" : [ {
    "@value" : "TIMESTAMP"
  } ]
}, {
  "@id" : "urn:tr:field:postgresql/localhost/postgres/public/djstripe_taxrate/active",
  "http://schema.org/name" : [ {
    "@value" : "active"
  } ],
  "http://trawler.dev/schema/core/0.1#isNullable" : [ {
    "@value" : false
  } ],
  "http://trawler.dev/schema/core/0.1#relations" : [ ],
  "http://trawler.dev/schema/core/0.1#type" : [ {
    "@value" : "BOOLEAN"
  } ]
}, {
  "@id" : "urn:tr:field:postgresql/localhost/postgres/public/djstripe_taxrate/display_name",
  "http://schema.org/name" : [ {
    "@value" : "display_name"
  } ],
  "http://trawler.dev/schema/core/0.1#isNullable" : [ {
    "@value" : false
  } ],
  "http://trawler.dev/schema/core/0.1#relations" : [ ],
  "http://trawler.dev/schema/core/0.1#type" : [ {
    "@value" : "VARCHAR"
  } ]
}, {
  "@id" : "urn:tr:field:postgresql/localhost/postgres/public/djstripe_taxrate/inclusive",
  "http://schema.org/name" : [ {
    "@value" : "inclusive"
  } ],
  "http://trawler.dev/schema/core/0.1#isNullable" : [ {
    "@value" : false
  } ],
  "http://trawler.dev/schema/core/0.1#relations" : [ ],
  "http://trawler.dev/schema/core/0.1#type" : [ {
    "@value" : "BOOLEAN"
  } ]
}, {
  "@id" : "urn:tr:field:postgresql/localhost/postgres/public/djstripe_taxrate/jurisdiction",
  "http://schema.org/name" : [ {
    "@value" : "jurisdiction"
  } ],
  "http://trawler.dev/schema/core/0.1#isNullable" : [ {
    "@value" : false
  } ],
  "http://trawler.dev/schema/core/0.1#relations" : [ ],
  "http://trawler.dev/schema/core/0.1#type" : [ {
    "@value" : "VARCHAR"
  } ]
}, {
  "@id" : "urn:tr:field:postgresql/localhost/postgres/public/djstripe_taxrate/percentage",
  "http://schema.org/name" : [ {
    "@value" : "percentage"
  } ],
  "http://trawler.dev/schema/core/0.1#isNullable" : [ {
    "@value" : false
  } ],
  "http://trawler.dev/schema/core/0.1#relations" : [ ],
  "http://trawler.dev/schema/core/0.1#type" : [ {
    "@value" : "NUMERIC"
  } ]
}, {
  "@id" : "urn:tr:field:postgresql/localhost/postgres/public/djstripe_taxrate/djstripe_owner_account_id",
  "http://schema.org/name" : [ {
    "@value" : "djstripe_owner_account_id"
  } ],
  "http://trawler.dev/schema/core/0.1#isNullable" : [ {
    "@value" : true
  } ],
  "http://trawler.dev/schema/core/0.1#relations" : [ {
    "@value" : "urn:tr:constraint:postgresql/localhost/postgres/public/djstripe_taxrate/djstripe_taxrate_djstripe_owner_accou_d6421376_fk_djstripe_"
  } ],
  "http://trawler.dev/schema/core/0.1#type" : [ {
    "@value" : "VARCHAR"
  } ]
}, {
  "@id" : "urn:tr:constraint:postgresql/localhost/postgres/public/djstripe_taxrate/djstripe_taxrate_djstripe_owner_accou_d6421376_fk_djstripe_",
  "@type" : [ "tr:Constraint" ],
  "tr:hasFields" : [ {
    "@id" : "urn:tr:column:postgresql/localhost/postgres/public/djstripe_account/id"
  } ]
}, {
  "@id" : "urn:tr:table:postgresql/localhost/postgres/public/djstripe_transferreversal",
  "@type" : [ "http://trawler.dev/schema/core/0.1#Table" ],
  "http://schema.org/name" : [ {
    "@value" : "djstripe_transferreversal"
  } ],
  "http://trawler.dev/schema/core/0.1#hasFields" : [ {
    "@id" : "urn:tr:field:postgresql/localhost/postgres/public/djstripe_transferreversal/djstripe_id"
  }, {
    "@id" : "urn:tr:field:postgresql/localhost/postgres/public/djstripe_transferreversal/id"
  }, {
    "@id" : "urn:tr:field:postgresql/localhost/postgres/public/djstripe_transferreversal/livemode"
  }, {
    "@id" : "urn:tr:field:postgresql/localhost/postgres/public/djstripe_transferreversal/created"
  }, {
    "@id" : "urn:tr:field:postgresql/localhost/postgres/public/djstripe_transferreversal/metadata"
  }, {
    "@id" : "urn:tr:field:postgresql/localhost/postgres/public/djstripe_transferreversal/description"
  }, {
    "@id" : "urn:tr:field:postgresql/localhost/postgres/public/djstripe_transferreversal/djstripe_created"
  }, {
    "@id" : "urn:tr:field:postgresql/localhost/postgres/public/djstripe_transferreversal/djstripe_updated"
  }, {
    "@id" : "urn:tr:field:postgresql/localhost/postgres/public/djstripe_transferreversal/amount"
  }, {
    "@id" : "urn:tr:field:postgresql/localhost/postgres/public/djstripe_transferreversal/currency"
  }, {
    "@id" : "urn:tr:field:postgresql/localhost/postgres/public/djstripe_transferreversal/balance_transaction_id"
  }, {
    "@id" : "urn:tr:field:postgresql/localhost/postgres/public/djstripe_transferreversal/transfer_id"
  }, {
    "@id" : "urn:tr:field:postgresql/localhost/postgres/public/djstripe_transferreversal/djstripe_owner_account_id"
  } ]
}, {
  "@id" : "urn:tr:field:postgresql/localhost/postgres/public/djstripe_transferreversal/djstripe_id",
  "http://schema.org/name" : [ {
    "@value" : "djstripe_id"
  } ],
  "http://trawler.dev/schema/core/0.1#isNullable" : [ {
    "@value" : false
  } ],
  "http://trawler.dev/schema/core/0.1#relations" : [ ],
  "http://trawler.dev/schema/core/0.1#type" : [ {
    "@value" : "BIGINT"
  } ]
}, {
  "@id" : "urn:tr:field:postgresql/localhost/postgres/public/djstripe_transferreversal/id",
  "http://schema.org/name" : [ {
    "@value" : "id"
  } ],
  "http://trawler.dev/schema/core/0.1#isNullable" : [ {
    "@value" : false
  } ],
  "http://trawler.dev/schema/core/0.1#relations" : [ ],
  "http://trawler.dev/schema/core/0.1#type" : [ {
    "@value" : "VARCHAR"
  } ]
}, {
  "@id" : "urn:tr:field:postgresql/localhost/postgres/public/djstripe_transferreversal/livemode",
  "http://schema.org/name" : [ {
    "@value" : "livemode"
  } ],
  "http://trawler.dev/schema/core/0.1#isNullable" : [ {
    "@value" : true
  } ],
  "http://trawler.dev/schema/core/0.1#relations" : [ ],
  "http://trawler.dev/schema/core/0.1#type" : [ {
    "@value" : "BOOLEAN"
  } ]
}, {
  "@id" : "urn:tr:field:postgresql/localhost/postgres/public/djstripe_transferreversal/created",
  "http://schema.org/name" : [ {
    "@value" : "created"
  } ],
  "http://trawler.dev/schema/core/0.1#isNullable" : [ {
    "@value" : true
  } ],
  "http://trawler.dev/schema/core/0.1#relations" : [ ],
  "http://trawler.dev/schema/core/0.1#type" : [ {
    "@value" : "TIMESTAMP"
  } ]
}, {
  "@id" : "urn:tr:field:postgresql/localhost/postgres/public/djstripe_transferreversal/metadata",
  "http://schema.org/name" : [ {
    "@value" : "metadata"
  } ],
  "http://trawler.dev/schema/core/0.1#isNullable" : [ {
    "@value" : true
  } ],
  "http://trawler.dev/schema/core/0.1#relations" : [ ],
  "http://trawler.dev/schema/core/0.1#type" : [ {
    "@value" : "JSONB"
  } ]
}, {
  "@id" : "urn:tr:field:postgresql/localhost/postgres/public/djstripe_transferreversal/description",
  "http://schema.org/name" : [ {
    "@value" : "description"
  } ],
  "http://trawler.dev/schema/core/0.1#isNullable" : [ {
    "@value" : true
  } ],
  "http://trawler.dev/schema/core/0.1#relations" : [ ],
  "http://trawler.dev/schema/core/0.1#type" : [ {
    "@value" : "TEXT"
  } ]
}, {
  "@id" : "urn:tr:field:postgresql/localhost/postgres/public/djstripe_transferreversal/djstripe_created",
  "http://schema.org/name" : [ {
    "@value" : "djstripe_created"
  } ],
  "http://trawler.dev/schema/core/0.1#isNullable" : [ {
    "@value" : false
  } ],
  "http://trawler.dev/schema/core/0.1#relations" : [ ],
  "http://trawler.dev/schema/core/0.1#type" : [ {
    "@value" : "TIMESTAMP"
  } ]
}, {
  "@id" : "urn:tr:field:postgresql/localhost/postgres/public/djstripe_transferreversal/djstripe_updated",
  "http://schema.org/name" : [ {
    "@value" : "djstripe_updated"
  } ],
  "http://trawler.dev/schema/core/0.1#isNullable" : [ {
    "@value" : false
  } ],
  "http://trawler.dev/schema/core/0.1#relations" : [ ],
  "http://trawler.dev/schema/core/0.1#type" : [ {
    "@value" : "TIMESTAMP"
  } ]
}, {
  "@id" : "urn:tr:field:postgresql/localhost/postgres/public/djstripe_transferreversal/amount",
  "http://schema.org/name" : [ {
    "@value" : "amount"
  } ],
  "http://trawler.dev/schema/core/0.1#isNullable" : [ {
    "@value" : false
  } ],
  "http://trawler.dev/schema/core/0.1#relations" : [ ],
  "http://trawler.dev/schema/core/0.1#type" : [ {
    "@value" : "BIGINT"
  } ]
}, {
  "@id" : "urn:tr:field:postgresql/localhost/postgres/public/djstripe_transferreversal/currency",
  "http://schema.org/name" : [ {
    "@value" : "currency"
  } ],
  "http://trawler.dev/schema/core/0.1#isNullable" : [ {
    "@value" : false
  } ],
  "http://trawler.dev/schema/core/0.1#relations" : [ ],
  "http://trawler.dev/schema/core/0.1#type" : [ {
    "@value" : "VARCHAR"
  } ]
}, {
  "@id" : "urn:tr:field:postgresql/localhost/postgres/public/djstripe_transferreversal/balance_transaction_id",
  "http://schema.org/name" : [ {
    "@value" : "balance_transaction_id"
  } ],
  "http://trawler.dev/schema/core/0.1#isNullable" : [ {
    "@value" : true
  } ],
  "http://trawler.dev/schema/core/0.1#relations" : [ {
    "@value" : "urn:tr:constraint:postgresql/localhost/postgres/public/djstripe_transferreversal/djstripe_transferrev_balance_transaction__5044f084_fk_djstripe_"
  } ],
  "http://trawler.dev/schema/core/0.1#type" : [ {
    "@value" : "VARCHAR"
  } ]
}, {
  "@id" : "urn:tr:field:postgresql/localhost/postgres/public/djstripe_transferreversal/transfer_id",
  "http://schema.org/name" : [ {
    "@value" : "transfer_id"
  } ],
  "http://trawler.dev/schema/core/0.1#isNullable" : [ {
    "@value" : false
  } ],
  "http://trawler.dev/schema/core/0.1#relations" : [ {
    "@value" : "urn:tr:constraint:postgresql/localhost/postgres/public/djstripe_transferreversal/djstripe_transferrev_transfer_id_8f250dd3_fk_djstripe_"
  } ],
  "http://trawler.dev/schema/core/0.1#type" : [ {
    "@value" : "VARCHAR"
  } ]
}, {
  "@id" : "urn:tr:field:postgresql/localhost/postgres/public/djstripe_transferreversal/djstripe_owner_account_id",
  "http://schema.org/name" : [ {
    "@value" : "djstripe_owner_account_id"
  } ],
  "http://trawler.dev/schema/core/0.1#isNullable" : [ {
    "@value" : true
  } ],
  "http://trawler.dev/schema/core/0.1#relations" : [ {
    "@value" : "urn:tr:constraint:postgresql/localhost/postgres/public/djstripe_transferreversal/djstripe_transferrev_djstripe_owner_accou_2e3051e1_fk_djstripe_"
  } ],
  "http://trawler.dev/schema/core/0.1#type" : [ {
    "@value" : "VARCHAR"
  } ]
}, {
  "@id" : "urn:tr:constraint:postgresql/localhost/postgres/public/djstripe_transferreversal/djstripe_transferrev_balance_transaction__5044f084_fk_djstripe_",
  "@type" : [ "tr:Constraint" ],
  "tr:hasFields" : [ {
    "@id" : "urn:tr:column:postgresql/localhost/postgres/public/djstripe_balancetransaction/id"
  } ]
}, {
  "@id" : "urn:tr:constraint:postgresql/localhost/postgres/public/djstripe_transferreversal/djstripe_transferrev_djstripe_owner_accou_2e3051e1_fk_djstripe_",
  "@type" : [ "tr:Constraint" ],
  "tr:hasFields" : [ {
    "@id" : "urn:tr:column:postgresql/localhost/postgres/public/djstripe_account/id"
  } ]
}, {
  "@id" : "urn:tr:constraint:postgresql/localhost/postgres/public/djstripe_transferreversal/djstripe_transferrev_transfer_id_8f250dd3_fk_djstripe_",
  "@type" : [ "tr:Constraint" ],
  "tr:hasFields" : [ {
    "@id" : "urn:tr:column:postgresql/localhost/postgres/public/djstripe_transfer/id"
  } ]
}, {
  "@id" : "urn:tr:table:postgresql/localhost/postgres/public/djstripe_usagerecord",
  "@type" : [ "http://trawler.dev/schema/core/0.1#Table" ],
  "http://schema.org/name" : [ {
    "@value" : "djstripe_usagerecord"
  } ],
  "http://trawler.dev/schema/core/0.1#hasFields" : [ {
    "@id" : "urn:tr:field:postgresql/localhost/postgres/public/djstripe_usagerecord/djstripe_id"
  }, {
    "@id" : "urn:tr:field:postgresql/localhost/postgres/public/djstripe_usagerecord/id"
  }, {
    "@id" : "urn:tr:field:postgresql/localhost/postgres/public/djstripe_usagerecord/livemode"
  }, {
    "@id" : "urn:tr:field:postgresql/localhost/postgres/public/djstripe_usagerecord/created"
  }, {
    "@id" : "urn:tr:field:postgresql/localhost/postgres/public/djstripe_usagerecord/metadata"
  }, {
    "@id" : "urn:tr:field:postgresql/localhost/postgres/public/djstripe_usagerecord/description"
  }, {
    "@id" : "urn:tr:field:postgresql/localhost/postgres/public/djstripe_usagerecord/djstripe_created"
  }, {
    "@id" : "urn:tr:field:postgresql/localhost/postgres/public/djstripe_usagerecord/djstripe_updated"
  }, {
    "@id" : "urn:tr:field:postgresql/localhost/postgres/public/djstripe_usagerecord/quantity"
  }, {
    "@id" : "urn:tr:field:postgresql/localhost/postgres/public/djstripe_usagerecord/subscription_item_id"
  }, {
    "@id" : "urn:tr:field:postgresql/localhost/postgres/public/djstripe_usagerecord/djstripe_owner_account_id"
  } ]
}, {
  "@id" : "urn:tr:field:postgresql/localhost/postgres/public/djstripe_usagerecord/djstripe_id",
  "http://schema.org/name" : [ {
    "@value" : "djstripe_id"
  } ],
  "http://trawler.dev/schema/core/0.1#isNullable" : [ {
    "@value" : false
  } ],
  "http://trawler.dev/schema/core/0.1#relations" : [ ],
  "http://trawler.dev/schema/core/0.1#type" : [ {
    "@value" : "BIGINT"
  } ]
}, {
  "@id" : "urn:tr:field:postgresql/localhost/postgres/public/djstripe_usagerecord/id",
  "http://schema.org/name" : [ {
    "@value" : "id"
  } ],
  "http://trawler.dev/schema/core/0.1#isNullable" : [ {
    "@value" : false
  } ],
  "http://trawler.dev/schema/core/0.1#relations" : [ ],
  "http://trawler.dev/schema/core/0.1#type" : [ {
    "@value" : "VARCHAR"
  } ]
}, {
  "@id" : "urn:tr:field:postgresql/localhost/postgres/public/djstripe_usagerecord/livemode",
  "http://schema.org/name" : [ {
    "@value" : "livemode"
  } ],
  "http://trawler.dev/schema/core/0.1#isNullable" : [ {
    "@value" : true
  } ],
  "http://trawler.dev/schema/core/0.1#relations" : [ ],
  "http://trawler.dev/schema/core/0.1#type" : [ {
    "@value" : "BOOLEAN"
  } ]
}, {
  "@id" : "urn:tr:field:postgresql/localhost/postgres/public/djstripe_usagerecord/created",
  "http://schema.org/name" : [ {
    "@value" : "created"
  } ],
  "http://trawler.dev/schema/core/0.1#isNullable" : [ {
    "@value" : true
  } ],
  "http://trawler.dev/schema/core/0.1#relations" : [ ],
  "http://trawler.dev/schema/core/0.1#type" : [ {
    "@value" : "TIMESTAMP"
  } ]
}, {
  "@id" : "urn:tr:field:postgresql/localhost/postgres/public/djstripe_usagerecord/metadata",
  "http://schema.org/name" : [ {
    "@value" : "metadata"
  } ],
  "http://trawler.dev/schema/core/0.1#isNullable" : [ {
    "@value" : true
  } ],
  "http://trawler.dev/schema/core/0.1#relations" : [ ],
  "http://trawler.dev/schema/core/0.1#type" : [ {
    "@value" : "JSONB"
  } ]
}, {
  "@id" : "urn:tr:field:postgresql/localhost/postgres/public/djstripe_usagerecord/description",
  "http://schema.org/name" : [ {
    "@value" : "description"
  } ],
  "http://trawler.dev/schema/core/0.1#isNullable" : [ {
    "@value" : true
  } ],
  "http://trawler.dev/schema/core/0.1#relations" : [ ],
  "http://trawler.dev/schema/core/0.1#type" : [ {
    "@value" : "TEXT"
  } ]
}, {
  "@id" : "urn:tr:field:postgresql/localhost/postgres/public/djstripe_usagerecord/djstripe_created",
  "http://schema.org/name" : [ {
    "@value" : "djstripe_created"
  } ],
  "http://trawler.dev/schema/core/0.1#isNullable" : [ {
    "@value" : false
  } ],
  "http://trawler.dev/schema/core/0.1#relations" : [ ],
  "http://trawler.dev/schema/core/0.1#type" : [ {
    "@value" : "TIMESTAMP"
  } ]
}, {
  "@id" : "urn:tr:field:postgresql/localhost/postgres/public/djstripe_usagerecord/djstripe_updated",
  "http://schema.org/name" : [ {
    "@value" : "djstripe_updated"
  } ],
  "http://trawler.dev/schema/core/0.1#isNullable" : [ {
    "@value" : false
  } ],
  "http://trawler.dev/schema/core/0.1#relations" : [ ],
  "http://trawler.dev/schema/core/0.1#type" : [ {
    "@value" : "TIMESTAMP"
  } ]
}, {
  "@id" : "urn:tr:field:postgresql/localhost/postgres/public/djstripe_usagerecord/quantity",
  "http://schema.org/name" : [ {
    "@value" : "quantity"
  } ],
  "http://trawler.dev/schema/core/0.1#isNullable" : [ {
    "@value" : false
  } ],
  "http://trawler.dev/schema/core/0.1#relations" : [ ],
  "http://trawler.dev/schema/core/0.1#type" : [ {
    "@value" : "INTEGER"
  } ]
}, {
  "@id" : "urn:tr:field:postgresql/localhost/postgres/public/djstripe_usagerecord/subscription_item_id",
  "http://schema.org/name" : [ {
    "@value" : "subscription_item_id"
  } ],
  "http://trawler.dev/schema/core/0.1#isNullable" : [ {
    "@value" : false
  } ],
  "http://trawler.dev/schema/core/0.1#relations" : [ {
    "@value" : "urn:tr:constraint:postgresql/localhost/postgres/public/djstripe_usagerecord/djstripe_usagerecord_subscription_item_id_5a38e1e2_fk_djstripe_"
  } ],
  "http://trawler.dev/schema/core/0.1#type" : [ {
    "@value" : "VARCHAR"
  } ]
}, {
  "@id" : "urn:tr:field:postgresql/localhost/postgres/public/djstripe_usagerecord/djstripe_owner_account_id",
  "http://schema.org/name" : [ {
    "@value" : "djstripe_owner_account_id"
  } ],
  "http://trawler.dev/schema/core/0.1#isNullable" : [ {
    "@value" : true
  } ],
  "http://trawler.dev/schema/core/0.1#relations" : [ {
    "@value" : "urn:tr:constraint:postgresql/localhost/postgres/public/djstripe_usagerecord/djstripe_usagerecord_djstripe_owner_accou_ca4e1f26_fk_djstripe_"
  } ],
  "http://trawler.dev/schema/core/0.1#type" : [ {
    "@value" : "VARCHAR"
  } ]
}, {
  "@id" : "urn:tr:constraint:postgresql/localhost/postgres/public/djstripe_usagerecord/djstripe_usagerecord_djstripe_owner_accou_ca4e1f26_fk_djstripe_",
  "@type" : [ "tr:Constraint" ],
  "tr:hasFields" : [ {
    "@id" : "urn:tr:column:postgresql/localhost/postgres/public/djstripe_account/id"
  } ]
}, {
  "@id" : "urn:tr:constraint:postgresql/localhost/postgres/public/djstripe_usagerecord/djstripe_usagerecord_subscription_item_id_5a38e1e2_fk_djstripe_",
  "@type" : [ "tr:Constraint" ],
  "tr:hasFields" : [ {
    "@id" : "urn:tr:column:postgresql/localhost/postgres/public/djstripe_subscriptionitem/id"
  } ]
}, {
  "@id" : "urn:tr:table:postgresql/localhost/postgres/public/djstripe_price",
  "@type" : [ "http://trawler.dev/schema/core/0.1#Table" ],
  "http://schema.org/name" : [ {
    "@value" : "djstripe_price"
  } ],
  "http://trawler.dev/schema/core/0.1#hasFields" : [ {
    "@id" : "urn:tr:field:postgresql/localhost/postgres/public/djstripe_price/djstripe_id"
  }, {
    "@id" : "urn:tr:field:postgresql/localhost/postgres/public/djstripe_price/id"
  }, {
    "@id" : "urn:tr:field:postgresql/localhost/postgres/public/djstripe_price/livemode"
  }, {
    "@id" : "urn:tr:field:postgresql/localhost/postgres/public/djstripe_price/created"
  }, {
    "@id" : "urn:tr:field:postgresql/localhost/postgres/public/djstripe_price/metadata"
  }, {
    "@id" : "urn:tr:field:postgresql/localhost/postgres/public/djstripe_price/description"
  }, {
    "@id" : "urn:tr:field:postgresql/localhost/postgres/public/djstripe_price/djstripe_created"
  }, {
    "@id" : "urn:tr:field:postgresql/localhost/postgres/public/djstripe_price/djstripe_updated"
  }, {
    "@id" : "urn:tr:field:postgresql/localhost/postgres/public/djstripe_price/active"
  }, {
    "@id" : "urn:tr:field:postgresql/localhost/postgres/public/djstripe_price/currency"
  }, {
    "@id" : "urn:tr:field:postgresql/localhost/postgres/public/djstripe_price/nickname"
  }, {
    "@id" : "urn:tr:field:postgresql/localhost/postgres/public/djstripe_price/recurring"
  }, {
    "@id" : "urn:tr:field:postgresql/localhost/postgres/public/djstripe_price/type"
  }, {
    "@id" : "urn:tr:field:postgresql/localhost/postgres/public/djstripe_price/unit_amount"
  }, {
    "@id" : "urn:tr:field:postgresql/localhost/postgres/public/djstripe_price/unit_amount_decimal"
  }, {
    "@id" : "urn:tr:field:postgresql/localhost/postgres/public/djstripe_price/billing_scheme"
  }, {
    "@id" : "urn:tr:field:postgresql/localhost/postgres/public/djstripe_price/tiers"
  }, {
    "@id" : "urn:tr:field:postgresql/localhost/postgres/public/djstripe_price/tiers_mode"
  }, {
    "@id" : "urn:tr:field:postgresql/localhost/postgres/public/djstripe_price/djstripe_owner_account_id"
  }, {
    "@id" : "urn:tr:field:postgresql/localhost/postgres/public/djstripe_price/product_id"
  }, {
    "@id" : "urn:tr:field:postgresql/localhost/postgres/public/djstripe_price/lookup_key"
  }, {
    "@id" : "urn:tr:field:postgresql/localhost/postgres/public/djstripe_price/transform_quantity"
  } ]
}, {
  "@id" : "urn:tr:field:postgresql/localhost/postgres/public/djstripe_price/djstripe_id",
  "http://schema.org/name" : [ {
    "@value" : "djstripe_id"
  } ],
  "http://trawler.dev/schema/core/0.1#isNullable" : [ {
    "@value" : false
  } ],
  "http://trawler.dev/schema/core/0.1#relations" : [ ],
  "http://trawler.dev/schema/core/0.1#type" : [ {
    "@value" : "BIGINT"
  } ]
}, {
  "@id" : "urn:tr:field:postgresql/localhost/postgres/public/djstripe_price/id",
  "http://schema.org/name" : [ {
    "@value" : "id"
  } ],
  "http://trawler.dev/schema/core/0.1#isNullable" : [ {
    "@value" : false
  } ],
  "http://trawler.dev/schema/core/0.1#relations" : [ ],
  "http://trawler.dev/schema/core/0.1#type" : [ {
    "@value" : "VARCHAR"
  } ]
}, {
  "@id" : "urn:tr:field:postgresql/localhost/postgres/public/djstripe_price/livemode",
  "http://schema.org/name" : [ {
    "@value" : "livemode"
  } ],
  "http://trawler.dev/schema/core/0.1#isNullable" : [ {
    "@value" : true
  } ],
  "http://trawler.dev/schema/core/0.1#relations" : [ ],
  "http://trawler.dev/schema/core/0.1#type" : [ {
    "@value" : "BOOLEAN"
  } ]
}, {
  "@id" : "urn:tr:field:postgresql/localhost/postgres/public/djstripe_price/created",
  "http://schema.org/name" : [ {
    "@value" : "created"
  } ],
  "http://trawler.dev/schema/core/0.1#isNullable" : [ {
    "@value" : true
  } ],
  "http://trawler.dev/schema/core/0.1#relations" : [ ],
  "http://trawler.dev/schema/core/0.1#type" : [ {
    "@value" : "TIMESTAMP"
  } ]
}, {
  "@id" : "urn:tr:field:postgresql/localhost/postgres/public/djstripe_price/metadata",
  "http://schema.org/name" : [ {
    "@value" : "metadata"
  } ],
  "http://trawler.dev/schema/core/0.1#isNullable" : [ {
    "@value" : true
  } ],
  "http://trawler.dev/schema/core/0.1#relations" : [ ],
  "http://trawler.dev/schema/core/0.1#type" : [ {
    "@value" : "JSONB"
  } ]
}, {
  "@id" : "urn:tr:field:postgresql/localhost/postgres/public/djstripe_price/description",
  "http://schema.org/name" : [ {
    "@value" : "description"
  } ],
  "http://trawler.dev/schema/core/0.1#isNullable" : [ {
    "@value" : true
  } ],
  "http://trawler.dev/schema/core/0.1#relations" : [ ],
  "http://trawler.dev/schema/core/0.1#type" : [ {
    "@value" : "TEXT"
  } ]
}, {
  "@id" : "urn:tr:field:postgresql/localhost/postgres/public/djstripe_price/djstripe_created",
  "http://schema.org/name" : [ {
    "@value" : "djstripe_created"
  } ],
  "http://trawler.dev/schema/core/0.1#isNullable" : [ {
    "@value" : false
  } ],
  "http://trawler.dev/schema/core/0.1#relations" : [ ],
  "http://trawler.dev/schema/core/0.1#type" : [ {
    "@value" : "TIMESTAMP"
  } ]
}, {
  "@id" : "urn:tr:field:postgresql/localhost/postgres/public/djstripe_price/djstripe_updated",
  "http://schema.org/name" : [ {
    "@value" : "djstripe_updated"
  } ],
  "http://trawler.dev/schema/core/0.1#isNullable" : [ {
    "@value" : false
  } ],
  "http://trawler.dev/schema/core/0.1#relations" : [ ],
  "http://trawler.dev/schema/core/0.1#type" : [ {
    "@value" : "TIMESTAMP"
  } ]
}, {
  "@id" : "urn:tr:field:postgresql/localhost/postgres/public/djstripe_price/active",
  "http://schema.org/name" : [ {
    "@value" : "active"
  } ],
  "http://trawler.dev/schema/core/0.1#isNullable" : [ {
    "@value" : false
  } ],
  "http://trawler.dev/schema/core/0.1#relations" : [ ],
  "http://trawler.dev/schema/core/0.1#type" : [ {
    "@value" : "BOOLEAN"
  } ]
}, {
  "@id" : "urn:tr:field:postgresql/localhost/postgres/public/djstripe_price/currency",
  "http://schema.org/name" : [ {
    "@value" : "currency"
  } ],
  "http://trawler.dev/schema/core/0.1#isNullable" : [ {
    "@value" : false
  } ],
  "http://trawler.dev/schema/core/0.1#relations" : [ ],
  "http://trawler.dev/schema/core/0.1#type" : [ {
    "@value" : "VARCHAR"
  } ]
}, {
  "@id" : "urn:tr:field:postgresql/localhost/postgres/public/djstripe_price/nickname",
  "http://schema.org/name" : [ {
    "@value" : "nickname"
  } ],
  "http://trawler.dev/schema/core/0.1#isNullable" : [ {
    "@value" : false
  } ],
  "http://trawler.dev/schema/core/0.1#relations" : [ ],
  "http://trawler.dev/schema/core/0.1#type" : [ {
    "@value" : "VARCHAR"
  } ]
}, {
  "@id" : "urn:tr:field:postgresql/localhost/postgres/public/djstripe_price/recurring",
  "http://schema.org/name" : [ {
    "@value" : "recurring"
  } ],
  "http://trawler.dev/schema/core/0.1#isNullable" : [ {
    "@value" : true
  } ],
  "http://trawler.dev/schema/core/0.1#relations" : [ ],
  "http://trawler.dev/schema/core/0.1#type" : [ {
    "@value" : "JSONB"
  } ]
}, {
  "@id" : "urn:tr:field:postgresql/localhost/postgres/public/djstripe_price/type",
  "http://schema.org/name" : [ {
    "@value" : "type"
  } ],
  "http://trawler.dev/schema/core/0.1#isNullable" : [ {
    "@value" : false
  } ],
  "http://trawler.dev/schema/core/0.1#relations" : [ ],
  "http://trawler.dev/schema/core/0.1#type" : [ {
    "@value" : "VARCHAR"
  } ]
}, {
  "@id" : "urn:tr:field:postgresql/localhost/postgres/public/djstripe_price/unit_amount",
  "http://schema.org/name" : [ {
    "@value" : "unit_amount"
  } ],
  "http://trawler.dev/schema/core/0.1#isNullable" : [ {
    "@value" : true
  } ],
  "http://trawler.dev/schema/core/0.1#relations" : [ ],
  "http://trawler.dev/schema/core/0.1#type" : [ {
    "@value" : "BIGINT"
  } ]
}, {
  "@id" : "urn:tr:field:postgresql/localhost/postgres/public/djstripe_price/unit_amount_decimal",
  "http://schema.org/name" : [ {
    "@value" : "unit_amount_decimal"
  } ],
  "http://trawler.dev/schema/core/0.1#isNullable" : [ {
    "@value" : true
  } ],
  "http://trawler.dev/schema/core/0.1#relations" : [ ],
  "http://trawler.dev/schema/core/0.1#type" : [ {
    "@value" : "NUMERIC"
  } ]
}, {
  "@id" : "urn:tr:field:postgresql/localhost/postgres/public/djstripe_price/billing_scheme",
  "http://schema.org/name" : [ {
    "@value" : "billing_scheme"
  } ],
  "http://trawler.dev/schema/core/0.1#isNullable" : [ {
    "@value" : false
  } ],
  "http://trawler.dev/schema/core/0.1#relations" : [ ],
  "http://trawler.dev/schema/core/0.1#type" : [ {
    "@value" : "VARCHAR"
  } ]
}, {
  "@id" : "urn:tr:field:postgresql/localhost/postgres/public/djstripe_price/tiers",
  "http://schema.org/name" : [ {
    "@value" : "tiers"
  } ],
  "http://trawler.dev/schema/core/0.1#isNullable" : [ {
    "@value" : true
  } ],
  "http://trawler.dev/schema/core/0.1#relations" : [ ],
  "http://trawler.dev/schema/core/0.1#type" : [ {
    "@value" : "JSONB"
  } ]
}, {
  "@id" : "urn:tr:field:postgresql/localhost/postgres/public/djstripe_price/tiers_mode",
  "http://schema.org/name" : [ {
    "@value" : "tiers_mode"
  } ],
  "http://trawler.dev/schema/core/0.1#isNullable" : [ {
    "@value" : true
  } ],
  "http://trawler.dev/schema/core/0.1#relations" : [ ],
  "http://trawler.dev/schema/core/0.1#type" : [ {
    "@value" : "VARCHAR"
  } ]
}, {
  "@id" : "urn:tr:field:postgresql/localhost/postgres/public/djstripe_price/djstripe_owner_account_id",
  "http://schema.org/name" : [ {
    "@value" : "djstripe_owner_account_id"
  } ],
  "http://trawler.dev/schema/core/0.1#isNullable" : [ {
    "@value" : true
  } ],
  "http://trawler.dev/schema/core/0.1#relations" : [ {
    "@value" : "urn:tr:constraint:postgresql/localhost/postgres/public/djstripe_price/djstripe_price_djstripe_owner_accou_01c819f7_fk_djstripe_"
  } ],
  "http://trawler.dev/schema/core/0.1#type" : [ {
    "@value" : "VARCHAR"
  } ]
}, {
  "@id" : "urn:tr:field:postgresql/localhost/postgres/public/djstripe_price/product_id",
  "http://schema.org/name" : [ {
    "@value" : "product_id"
  } ],
  "http://trawler.dev/schema/core/0.1#isNullable" : [ {
    "@value" : false
  } ],
  "http://trawler.dev/schema/core/0.1#relations" : [ {
    "@value" : "urn:tr:constraint:postgresql/localhost/postgres/public/djstripe_price/djstripe_price_product_id_9f3d37eb_fk_djstripe_product_id"
  } ],
  "http://trawler.dev/schema/core/0.1#type" : [ {
    "@value" : "VARCHAR"
  } ]
}, {
  "@id" : "urn:tr:field:postgresql/localhost/postgres/public/djstripe_price/lookup_key",
  "http://schema.org/name" : [ {
    "@value" : "lookup_key"
  } ],
  "http://trawler.dev/schema/core/0.1#isNullable" : [ {
    "@value" : true
  } ],
  "http://trawler.dev/schema/core/0.1#relations" : [ ],
  "http://trawler.dev/schema/core/0.1#type" : [ {
    "@value" : "VARCHAR"
  } ]
}, {
  "@id" : "urn:tr:field:postgresql/localhost/postgres/public/djstripe_price/transform_quantity",
  "http://schema.org/name" : [ {
    "@value" : "transform_quantity"
  } ],
  "http://trawler.dev/schema/core/0.1#isNullable" : [ {
    "@value" : true
  } ],
  "http://trawler.dev/schema/core/0.1#relations" : [ ],
  "http://trawler.dev/schema/core/0.1#type" : [ {
    "@value" : "JSONB"
  } ]
}, {
  "@id" : "urn:tr:constraint:postgresql/localhost/postgres/public/djstripe_price/djstripe_price_djstripe_owner_accou_01c819f7_fk_djstripe_",
  "@type" : [ "tr:Constraint" ],
  "tr:hasFields" : [ {
    "@id" : "urn:tr:column:postgresql/localhost/postgres/public/djstripe_account/id"
  } ]
}, {
  "@id" : "urn:tr:constraint:postgresql/localhost/postgres/public/djstripe_price/djstripe_price_product_id_9f3d37eb_fk_djstripe_product_id",
  "@type" : [ "tr:Constraint" ],
  "tr:hasFields" : [ {
    "@id" : "urn:tr:column:postgresql/localhost/postgres/public/djstripe_product/id"
  } ]
}, {
  "@id" : "urn:tr:table:postgresql/localhost/postgres/public/djstripe_invoiceitem",
  "@type" : [ "http://trawler.dev/schema/core/0.1#Table" ],
  "http://schema.org/name" : [ {
    "@value" : "djstripe_invoiceitem"
  } ],
  "http://trawler.dev/schema/core/0.1#hasFields" : [ {
    "@id" : "urn:tr:field:postgresql/localhost/postgres/public/djstripe_invoiceitem/djstripe_id"
  }, {
    "@id" : "urn:tr:field:postgresql/localhost/postgres/public/djstripe_invoiceitem/id"
  }, {
    "@id" : "urn:tr:field:postgresql/localhost/postgres/public/djstripe_invoiceitem/livemode"
  }, {
    "@id" : "urn:tr:field:postgresql/localhost/postgres/public/djstripe_invoiceitem/created"
  }, {
    "@id" : "urn:tr:field:postgresql/localhost/postgres/public/djstripe_invoiceitem/metadata"
  }, {
    "@id" : "urn:tr:field:postgresql/localhost/postgres/public/djstripe_invoiceitem/description"
  }, {
    "@id" : "urn:tr:field:postgresql/localhost/postgres/public/djstripe_invoiceitem/djstripe_created"
  }, {
    "@id" : "urn:tr:field:postgresql/localhost/postgres/public/djstripe_invoiceitem/djstripe_updated"
  }, {
    "@id" : "urn:tr:field:postgresql/localhost/postgres/public/djstripe_invoiceitem/amount"
  }, {
    "@id" : "urn:tr:field:postgresql/localhost/postgres/public/djstripe_invoiceitem/currency"
  }, {
    "@id" : "urn:tr:field:postgresql/localhost/postgres/public/djstripe_invoiceitem/date"
  }, {
    "@id" : "urn:tr:field:postgresql/localhost/postgres/public/djstripe_invoiceitem/discountable"
  }, {
    "@id" : "urn:tr:field:postgresql/localhost/postgres/public/djstripe_invoiceitem/period"
  }, {
    "@id" : "urn:tr:field:postgresql/localhost/postgres/public/djstripe_invoiceitem/period_end"
  }, {
    "@id" : "urn:tr:field:postgresql/localhost/postgres/public/djstripe_invoiceitem/period_start"
  }, {
    "@id" : "urn:tr:field:postgresql/localhost/postgres/public/djstripe_invoiceitem/proration"
  }, {
    "@id" : "urn:tr:field:postgresql/localhost/postgres/public/djstripe_invoiceitem/quantity"
  }, {
    "@id" : "urn:tr:field:postgresql/localhost/postgres/public/djstripe_invoiceitem/customer_id"
  }, {
    "@id" : "urn:tr:field:postgresql/localhost/postgres/public/djstripe_invoiceitem/invoice_id"
  }, {
    "@id" : "urn:tr:field:postgresql/localhost/postgres/public/djstripe_invoiceitem/plan_id"
  }, {
    "@id" : "urn:tr:field:postgresql/localhost/postgres/public/djstripe_invoiceitem/subscription_id"
  }, {
    "@id" : "urn:tr:field:postgresql/localhost/postgres/public/djstripe_invoiceitem/djstripe_owner_account_id"
  }, {
    "@id" : "urn:tr:field:postgresql/localhost/postgres/public/djstripe_invoiceitem/unit_amount"
  }, {
    "@id" : "urn:tr:field:postgresql/localhost/postgres/public/djstripe_invoiceitem/unit_amount_decimal"
  }, {
    "@id" : "urn:tr:field:postgresql/localhost/postgres/public/djstripe_invoiceitem/price_id"
  } ]
}, {
  "@id" : "urn:tr:field:postgresql/localhost/postgres/public/djstripe_invoiceitem/djstripe_id",
  "http://schema.org/name" : [ {
    "@value" : "djstripe_id"
  } ],
  "http://trawler.dev/schema/core/0.1#isNullable" : [ {
    "@value" : false
  } ],
  "http://trawler.dev/schema/core/0.1#relations" : [ ],
  "http://trawler.dev/schema/core/0.1#type" : [ {
    "@value" : "BIGINT"
  } ]
}, {
  "@id" : "urn:tr:field:postgresql/localhost/postgres/public/djstripe_invoiceitem/id",
  "http://schema.org/name" : [ {
    "@value" : "id"
  } ],
  "http://trawler.dev/schema/core/0.1#isNullable" : [ {
    "@value" : false
  } ],
  "http://trawler.dev/schema/core/0.1#relations" : [ ],
  "http://trawler.dev/schema/core/0.1#type" : [ {
    "@value" : "VARCHAR"
  } ]
}, {
  "@id" : "urn:tr:field:postgresql/localhost/postgres/public/djstripe_invoiceitem/livemode",
  "http://schema.org/name" : [ {
    "@value" : "livemode"
  } ],
  "http://trawler.dev/schema/core/0.1#isNullable" : [ {
    "@value" : true
  } ],
  "http://trawler.dev/schema/core/0.1#relations" : [ ],
  "http://trawler.dev/schema/core/0.1#type" : [ {
    "@value" : "BOOLEAN"
  } ]
}, {
  "@id" : "urn:tr:field:postgresql/localhost/postgres/public/djstripe_invoiceitem/created",
  "http://schema.org/name" : [ {
    "@value" : "created"
  } ],
  "http://trawler.dev/schema/core/0.1#isNullable" : [ {
    "@value" : true
  } ],
  "http://trawler.dev/schema/core/0.1#relations" : [ ],
  "http://trawler.dev/schema/core/0.1#type" : [ {
    "@value" : "TIMESTAMP"
  } ]
}, {
  "@id" : "urn:tr:field:postgresql/localhost/postgres/public/djstripe_invoiceitem/metadata",
  "http://schema.org/name" : [ {
    "@value" : "metadata"
  } ],
  "http://trawler.dev/schema/core/0.1#isNullable" : [ {
    "@value" : true
  } ],
  "http://trawler.dev/schema/core/0.1#relations" : [ ],
  "http://trawler.dev/schema/core/0.1#type" : [ {
    "@value" : "JSONB"
  } ]
}, {
  "@id" : "urn:tr:field:postgresql/localhost/postgres/public/djstripe_invoiceitem/description",
  "http://schema.org/name" : [ {
    "@value" : "description"
  } ],
  "http://trawler.dev/schema/core/0.1#isNullable" : [ {
    "@value" : true
  } ],
  "http://trawler.dev/schema/core/0.1#relations" : [ ],
  "http://trawler.dev/schema/core/0.1#type" : [ {
    "@value" : "TEXT"
  } ]
}, {
  "@id" : "urn:tr:field:postgresql/localhost/postgres/public/djstripe_invoiceitem/djstripe_created",
  "http://schema.org/name" : [ {
    "@value" : "djstripe_created"
  } ],
  "http://trawler.dev/schema/core/0.1#isNullable" : [ {
    "@value" : false
  } ],
  "http://trawler.dev/schema/core/0.1#relations" : [ ],
  "http://trawler.dev/schema/core/0.1#type" : [ {
    "@value" : "TIMESTAMP"
  } ]
}, {
  "@id" : "urn:tr:field:postgresql/localhost/postgres/public/djstripe_invoiceitem/djstripe_updated",
  "http://schema.org/name" : [ {
    "@value" : "djstripe_updated"
  } ],
  "http://trawler.dev/schema/core/0.1#isNullable" : [ {
    "@value" : false
  } ],
  "http://trawler.dev/schema/core/0.1#relations" : [ ],
  "http://trawler.dev/schema/core/0.1#type" : [ {
    "@value" : "TIMESTAMP"
  } ]
}, {
  "@id" : "urn:tr:field:postgresql/localhost/postgres/public/djstripe_invoiceitem/amount",
  "http://schema.org/name" : [ {
    "@value" : "amount"
  } ],
  "http://trawler.dev/schema/core/0.1#isNullable" : [ {
    "@value" : false
  } ],
  "http://trawler.dev/schema/core/0.1#relations" : [ ],
  "http://trawler.dev/schema/core/0.1#type" : [ {
    "@value" : "NUMERIC"
  } ]
}, {
  "@id" : "urn:tr:field:postgresql/localhost/postgres/public/djstripe_invoiceitem/currency",
  "http://schema.org/name" : [ {
    "@value" : "currency"
  } ],
  "http://trawler.dev/schema/core/0.1#isNullable" : [ {
    "@value" : false
  } ],
  "http://trawler.dev/schema/core/0.1#relations" : [ ],
  "http://trawler.dev/schema/core/0.1#type" : [ {
    "@value" : "VARCHAR"
  } ]
}, {
  "@id" : "urn:tr:field:postgresql/localhost/postgres/public/djstripe_invoiceitem/date",
  "http://schema.org/name" : [ {
    "@value" : "date"
  } ],
  "http://trawler.dev/schema/core/0.1#isNullable" : [ {
    "@value" : false
  } ],
  "http://trawler.dev/schema/core/0.1#relations" : [ ],
  "http://trawler.dev/schema/core/0.1#type" : [ {
    "@value" : "TIMESTAMP"
  } ]
}, {
  "@id" : "urn:tr:field:postgresql/localhost/postgres/public/djstripe_invoiceitem/discountable",
  "http://schema.org/name" : [ {
    "@value" : "discountable"
  } ],
  "http://trawler.dev/schema/core/0.1#isNullable" : [ {
    "@value" : false
  } ],
  "http://trawler.dev/schema/core/0.1#relations" : [ ],
  "http://trawler.dev/schema/core/0.1#type" : [ {
    "@value" : "BOOLEAN"
  } ]
}, {
  "@id" : "urn:tr:field:postgresql/localhost/postgres/public/djstripe_invoiceitem/period",
  "http://schema.org/name" : [ {
    "@value" : "period"
  } ],
  "http://trawler.dev/schema/core/0.1#isNullable" : [ {
    "@value" : false
  } ],
  "http://trawler.dev/schema/core/0.1#relations" : [ ],
  "http://trawler.dev/schema/core/0.1#type" : [ {
    "@value" : "JSONB"
  } ]
}, {
  "@id" : "urn:tr:field:postgresql/localhost/postgres/public/djstripe_invoiceitem/period_end",
  "http://schema.org/name" : [ {
    "@value" : "period_end"
  } ],
  "http://trawler.dev/schema/core/0.1#isNullable" : [ {
    "@value" : false
  } ],
  "http://trawler.dev/schema/core/0.1#relations" : [ ],
  "http://trawler.dev/schema/core/0.1#type" : [ {
    "@value" : "TIMESTAMP"
  } ]
}, {
  "@id" : "urn:tr:field:postgresql/localhost/postgres/public/djstripe_invoiceitem/period_start",
  "http://schema.org/name" : [ {
    "@value" : "period_start"
  } ],
  "http://trawler.dev/schema/core/0.1#isNullable" : [ {
    "@value" : false
  } ],
  "http://trawler.dev/schema/core/0.1#relations" : [ ],
  "http://trawler.dev/schema/core/0.1#type" : [ {
    "@value" : "TIMESTAMP"
  } ]
}, {
  "@id" : "urn:tr:field:postgresql/localhost/postgres/public/djstripe_invoiceitem/proration",
  "http://schema.org/name" : [ {
    "@value" : "proration"
  } ],
  "http://trawler.dev/schema/core/0.1#isNullable" : [ {
    "@value" : false
  } ],
  "http://trawler.dev/schema/core/0.1#relations" : [ ],
  "http://trawler.dev/schema/core/0.1#type" : [ {
    "@value" : "BOOLEAN"
  } ]
}, {
  "@id" : "urn:tr:field:postgresql/localhost/postgres/public/djstripe_invoiceitem/quantity",
  "http://schema.org/name" : [ {
    "@value" : "quantity"
  } ],
  "http://trawler.dev/schema/core/0.1#isNullable" : [ {
    "@value" : true
  } ],
  "http://trawler.dev/schema/core/0.1#relations" : [ ],
  "http://trawler.dev/schema/core/0.1#type" : [ {
    "@value" : "INTEGER"
  } ]
}, {
  "@id" : "urn:tr:field:postgresql/localhost/postgres/public/djstripe_invoiceitem/customer_id",
  "http://schema.org/name" : [ {
    "@value" : "customer_id"
  } ],
  "http://trawler.dev/schema/core/0.1#isNullable" : [ {
    "@value" : false
  } ],
  "http://trawler.dev/schema/core/0.1#relations" : [ {
    "@value" : "urn:tr:constraint:postgresql/localhost/postgres/public/djstripe_invoiceitem/djstripe_invoiceitem_customer_id_259466b8_fk_djstripe_"
  } ],
  "http://trawler.dev/schema/core/0.1#type" : [ {
    "@value" : "VARCHAR"
  } ]
}, {
  "@id" : "urn:tr:field:postgresql/localhost/postgres/public/djstripe_invoiceitem/invoice_id",
  "http://schema.org/name" : [ {
    "@value" : "invoice_id"
  } ],
  "http://trawler.dev/schema/core/0.1#isNullable" : [ {
    "@value" : true
  } ],
  "http://trawler.dev/schema/core/0.1#relations" : [ {
    "@value" : "urn:tr:constraint:postgresql/localhost/postgres/public/djstripe_invoiceitem/djstripe_invoiceitem_invoice_id_d302912e_fk_djstripe_invoice_id"
  } ],
  "http://trawler.dev/schema/core/0.1#type" : [ {
    "@value" : "VARCHAR"
  } ]
}, {
  "@id" : "urn:tr:field:postgresql/localhost/postgres/public/djstripe_invoiceitem/plan_id",
  "http://schema.org/name" : [ {
    "@value" : "plan_id"
  } ],
  "http://trawler.dev/schema/core/0.1#isNullable" : [ {
    "@value" : true
  } ],
  "http://trawler.dev/schema/core/0.1#relations" : [ {
    "@value" : "urn:tr:constraint:postgresql/localhost/postgres/public/djstripe_invoiceitem/djstripe_invoiceitem_plan_id_a01e229a_fk_djstripe_"
  } ],
  "http://trawler.dev/schema/core/0.1#type" : [ {
    "@value" : "BIGINT"
  } ]
}, {
  "@id" : "urn:tr:field:postgresql/localhost/postgres/public/djstripe_invoiceitem/subscription_id",
  "http://schema.org/name" : [ {
    "@value" : "subscription_id"
  } ],
  "http://trawler.dev/schema/core/0.1#isNullable" : [ {
    "@value" : true
  } ],
  "http://trawler.dev/schema/core/0.1#relations" : [ {
    "@value" : "urn:tr:constraint:postgresql/localhost/postgres/public/djstripe_invoiceitem/djstripe_invoiceitem_subscription_id_a7760178_fk_djstripe_"
  } ],
  "http://trawler.dev/schema/core/0.1#type" : [ {
    "@value" : "VARCHAR"
  } ]
}, {
  "@id" : "urn:tr:field:postgresql/localhost/postgres/public/djstripe_invoiceitem/djstripe_owner_account_id",
  "http://schema.org/name" : [ {
    "@value" : "djstripe_owner_account_id"
  } ],
  "http://trawler.dev/schema/core/0.1#isNullable" : [ {
    "@value" : true
  } ],
  "http://trawler.dev/schema/core/0.1#relations" : [ {
    "@value" : "urn:tr:constraint:postgresql/localhost/postgres/public/djstripe_invoiceitem/djstripe_invoiceitem_djstripe_owner_accou_9afac289_fk_djstripe_"
  } ],
  "http://trawler.dev/schema/core/0.1#type" : [ {
    "@value" : "VARCHAR"
  } ]
}, {
  "@id" : "urn:tr:field:postgresql/localhost/postgres/public/djstripe_invoiceitem/unit_amount",
  "http://schema.org/name" : [ {
    "@value" : "unit_amount"
  } ],
  "http://trawler.dev/schema/core/0.1#isNullable" : [ {
    "@value" : true
  } ],
  "http://trawler.dev/schema/core/0.1#relations" : [ ],
  "http://trawler.dev/schema/core/0.1#type" : [ {
    "@value" : "BIGINT"
  } ]
}, {
  "@id" : "urn:tr:field:postgresql/localhost/postgres/public/djstripe_invoiceitem/unit_amount_decimal",
  "http://schema.org/name" : [ {
    "@value" : "unit_amount_decimal"
  } ],
  "http://trawler.dev/schema/core/0.1#isNullable" : [ {
    "@value" : true
  } ],
  "http://trawler.dev/schema/core/0.1#relations" : [ ],
  "http://trawler.dev/schema/core/0.1#type" : [ {
    "@value" : "NUMERIC"
  } ]
}, {
  "@id" : "urn:tr:field:postgresql/localhost/postgres/public/djstripe_invoiceitem/price_id",
  "http://schema.org/name" : [ {
    "@value" : "price_id"
  } ],
  "http://trawler.dev/schema/core/0.1#isNullable" : [ {
    "@value" : true
  } ],
  "http://trawler.dev/schema/core/0.1#relations" : [ {
    "@value" : "urn:tr:constraint:postgresql/localhost/postgres/public/djstripe_invoiceitem/djstripe_invoiceitem_price_id_24d80db8_fk_djstripe_"
  } ],
  "http://trawler.dev/schema/core/0.1#type" : [ {
    "@value" : "BIGINT"
  } ]
}, {
  "@id" : "urn:tr:constraint:postgresql/localhost/postgres/public/djstripe_invoiceitem/djstripe_invoiceitem_customer_id_259466b8_fk_djstripe_",
  "@type" : [ "tr:Constraint" ],
  "tr:hasFields" : [ {
    "@id" : "urn:tr:column:postgresql/localhost/postgres/public/djstripe_customer/id"
  } ]
}, {
  "@id" : "urn:tr:constraint:postgresql/localhost/postgres/public/djstripe_invoiceitem/djstripe_invoiceitem_djstripe_owner_accou_9afac289_fk_djstripe_",
  "@type" : [ "tr:Constraint" ],
  "tr:hasFields" : [ {
    "@id" : "urn:tr:column:postgresql/localhost/postgres/public/djstripe_account/id"
  } ]
}, {
  "@id" : "urn:tr:constraint:postgresql/localhost/postgres/public/djstripe_invoiceitem/djstripe_invoiceitem_invoice_id_d302912e_fk_djstripe_invoice_id",
  "@type" : [ "tr:Constraint" ],
  "tr:hasFields" : [ {
    "@id" : "urn:tr:column:postgresql/localhost/postgres/public/djstripe_invoice/id"
  } ]
}, {
  "@id" : "urn:tr:constraint:postgresql/localhost/postgres/public/djstripe_invoiceitem/djstripe_invoiceitem_plan_id_a01e229a_fk_djstripe_",
  "@type" : [ "tr:Constraint" ],
  "tr:hasFields" : [ {
    "@id" : "urn:tr:column:postgresql/localhost/postgres/public/djstripe_plan/djstripe_id"
  } ]
}, {
  "@id" : "urn:tr:constraint:postgresql/localhost/postgres/public/djstripe_invoiceitem/djstripe_invoiceitem_price_id_24d80db8_fk_djstripe_",
  "@type" : [ "tr:Constraint" ],
  "tr:hasFields" : [ {
    "@id" : "urn:tr:column:postgresql/localhost/postgres/public/djstripe_price/djstripe_id"
  } ]
}, {
  "@id" : "urn:tr:constraint:postgresql/localhost/postgres/public/djstripe_invoiceitem/djstripe_invoiceitem_subscription_id_a7760178_fk_djstripe_",
  "@type" : [ "tr:Constraint" ],
  "tr:hasFields" : [ {
    "@id" : "urn:tr:column:postgresql/localhost/postgres/public/djstripe_subscription/id"
  } ]
}, {
  "@id" : "urn:tr:table:postgresql/localhost/postgres/public/djstripe_subscriptionschedule",
  "@type" : [ "http://trawler.dev/schema/core/0.1#Table" ],
  "http://schema.org/name" : [ {
    "@value" : "djstripe_subscriptionschedule"
  } ],
  "http://trawler.dev/schema/core/0.1#hasFields" : [ {
    "@id" : "urn:tr:field:postgresql/localhost/postgres/public/djstripe_subscriptionschedule/djstripe_id"
  }, {
    "@id" : "urn:tr:field:postgresql/localhost/postgres/public/djstripe_subscriptionschedule/id"
  }, {
    "@id" : "urn:tr:field:postgresql/localhost/postgres/public/djstripe_subscriptionschedule/livemode"
  }, {
    "@id" : "urn:tr:field:postgresql/localhost/postgres/public/djstripe_subscriptionschedule/created"
  }, {
    "@id" : "urn:tr:field:postgresql/localhost/postgres/public/djstripe_subscriptionschedule/metadata"
  }, {
    "@id" : "urn:tr:field:postgresql/localhost/postgres/public/djstripe_subscriptionschedule/description"
  }, {
    "@id" : "urn:tr:field:postgresql/localhost/postgres/public/djstripe_subscriptionschedule/djstripe_created"
  }, {
    "@id" : "urn:tr:field:postgresql/localhost/postgres/public/djstripe_subscriptionschedule/djstripe_updated"
  }, {
    "@id" : "urn:tr:field:postgresql/localhost/postgres/public/djstripe_subscriptionschedule/canceled_at"
  }, {
    "@id" : "urn:tr:field:postgresql/localhost/postgres/public/djstripe_subscriptionschedule/completed_at"
  }, {
    "@id" : "urn:tr:field:postgresql/localhost/postgres/public/djstripe_subscriptionschedule/current_phase"
  }, {
    "@id" : "urn:tr:field:postgresql/localhost/postgres/public/djstripe_subscriptionschedule/default_settings"
  }, {
    "@id" : "urn:tr:field:postgresql/localhost/postgres/public/djstripe_subscriptionschedule/end_behavior"
  }, {
    "@id" : "urn:tr:field:postgresql/localhost/postgres/public/djstripe_subscriptionschedule/phases"
  }, {
    "@id" : "urn:tr:field:postgresql/localhost/postgres/public/djstripe_subscriptionschedule/released_at"
  }, {
    "@id" : "urn:tr:field:postgresql/localhost/postgres/public/djstripe_subscriptionschedule/status"
  }, {
    "@id" : "urn:tr:field:postgresql/localhost/postgres/public/djstripe_subscriptionschedule/customer_id"
  }, {
    "@id" : "urn:tr:field:postgresql/localhost/postgres/public/djstripe_subscriptionschedule/djstripe_owner_account_id"
  }, {
    "@id" : "urn:tr:field:postgresql/localhost/postgres/public/djstripe_subscriptionschedule/released_subscription_id"
  }, {
    "@id" : "urn:tr:field:postgresql/localhost/postgres/public/djstripe_subscriptionschedule/billing_thresholds"
  } ]
}, {
  "@id" : "urn:tr:field:postgresql/localhost/postgres/public/djstripe_subscriptionschedule/djstripe_id",
  "http://schema.org/name" : [ {
    "@value" : "djstripe_id"
  } ],
  "http://trawler.dev/schema/core/0.1#isNullable" : [ {
    "@value" : false
  } ],
  "http://trawler.dev/schema/core/0.1#relations" : [ ],
  "http://trawler.dev/schema/core/0.1#type" : [ {
    "@value" : "BIGINT"
  } ]
}, {
  "@id" : "urn:tr:field:postgresql/localhost/postgres/public/djstripe_subscriptionschedule/id",
  "http://schema.org/name" : [ {
    "@value" : "id"
  } ],
  "http://trawler.dev/schema/core/0.1#isNullable" : [ {
    "@value" : false
  } ],
  "http://trawler.dev/schema/core/0.1#relations" : [ ],
  "http://trawler.dev/schema/core/0.1#type" : [ {
    "@value" : "VARCHAR"
  } ]
}, {
  "@id" : "urn:tr:field:postgresql/localhost/postgres/public/djstripe_subscriptionschedule/livemode",
  "http://schema.org/name" : [ {
    "@value" : "livemode"
  } ],
  "http://trawler.dev/schema/core/0.1#isNullable" : [ {
    "@value" : true
  } ],
  "http://trawler.dev/schema/core/0.1#relations" : [ ],
  "http://trawler.dev/schema/core/0.1#type" : [ {
    "@value" : "BOOLEAN"
  } ]
}, {
  "@id" : "urn:tr:field:postgresql/localhost/postgres/public/djstripe_subscriptionschedule/created",
  "http://schema.org/name" : [ {
    "@value" : "created"
  } ],
  "http://trawler.dev/schema/core/0.1#isNullable" : [ {
    "@value" : true
  } ],
  "http://trawler.dev/schema/core/0.1#relations" : [ ],
  "http://trawler.dev/schema/core/0.1#type" : [ {
    "@value" : "TIMESTAMP"
  } ]
}, {
  "@id" : "urn:tr:field:postgresql/localhost/postgres/public/djstripe_subscriptionschedule/metadata",
  "http://schema.org/name" : [ {
    "@value" : "metadata"
  } ],
  "http://trawler.dev/schema/core/0.1#isNullable" : [ {
    "@value" : true
  } ],
  "http://trawler.dev/schema/core/0.1#relations" : [ ],
  "http://trawler.dev/schema/core/0.1#type" : [ {
    "@value" : "JSONB"
  } ]
}, {
  "@id" : "urn:tr:field:postgresql/localhost/postgres/public/djstripe_subscriptionschedule/description",
  "http://schema.org/name" : [ {
    "@value" : "description"
  } ],
  "http://trawler.dev/schema/core/0.1#isNullable" : [ {
    "@value" : true
  } ],
  "http://trawler.dev/schema/core/0.1#relations" : [ ],
  "http://trawler.dev/schema/core/0.1#type" : [ {
    "@value" : "TEXT"
  } ]
}, {
  "@id" : "urn:tr:field:postgresql/localhost/postgres/public/djstripe_subscriptionschedule/djstripe_created",
  "http://schema.org/name" : [ {
    "@value" : "djstripe_created"
  } ],
  "http://trawler.dev/schema/core/0.1#isNullable" : [ {
    "@value" : false
  } ],
  "http://trawler.dev/schema/core/0.1#relations" : [ ],
  "http://trawler.dev/schema/core/0.1#type" : [ {
    "@value" : "TIMESTAMP"
  } ]
}, {
  "@id" : "urn:tr:field:postgresql/localhost/postgres/public/djstripe_subscriptionschedule/djstripe_updated",
  "http://schema.org/name" : [ {
    "@value" : "djstripe_updated"
  } ],
  "http://trawler.dev/schema/core/0.1#isNullable" : [ {
    "@value" : false
  } ],
  "http://trawler.dev/schema/core/0.1#relations" : [ ],
  "http://trawler.dev/schema/core/0.1#type" : [ {
    "@value" : "TIMESTAMP"
  } ]
}, {
  "@id" : "urn:tr:field:postgresql/localhost/postgres/public/djstripe_subscriptionschedule/canceled_at",
  "http://schema.org/name" : [ {
    "@value" : "canceled_at"
  } ],
  "http://trawler.dev/schema/core/0.1#isNullable" : [ {
    "@value" : true
  } ],
  "http://trawler.dev/schema/core/0.1#relations" : [ ],
  "http://trawler.dev/schema/core/0.1#type" : [ {
    "@value" : "TIMESTAMP"
  } ]
}, {
  "@id" : "urn:tr:field:postgresql/localhost/postgres/public/djstripe_subscriptionschedule/completed_at",
  "http://schema.org/name" : [ {
    "@value" : "completed_at"
  } ],
  "http://trawler.dev/schema/core/0.1#isNullable" : [ {
    "@value" : true
  } ],
  "http://trawler.dev/schema/core/0.1#relations" : [ ],
  "http://trawler.dev/schema/core/0.1#type" : [ {
    "@value" : "TIMESTAMP"
  } ]
}, {
  "@id" : "urn:tr:field:postgresql/localhost/postgres/public/djstripe_subscriptionschedule/current_phase",
  "http://schema.org/name" : [ {
    "@value" : "current_phase"
  } ],
  "http://trawler.dev/schema/core/0.1#isNullable" : [ {
    "@value" : true
  } ],
  "http://trawler.dev/schema/core/0.1#relations" : [ ],
  "http://trawler.dev/schema/core/0.1#type" : [ {
    "@value" : "JSONB"
  } ]
}, {
  "@id" : "urn:tr:field:postgresql/localhost/postgres/public/djstripe_subscriptionschedule/default_settings",
  "http://schema.org/name" : [ {
    "@value" : "default_settings"
  } ],
  "http://trawler.dev/schema/core/0.1#isNullable" : [ {
    "@value" : true
  } ],
  "http://trawler.dev/schema/core/0.1#relations" : [ ],
  "http://trawler.dev/schema/core/0.1#type" : [ {
    "@value" : "JSONB"
  } ]
}, {
  "@id" : "urn:tr:field:postgresql/localhost/postgres/public/djstripe_subscriptionschedule/end_behavior",
  "http://schema.org/name" : [ {
    "@value" : "end_behavior"
  } ],
  "http://trawler.dev/schema/core/0.1#isNullable" : [ {
    "@value" : false
  } ],
  "http://trawler.dev/schema/core/0.1#relations" : [ ],
  "http://trawler.dev/schema/core/0.1#type" : [ {
    "@value" : "VARCHAR"
  } ]
}, {
  "@id" : "urn:tr:field:postgresql/localhost/postgres/public/djstripe_subscriptionschedule/phases",
  "http://schema.org/name" : [ {
    "@value" : "phases"
  } ],
  "http://trawler.dev/schema/core/0.1#isNullable" : [ {
    "@value" : true
  } ],
  "http://trawler.dev/schema/core/0.1#relations" : [ ],
  "http://trawler.dev/schema/core/0.1#type" : [ {
    "@value" : "JSONB"
  } ]
}, {
  "@id" : "urn:tr:field:postgresql/localhost/postgres/public/djstripe_subscriptionschedule/released_at",
  "http://schema.org/name" : [ {
    "@value" : "released_at"
  } ],
  "http://trawler.dev/schema/core/0.1#isNullable" : [ {
    "@value" : true
  } ],
  "http://trawler.dev/schema/core/0.1#relations" : [ ],
  "http://trawler.dev/schema/core/0.1#type" : [ {
    "@value" : "TIMESTAMP"
  } ]
}, {
  "@id" : "urn:tr:field:postgresql/localhost/postgres/public/djstripe_subscriptionschedule/status",
  "http://schema.org/name" : [ {
    "@value" : "status"
  } ],
  "http://trawler.dev/schema/core/0.1#isNullable" : [ {
    "@value" : false
  } ],
  "http://trawler.dev/schema/core/0.1#relations" : [ ],
  "http://trawler.dev/schema/core/0.1#type" : [ {
    "@value" : "VARCHAR"
  } ]
}, {
  "@id" : "urn:tr:field:postgresql/localhost/postgres/public/djstripe_subscriptionschedule/customer_id",
  "http://schema.org/name" : [ {
    "@value" : "customer_id"
  } ],
  "http://trawler.dev/schema/core/0.1#isNullable" : [ {
    "@value" : false
  } ],
  "http://trawler.dev/schema/core/0.1#relations" : [ {
    "@value" : "urn:tr:constraint:postgresql/localhost/postgres/public/djstripe_subscriptionschedule/djstripe_subscriptio_customer_id_b124e27d_fk_djstripe_"
  } ],
  "http://trawler.dev/schema/core/0.1#type" : [ {
    "@value" : "BIGINT"
  } ]
}, {
  "@id" : "urn:tr:field:postgresql/localhost/postgres/public/djstripe_subscriptionschedule/djstripe_owner_account_id",
  "http://schema.org/name" : [ {
    "@value" : "djstripe_owner_account_id"
  } ],
  "http://trawler.dev/schema/core/0.1#isNullable" : [ {
    "@value" : true
  } ],
  "http://trawler.dev/schema/core/0.1#relations" : [ {
    "@value" : "urn:tr:constraint:postgresql/localhost/postgres/public/djstripe_subscriptionschedule/djstripe_subscriptio_djstripe_owner_accou_c7d8d9c4_fk_djstripe_"
  } ],
  "http://trawler.dev/schema/core/0.1#type" : [ {
    "@value" : "VARCHAR"
  } ]
}, {
  "@id" : "urn:tr:field:postgresql/localhost/postgres/public/djstripe_subscriptionschedule/released_subscription_id",
  "http://schema.org/name" : [ {
    "@value" : "released_subscription_id"
  } ],
  "http://trawler.dev/schema/core/0.1#isNullable" : [ {
    "@value" : true
  } ],
  "http://trawler.dev/schema/core/0.1#relations" : [ {
    "@value" : "urn:tr:constraint:postgresql/localhost/postgres/public/djstripe_subscriptionschedule/djstripe_subscriptio_released_subscriptio_3de9daa1_fk_djstripe_"
  } ],
  "http://trawler.dev/schema/core/0.1#type" : [ {
    "@value" : "BIGINT"
  } ]
}, {
  "@id" : "urn:tr:field:postgresql/localhost/postgres/public/djstripe_subscriptionschedule/billing_thresholds",
  "http://schema.org/name" : [ {
    "@value" : "billing_thresholds"
  } ],
  "http://trawler.dev/schema/core/0.1#isNullable" : [ {
    "@value" : true
  } ],
  "http://trawler.dev/schema/core/0.1#relations" : [ ],
  "http://trawler.dev/schema/core/0.1#type" : [ {
    "@value" : "JSONB"
  } ]
}, {
  "@id" : "urn:tr:constraint:postgresql/localhost/postgres/public/djstripe_subscriptionschedule/djstripe_subscriptio_customer_id_b124e27d_fk_djstripe_",
  "@type" : [ "tr:Constraint" ],
  "tr:hasFields" : [ {
    "@id" : "urn:tr:column:postgresql/localhost/postgres/public/djstripe_customer/djstripe_id"
  } ]
}, {
  "@id" : "urn:tr:constraint:postgresql/localhost/postgres/public/djstripe_subscriptionschedule/djstripe_subscriptio_djstripe_owner_accou_c7d8d9c4_fk_djstripe_",
  "@type" : [ "tr:Constraint" ],
  "tr:hasFields" : [ {
    "@id" : "urn:tr:column:postgresql/localhost/postgres/public/djstripe_account/id"
  } ]
}, {
  "@id" : "urn:tr:constraint:postgresql/localhost/postgres/public/djstripe_subscriptionschedule/djstripe_subscriptio_released_subscriptio_3de9daa1_fk_djstripe_",
  "@type" : [ "tr:Constraint" ],
  "tr:hasFields" : [ {
    "@id" : "urn:tr:column:postgresql/localhost/postgres/public/djstripe_subscription/djstripe_id"
  } ]
}, {
  "@id" : "urn:tr:table:postgresql/localhost/postgres/public/djstripe_subscriptionitem",
  "@type" : [ "http://trawler.dev/schema/core/0.1#Table" ],
  "http://schema.org/name" : [ {
    "@value" : "djstripe_subscriptionitem"
  } ],
  "http://trawler.dev/schema/core/0.1#hasFields" : [ {
    "@id" : "urn:tr:field:postgresql/localhost/postgres/public/djstripe_subscriptionitem/djstripe_id"
  }, {
    "@id" : "urn:tr:field:postgresql/localhost/postgres/public/djstripe_subscriptionitem/id"
  }, {
    "@id" : "urn:tr:field:postgresql/localhost/postgres/public/djstripe_subscriptionitem/livemode"
  }, {
    "@id" : "urn:tr:field:postgresql/localhost/postgres/public/djstripe_subscriptionitem/created"
  }, {
    "@id" : "urn:tr:field:postgresql/localhost/postgres/public/djstripe_subscriptionitem/metadata"
  }, {
    "@id" : "urn:tr:field:postgresql/localhost/postgres/public/djstripe_subscriptionitem/description"
  }, {
    "@id" : "urn:tr:field:postgresql/localhost/postgres/public/djstripe_subscriptionitem/djstripe_created"
  }, {
    "@id" : "urn:tr:field:postgresql/localhost/postgres/public/djstripe_subscriptionitem/djstripe_updated"
  }, {
    "@id" : "urn:tr:field:postgresql/localhost/postgres/public/djstripe_subscriptionitem/quantity"
  }, {
    "@id" : "urn:tr:field:postgresql/localhost/postgres/public/djstripe_subscriptionitem/plan_id"
  }, {
    "@id" : "urn:tr:field:postgresql/localhost/postgres/public/djstripe_subscriptionitem/subscription_id"
  }, {
    "@id" : "urn:tr:field:postgresql/localhost/postgres/public/djstripe_subscriptionitem/djstripe_owner_account_id"
  }, {
    "@id" : "urn:tr:field:postgresql/localhost/postgres/public/djstripe_subscriptionitem/price_id"
  }, {
    "@id" : "urn:tr:field:postgresql/localhost/postgres/public/djstripe_subscriptionitem/billing_thresholds"
  } ]
}, {
  "@id" : "urn:tr:field:postgresql/localhost/postgres/public/djstripe_subscriptionitem/djstripe_id",
  "http://schema.org/name" : [ {
    "@value" : "djstripe_id"
  } ],
  "http://trawler.dev/schema/core/0.1#isNullable" : [ {
    "@value" : false
  } ],
  "http://trawler.dev/schema/core/0.1#relations" : [ ],
  "http://trawler.dev/schema/core/0.1#type" : [ {
    "@value" : "BIGINT"
  } ]
}, {
  "@id" : "urn:tr:field:postgresql/localhost/postgres/public/djstripe_subscriptionitem/id",
  "http://schema.org/name" : [ {
    "@value" : "id"
  } ],
  "http://trawler.dev/schema/core/0.1#isNullable" : [ {
    "@value" : false
  } ],
  "http://trawler.dev/schema/core/0.1#relations" : [ ],
  "http://trawler.dev/schema/core/0.1#type" : [ {
    "@value" : "VARCHAR"
  } ]
}, {
  "@id" : "urn:tr:field:postgresql/localhost/postgres/public/djstripe_subscriptionitem/livemode",
  "http://schema.org/name" : [ {
    "@value" : "livemode"
  } ],
  "http://trawler.dev/schema/core/0.1#isNullable" : [ {
    "@value" : true
  } ],
  "http://trawler.dev/schema/core/0.1#relations" : [ ],
  "http://trawler.dev/schema/core/0.1#type" : [ {
    "@value" : "BOOLEAN"
  } ]
}, {
  "@id" : "urn:tr:field:postgresql/localhost/postgres/public/djstripe_subscriptionitem/created",
  "http://schema.org/name" : [ {
    "@value" : "created"
  } ],
  "http://trawler.dev/schema/core/0.1#isNullable" : [ {
    "@value" : true
  } ],
  "http://trawler.dev/schema/core/0.1#relations" : [ ],
  "http://trawler.dev/schema/core/0.1#type" : [ {
    "@value" : "TIMESTAMP"
  } ]
}, {
  "@id" : "urn:tr:field:postgresql/localhost/postgres/public/djstripe_subscriptionitem/metadata",
  "http://schema.org/name" : [ {
    "@value" : "metadata"
  } ],
  "http://trawler.dev/schema/core/0.1#isNullable" : [ {
    "@value" : true
  } ],
  "http://trawler.dev/schema/core/0.1#relations" : [ ],
  "http://trawler.dev/schema/core/0.1#type" : [ {
    "@value" : "JSONB"
  } ]
}, {
  "@id" : "urn:tr:field:postgresql/localhost/postgres/public/djstripe_subscriptionitem/description",
  "http://schema.org/name" : [ {
    "@value" : "description"
  } ],
  "http://trawler.dev/schema/core/0.1#isNullable" : [ {
    "@value" : true
  } ],
  "http://trawler.dev/schema/core/0.1#relations" : [ ],
  "http://trawler.dev/schema/core/0.1#type" : [ {
    "@value" : "TEXT"
  } ]
}, {
  "@id" : "urn:tr:field:postgresql/localhost/postgres/public/djstripe_subscriptionitem/djstripe_created",
  "http://schema.org/name" : [ {
    "@value" : "djstripe_created"
  } ],
  "http://trawler.dev/schema/core/0.1#isNullable" : [ {
    "@value" : false
  } ],
  "http://trawler.dev/schema/core/0.1#relations" : [ ],
  "http://trawler.dev/schema/core/0.1#type" : [ {
    "@value" : "TIMESTAMP"
  } ]
}, {
  "@id" : "urn:tr:field:postgresql/localhost/postgres/public/djstripe_subscriptionitem/djstripe_updated",
  "http://schema.org/name" : [ {
    "@value" : "djstripe_updated"
  } ],
  "http://trawler.dev/schema/core/0.1#isNullable" : [ {
    "@value" : false
  } ],
  "http://trawler.dev/schema/core/0.1#relations" : [ ],
  "http://trawler.dev/schema/core/0.1#type" : [ {
    "@value" : "TIMESTAMP"
  } ]
}, {
  "@id" : "urn:tr:field:postgresql/localhost/postgres/public/djstripe_subscriptionitem/quantity",
  "http://schema.org/name" : [ {
    "@value" : "quantity"
  } ],
  "http://trawler.dev/schema/core/0.1#isNullable" : [ {
    "@value" : true
  } ],
  "http://trawler.dev/schema/core/0.1#relations" : [ ],
  "http://trawler.dev/schema/core/0.1#type" : [ {
    "@value" : "INTEGER"
  } ]
}, {
  "@id" : "urn:tr:field:postgresql/localhost/postgres/public/djstripe_subscriptionitem/plan_id",
  "http://schema.org/name" : [ {
    "@value" : "plan_id"
  } ],
  "http://trawler.dev/schema/core/0.1#isNullable" : [ {
    "@value" : false
  } ],
  "http://trawler.dev/schema/core/0.1#relations" : [ {
    "@value" : "urn:tr:constraint:postgresql/localhost/postgres/public/djstripe_subscriptionitem/djstripe_subscriptio_plan_id_cc68cb43_fk_djstripe_"
  } ],
  "http://trawler.dev/schema/core/0.1#type" : [ {
    "@value" : "BIGINT"
  } ]
}, {
  "@id" : "urn:tr:field:postgresql/localhost/postgres/public/djstripe_subscriptionitem/subscription_id",
  "http://schema.org/name" : [ {
    "@value" : "subscription_id"
  } ],
  "http://trawler.dev/schema/core/0.1#isNullable" : [ {
    "@value" : false
  } ],
  "http://trawler.dev/schema/core/0.1#relations" : [ {
    "@value" : "urn:tr:constraint:postgresql/localhost/postgres/public/djstripe_subscriptionitem/djstripe_subscriptio_subscription_id_992d9919_fk_djstripe_"
  } ],
  "http://trawler.dev/schema/core/0.1#type" : [ {
    "@value" : "VARCHAR"
  } ]
}, {
  "@id" : "urn:tr:field:postgresql/localhost/postgres/public/djstripe_subscriptionitem/djstripe_owner_account_id",
  "http://schema.org/name" : [ {
    "@value" : "djstripe_owner_account_id"
  } ],
  "http://trawler.dev/schema/core/0.1#isNullable" : [ {
    "@value" : true
  } ],
  "http://trawler.dev/schema/core/0.1#relations" : [ {
    "@value" : "urn:tr:constraint:postgresql/localhost/postgres/public/djstripe_subscriptionitem/djstripe_subscriptio_djstripe_owner_accou_aafd9387_fk_djstripe_"
  } ],
  "http://trawler.dev/schema/core/0.1#type" : [ {
    "@value" : "VARCHAR"
  } ]
}, {
  "@id" : "urn:tr:field:postgresql/localhost/postgres/public/djstripe_subscriptionitem/price_id",
  "http://schema.org/name" : [ {
    "@value" : "price_id"
  } ],
  "http://trawler.dev/schema/core/0.1#isNullable" : [ {
    "@value" : true
  } ],
  "http://trawler.dev/schema/core/0.1#relations" : [ {
    "@value" : "urn:tr:constraint:postgresql/localhost/postgres/public/djstripe_subscriptionitem/djstripe_subscriptio_price_id_c7f55fc3_fk_djstripe_"
  } ],
  "http://trawler.dev/schema/core/0.1#type" : [ {
    "@value" : "BIGINT"
  } ]
}, {
  "@id" : "urn:tr:field:postgresql/localhost/postgres/public/djstripe_subscriptionitem/billing_thresholds",
  "http://schema.org/name" : [ {
    "@value" : "billing_thresholds"
  } ],
  "http://trawler.dev/schema/core/0.1#isNullable" : [ {
    "@value" : true
  } ],
  "http://trawler.dev/schema/core/0.1#relations" : [ ],
  "http://trawler.dev/schema/core/0.1#type" : [ {
    "@value" : "JSONB"
  } ]
}, {
  "@id" : "urn:tr:constraint:postgresql/localhost/postgres/public/djstripe_subscriptionitem/djstripe_subscriptio_djstripe_owner_accou_aafd9387_fk_djstripe_",
  "@type" : [ "tr:Constraint" ],
  "tr:hasFields" : [ {
    "@id" : "urn:tr:column:postgresql/localhost/postgres/public/djstripe_account/id"
  } ]
}, {
  "@id" : "urn:tr:constraint:postgresql/localhost/postgres/public/djstripe_subscriptionitem/djstripe_subscriptio_plan_id_cc68cb43_fk_djstripe_",
  "@type" : [ "tr:Constraint" ],
  "tr:hasFields" : [ {
    "@id" : "urn:tr:column:postgresql/localhost/postgres/public/djstripe_plan/djstripe_id"
  } ]
}, {
  "@id" : "urn:tr:constraint:postgresql/localhost/postgres/public/djstripe_subscriptionitem/djstripe_subscriptio_price_id_c7f55fc3_fk_djstripe_",
  "@type" : [ "tr:Constraint" ],
  "tr:hasFields" : [ {
    "@id" : "urn:tr:column:postgresql/localhost/postgres/public/djstripe_price/djstripe_id"
  } ]
}, {
  "@id" : "urn:tr:constraint:postgresql/localhost/postgres/public/djstripe_subscriptionitem/djstripe_subscriptio_subscription_id_992d9919_fk_djstripe_",
  "@type" : [ "tr:Constraint" ],
  "tr:hasFields" : [ {
    "@id" : "urn:tr:column:postgresql/localhost/postgres/public/djstripe_subscription/id"
  } ]
}, {
  "@id" : "urn:tr:table:postgresql/localhost/postgres/public/djstripe_charge",
  "@type" : [ "http://trawler.dev/schema/core/0.1#Table" ],
  "http://schema.org/name" : [ {
    "@value" : "djstripe_charge"
  } ],
  "http://trawler.dev/schema/core/0.1#hasFields" : [ {
    "@id" : "urn:tr:field:postgresql/localhost/postgres/public/djstripe_charge/djstripe_id"
  }, {
    "@id" : "urn:tr:field:postgresql/localhost/postgres/public/djstripe_charge/id"
  }, {
    "@id" : "urn:tr:field:postgresql/localhost/postgres/public/djstripe_charge/livemode"
  }, {
    "@id" : "urn:tr:field:postgresql/localhost/postgres/public/djstripe_charge/created"
  }, {
    "@id" : "urn:tr:field:postgresql/localhost/postgres/public/djstripe_charge/metadata"
  }, {
    "@id" : "urn:tr:field:postgresql/localhost/postgres/public/djstripe_charge/description"
  }, {
    "@id" : "urn:tr:field:postgresql/localhost/postgres/public/djstripe_charge/djstripe_created"
  }, {
    "@id" : "urn:tr:field:postgresql/localhost/postgres/public/djstripe_charge/djstripe_updated"
  }, {
    "@id" : "urn:tr:field:postgresql/localhost/postgres/public/djstripe_charge/amount"
  }, {
    "@id" : "urn:tr:field:postgresql/localhost/postgres/public/djstripe_charge/amount_refunded"
  }, {
    "@id" : "urn:tr:field:postgresql/localhost/postgres/public/djstripe_charge/captured"
  }, {
    "@id" : "urn:tr:field:postgresql/localhost/postgres/public/djstripe_charge/currency"
  }, {
    "@id" : "urn:tr:field:postgresql/localhost/postgres/public/djstripe_charge/failure_code"
  }, {
    "@id" : "urn:tr:field:postgresql/localhost/postgres/public/djstripe_charge/failure_message"
  }, {
    "@id" : "urn:tr:field:postgresql/localhost/postgres/public/djstripe_charge/fraud_details"
  }, {
    "@id" : "urn:tr:field:postgresql/localhost/postgres/public/djstripe_charge/outcome"
  }, {
    "@id" : "urn:tr:field:postgresql/localhost/postgres/public/djstripe_charge/paid"
  }, {
    "@id" : "urn:tr:field:postgresql/localhost/postgres/public/djstripe_charge/receipt_email"
  }, {
    "@id" : "urn:tr:field:postgresql/localhost/postgres/public/djstripe_charge/receipt_number"
  }, {
    "@id" : "urn:tr:field:postgresql/localhost/postgres/public/djstripe_charge/refunded"
  }, {
    "@id" : "urn:tr:field:postgresql/localhost/postgres/public/djstripe_charge/shipping"
  }, {
    "@id" : "urn:tr:field:postgresql/localhost/postgres/public/djstripe_charge/statement_descriptor"
  }, {
    "@id" : "urn:tr:field:postgresql/localhost/postgres/public/djstripe_charge/status"
  }, {
    "@id" : "urn:tr:field:postgresql/localhost/postgres/public/djstripe_charge/transfer_group"
  }, {
    "@id" : "urn:tr:field:postgresql/localhost/postgres/public/djstripe_charge/on_behalf_of_id"
  }, {
    "@id" : "urn:tr:field:postgresql/localhost/postgres/public/djstripe_charge/customer_id"
  }, {
    "@id" : "urn:tr:field:postgresql/localhost/postgres/public/djstripe_charge/dispute_id"
  }, {
    "@id" : "urn:tr:field:postgresql/localhost/postgres/public/djstripe_charge/invoice_id"
  }, {
    "@id" : "urn:tr:field:postgresql/localhost/postgres/public/djstripe_charge/source_id"
  }, {
    "@id" : "urn:tr:field:postgresql/localhost/postgres/public/djstripe_charge/transfer_id"
  }, {
    "@id" : "urn:tr:field:postgresql/localhost/postgres/public/djstripe_charge/balance_transaction_id"
  }, {
    "@id" : "urn:tr:field:postgresql/localhost/postgres/public/djstripe_charge/payment_intent_id"
  }, {
    "@id" : "urn:tr:field:postgresql/localhost/postgres/public/djstripe_charge/payment_method_details"
  }, {
    "@id" : "urn:tr:field:postgresql/localhost/postgres/public/djstripe_charge/receipt_url"
  }, {
    "@id" : "urn:tr:field:postgresql/localhost/postgres/public/djstripe_charge/payment_method_id"
  }, {
    "@id" : "urn:tr:field:postgresql/localhost/postgres/public/djstripe_charge/djstripe_owner_account_id"
  }, {
    "@id" : "urn:tr:field:postgresql/localhost/postgres/public/djstripe_charge/amount_captured"
  }, {
    "@id" : "urn:tr:field:postgresql/localhost/postgres/public/djstripe_charge/application"
  }, {
    "@id" : "urn:tr:field:postgresql/localhost/postgres/public/djstripe_charge/application_fee_amount"
  }, {
    "@id" : "urn:tr:field:postgresql/localhost/postgres/public/djstripe_charge/billing_details"
  }, {
    "@id" : "urn:tr:field:postgresql/localhost/postgres/public/djstripe_charge/calculated_statement_descriptor"
  }, {
    "@id" : "urn:tr:field:postgresql/localhost/postgres/public/djstripe_charge/disputed"
  }, {
    "@id" : "urn:tr:field:postgresql/localhost/postgres/public/djstripe_charge/source_transfer_id"
  }, {
    "@id" : "urn:tr:field:postgresql/localhost/postgres/public/djstripe_charge/statement_descriptor_suffix"
  }, {
    "@id" : "urn:tr:field:postgresql/localhost/postgres/public/djstripe_charge/transfer_data"
  }, {
    "@id" : "urn:tr:field:postgresql/localhost/postgres/public/djstripe_charge/application_fee_id"
  } ]
}, {
  "@id" : "urn:tr:field:postgresql/localhost/postgres/public/djstripe_charge/djstripe_id",
  "http://schema.org/name" : [ {
    "@value" : "djstripe_id"
  } ],
  "http://trawler.dev/schema/core/0.1#isNullable" : [ {
    "@value" : false
  } ],
  "http://trawler.dev/schema/core/0.1#relations" : [ ],
  "http://trawler.dev/schema/core/0.1#type" : [ {
    "@value" : "BIGINT"
  } ]
}, {
  "@id" : "urn:tr:field:postgresql/localhost/postgres/public/djstripe_charge/id",
  "http://schema.org/name" : [ {
    "@value" : "id"
  } ],
  "http://trawler.dev/schema/core/0.1#isNullable" : [ {
    "@value" : false
  } ],
  "http://trawler.dev/schema/core/0.1#relations" : [ ],
  "http://trawler.dev/schema/core/0.1#type" : [ {
    "@value" : "VARCHAR"
  } ]
}, {
  "@id" : "urn:tr:field:postgresql/localhost/postgres/public/djstripe_charge/livemode",
  "http://schema.org/name" : [ {
    "@value" : "livemode"
  } ],
  "http://trawler.dev/schema/core/0.1#isNullable" : [ {
    "@value" : true
  } ],
  "http://trawler.dev/schema/core/0.1#relations" : [ ],
  "http://trawler.dev/schema/core/0.1#type" : [ {
    "@value" : "BOOLEAN"
  } ]
}, {
  "@id" : "urn:tr:field:postgresql/localhost/postgres/public/djstripe_charge/created",
  "http://schema.org/name" : [ {
    "@value" : "created"
  } ],
  "http://trawler.dev/schema/core/0.1#isNullable" : [ {
    "@value" : true
  } ],
  "http://trawler.dev/schema/core/0.1#relations" : [ ],
  "http://trawler.dev/schema/core/0.1#type" : [ {
    "@value" : "TIMESTAMP"
  } ]
}, {
  "@id" : "urn:tr:field:postgresql/localhost/postgres/public/djstripe_charge/metadata",
  "http://schema.org/name" : [ {
    "@value" : "metadata"
  } ],
  "http://trawler.dev/schema/core/0.1#isNullable" : [ {
    "@value" : true
  } ],
  "http://trawler.dev/schema/core/0.1#relations" : [ ],
  "http://trawler.dev/schema/core/0.1#type" : [ {
    "@value" : "JSONB"
  } ]
}, {
  "@id" : "urn:tr:field:postgresql/localhost/postgres/public/djstripe_charge/description",
  "http://schema.org/name" : [ {
    "@value" : "description"
  } ],
  "http://trawler.dev/schema/core/0.1#isNullable" : [ {
    "@value" : true
  } ],
  "http://trawler.dev/schema/core/0.1#relations" : [ ],
  "http://trawler.dev/schema/core/0.1#type" : [ {
    "@value" : "TEXT"
  } ]
}, {
  "@id" : "urn:tr:field:postgresql/localhost/postgres/public/djstripe_charge/djstripe_created",
  "http://schema.org/name" : [ {
    "@value" : "djstripe_created"
  } ],
  "http://trawler.dev/schema/core/0.1#isNullable" : [ {
    "@value" : false
  } ],
  "http://trawler.dev/schema/core/0.1#relations" : [ ],
  "http://trawler.dev/schema/core/0.1#type" : [ {
    "@value" : "TIMESTAMP"
  } ]
}, {
  "@id" : "urn:tr:field:postgresql/localhost/postgres/public/djstripe_charge/djstripe_updated",
  "http://schema.org/name" : [ {
    "@value" : "djstripe_updated"
  } ],
  "http://trawler.dev/schema/core/0.1#isNullable" : [ {
    "@value" : false
  } ],
  "http://trawler.dev/schema/core/0.1#relations" : [ ],
  "http://trawler.dev/schema/core/0.1#type" : [ {
    "@value" : "TIMESTAMP"
  } ]
}, {
  "@id" : "urn:tr:field:postgresql/localhost/postgres/public/djstripe_charge/amount",
  "http://schema.org/name" : [ {
    "@value" : "amount"
  } ],
  "http://trawler.dev/schema/core/0.1#isNullable" : [ {
    "@value" : false
  } ],
  "http://trawler.dev/schema/core/0.1#relations" : [ ],
  "http://trawler.dev/schema/core/0.1#type" : [ {
    "@value" : "NUMERIC"
  } ]
}, {
  "@id" : "urn:tr:field:postgresql/localhost/postgres/public/djstripe_charge/amount_refunded",
  "http://schema.org/name" : [ {
    "@value" : "amount_refunded"
  } ],
  "http://trawler.dev/schema/core/0.1#isNullable" : [ {
    "@value" : false
  } ],
  "http://trawler.dev/schema/core/0.1#relations" : [ ],
  "http://trawler.dev/schema/core/0.1#type" : [ {
    "@value" : "NUMERIC"
  } ]
}, {
  "@id" : "urn:tr:field:postgresql/localhost/postgres/public/djstripe_charge/captured",
  "http://schema.org/name" : [ {
    "@value" : "captured"
  } ],
  "http://trawler.dev/schema/core/0.1#isNullable" : [ {
    "@value" : false
  } ],
  "http://trawler.dev/schema/core/0.1#relations" : [ ],
  "http://trawler.dev/schema/core/0.1#type" : [ {
    "@value" : "BOOLEAN"
  } ]
}, {
  "@id" : "urn:tr:field:postgresql/localhost/postgres/public/djstripe_charge/currency",
  "http://schema.org/name" : [ {
    "@value" : "currency"
  } ],
  "http://trawler.dev/schema/core/0.1#isNullable" : [ {
    "@value" : false
  } ],
  "http://trawler.dev/schema/core/0.1#relations" : [ ],
  "http://trawler.dev/schema/core/0.1#type" : [ {
    "@value" : "VARCHAR"
  } ]
}, {
  "@id" : "urn:tr:field:postgresql/localhost/postgres/public/djstripe_charge/failure_code",
  "http://schema.org/name" : [ {
    "@value" : "failure_code"
  } ],
  "http://trawler.dev/schema/core/0.1#isNullable" : [ {
    "@value" : false
  } ],
  "http://trawler.dev/schema/core/0.1#relations" : [ ],
  "http://trawler.dev/schema/core/0.1#type" : [ {
    "@value" : "VARCHAR"
  } ]
}, {
  "@id" : "urn:tr:field:postgresql/localhost/postgres/public/djstripe_charge/failure_message",
  "http://schema.org/name" : [ {
    "@value" : "failure_message"
  } ],
  "http://trawler.dev/schema/core/0.1#isNullable" : [ {
    "@value" : false
  } ],
  "http://trawler.dev/schema/core/0.1#relations" : [ ],
  "http://trawler.dev/schema/core/0.1#type" : [ {
    "@value" : "TEXT"
  } ]
}, {
  "@id" : "urn:tr:field:postgresql/localhost/postgres/public/djstripe_charge/fraud_details",
  "http://schema.org/name" : [ {
    "@value" : "fraud_details"
  } ],
  "http://trawler.dev/schema/core/0.1#isNullable" : [ {
    "@value" : true
  } ],
  "http://trawler.dev/schema/core/0.1#relations" : [ ],
  "http://trawler.dev/schema/core/0.1#type" : [ {
    "@value" : "JSONB"
  } ]
}, {
  "@id" : "urn:tr:field:postgresql/localhost/postgres/public/djstripe_charge/outcome",
  "http://schema.org/name" : [ {
    "@value" : "outcome"
  } ],
  "http://trawler.dev/schema/core/0.1#isNullable" : [ {
    "@value" : true
  } ],
  "http://trawler.dev/schema/core/0.1#relations" : [ ],
  "http://trawler.dev/schema/core/0.1#type" : [ {
    "@value" : "JSONB"
  } ]
}, {
  "@id" : "urn:tr:field:postgresql/localhost/postgres/public/djstripe_charge/paid",
  "http://schema.org/name" : [ {
    "@value" : "paid"
  } ],
  "http://trawler.dev/schema/core/0.1#isNullable" : [ {
    "@value" : false
  } ],
  "http://trawler.dev/schema/core/0.1#relations" : [ ],
  "http://trawler.dev/schema/core/0.1#type" : [ {
    "@value" : "BOOLEAN"
  } ]
}, {
  "@id" : "urn:tr:field:postgresql/localhost/postgres/public/djstripe_charge/receipt_email",
  "http://schema.org/name" : [ {
    "@value" : "receipt_email"
  } ],
  "http://trawler.dev/schema/core/0.1#isNullable" : [ {
    "@value" : false
  } ],
  "http://trawler.dev/schema/core/0.1#relations" : [ ],
  "http://trawler.dev/schema/core/0.1#type" : [ {
    "@value" : "TEXT"
  } ]
}, {
  "@id" : "urn:tr:field:postgresql/localhost/postgres/public/djstripe_charge/receipt_number",
  "http://schema.org/name" : [ {
    "@value" : "receipt_number"
  } ],
  "http://trawler.dev/schema/core/0.1#isNullable" : [ {
    "@value" : false
  } ],
  "http://trawler.dev/schema/core/0.1#relations" : [ ],
  "http://trawler.dev/schema/core/0.1#type" : [ {
    "@value" : "VARCHAR"
  } ]
}, {
  "@id" : "urn:tr:field:postgresql/localhost/postgres/public/djstripe_charge/refunded",
  "http://schema.org/name" : [ {
    "@value" : "refunded"
  } ],
  "http://trawler.dev/schema/core/0.1#isNullable" : [ {
    "@value" : false
  } ],
  "http://trawler.dev/schema/core/0.1#relations" : [ ],
  "http://trawler.dev/schema/core/0.1#type" : [ {
    "@value" : "BOOLEAN"
  } ]
}, {
  "@id" : "urn:tr:field:postgresql/localhost/postgres/public/djstripe_charge/shipping",
  "http://schema.org/name" : [ {
    "@value" : "shipping"
  } ],
  "http://trawler.dev/schema/core/0.1#isNullable" : [ {
    "@value" : true
  } ],
  "http://trawler.dev/schema/core/0.1#relations" : [ ],
  "http://trawler.dev/schema/core/0.1#type" : [ {
    "@value" : "JSONB"
  } ]
}, {
  "@id" : "urn:tr:field:postgresql/localhost/postgres/public/djstripe_charge/statement_descriptor",
  "http://schema.org/name" : [ {
    "@value" : "statement_descriptor"
  } ],
  "http://trawler.dev/schema/core/0.1#isNullable" : [ {
    "@value" : true
  } ],
  "http://trawler.dev/schema/core/0.1#relations" : [ ],
  "http://trawler.dev/schema/core/0.1#type" : [ {
    "@value" : "VARCHAR"
  } ]
}, {
  "@id" : "urn:tr:field:postgresql/localhost/postgres/public/djstripe_charge/status",
  "http://schema.org/name" : [ {
    "@value" : "status"
  } ],
  "http://trawler.dev/schema/core/0.1#isNullable" : [ {
    "@value" : false
  } ],
  "http://trawler.dev/schema/core/0.1#relations" : [ ],
  "http://trawler.dev/schema/core/0.1#type" : [ {
    "@value" : "VARCHAR"
  } ]
}, {
  "@id" : "urn:tr:field:postgresql/localhost/postgres/public/djstripe_charge/transfer_group",
  "http://schema.org/name" : [ {
    "@value" : "transfer_group"
  } ],
  "http://trawler.dev/schema/core/0.1#isNullable" : [ {
    "@value" : true
  } ],
  "http://trawler.dev/schema/core/0.1#relations" : [ ],
  "http://trawler.dev/schema/core/0.1#type" : [ {
    "@value" : "VARCHAR"
  } ]
}, {
  "@id" : "urn:tr:field:postgresql/localhost/postgres/public/djstripe_charge/on_behalf_of_id",
  "http://schema.org/name" : [ {
    "@value" : "on_behalf_of_id"
  } ],
  "http://trawler.dev/schema/core/0.1#isNullable" : [ {
    "@value" : true
  } ],
  "http://trawler.dev/schema/core/0.1#relations" : [ {
    "@value" : "urn:tr:constraint:postgresql/localhost/postgres/public/djstripe_charge/djstripe_charge_on_behalf_of_id_9277f453_fk_djstripe_account_id"
  } ],
  "http://trawler.dev/schema/core/0.1#type" : [ {
    "@value" : "VARCHAR"
  } ]
}, {
  "@id" : "urn:tr:field:postgresql/localhost/postgres/public/djstripe_charge/customer_id",
  "http://schema.org/name" : [ {
    "@value" : "customer_id"
  } ],
  "http://trawler.dev/schema/core/0.1#isNullable" : [ {
    "@value" : true
  } ],
  "http://trawler.dev/schema/core/0.1#relations" : [ {
    "@value" : "urn:tr:constraint:postgresql/localhost/postgres/public/djstripe_charge/djstripe_charge_customer_id_fb15eb2b_fk_djstripe_customer_id"
  } ],
  "http://trawler.dev/schema/core/0.1#type" : [ {
    "@value" : "VARCHAR"
  } ]
}, {
  "@id" : "urn:tr:field:postgresql/localhost/postgres/public/djstripe_charge/dispute_id",
  "http://schema.org/name" : [ {
    "@value" : "dispute_id"
  } ],
  "http://trawler.dev/schema/core/0.1#isNullable" : [ {
    "@value" : true
  } ],
  "http://trawler.dev/schema/core/0.1#relations" : [ {
    "@value" : "urn:tr:constraint:postgresql/localhost/postgres/public/djstripe_charge/djstripe_charge_dispute_id_86a03043_fk_djstripe_dispute_id"
  } ],
  "http://trawler.dev/schema/core/0.1#type" : [ {
    "@value" : "VARCHAR"
  } ]
}, {
  "@id" : "urn:tr:field:postgresql/localhost/postgres/public/djstripe_charge/invoice_id",
  "http://schema.org/name" : [ {
    "@value" : "invoice_id"
  } ],
  "http://trawler.dev/schema/core/0.1#isNullable" : [ {
    "@value" : true
  } ],
  "http://trawler.dev/schema/core/0.1#relations" : [ {
    "@value" : "urn:tr:constraint:postgresql/localhost/postgres/public/djstripe_charge/djstripe_charge_invoice_id_bb36cca4_fk_djstripe_invoice_id"
  } ],
  "http://trawler.dev/schema/core/0.1#type" : [ {
    "@value" : "VARCHAR"
  } ]
}, {
  "@id" : "urn:tr:field:postgresql/localhost/postgres/public/djstripe_charge/source_id",
  "http://schema.org/name" : [ {
    "@value" : "source_id"
  } ],
  "http://trawler.dev/schema/core/0.1#isNullable" : [ {
    "@value" : true
  } ],
  "http://trawler.dev/schema/core/0.1#relations" : [ {
    "@value" : "urn:tr:constraint:postgresql/localhost/postgres/public/djstripe_charge/djstripe_charge_source_id_2502db60_fk_djstripe_"
  } ],
  "http://trawler.dev/schema/core/0.1#type" : [ {
    "@value" : "VARCHAR"
  } ]
}, {
  "@id" : "urn:tr:field:postgresql/localhost/postgres/public/djstripe_charge/transfer_id",
  "http://schema.org/name" : [ {
    "@value" : "transfer_id"
  } ],
  "http://trawler.dev/schema/core/0.1#isNullable" : [ {
    "@value" : true
  } ],
  "http://trawler.dev/schema/core/0.1#relations" : [ {
    "@value" : "urn:tr:constraint:postgresql/localhost/postgres/public/djstripe_charge/djstripe_charge_transfer_id_bbfc2bbc_fk_djstripe_transfer_id"
  } ],
  "http://trawler.dev/schema/core/0.1#type" : [ {
    "@value" : "VARCHAR"
  } ]
}, {
  "@id" : "urn:tr:field:postgresql/localhost/postgres/public/djstripe_charge/balance_transaction_id",
  "http://schema.org/name" : [ {
    "@value" : "balance_transaction_id"
  } ],
  "http://trawler.dev/schema/core/0.1#isNullable" : [ {
    "@value" : true
  } ],
  "http://trawler.dev/schema/core/0.1#relations" : [ {
    "@value" : "urn:tr:constraint:postgresql/localhost/postgres/public/djstripe_charge/djstripe_charge_balance_transaction__2eac625e_fk_djstripe_"
  } ],
  "http://trawler.dev/schema/core/0.1#type" : [ {
    "@value" : "VARCHAR"
  } ]
}, {
  "@id" : "urn:tr:field:postgresql/localhost/postgres/public/djstripe_charge/payment_intent_id",
  "http://schema.org/name" : [ {
    "@value" : "payment_intent_id"
  } ],
  "http://trawler.dev/schema/core/0.1#isNullable" : [ {
    "@value" : true
  } ],
  "http://trawler.dev/schema/core/0.1#relations" : [ {
    "@value" : "urn:tr:constraint:postgresql/localhost/postgres/public/djstripe_charge/djstripe_charge_payment_intent_id_e2c03053_fk_djstripe_"
  } ],
  "http://trawler.dev/schema/core/0.1#type" : [ {
    "@value" : "VARCHAR"
  } ]
}, {
  "@id" : "urn:tr:field:postgresql/localhost/postgres/public/djstripe_charge/payment_method_details",
  "http://schema.org/name" : [ {
    "@value" : "payment_method_details"
  } ],
  "http://trawler.dev/schema/core/0.1#isNullable" : [ {
    "@value" : true
  } ],
  "http://trawler.dev/schema/core/0.1#relations" : [ ],
  "http://trawler.dev/schema/core/0.1#type" : [ {
    "@value" : "JSONB"
  } ]
}, {
  "@id" : "urn:tr:field:postgresql/localhost/postgres/public/djstripe_charge/receipt_url",
  "http://schema.org/name" : [ {
    "@value" : "receipt_url"
  } ],
  "http://trawler.dev/schema/core/0.1#isNullable" : [ {
    "@value" : false
  } ],
  "http://trawler.dev/schema/core/0.1#relations" : [ ],
  "http://trawler.dev/schema/core/0.1#type" : [ {
    "@value" : "TEXT"
  } ]
}, {
  "@id" : "urn:tr:field:postgresql/localhost/postgres/public/djstripe_charge/payment_method_id",
  "http://schema.org/name" : [ {
    "@value" : "payment_method_id"
  } ],
  "http://trawler.dev/schema/core/0.1#isNullable" : [ {
    "@value" : true
  } ],
  "http://trawler.dev/schema/core/0.1#relations" : [ {
    "@value" : "urn:tr:constraint:postgresql/localhost/postgres/public/djstripe_charge/djstripe_charge_payment_method_id_061d5812_fk_djstripe_"
  } ],
  "http://trawler.dev/schema/core/0.1#type" : [ {
    "@value" : "VARCHAR"
  } ]
}, {
  "@id" : "urn:tr:field:postgresql/localhost/postgres/public/djstripe_charge/djstripe_owner_account_id",
  "http://schema.org/name" : [ {
    "@value" : "djstripe_owner_account_id"
  } ],
  "http://trawler.dev/schema/core/0.1#isNullable" : [ {
    "@value" : true
  } ],
  "http://trawler.dev/schema/core/0.1#relations" : [ {
    "@value" : "urn:tr:constraint:postgresql/localhost/postgres/public/djstripe_charge/djstripe_charge_djstripe_owner_accou_5664eb74_fk_djstripe_"
  } ],
  "http://trawler.dev/schema/core/0.1#type" : [ {
    "@value" : "VARCHAR"
  } ]
}, {
  "@id" : "urn:tr:field:postgresql/localhost/postgres/public/djstripe_charge/amount_captured",
  "http://schema.org/name" : [ {
    "@value" : "amount_captured"
  } ],
  "http://trawler.dev/schema/core/0.1#isNullable" : [ {
    "@value" : true
  } ],
  "http://trawler.dev/schema/core/0.1#relations" : [ ],
  "http://trawler.dev/schema/core/0.1#type" : [ {
    "@value" : "NUMERIC"
  } ]
}, {
  "@id" : "urn:tr:field:postgresql/localhost/postgres/public/djstripe_charge/application",
  "http://schema.org/name" : [ {
    "@value" : "application"
  } ],
  "http://trawler.dev/schema/core/0.1#isNullable" : [ {
    "@value" : false
  } ],
  "http://trawler.dev/schema/core/0.1#relations" : [ ],
  "http://trawler.dev/schema/core/0.1#type" : [ {
    "@value" : "VARCHAR"
  } ]
}, {
  "@id" : "urn:tr:field:postgresql/localhost/postgres/public/djstripe_charge/application_fee_amount",
  "http://schema.org/name" : [ {
    "@value" : "application_fee_amount"
  } ],
  "http://trawler.dev/schema/core/0.1#isNullable" : [ {
    "@value" : true
  } ],
  "http://trawler.dev/schema/core/0.1#relations" : [ ],
  "http://trawler.dev/schema/core/0.1#type" : [ {
    "@value" : "NUMERIC"
  } ]
}, {
  "@id" : "urn:tr:field:postgresql/localhost/postgres/public/djstripe_charge/billing_details",
  "http://schema.org/name" : [ {
    "@value" : "billing_details"
  } ],
  "http://trawler.dev/schema/core/0.1#isNullable" : [ {
    "@value" : true
  } ],
  "http://trawler.dev/schema/core/0.1#relations" : [ ],
  "http://trawler.dev/schema/core/0.1#type" : [ {
    "@value" : "JSONB"
  } ]
}, {
  "@id" : "urn:tr:field:postgresql/localhost/postgres/public/djstripe_charge/calculated_statement_descriptor",
  "http://schema.org/name" : [ {
    "@value" : "calculated_statement_descriptor"
  } ],
  "http://trawler.dev/schema/core/0.1#isNullable" : [ {
    "@value" : false
  } ],
  "http://trawler.dev/schema/core/0.1#relations" : [ ],
  "http://trawler.dev/schema/core/0.1#type" : [ {
    "@value" : "VARCHAR"
  } ]
}, {
  "@id" : "urn:tr:field:postgresql/localhost/postgres/public/djstripe_charge/disputed",
  "http://schema.org/name" : [ {
    "@value" : "disputed"
  } ],
  "http://trawler.dev/schema/core/0.1#isNullable" : [ {
    "@value" : false
  } ],
  "http://trawler.dev/schema/core/0.1#relations" : [ ],
  "http://trawler.dev/schema/core/0.1#type" : [ {
    "@value" : "BOOLEAN"
  } ]
}, {
  "@id" : "urn:tr:field:postgresql/localhost/postgres/public/djstripe_charge/source_transfer_id",
  "http://schema.org/name" : [ {
    "@value" : "source_transfer_id"
  } ],
  "http://trawler.dev/schema/core/0.1#isNullable" : [ {
    "@value" : true
  } ],
  "http://trawler.dev/schema/core/0.1#relations" : [ {
    "@value" : "urn:tr:constraint:postgresql/localhost/postgres/public/djstripe_charge/djstripe_charge_source_transfer_id_d4fede37_fk_djstripe_"
  } ],
  "http://trawler.dev/schema/core/0.1#type" : [ {
    "@value" : "VARCHAR"
  } ]
}, {
  "@id" : "urn:tr:field:postgresql/localhost/postgres/public/djstripe_charge/statement_descriptor_suffix",
  "http://schema.org/name" : [ {
    "@value" : "statement_descriptor_suffix"
  } ],
  "http://trawler.dev/schema/core/0.1#isNullable" : [ {
    "@value" : true
  } ],
  "http://trawler.dev/schema/core/0.1#relations" : [ ],
  "http://trawler.dev/schema/core/0.1#type" : [ {
    "@value" : "VARCHAR"
  } ]
}, {
  "@id" : "urn:tr:field:postgresql/localhost/postgres/public/djstripe_charge/transfer_data",
  "http://schema.org/name" : [ {
    "@value" : "transfer_data"
  } ],
  "http://trawler.dev/schema/core/0.1#isNullable" : [ {
    "@value" : true
  } ],
  "http://trawler.dev/schema/core/0.1#relations" : [ ],
  "http://trawler.dev/schema/core/0.1#type" : [ {
    "@value" : "JSONB"
  } ]
}, {
  "@id" : "urn:tr:field:postgresql/localhost/postgres/public/djstripe_charge/application_fee_id",
  "http://schema.org/name" : [ {
    "@value" : "application_fee_id"
  } ],
  "http://trawler.dev/schema/core/0.1#isNullable" : [ {
    "@value" : true
  } ],
  "http://trawler.dev/schema/core/0.1#relations" : [ {
    "@value" : "urn:tr:constraint:postgresql/localhost/postgres/public/djstripe_charge/djstripe_charge_application_fee_id_34d5d540_fk_djstripe_"
  } ],
  "http://trawler.dev/schema/core/0.1#type" : [ {
    "@value" : "VARCHAR"
  } ]
}, {
  "@id" : "urn:tr:constraint:postgresql/localhost/postgres/public/djstripe_charge/djstripe_charge_application_fee_id_34d5d540_fk_djstripe_",
  "@type" : [ "tr:Constraint" ],
  "tr:hasFields" : [ {
    "@id" : "urn:tr:column:postgresql/localhost/postgres/public/djstripe_applicationfee/id"
  } ]
}, {
  "@id" : "urn:tr:constraint:postgresql/localhost/postgres/public/djstripe_charge/djstripe_charge_balance_transaction__2eac625e_fk_djstripe_",
  "@type" : [ "tr:Constraint" ],
  "tr:hasFields" : [ {
    "@id" : "urn:tr:column:postgresql/localhost/postgres/public/djstripe_balancetransaction/id"
  } ]
}, {
  "@id" : "urn:tr:constraint:postgresql/localhost/postgres/public/djstripe_charge/djstripe_charge_customer_id_fb15eb2b_fk_djstripe_customer_id",
  "@type" : [ "tr:Constraint" ],
  "tr:hasFields" : [ {
    "@id" : "urn:tr:column:postgresql/localhost/postgres/public/djstripe_customer/id"
  } ]
}, {
  "@id" : "urn:tr:constraint:postgresql/localhost/postgres/public/djstripe_charge/djstripe_charge_dispute_id_86a03043_fk_djstripe_dispute_id",
  "@type" : [ "tr:Constraint" ],
  "tr:hasFields" : [ {
    "@id" : "urn:tr:column:postgresql/localhost/postgres/public/djstripe_dispute/id"
  } ]
}, {
  "@id" : "urn:tr:constraint:postgresql/localhost/postgres/public/djstripe_charge/djstripe_charge_djstripe_owner_accou_5664eb74_fk_djstripe_",
  "@type" : [ "tr:Constraint" ],
  "tr:hasFields" : [ {
    "@id" : "urn:tr:column:postgresql/localhost/postgres/public/djstripe_account/id"
  } ]
}, {
  "@id" : "urn:tr:constraint:postgresql/localhost/postgres/public/djstripe_charge/djstripe_charge_invoice_id_bb36cca4_fk_djstripe_invoice_id",
  "@type" : [ "tr:Constraint" ],
  "tr:hasFields" : [ {
    "@id" : "urn:tr:column:postgresql/localhost/postgres/public/djstripe_invoice/id"
  } ]
}, {
  "@id" : "urn:tr:constraint:postgresql/localhost/postgres/public/djstripe_charge/djstripe_charge_on_behalf_of_id_9277f453_fk_djstripe_account_id",
  "@type" : [ "tr:Constraint" ],
  "tr:hasFields" : [ {
    "@id" : "urn:tr:column:postgresql/localhost/postgres/public/djstripe_account/id"
  } ]
}, {
  "@id" : "urn:tr:constraint:postgresql/localhost/postgres/public/djstripe_charge/djstripe_charge_payment_intent_id_e2c03053_fk_djstripe_",
  "@type" : [ "tr:Constraint" ],
  "tr:hasFields" : [ {
    "@id" : "urn:tr:column:postgresql/localhost/postgres/public/djstripe_paymentintent/id"
  } ]
}, {
  "@id" : "urn:tr:constraint:postgresql/localhost/postgres/public/djstripe_charge/djstripe_charge_payment_method_id_061d5812_fk_djstripe_",
  "@type" : [ "tr:Constraint" ],
  "tr:hasFields" : [ {
    "@id" : "urn:tr:column:postgresql/localhost/postgres/public/djstripe_paymentmethod/id"
  } ]
}, {
  "@id" : "urn:tr:constraint:postgresql/localhost/postgres/public/djstripe_charge/djstripe_charge_source_id_2502db60_fk_djstripe_",
  "@type" : [ "tr:Constraint" ],
  "tr:hasFields" : [ {
    "@id" : "urn:tr:column:postgresql/localhost/postgres/public/djstripe_djstripepaymentmethod/id"
  } ]
}, {
  "@id" : "urn:tr:constraint:postgresql/localhost/postgres/public/djstripe_charge/djstripe_charge_source_transfer_id_d4fede37_fk_djstripe_",
  "@type" : [ "tr:Constraint" ],
  "tr:hasFields" : [ {
    "@id" : "urn:tr:column:postgresql/localhost/postgres/public/djstripe_transfer/id"
  } ]
}, {
  "@id" : "urn:tr:constraint:postgresql/localhost/postgres/public/djstripe_charge/djstripe_charge_transfer_id_bbfc2bbc_fk_djstripe_transfer_id",
  "@type" : [ "tr:Constraint" ],
  "tr:hasFields" : [ {
    "@id" : "urn:tr:column:postgresql/localhost/postgres/public/djstripe_transfer/id"
  } ]
}, {
  "@id" : "urn:tr:table:postgresql/localhost/postgres/public/djstripe_paymentmethod",
  "@type" : [ "http://trawler.dev/schema/core/0.1#Table" ],
  "http://schema.org/name" : [ {
    "@value" : "djstripe_paymentmethod"
  } ],
  "http://trawler.dev/schema/core/0.1#hasFields" : [ {
    "@id" : "urn:tr:field:postgresql/localhost/postgres/public/djstripe_paymentmethod/djstripe_id"
  }, {
    "@id" : "urn:tr:field:postgresql/localhost/postgres/public/djstripe_paymentmethod/id"
  }, {
    "@id" : "urn:tr:field:postgresql/localhost/postgres/public/djstripe_paymentmethod/livemode"
  }, {
    "@id" : "urn:tr:field:postgresql/localhost/postgres/public/djstripe_paymentmethod/created"
  }, {
    "@id" : "urn:tr:field:postgresql/localhost/postgres/public/djstripe_paymentmethod/metadata"
  }, {
    "@id" : "urn:tr:field:postgresql/localhost/postgres/public/djstripe_paymentmethod/djstripe_created"
  }, {
    "@id" : "urn:tr:field:postgresql/localhost/postgres/public/djstripe_paymentmethod/djstripe_updated"
  }, {
    "@id" : "urn:tr:field:postgresql/localhost/postgres/public/djstripe_paymentmethod/billing_details"
  }, {
    "@id" : "urn:tr:field:postgresql/localhost/postgres/public/djstripe_paymentmethod/card"
  }, {
    "@id" : "urn:tr:field:postgresql/localhost/postgres/public/djstripe_paymentmethod/card_present"
  }, {
    "@id" : "urn:tr:field:postgresql/localhost/postgres/public/djstripe_paymentmethod/type"
  }, {
    "@id" : "urn:tr:field:postgresql/localhost/postgres/public/djstripe_paymentmethod/customer_id"
  }, {
    "@id" : "urn:tr:field:postgresql/localhost/postgres/public/djstripe_paymentmethod/djstripe_owner_account_id"
  }, {
    "@id" : "urn:tr:field:postgresql/localhost/postgres/public/djstripe_paymentmethod/alipay"
  }, {
    "@id" : "urn:tr:field:postgresql/localhost/postgres/public/djstripe_paymentmethod/au_becs_debit"
  }, {
    "@id" : "urn:tr:field:postgresql/localhost/postgres/public/djstripe_paymentmethod/bacs_debit"
  }, {
    "@id" : "urn:tr:field:postgresql/localhost/postgres/public/djstripe_paymentmethod/bancontact"
  }, {
    "@id" : "urn:tr:field:postgresql/localhost/postgres/public/djstripe_paymentmethod/eps"
  }, {
    "@id" : "urn:tr:field:postgresql/localhost/postgres/public/djstripe_paymentmethod/fpx"
  }, {
    "@id" : "urn:tr:field:postgresql/localhost/postgres/public/djstripe_paymentmethod/giropay"
  }, {
    "@id" : "urn:tr:field:postgresql/localhost/postgres/public/djstripe_paymentmethod/ideal"
  }, {
    "@id" : "urn:tr:field:postgresql/localhost/postgres/public/djstripe_paymentmethod/interac_present"
  }, {
    "@id" : "urn:tr:field:postgresql/localhost/postgres/public/djstripe_paymentmethod/oxxo"
  }, {
    "@id" : "urn:tr:field:postgresql/localhost/postgres/public/djstripe_paymentmethod/p24"
  }, {
    "@id" : "urn:tr:field:postgresql/localhost/postgres/public/djstripe_paymentmethod/sepa_debit"
  }, {
    "@id" : "urn:tr:field:postgresql/localhost/postgres/public/djstripe_paymentmethod/sofort"
  } ]
}, {
  "@id" : "urn:tr:field:postgresql/localhost/postgres/public/djstripe_paymentmethod/djstripe_id",
  "http://schema.org/name" : [ {
    "@value" : "djstripe_id"
  } ],
  "http://trawler.dev/schema/core/0.1#isNullable" : [ {
    "@value" : false
  } ],
  "http://trawler.dev/schema/core/0.1#relations" : [ ],
  "http://trawler.dev/schema/core/0.1#type" : [ {
    "@value" : "BIGINT"
  } ]
}, {
  "@id" : "urn:tr:field:postgresql/localhost/postgres/public/djstripe_paymentmethod/id",
  "http://schema.org/name" : [ {
    "@value" : "id"
  } ],
  "http://trawler.dev/schema/core/0.1#isNullable" : [ {
    "@value" : false
  } ],
  "http://trawler.dev/schema/core/0.1#relations" : [ ],
  "http://trawler.dev/schema/core/0.1#type" : [ {
    "@value" : "VARCHAR"
  } ]
}, {
  "@id" : "urn:tr:field:postgresql/localhost/postgres/public/djstripe_paymentmethod/livemode",
  "http://schema.org/name" : [ {
    "@value" : "livemode"
  } ],
  "http://trawler.dev/schema/core/0.1#isNullable" : [ {
    "@value" : true
  } ],
  "http://trawler.dev/schema/core/0.1#relations" : [ ],
  "http://trawler.dev/schema/core/0.1#type" : [ {
    "@value" : "BOOLEAN"
  } ]
}, {
  "@id" : "urn:tr:field:postgresql/localhost/postgres/public/djstripe_paymentmethod/created",
  "http://schema.org/name" : [ {
    "@value" : "created"
  } ],
  "http://trawler.dev/schema/core/0.1#isNullable" : [ {
    "@value" : true
  } ],
  "http://trawler.dev/schema/core/0.1#relations" : [ ],
  "http://trawler.dev/schema/core/0.1#type" : [ {
    "@value" : "TIMESTAMP"
  } ]
}, {
  "@id" : "urn:tr:field:postgresql/localhost/postgres/public/djstripe_paymentmethod/metadata",
  "http://schema.org/name" : [ {
    "@value" : "metadata"
  } ],
  "http://trawler.dev/schema/core/0.1#isNullable" : [ {
    "@value" : true
  } ],
  "http://trawler.dev/schema/core/0.1#relations" : [ ],
  "http://trawler.dev/schema/core/0.1#type" : [ {
    "@value" : "JSONB"
  } ]
}, {
  "@id" : "urn:tr:field:postgresql/localhost/postgres/public/djstripe_paymentmethod/djstripe_created",
  "http://schema.org/name" : [ {
    "@value" : "djstripe_created"
  } ],
  "http://trawler.dev/schema/core/0.1#isNullable" : [ {
    "@value" : false
  } ],
  "http://trawler.dev/schema/core/0.1#relations" : [ ],
  "http://trawler.dev/schema/core/0.1#type" : [ {
    "@value" : "TIMESTAMP"
  } ]
}, {
  "@id" : "urn:tr:field:postgresql/localhost/postgres/public/djstripe_paymentmethod/djstripe_updated",
  "http://schema.org/name" : [ {
    "@value" : "djstripe_updated"
  } ],
  "http://trawler.dev/schema/core/0.1#isNullable" : [ {
    "@value" : false
  } ],
  "http://trawler.dev/schema/core/0.1#relations" : [ ],
  "http://trawler.dev/schema/core/0.1#type" : [ {
    "@value" : "TIMESTAMP"
  } ]
}, {
  "@id" : "urn:tr:field:postgresql/localhost/postgres/public/djstripe_paymentmethod/billing_details",
  "http://schema.org/name" : [ {
    "@value" : "billing_details"
  } ],
  "http://trawler.dev/schema/core/0.1#isNullable" : [ {
    "@value" : false
  } ],
  "http://trawler.dev/schema/core/0.1#relations" : [ ],
  "http://trawler.dev/schema/core/0.1#type" : [ {
    "@value" : "JSONB"
  } ]
}, {
  "@id" : "urn:tr:field:postgresql/localhost/postgres/public/djstripe_paymentmethod/card",
  "http://schema.org/name" : [ {
    "@value" : "card"
  } ],
  "http://trawler.dev/schema/core/0.1#isNullable" : [ {
    "@value" : true
  } ],
  "http://trawler.dev/schema/core/0.1#relations" : [ ],
  "http://trawler.dev/schema/core/0.1#type" : [ {
    "@value" : "JSONB"
  } ]
}, {
  "@id" : "urn:tr:field:postgresql/localhost/postgres/public/djstripe_paymentmethod/card_present",
  "http://schema.org/name" : [ {
    "@value" : "card_present"
  } ],
  "http://trawler.dev/schema/core/0.1#isNullable" : [ {
    "@value" : true
  } ],
  "http://trawler.dev/schema/core/0.1#relations" : [ ],
  "http://trawler.dev/schema/core/0.1#type" : [ {
    "@value" : "JSONB"
  } ]
}, {
  "@id" : "urn:tr:field:postgresql/localhost/postgres/public/djstripe_paymentmethod/type",
  "http://schema.org/name" : [ {
    "@value" : "type"
  } ],
  "http://trawler.dev/schema/core/0.1#isNullable" : [ {
    "@value" : false
  } ],
  "http://trawler.dev/schema/core/0.1#relations" : [ ],
  "http://trawler.dev/schema/core/0.1#type" : [ {
    "@value" : "VARCHAR"
  } ]
}, {
  "@id" : "urn:tr:field:postgresql/localhost/postgres/public/djstripe_paymentmethod/customer_id",
  "http://schema.org/name" : [ {
    "@value" : "customer_id"
  } ],
  "http://trawler.dev/schema/core/0.1#isNullable" : [ {
    "@value" : true
  } ],
  "http://trawler.dev/schema/core/0.1#relations" : [ {
    "@value" : "urn:tr:constraint:postgresql/localhost/postgres/public/djstripe_paymentmethod/djstripe_paymentmeth_customer_id_c482a8b6_fk_djstripe_"
  } ],
  "http://trawler.dev/schema/core/0.1#type" : [ {
    "@value" : "VARCHAR"
  } ]
}, {
  "@id" : "urn:tr:field:postgresql/localhost/postgres/public/djstripe_paymentmethod/djstripe_owner_account_id",
  "http://schema.org/name" : [ {
    "@value" : "djstripe_owner_account_id"
  } ],
  "http://trawler.dev/schema/core/0.1#isNullable" : [ {
    "@value" : true
  } ],
  "http://trawler.dev/schema/core/0.1#relations" : [ {
    "@value" : "urn:tr:constraint:postgresql/localhost/postgres/public/djstripe_paymentmethod/djstripe_paymentmeth_djstripe_owner_accou_12af66c9_fk_djstripe_"
  } ],
  "http://trawler.dev/schema/core/0.1#type" : [ {
    "@value" : "VARCHAR"
  } ]
}, {
  "@id" : "urn:tr:field:postgresql/localhost/postgres/public/djstripe_paymentmethod/alipay",
  "http://schema.org/name" : [ {
    "@value" : "alipay"
  } ],
  "http://trawler.dev/schema/core/0.1#isNullable" : [ {
    "@value" : true
  } ],
  "http://trawler.dev/schema/core/0.1#relations" : [ ],
  "http://trawler.dev/schema/core/0.1#type" : [ {
    "@value" : "JSONB"
  } ]
}, {
  "@id" : "urn:tr:field:postgresql/localhost/postgres/public/djstripe_paymentmethod/au_becs_debit",
  "http://schema.org/name" : [ {
    "@value" : "au_becs_debit"
  } ],
  "http://trawler.dev/schema/core/0.1#isNullable" : [ {
    "@value" : true
  } ],
  "http://trawler.dev/schema/core/0.1#relations" : [ ],
  "http://trawler.dev/schema/core/0.1#type" : [ {
    "@value" : "JSONB"
  } ]
}, {
  "@id" : "urn:tr:field:postgresql/localhost/postgres/public/djstripe_paymentmethod/bacs_debit",
  "http://schema.org/name" : [ {
    "@value" : "bacs_debit"
  } ],
  "http://trawler.dev/schema/core/0.1#isNullable" : [ {
    "@value" : true
  } ],
  "http://trawler.dev/schema/core/0.1#relations" : [ ],
  "http://trawler.dev/schema/core/0.1#type" : [ {
    "@value" : "JSONB"
  } ]
}, {
  "@id" : "urn:tr:field:postgresql/localhost/postgres/public/djstripe_paymentmethod/bancontact",
  "http://schema.org/name" : [ {
    "@value" : "bancontact"
  } ],
  "http://trawler.dev/schema/core/0.1#isNullable" : [ {
    "@value" : true
  } ],
  "http://trawler.dev/schema/core/0.1#relations" : [ ],
  "http://trawler.dev/schema/core/0.1#type" : [ {
    "@value" : "JSONB"
  } ]
}, {
  "@id" : "urn:tr:field:postgresql/localhost/postgres/public/djstripe_paymentmethod/eps",
  "http://schema.org/name" : [ {
    "@value" : "eps"
  } ],
  "http://trawler.dev/schema/core/0.1#isNullable" : [ {
    "@value" : true
  } ],
  "http://trawler.dev/schema/core/0.1#relations" : [ ],
  "http://trawler.dev/schema/core/0.1#type" : [ {
    "@value" : "JSONB"
  } ]
}, {
  "@id" : "urn:tr:field:postgresql/localhost/postgres/public/djstripe_paymentmethod/fpx",
  "http://schema.org/name" : [ {
    "@value" : "fpx"
  } ],
  "http://trawler.dev/schema/core/0.1#isNullable" : [ {
    "@value" : true
  } ],
  "http://trawler.dev/schema/core/0.1#relations" : [ ],
  "http://trawler.dev/schema/core/0.1#type" : [ {
    "@value" : "JSONB"
  } ]
}, {
  "@id" : "urn:tr:field:postgresql/localhost/postgres/public/djstripe_paymentmethod/giropay",
  "http://schema.org/name" : [ {
    "@value" : "giropay"
  } ],
  "http://trawler.dev/schema/core/0.1#isNullable" : [ {
    "@value" : true
  } ],
  "http://trawler.dev/schema/core/0.1#relations" : [ ],
  "http://trawler.dev/schema/core/0.1#type" : [ {
    "@value" : "JSONB"
  } ]
}, {
  "@id" : "urn:tr:field:postgresql/localhost/postgres/public/djstripe_paymentmethod/ideal",
  "http://schema.org/name" : [ {
    "@value" : "ideal"
  } ],
  "http://trawler.dev/schema/core/0.1#isNullable" : [ {
    "@value" : true
  } ],
  "http://trawler.dev/schema/core/0.1#relations" : [ ],
  "http://trawler.dev/schema/core/0.1#type" : [ {
    "@value" : "JSONB"
  } ]
}, {
  "@id" : "urn:tr:field:postgresql/localhost/postgres/public/djstripe_paymentmethod/interac_present",
  "http://schema.org/name" : [ {
    "@value" : "interac_present"
  } ],
  "http://trawler.dev/schema/core/0.1#isNullable" : [ {
    "@value" : true
  } ],
  "http://trawler.dev/schema/core/0.1#relations" : [ ],
  "http://trawler.dev/schema/core/0.1#type" : [ {
    "@value" : "JSONB"
  } ]
}, {
  "@id" : "urn:tr:field:postgresql/localhost/postgres/public/djstripe_paymentmethod/oxxo",
  "http://schema.org/name" : [ {
    "@value" : "oxxo"
  } ],
  "http://trawler.dev/schema/core/0.1#isNullable" : [ {
    "@value" : true
  } ],
  "http://trawler.dev/schema/core/0.1#relations" : [ ],
  "http://trawler.dev/schema/core/0.1#type" : [ {
    "@value" : "JSONB"
  } ]
}, {
  "@id" : "urn:tr:field:postgresql/localhost/postgres/public/djstripe_paymentmethod/p24",
  "http://schema.org/name" : [ {
    "@value" : "p24"
  } ],
  "http://trawler.dev/schema/core/0.1#isNullable" : [ {
    "@value" : true
  } ],
  "http://trawler.dev/schema/core/0.1#relations" : [ ],
  "http://trawler.dev/schema/core/0.1#type" : [ {
    "@value" : "JSONB"
  } ]
}, {
  "@id" : "urn:tr:field:postgresql/localhost/postgres/public/djstripe_paymentmethod/sepa_debit",
  "http://schema.org/name" : [ {
    "@value" : "sepa_debit"
  } ],
  "http://trawler.dev/schema/core/0.1#isNullable" : [ {
    "@value" : true
  } ],
  "http://trawler.dev/schema/core/0.1#relations" : [ ],
  "http://trawler.dev/schema/core/0.1#type" : [ {
    "@value" : "JSONB"
  } ]
}, {
  "@id" : "urn:tr:field:postgresql/localhost/postgres/public/djstripe_paymentmethod/sofort",
  "http://schema.org/name" : [ {
    "@value" : "sofort"
  } ],
  "http://trawler.dev/schema/core/0.1#isNullable" : [ {
    "@value" : true
  } ],
  "http://trawler.dev/schema/core/0.1#relations" : [ ],
  "http://trawler.dev/schema/core/0.1#type" : [ {
    "@value" : "JSONB"
  } ]
}, {
  "@id" : "urn:tr:constraint:postgresql/localhost/postgres/public/djstripe_paymentmethod/djstripe_paymentmeth_customer_id_c482a8b6_fk_djstripe_",
  "@type" : [ "tr:Constraint" ],
  "tr:hasFields" : [ {
    "@id" : "urn:tr:column:postgresql/localhost/postgres/public/djstripe_customer/id"
  } ]
}, {
  "@id" : "urn:tr:constraint:postgresql/localhost/postgres/public/djstripe_paymentmethod/djstripe_paymentmeth_djstripe_owner_accou_12af66c9_fk_djstripe_",
  "@type" : [ "tr:Constraint" ],
  "tr:hasFields" : [ {
    "@id" : "urn:tr:column:postgresql/localhost/postgres/public/djstripe_account/id"
  } ]
}, {
  "@id" : "urn:tr:table:postgresql/localhost/postgres/public/djstripe_taxid",
  "@type" : [ "http://trawler.dev/schema/core/0.1#Table" ],
  "http://schema.org/name" : [ {
    "@value" : "djstripe_taxid"
  } ],
  "http://trawler.dev/schema/core/0.1#hasFields" : [ {
    "@id" : "urn:tr:field:postgresql/localhost/postgres/public/djstripe_taxid/djstripe_id"
  }, {
    "@id" : "urn:tr:field:postgresql/localhost/postgres/public/djstripe_taxid/id"
  }, {
    "@id" : "urn:tr:field:postgresql/localhost/postgres/public/djstripe_taxid/livemode"
  }, {
    "@id" : "urn:tr:field:postgresql/localhost/postgres/public/djstripe_taxid/created"
  }, {
    "@id" : "urn:tr:field:postgresql/localhost/postgres/public/djstripe_taxid/djstripe_created"
  }, {
    "@id" : "urn:tr:field:postgresql/localhost/postgres/public/djstripe_taxid/djstripe_updated"
  }, {
    "@id" : "urn:tr:field:postgresql/localhost/postgres/public/djstripe_taxid/country"
  }, {
    "@id" : "urn:tr:field:postgresql/localhost/postgres/public/djstripe_taxid/type"
  }, {
    "@id" : "urn:tr:field:postgresql/localhost/postgres/public/djstripe_taxid/value"
  }, {
    "@id" : "urn:tr:field:postgresql/localhost/postgres/public/djstripe_taxid/verification"
  }, {
    "@id" : "urn:tr:field:postgresql/localhost/postgres/public/djstripe_taxid/customer_id"
  }, {
    "@id" : "urn:tr:field:postgresql/localhost/postgres/public/djstripe_taxid/djstripe_owner_account_id"
  } ]
}, {
  "@id" : "urn:tr:field:postgresql/localhost/postgres/public/djstripe_taxid/djstripe_id",
  "http://schema.org/name" : [ {
    "@value" : "djstripe_id"
  } ],
  "http://trawler.dev/schema/core/0.1#isNullable" : [ {
    "@value" : false
  } ],
  "http://trawler.dev/schema/core/0.1#relations" : [ ],
  "http://trawler.dev/schema/core/0.1#type" : [ {
    "@value" : "BIGINT"
  } ]
}, {
  "@id" : "urn:tr:field:postgresql/localhost/postgres/public/djstripe_taxid/id",
  "http://schema.org/name" : [ {
    "@value" : "id"
  } ],
  "http://trawler.dev/schema/core/0.1#isNullable" : [ {
    "@value" : false
  } ],
  "http://trawler.dev/schema/core/0.1#relations" : [ ],
  "http://trawler.dev/schema/core/0.1#type" : [ {
    "@value" : "VARCHAR"
  } ]
}, {
  "@id" : "urn:tr:field:postgresql/localhost/postgres/public/djstripe_taxid/livemode",
  "http://schema.org/name" : [ {
    "@value" : "livemode"
  } ],
  "http://trawler.dev/schema/core/0.1#isNullable" : [ {
    "@value" : true
  } ],
  "http://trawler.dev/schema/core/0.1#relations" : [ ],
  "http://trawler.dev/schema/core/0.1#type" : [ {
    "@value" : "BOOLEAN"
  } ]
}, {
  "@id" : "urn:tr:field:postgresql/localhost/postgres/public/djstripe_taxid/created",
  "http://schema.org/name" : [ {
    "@value" : "created"
  } ],
  "http://trawler.dev/schema/core/0.1#isNullable" : [ {
    "@value" : true
  } ],
  "http://trawler.dev/schema/core/0.1#relations" : [ ],
  "http://trawler.dev/schema/core/0.1#type" : [ {
    "@value" : "TIMESTAMP"
  } ]
}, {
  "@id" : "urn:tr:field:postgresql/localhost/postgres/public/djstripe_taxid/djstripe_created",
  "http://schema.org/name" : [ {
    "@value" : "djstripe_created"
  } ],
  "http://trawler.dev/schema/core/0.1#isNullable" : [ {
    "@value" : false
  } ],
  "http://trawler.dev/schema/core/0.1#relations" : [ ],
  "http://trawler.dev/schema/core/0.1#type" : [ {
    "@value" : "TIMESTAMP"
  } ]
}, {
  "@id" : "urn:tr:field:postgresql/localhost/postgres/public/djstripe_taxid/djstripe_updated",
  "http://schema.org/name" : [ {
    "@value" : "djstripe_updated"
  } ],
  "http://trawler.dev/schema/core/0.1#isNullable" : [ {
    "@value" : false
  } ],
  "http://trawler.dev/schema/core/0.1#relations" : [ ],
  "http://trawler.dev/schema/core/0.1#type" : [ {
    "@value" : "TIMESTAMP"
  } ]
}, {
  "@id" : "urn:tr:field:postgresql/localhost/postgres/public/djstripe_taxid/country",
  "http://schema.org/name" : [ {
    "@value" : "country"
  } ],
  "http://trawler.dev/schema/core/0.1#isNullable" : [ {
    "@value" : false
  } ],
  "http://trawler.dev/schema/core/0.1#relations" : [ ],
  "http://trawler.dev/schema/core/0.1#type" : [ {
    "@value" : "VARCHAR"
  } ]
}, {
  "@id" : "urn:tr:field:postgresql/localhost/postgres/public/djstripe_taxid/type",
  "http://schema.org/name" : [ {
    "@value" : "type"
  } ],
  "http://trawler.dev/schema/core/0.1#isNullable" : [ {
    "@value" : false
  } ],
  "http://trawler.dev/schema/core/0.1#relations" : [ ],
  "http://trawler.dev/schema/core/0.1#type" : [ {
    "@value" : "VARCHAR"
  } ]
}, {
  "@id" : "urn:tr:field:postgresql/localhost/postgres/public/djstripe_taxid/value",
  "http://schema.org/name" : [ {
    "@value" : "value"
  } ],
  "http://trawler.dev/schema/core/0.1#isNullable" : [ {
    "@value" : false
  } ],
  "http://trawler.dev/schema/core/0.1#relations" : [ ],
  "http://trawler.dev/schema/core/0.1#type" : [ {
    "@value" : "VARCHAR"
  } ]
}, {
  "@id" : "urn:tr:field:postgresql/localhost/postgres/public/djstripe_taxid/verification",
  "http://schema.org/name" : [ {
    "@value" : "verification"
  } ],
  "http://trawler.dev/schema/core/0.1#isNullable" : [ {
    "@value" : false
  } ],
  "http://trawler.dev/schema/core/0.1#relations" : [ ],
  "http://trawler.dev/schema/core/0.1#type" : [ {
    "@value" : "JSONB"
  } ]
}, {
  "@id" : "urn:tr:field:postgresql/localhost/postgres/public/djstripe_taxid/customer_id",
  "http://schema.org/name" : [ {
    "@value" : "customer_id"
  } ],
  "http://trawler.dev/schema/core/0.1#isNullable" : [ {
    "@value" : false
  } ],
  "http://trawler.dev/schema/core/0.1#relations" : [ {
    "@value" : "urn:tr:constraint:postgresql/localhost/postgres/public/djstripe_taxid/djstripe_taxid_customer_id_e973248d_fk_djstripe_customer_id"
  } ],
  "http://trawler.dev/schema/core/0.1#type" : [ {
    "@value" : "VARCHAR"
  } ]
}, {
  "@id" : "urn:tr:field:postgresql/localhost/postgres/public/djstripe_taxid/djstripe_owner_account_id",
  "http://schema.org/name" : [ {
    "@value" : "djstripe_owner_account_id"
  } ],
  "http://trawler.dev/schema/core/0.1#isNullable" : [ {
    "@value" : true
  } ],
  "http://trawler.dev/schema/core/0.1#relations" : [ {
    "@value" : "urn:tr:constraint:postgresql/localhost/postgres/public/djstripe_taxid/djstripe_taxid_djstripe_owner_accou_acff63ae_fk_djstripe_"
  } ],
  "http://trawler.dev/schema/core/0.1#type" : [ {
    "@value" : "VARCHAR"
  } ]
}, {
  "@id" : "urn:tr:constraint:postgresql/localhost/postgres/public/djstripe_taxid/djstripe_taxid_customer_id_e973248d_fk_djstripe_customer_id",
  "@type" : [ "tr:Constraint" ],
  "tr:hasFields" : [ {
    "@id" : "urn:tr:column:postgresql/localhost/postgres/public/djstripe_customer/id"
  } ]
}, {
  "@id" : "urn:tr:constraint:postgresql/localhost/postgres/public/djstripe_taxid/djstripe_taxid_djstripe_owner_accou_acff63ae_fk_djstripe_",
  "@type" : [ "tr:Constraint" ],
  "tr:hasFields" : [ {
    "@id" : "urn:tr:column:postgresql/localhost/postgres/public/djstripe_account/id"
  } ]
}, {
  "@id" : "urn:tr:table:postgresql/localhost/postgres/public/djstripe_apikey",
  "@type" : [ "http://trawler.dev/schema/core/0.1#Table" ],
  "http://schema.org/name" : [ {
    "@value" : "djstripe_apikey"
  } ],
  "http://trawler.dev/schema/core/0.1#hasFields" : [ {
    "@id" : "urn:tr:field:postgresql/localhost/postgres/public/djstripe_apikey/djstripe_id"
  }, {
    "@id" : "urn:tr:field:postgresql/localhost/postgres/public/djstripe_apikey/livemode"
  }, {
    "@id" : "urn:tr:field:postgresql/localhost/postgres/public/djstripe_apikey/created"
  }, {
    "@id" : "urn:tr:field:postgresql/localhost/postgres/public/djstripe_apikey/djstripe_created"
  }, {
    "@id" : "urn:tr:field:postgresql/localhost/postgres/public/djstripe_apikey/djstripe_updated"
  }, {
    "@id" : "urn:tr:field:postgresql/localhost/postgres/public/djstripe_apikey/id"
  }, {
    "@id" : "urn:tr:field:postgresql/localhost/postgres/public/djstripe_apikey/type"
  }, {
    "@id" : "urn:tr:field:postgresql/localhost/postgres/public/djstripe_apikey/name"
  }, {
    "@id" : "urn:tr:field:postgresql/localhost/postgres/public/djstripe_apikey/secret"
  }, {
    "@id" : "urn:tr:field:postgresql/localhost/postgres/public/djstripe_apikey/djstripe_owner_account_id"
  } ]
}, {
  "@id" : "urn:tr:field:postgresql/localhost/postgres/public/djstripe_apikey/djstripe_id",
  "http://schema.org/name" : [ {
    "@value" : "djstripe_id"
  } ],
  "http://trawler.dev/schema/core/0.1#isNullable" : [ {
    "@value" : false
  } ],
  "http://trawler.dev/schema/core/0.1#relations" : [ ],
  "http://trawler.dev/schema/core/0.1#type" : [ {
    "@value" : "BIGINT"
  } ]
}, {
  "@id" : "urn:tr:field:postgresql/localhost/postgres/public/djstripe_apikey/livemode",
  "http://schema.org/name" : [ {
    "@value" : "livemode"
  } ],
  "http://trawler.dev/schema/core/0.1#isNullable" : [ {
    "@value" : false
  } ],
  "http://trawler.dev/schema/core/0.1#relations" : [ ],
  "http://trawler.dev/schema/core/0.1#type" : [ {
    "@value" : "BOOLEAN"
  } ]
}, {
  "@id" : "urn:tr:field:postgresql/localhost/postgres/public/djstripe_apikey/created",
  "http://schema.org/name" : [ {
    "@value" : "created"
  } ],
  "http://trawler.dev/schema/core/0.1#isNullable" : [ {
    "@value" : true
  } ],
  "http://trawler.dev/schema/core/0.1#relations" : [ ],
  "http://trawler.dev/schema/core/0.1#type" : [ {
    "@value" : "TIMESTAMP"
  } ]
}, {
  "@id" : "urn:tr:field:postgresql/localhost/postgres/public/djstripe_apikey/djstripe_created",
  "http://schema.org/name" : [ {
    "@value" : "djstripe_created"
  } ],
  "http://trawler.dev/schema/core/0.1#isNullable" : [ {
    "@value" : false
  } ],
  "http://trawler.dev/schema/core/0.1#relations" : [ ],
  "http://trawler.dev/schema/core/0.1#type" : [ {
    "@value" : "TIMESTAMP"
  } ]
}, {
  "@id" : "urn:tr:field:postgresql/localhost/postgres/public/djstripe_apikey/djstripe_updated",
  "http://schema.org/name" : [ {
    "@value" : "djstripe_updated"
  } ],
  "http://trawler.dev/schema/core/0.1#isNullable" : [ {
    "@value" : false
  } ],
  "http://trawler.dev/schema/core/0.1#relations" : [ ],
  "http://trawler.dev/schema/core/0.1#type" : [ {
    "@value" : "TIMESTAMP"
  } ]
}, {
  "@id" : "urn:tr:field:postgresql/localhost/postgres/public/djstripe_apikey/id",
  "http://schema.org/name" : [ {
    "@value" : "id"
  } ],
  "http://trawler.dev/schema/core/0.1#isNullable" : [ {
    "@value" : false
  } ],
  "http://trawler.dev/schema/core/0.1#relations" : [ ],
  "http://trawler.dev/schema/core/0.1#type" : [ {
    "@value" : "VARCHAR"
  } ]
}, {
  "@id" : "urn:tr:field:postgresql/localhost/postgres/public/djstripe_apikey/type",
  "http://schema.org/name" : [ {
    "@value" : "type"
  } ],
  "http://trawler.dev/schema/core/0.1#isNullable" : [ {
    "@value" : false
  } ],
  "http://trawler.dev/schema/core/0.1#relations" : [ ],
  "http://trawler.dev/schema/core/0.1#type" : [ {
    "@value" : "VARCHAR"
  } ]
}, {
  "@id" : "urn:tr:field:postgresql/localhost/postgres/public/djstripe_apikey/name",
  "http://schema.org/name" : [ {
    "@value" : "name"
  } ],
  "http://trawler.dev/schema/core/0.1#isNullable" : [ {
    "@value" : false
  } ],
  "http://trawler.dev/schema/core/0.1#relations" : [ ],
  "http://trawler.dev/schema/core/0.1#type" : [ {
    "@value" : "VARCHAR"
  } ]
}, {
  "@id" : "urn:tr:field:postgresql/localhost/postgres/public/djstripe_apikey/secret",
  "http://schema.org/name" : [ {
    "@value" : "secret"
  } ],
  "http://trawler.dev/schema/core/0.1#isNullable" : [ {
    "@value" : false
  } ],
  "http://trawler.dev/schema/core/0.1#relations" : [ ],
  "http://trawler.dev/schema/core/0.1#type" : [ {
    "@value" : "VARCHAR"
  } ]
}, {
  "@id" : "urn:tr:field:postgresql/localhost/postgres/public/djstripe_apikey/djstripe_owner_account_id",
  "http://schema.org/name" : [ {
    "@value" : "djstripe_owner_account_id"
  } ],
  "http://trawler.dev/schema/core/0.1#isNullable" : [ {
    "@value" : true
  } ],
  "http://trawler.dev/schema/core/0.1#relations" : [ {
    "@value" : "urn:tr:constraint:postgresql/localhost/postgres/public/djstripe_apikey/djstripe_apikey_djstripe_owner_accou_037f32cb_fk_djstripe_"
  } ],
  "http://trawler.dev/schema/core/0.1#type" : [ {
    "@value" : "VARCHAR"
  } ]
}, {
  "@id" : "urn:tr:constraint:postgresql/localhost/postgres/public/djstripe_apikey/djstripe_apikey_djstripe_owner_accou_037f32cb_fk_djstripe_",
  "@type" : [ "tr:Constraint" ],
  "tr:hasFields" : [ {
    "@id" : "urn:tr:column:postgresql/localhost/postgres/public/djstripe_account/id"
  } ]
}, {
  "@id" : "urn:tr:table:postgresql/localhost/postgres/public/django_session",
  "@type" : [ "http://trawler.dev/schema/core/0.1#Table" ],
  "http://schema.org/name" : [ {
    "@value" : "django_session"
  } ],
  "http://trawler.dev/schema/core/0.1#hasFields" : [ {
    "@id" : "urn:tr:field:postgresql/localhost/postgres/public/django_session/session_key"
  }, {
    "@id" : "urn:tr:field:postgresql/localhost/postgres/public/django_session/session_data"
  }, {
    "@id" : "urn:tr:field:postgresql/localhost/postgres/public/django_session/expire_date"
  } ]
}, {
  "@id" : "urn:tr:field:postgresql/localhost/postgres/public/django_session/session_key",
  "http://schema.org/name" : [ {
    "@value" : "session_key"
  } ],
  "http://trawler.dev/schema/core/0.1#isNullable" : [ {
    "@value" : false
  } ],
  "http://trawler.dev/schema/core/0.1#relations" : [ ],
  "http://trawler.dev/schema/core/0.1#type" : [ {
    "@value" : "VARCHAR"
  } ]
}, {
  "@id" : "urn:tr:field:postgresql/localhost/postgres/public/django_session/session_data",
  "http://schema.org/name" : [ {
    "@value" : "session_data"
  } ],
  "http://trawler.dev/schema/core/0.1#isNullable" : [ {
    "@value" : false
  } ],
  "http://trawler.dev/schema/core/0.1#relations" : [ ],
  "http://trawler.dev/schema/core/0.1#type" : [ {
    "@value" : "TEXT"
  } ]
}, {
  "@id" : "urn:tr:field:postgresql/localhost/postgres/public/django_session/expire_date",
  "http://schema.org/name" : [ {
    "@value" : "expire_date"
  } ],
  "http://trawler.dev/schema/core/0.1#isNullable" : [ {
    "@value" : false
  } ],
  "http://trawler.dev/schema/core/0.1#relations" : [ ],
  "http://trawler.dev/schema/core/0.1#type" : [ {
    "@value" : "TIMESTAMP"
  } ]
} ]
]]></system-out>
  <system-err><![CDATA[]]></system-err>
</testsuite>
